#
# There is insufficient memory for the Java Runtime Environment to continue.
# Native memory allocation (malloc) failed to allocate 32744 bytes for ChunkPool::allocate
# Possible reasons:
#   The system is out of physical RAM or swap space
#   In 32 bit mode, the process size limit was hit
# Possible solutions:
#   Reduce memory load on the system
#   Increase physical memory or swap space
#   Check if swap backing store is full
#   Use 64 bit Java on a 64 bit OS
#   Decrease Java heap size (-Xmx/-Xms)
#   Decrease number of Java threads
#   Decrease Java thread stack sizes (-Xss)
#   Set larger code cache with -XX:ReservedCodeCacheSize=
# This output file may be truncated or incomplete.
#
#  Out of Memory Error (allocation.cpp:273), pid=77296, tid=0x00000000000116d8
#
# JRE version: Java(TM) SE Runtime Environment (8.0_181-b13) (build 1.8.0_181-b13)
# Java VM: Java HotSpot(TM) 64-Bit Server VM (25.181-b13 mixed mode windows-amd64 compressed oops)
# Failed to write core dump. Minidumps are not enabled by default on client versions of Windows
#

---------------  T H R E A D  ---------------

Current thread (0x0000000057e0d000):  JavaThread "C1 CompilerThread1" daemon [_thread_in_native, id=71384, stack(0x0000000059280000,0x0000000059380000)]

Stack: [0x0000000059280000,0x0000000059380000]
[error occurred during error reporting (printing stack bounds), id 0xc0000005]

Native frames: (J=compiled Java code, j=interpreted, Vv=VM code, C=native code)


Current CompileTask:
C1:  18150 2795       3       org.dom4j.tree.AbstractElement::getName (8 bytes)


---------------  P R O C E S S  ---------------

Java Threads: ( => current thread )
  0x000000005cbcb800 JavaThread "Okio Watchdog" daemon [_thread_blocked, id=74672, stack(0x0000000059910000,0x0000000059a10000)]
  0x000000005d421800 JavaThread "OkHttp ConnectionPool" daemon [_thread_blocked, id=71720, stack(0x000000005f050000,0x000000005f150000)]
  0x000000005d401000 JavaThread "Exec Stream Pumper" daemon [_thread_in_native, id=77480, stack(0x000000005eb70000,0x000000005ec70000)]
  0x000000005c145000 JavaThread "Exec Stream Pumper" daemon [_thread_in_native, id=77564, stack(0x000000005e080000,0x000000005e180000)]
  0x000000005c146000 JavaThread "UrlChecker-2" daemon [_thread_blocked, id=77512, stack(0x000000005e720000,0x000000005e820000)]
  0x000000005d598800 JavaThread "Exec Default Executor" daemon [_thread_in_native, id=75196, stack(0x000000005e5d0000,0x000000005e6d0000)]
  0x000000005939c800 JavaThread "Service Thread" daemon [_thread_blocked, id=62636, stack(0x00000000597f0000,0x00000000598f0000)]
=>0x0000000057e0d000 JavaThread "C1 CompilerThread1" daemon [_thread_in_native, id=71384, stack(0x0000000059280000,0x0000000059380000)]
  0x0000000057dfd000 JavaThread "C2 CompilerThread0" daemon [_thread_in_native, id=77388, stack(0x0000000059180000,0x0000000059280000)]
  0x0000000057dfb800 JavaThread "Attach Listener" daemon [_thread_blocked, id=63572, stack(0x0000000058f50000,0x0000000059050000)]
  0x0000000057dfa000 JavaThread "Signal Dispatcher" daemon [_thread_blocked, id=68020, stack(0x0000000058d90000,0x0000000058e90000)]
  0x0000000057dde800 JavaThread "Finalizer" daemon [_thread_blocked, id=58540, stack(0x0000000058ad0000,0x0000000058bd0000)]
  0x0000000057dd5800 JavaThread "Reference Handler" daemon [_thread_blocked, id=77504, stack(0x0000000058be0000,0x0000000058ce0000)]
  0x00000000028ce000 JavaThread "main" [_thread_in_Java, id=77316, stack(0x0000000002f60000,0x0000000003060000)]

Other Threads:
  0x0000000057d8d800 VMThread [stack: 0x00000000589c0000,0x0000000058ac0000] [id=77508]
  0x00000000593fa000 WatcherThread [stack: 0x0000000059a10000,0x0000000059b10000] [id=66816]

VM state:not at safepoint (normal execution)

VM Mutex/Monitor currently owned by a thread: None

Heap:
 PSYoungGen      total 141824K, used 103440K [0x00000000d5580000, 0x00000000dea80000, 0x0000000100000000)
  eden space 131072K, 78% used [0x00000000d5580000,0x00000000dba84260,0x00000000dd580000)
  from space 10752K, 0% used [0x00000000de000000,0x00000000de000000,0x00000000dea80000)
  to   space 10752K, 0% used [0x00000000dd580000,0x00000000dd580000,0x00000000de000000)
 ParOldGen       total 97280K, used 14948K [0x0000000080000000, 0x0000000085f00000, 0x00000000d5580000)
  object space 97280K, 15% used [0x0000000080000000,0x0000000080e99028,0x0000000085f00000)
 Metaspace       used 28517K, capacity 29450K, committed 29568K, reserved 1075200K
  class space    used 3447K, capacity 3660K, committed 3712K, reserved 1048576K

Card table byte_map: [0x00000000126f0000,0x0000000012b00000] byte_map_base: 0x00000000122f0000

Marking Bits: (ParMarkBitMap*) 0x00000000651d2d00
 Begin Bits: [0x0000000013050000, 0x0000000015050000)
 End Bits:   [0x0000000015050000, 0x0000000017050000)

Polling page: 0x0000000000300000

CodeCache: size=245760Kb used=11136Kb max_used=11138Kb free=234623Kb
 bounds [0x0000000003330000, 0x0000000003e20000, 0x0000000012330000]
 total_blobs=3459 nmethods=2782 adapters=588
 compilation: enabled

Compilation events (10 events):
Event: 18.116 Thread 0x0000000057e0d000 nmethod 2789 0x0000000003e12790 code [0x0000000003e12940, 0x0000000003e13018]
Event: 18.116 Thread 0x0000000057e0d000 2790       3       org.codehaus.groovy.reflection.CachedClass::getFields (11 bytes)
Event: 18.116 Thread 0x0000000057e0d000 nmethod 2790 0x0000000003dfed10 code [0x0000000003dfee80, 0x0000000003dff168]
Event: 18.129 Thread 0x0000000057e0d000 2792       3       org.apache.commons.lang.Entities::addEntity (12 bytes)
Event: 18.129 Thread 0x0000000057e0d000 nmethod 2792 0x0000000003e11d90 code [0x0000000003e11f40, 0x0000000003e12458]
Event: 18.129 Thread 0x0000000057e0d000 2793       3       org.apache.commons.lang.Entities$PrimitiveEntityMap::add (30 bytes)
Event: 18.129 Thread 0x0000000057e0d000 nmethod 2793 0x0000000003e115d0 code [0x0000000003e11760, 0x0000000003e11b58]
Event: 18.130 Thread 0x0000000057e0d000 2794       1       org.dom4j.QName::getName (5 bytes)
Event: 18.130 Thread 0x0000000057e0d000 nmethod 2794 0x0000000003dfea50 code [0x0000000003dfeba0, 0x0000000003dfecb0]
Event: 18.131 Thread 0x0000000057e0d000 2795       3       org.dom4j.tree.AbstractElement::getName (8 bytes)

GC Heap History (10 events):
Event: 2.344 GC heap before
{Heap before GC invocations=1 (full 0):
 PSYoungGen      total 76288K, used 65536K [0x00000000d5580000, 0x00000000daa80000, 0x0000000100000000)
  eden space 65536K, 100% used [0x00000000d5580000,0x00000000d9580000,0x00000000d9580000)
  from space 10752K, 0% used [0x00000000da000000,0x00000000da000000,0x00000000daa80000)
  to   space 10752K, 0% used [0x00000000d9580000,0x00000000d9580000,0x00000000da000000)
 ParOldGen       total 175104K, used 0K [0x0000000080000000, 0x000000008ab00000, 0x00000000d5580000)
  object space 175104K, 0% used [0x0000000080000000,0x0000000080000000,0x000000008ab00000)
 Metaspace       used 9933K, capacity 10022K, committed 10240K, reserved 1058816K
  class space    used 1120K, capacity 1169K, committed 1280K, reserved 1048576K
Event: 2.355 GC heap after
Heap after GC invocations=1 (full 0):
 PSYoungGen      total 76288K, used 7249K [0x00000000d5580000, 0x00000000daa80000, 0x0000000100000000)
  eden space 65536K, 0% used [0x00000000d5580000,0x00000000d5580000,0x00000000d9580000)
  from space 10752K, 67% used [0x00000000d9580000,0x00000000d9c94440,0x00000000da000000)
  to   space 10752K, 0% used [0x00000000da000000,0x00000000da000000,0x00000000daa80000)
 ParOldGen       total 175104K, used 8K [0x0000000080000000, 0x000000008ab00000, 0x00000000d5580000)
  object space 175104K, 0% used [0x0000000080000000,0x0000000080002000,0x000000008ab00000)
 Metaspace       used 9933K, capacity 10022K, committed 10240K, reserved 1058816K
  class space    used 1120K, capacity 1169K, committed 1280K, reserved 1048576K
}
Event: 3.576 GC heap before
{Heap before GC invocations=2 (full 0):
 PSYoungGen      total 76288K, used 72785K [0x00000000d5580000, 0x00000000daa80000, 0x0000000100000000)
  eden space 65536K, 100% used [0x00000000d5580000,0x00000000d9580000,0x00000000d9580000)
  from space 10752K, 67% used [0x00000000d9580000,0x00000000d9c94440,0x00000000da000000)
  to   space 10752K, 0% used [0x00000000da000000,0x00000000da000000,0x00000000daa80000)
 ParOldGen       total 175104K, used 8K [0x0000000080000000, 0x000000008ab00000, 0x00000000d5580000)
  object space 175104K, 0% used [0x0000000080000000,0x0000000080002000,0x000000008ab00000)
 Metaspace       used 16666K, capacity 16810K, committed 17024K, reserved 1064960K
  class space    used 1827K, capacity 1899K, committed 1920K, reserved 1048576K
Event: 3.595 GC heap after
Heap after GC invocations=2 (full 0):
 PSYoungGen      total 76288K, used 9273K [0x00000000d5580000, 0x00000000daa80000, 0x0000000100000000)
  eden space 65536K, 0% used [0x00000000d5580000,0x00000000d5580000,0x00000000d9580000)
  from space 10752K, 86% used [0x00000000da000000,0x00000000da90e638,0x00000000daa80000)
  to   space 10752K, 0% used [0x00000000d9580000,0x00000000d9580000,0x00000000da000000)
 ParOldGen       total 175104K, used 16K [0x0000000080000000, 0x000000008ab00000, 0x00000000d5580000)
  object space 175104K, 0% used [0x0000000080000000,0x0000000080004000,0x000000008ab00000)
 Metaspace       used 16666K, capacity 16810K, committed 17024K, reserved 1064960K
  class space    used 1827K, capacity 1899K, committed 1920K, reserved 1048576K
}
Event: 5.361 GC heap before
{Heap before GC invocations=3 (full 0):
 PSYoungGen      total 76288K, used 74809K [0x00000000d5580000, 0x00000000daa80000, 0x0000000100000000)
  eden space 65536K, 100% used [0x00000000d5580000,0x00000000d9580000,0x00000000d9580000)
  from space 10752K, 86% used [0x00000000da000000,0x00000000da90e638,0x00000000daa80000)
  to   space 10752K, 0% used [0x00000000d9580000,0x00000000d9580000,0x00000000da000000)
 ParOldGen       total 175104K, used 16K [0x0000000080000000, 0x000000008ab00000, 0x00000000d5580000)
  object space 175104K, 0% used [0x0000000080000000,0x0000000080004000,0x000000008ab00000)
 Metaspace       used 20522K, capacity 20794K, committed 21120K, reserved 1069056K
  class space    used 2282K, capacity 2370K, committed 2432K, reserved 1048576K
Event: 5.439 GC heap after
Heap after GC invocations=3 (full 0):
 PSYoungGen      total 76288K, used 10733K [0x00000000d5580000, 0x00000000dea80000, 0x0000000100000000)
  eden space 65536K, 0% used [0x00000000d5580000,0x00000000d5580000,0x00000000d9580000)
  from space 10752K, 99% used [0x00000000d9580000,0x00000000d9ffb7a8,0x00000000da000000)
  to   space 10752K, 0% used [0x00000000de000000,0x00000000de000000,0x00000000dea80000)
 ParOldGen       total 175104K, used 2306K [0x0000000080000000, 0x000000008ab00000, 0x00000000d5580000)
  object space 175104K, 1% used [0x0000000080000000,0x0000000080240ad0,0x000000008ab00000)
 Metaspace       used 20522K, capacity 20794K, committed 21120K, reserved 1069056K
  class space    used 2282K, capacity 2370K, committed 2432K, reserved 1048576K
}
Event: 5.674 GC heap before
{Heap before GC invocations=4 (full 0):
 PSYoungGen      total 76288K, used 23896K [0x00000000d5580000, 0x00000000dea80000, 0x0000000100000000)
  eden space 65536K, 20% used [0x00000000d5580000,0x00000000d625a9a8,0x00000000d9580000)
  from space 10752K, 99% used [0x00000000d9580000,0x00000000d9ffb7a8,0x00000000da000000)
  to   space 10752K, 0% used [0x00000000de000000,0x00000000de000000,0x00000000dea80000)
 ParOldGen       total 175104K, used 2306K [0x0000000080000000, 0x000000008ab00000, 0x00000000d5580000)
  object space 175104K, 1% used [0x0000000080000000,0x0000000080240ad0,0x000000008ab00000)
 Metaspace       used 20826K, capacity 21106K, committed 21296K, reserved 1069056K
  class space    used 2321K, capacity 2410K, committed 2432K, reserved 1048576K
Event: 5.740 GC heap after
Heap after GC invocations=4 (full 0):
 PSYoungGen      total 141824K, used 10736K [0x00000000d5580000, 0x00000000dea80000, 0x0000000100000000)
  eden space 131072K, 0% used [0x00000000d5580000,0x00000000d5580000,0x00000000dd580000)
  from space 10752K, 99% used [0x00000000de000000,0x00000000dea7c2b8,0x00000000dea80000)
  to   space 10752K, 0% used [0x00000000dd580000,0x00000000dd580000,0x00000000de000000)
 ParOldGen       total 175104K, used 4422K [0x0000000080000000, 0x000000008ab00000, 0x00000000d5580000)
  object space 175104K, 2% used [0x0000000080000000,0x0000000080451958,0x000000008ab00000)
 Metaspace       used 20826K, capacity 21106K, committed 21296K, reserved 1069056K
  class space    used 2321K, capacity 2410K, committed 2432K, reserved 1048576K
}
Event: 5.740 GC heap before
{Heap before GC invocations=5 (full 1):
 PSYoungGen      total 141824K, used 10736K [0x00000000d5580000, 0x00000000dea80000, 0x0000000100000000)
  eden space 131072K, 0% used [0x00000000d5580000,0x00000000d5580000,0x00000000dd580000)
  from space 10752K, 99% used [0x00000000de000000,0x00000000dea7c2b8,0x00000000dea80000)
  to   space 10752K, 0% used [0x00000000dd580000,0x00000000dd580000,0x00000000de000000)
 ParOldGen       total 175104K, used 4422K [0x0000000080000000, 0x000000008ab00000, 0x00000000d5580000)
  object space 175104K, 2% used [0x0000000080000000,0x0000000080451958,0x000000008ab00000)
 Metaspace       used 20826K, capacity 21106K, committed 21296K, reserved 1069056K
  class space    used 2321K, capacity 2410K, committed 2432K, reserved 1048576K
Event: 5.839 GC heap after
Heap after GC invocations=5 (full 1):
 PSYoungGen      total 141824K, used 0K [0x00000000d5580000, 0x00000000dea80000, 0x0000000100000000)
  eden space 131072K, 0% used [0x00000000d5580000,0x00000000d5580000,0x00000000dd580000)
  from space 10752K, 0% used [0x00000000de000000,0x00000000de000000,0x00000000dea80000)
  to   space 10752K, 0% used [0x00000000dd580000,0x00000000dd580000,0x00000000de000000)
 ParOldGen       total 97280K, used 14948K [0x0000000080000000, 0x0000000085f00000, 0x00000000d5580000)
  object space 97280K, 15% used [0x0000000080000000,0x0000000080e99028,0x0000000085f00000)
 Metaspace       used 20826K, capacity 21106K, committed 21296K, reserved 1069056K
  class space    used 2321K, capacity 2410K, committed 2432K, reserved 1048576K
}

Deoptimization events (10 events):
Event: 7.346 Thread 0x00000000028ce000 Uncommon trap: reason=bimorphic action=maybe_recompile pc=0x000000000396a3fc method=java.net.URL.<init>(Ljava/net/URL;Ljava/lang/String;Ljava/net/URLStreamHandler;)V @ 504
Event: 8.777 Thread 0x00000000028ce000 Uncommon trap: reason=unstable_if action=reinterpret pc=0x0000000003ceb6a0 method=java.util.regex.Pattern$CharProperty.match(Ljava/util/regex/Matcher;ILjava/lang/CharSequence;)Z @ 21
Event: 8.925 Thread 0x00000000028ce000 Uncommon trap: reason=unstable_if action=reinterpret pc=0x0000000003ce9558 method=java.util.regex.Pattern$BmpCharProperty.match(Ljava/util/regex/Matcher;ILjava/lang/CharSequence;)Z @ 34
Event: 15.678 Thread 0x00000000028ce000 Uncommon trap: reason=class_check action=maybe_recompile pc=0x0000000003d356a0 method=org.openqa.selenium.json.Input.init()V @ 18
Event: 15.678 Thread 0x00000000028ce000 Uncommon trap: reason=class_check action=maybe_recompile pc=0x0000000003d356a0 method=org.openqa.selenium.json.Input.init()V @ 18
Event: 15.678 Thread 0x00000000028ce000 Uncommon trap: reason=class_check action=maybe_recompile pc=0x0000000003d356a0 method=org.openqa.selenium.json.Input.init()V @ 18
Event: 15.678 Thread 0x00000000028ce000 Uncommon trap: reason=class_check action=maybe_recompile pc=0x0000000003d356a0 method=org.openqa.selenium.json.Input.init()V @ 18
Event: 15.765 Thread 0x00000000028ce000 Uncommon trap: reason=unstable_if action=reinterpret pc=0x000000000369c624 method=java.util.HashMap.getNode(ILjava/lang/Object;)Ljava/util/HashMap$Node; @ 129
Event: 15.768 Thread 0x00000000028ce000 Uncommon trap: reason=unstable_if action=reinterpret pc=0x000000000369b854 method=java.util.HashMap.getNode(ILjava/lang/Object;)Ljava/util/HashMap$Node; @ 129
Event: 15.939 Thread 0x00000000028ce000 Uncommon trap: reason=bimorphic action=maybe_recompile pc=0x000000000396a3fc method=java.net.URL.<init>(Ljava/net/URL;Ljava/lang/String;Ljava/net/URLStreamHandler;)V @ 504

Classes redefined (0 events):
No events

Internal exceptions (10 events):
Event: 18.021 Thread 0x00000000028ce000 Exception <a 'java/security/PrivilegedActionException'> (0x00000000db37fbe8) thrown at [C:\re\workspace\8-2-build-windows-amd64-cygwin\jdk8u181\11358\hotspot\src\share\vm\prims\jvm.cpp, line 1435]
Event: 18.021 Thread 0x00000000028ce000 Exception <a 'java/security/PrivilegedActionException'> (0x00000000db3801c8) thrown at [C:\re\workspace\8-2-build-windows-amd64-cygwin\jdk8u181\11358\hotspot\src\share\vm\prims\jvm.cpp, line 1435]
Event: 18.022 Thread 0x00000000028ce000 Exception <a 'java/security/PrivilegedActionException'> (0x00000000db386e08) thrown at [C:\re\workspace\8-2-build-windows-amd64-cygwin\jdk8u181\11358\hotspot\src\share\vm\prims\jvm.cpp, line 1435]
Event: 18.022 Thread 0x00000000028ce000 Exception <a 'java/security/PrivilegedActionException'> (0x00000000db3873e8) thrown at [C:\re\workspace\8-2-build-windows-amd64-cygwin\jdk8u181\11358\hotspot\src\share\vm\prims\jvm.cpp, line 1435]
Event: 18.041 Thread 0x00000000028ce000 Exception <a 'java/security/PrivilegedActionException'> (0x00000000db4ea0c0) thrown at [C:\re\workspace\8-2-build-windows-amd64-cygwin\jdk8u181\11358\hotspot\src\share\vm\prims\jvm.cpp, line 1435]
Event: 18.041 Thread 0x00000000028ce000 Exception <a 'java/security/PrivilegedActionException'> (0x00000000db4ea6a0) thrown at [C:\re\workspace\8-2-build-windows-amd64-cygwin\jdk8u181\11358\hotspot\src\share\vm\prims\jvm.cpp, line 1435]
Event: 18.042 Thread 0x00000000028ce000 Exception <a 'java/security/PrivilegedActionException'> (0x00000000db4f15f0) thrown at [C:\re\workspace\8-2-build-windows-amd64-cygwin\jdk8u181\11358\hotspot\src\share\vm\prims\jvm.cpp, line 1435]
Event: 18.042 Thread 0x00000000028ce000 Exception <a 'java/security/PrivilegedActionException'> (0x00000000db4f1bd0) thrown at [C:\re\workspace\8-2-build-windows-amd64-cygwin\jdk8u181\11358\hotspot\src\share\vm\prims\jvm.cpp, line 1435]
Event: 18.110 Thread 0x00000000028ce000 Exception <a 'java/lang/ClassNotFoundException': Script1BeanInfo> (0x00000000db5e6710) thrown at [C:\re\workspace\8-2-build-windows-amd64-cygwin\jdk8u181\11358\hotspot\src\share\vm\classfile\systemDictionary.cpp, line 210]
Event: 18.115 Thread 0x00000000028ce000 Exception <a 'java/lang/ClassNotFoundException': Script1Customizer> (0x00000000db611ce0) thrown at [C:\re\workspace\8-2-build-windows-amd64-cygwin\jdk8u181\11358\hotspot\src\share\vm\classfile\systemDictionary.cpp, line 210]

Events (10 events):
Event: 18.126 loading class org/apache/commons/lang/Entities$PrimitiveEntityMap
Event: 18.126 loading class org/apache/commons/lang/Entities$PrimitiveEntityMap done
Event: 18.127 loading class org/apache/commons/lang/IntHashMap
Event: 18.127 loading class org/apache/commons/lang/IntHashMap done
Event: 18.128 loading class org/apache/commons/lang/IntHashMap$Entry
Event: 18.128 loading class org/apache/commons/lang/IntHashMap$Entry done
Event: 18.129 loading class com/kms/katalon/core/testobject/ConditionType
Event: 18.129 loading class com/kms/katalon/core/testobject/ConditionType done
Event: 18.130 loading class com/kms/katalon/core/testobject/TestObjectXpath
Event: 18.130 loading class com/kms/katalon/core/testobject/TestObjectXpath done


Dynamic libraries:
0x000000013f2e0000 - 0x000000013f317000 	C:\Users\montbaga\Downloads\Katalon_Studio_Windows_64-7.0.8\Katalon_Studio_Windows_64-7.0.8\jre\bin\javaw.exe
0x0000000076ea0000 - 0x000000007703f000 	C:\WINDOWS\SYSTEM32\ntdll.dll
0x0000000076c80000 - 0x0000000076d9f000 	C:\WINDOWS\system32\kernel32.dll
0x000007fefcd30000 - 0x000007fefcd97000 	C:\WINDOWS\system32\KERNELBASE.dll
0x000007fefe930000 - 0x000007fefea0b000 	C:\WINDOWS\system32\ADVAPI32.DLL
0x000007fefcfc0000 - 0x000007fefd05f000 	C:\WINDOWS\system32\msvcrt.dll
0x000007fefe1d0000 - 0x000007fefe1ef000 	C:\WINDOWS\SYSTEM32\sechost.dll
0x000007fefe1f0000 - 0x000007fefe31c000 	C:\WINDOWS\system32\RPCRT4.dll
0x0000000076da0000 - 0x0000000076e9b000 	C:\WINDOWS\system32\USER32.dll
0x000007fefded0000 - 0x000007fefdf37000 	C:\WINDOWS\system32\GDI32.dll
0x000007fefe380000 - 0x000007fefe38e000 	C:\WINDOWS\system32\LPK.dll
0x000007fefd060000 - 0x000007fefd12b000 	C:\WINDOWS\system32\USP10.dll
0x000007fefb0a0000 - 0x000007fefb295000 	C:\WINDOWS\WinSxS\amd64_microsoft.windows.common-controls_6595b64144ccf1df_6.0.7601.24483_none_e372d88f30fbb845\COMCTL32.dll
0x000007fefdf40000 - 0x000007fefdfb1000 	C:\WINDOWS\system32\SHLWAPI.dll
0x000007fefe660000 - 0x000007fefe68e000 	C:\WINDOWS\system32\IMM32.DLL
0x000007fefdfc0000 - 0x000007fefe0cb000 	C:\WINDOWS\system32\MSCTF.dll
0x000007fefc730000 - 0x000007fefc913000 	C:\WINDOWS\system32\tmumh\20019\AddOn\8.52.0.1068\TmUmEvt64.dll
0x0000000077050000 - 0x0000000077057000 	C:\WINDOWS\system32\PSAPI.DLL
0x000007fefc680000 - 0x000007fefc683000 	C:\WINDOWS\system32\api-ms-win-core-synch-l1-2-0.DLL
0x0000000074600000 - 0x000000007476e000 	C:\WINDOWS\system32\tmumh\20019\TmMon\2.8.0.1034\tmmon64.dll
0x00000000587c0000 - 0x0000000058892000 	C:\Users\montbaga\Downloads\Katalon_Studio_Windows_64-7.0.8\Katalon_Studio_Windows_64-7.0.8\jre\bin\msvcr100.dll
0x00000000649b0000 - 0x0000000065252000 	C:\Users\montbaga\Downloads\Katalon_Studio_Windows_64-7.0.8\Katalon_Studio_Windows_64-7.0.8\jre\bin\server\jvm.dll
0x000007fef8c20000 - 0x000007fef8c29000 	C:\WINDOWS\system32\WSOCK32.dll
0x000007fefef60000 - 0x000007fefefad000 	C:\WINDOWS\system32\WS2_32.dll
0x000007fefd130000 - 0x000007fefd138000 	C:\WINDOWS\system32\NSI.dll
0x000007fef9e20000 - 0x000007fef9e5b000 	C:\WINDOWS\system32\WINMM.dll
0x000007fefb970000 - 0x000007fefb97c000 	C:\WINDOWS\system32\VERSION.dll
0x0000000071710000 - 0x000000007171f000 	C:\Users\montbaga\Downloads\Katalon_Studio_Windows_64-7.0.8\Katalon_Studio_Windows_64-7.0.8\jre\bin\verify.dll
0x00000000715f0000 - 0x0000000071619000 	C:\Users\montbaga\Downloads\Katalon_Studio_Windows_64-7.0.8\Katalon_Studio_Windows_64-7.0.8\jre\bin\java.dll
0x0000000070b70000 - 0x0000000070b86000 	C:\Users\montbaga\Downloads\Katalon_Studio_Windows_64-7.0.8\Katalon_Studio_Windows_64-7.0.8\jre\bin\zip.dll
0x000007fefd140000 - 0x000007fefdecb000 	C:\WINDOWS\system32\SHELL32.dll
0x000007fefe730000 - 0x000007fefe92f000 	C:\WINDOWS\system32\ole32.dll
0x000007fefc9f0000 - 0x000007fefc9ff000 	C:\WINDOWS\system32\profapi.dll
0x0000000070bc0000 - 0x0000000070bda000 	C:\Users\montbaga\Downloads\Katalon_Studio_Windows_64-7.0.8\Katalon_Studio_Windows_64-7.0.8\jre\bin\net.dll
0x000007fefc010000 - 0x000007fefc065000 	C:\WINDOWS\system32\mswsock.dll
0x000007fefc140000 - 0x000007fefc147000 	C:\WINDOWS\System32\wship6.dll
0x000000006f6c0000 - 0x000000006f6d1000 	C:\Users\montbaga\Downloads\Katalon_Studio_Windows_64-7.0.8\Katalon_Studio_Windows_64-7.0.8\jre\bin\nio.dll
0x000007fefb990000 - 0x000007fefb997000 	C:\WINDOWS\System32\wshtcpip.dll
0x000007fefbdb0000 - 0x000007fefbe0b000 	C:\WINDOWS\system32\DNSAPI.dll
0x000007fef9e70000 - 0x000007fef9e97000 	C:\WINDOWS\system32\IPHLPAPI.DLL
0x000007fef9e10000 - 0x000007fef9e1b000 	C:\WINDOWS\system32\WINNSI.DLL
0x000007fef98d0000 - 0x000007fef98d8000 	C:\WINDOWS\system32\rasadhlp.dll
0x000007fef9d10000 - 0x000007fef9d63000 	C:\WINDOWS\System32\fwpuclnt.dll
0x000000006dba0000 - 0x000000006dbc4000 	C:\Users\montbaga\Downloads\Katalon_Studio_Windows_64-7.0.8\Katalon_Studio_Windows_64-7.0.8\jre\bin\sunec.dll
0x00000000715c0000 - 0x00000000715cb000 	C:\Users\montbaga\Downloads\Katalon_Studio_Windows_64-7.0.8\Katalon_Studio_Windows_64-7.0.8\jre\bin\sunmscapi.dll
0x000007fefcb70000 - 0x000007fefccdd000 	C:\WINDOWS\system32\CRYPT32.dll
0x000007fefca00000 - 0x000007fefca0f000 	C:\WINDOWS\system32\MSASN1.dll
0x000007fef9bc0000 - 0x000007fef9bd1000 	C:\WINDOWS\system32\dhcpcsvc6.DLL
0x000007fef9ba0000 - 0x000007fef9bb8000 	C:\WINDOWS\system32\dhcpcsvc.DLL
0x000007fefc1a0000 - 0x000007fefc1b8000 	C:\WINDOWS\system32\CRYPTSP.dll
0x000007fefbc70000 - 0x000007fefbcb7000 	C:\WINDOWS\system32\rsaenh.dll
0x000007fefca10000 - 0x000007fefca2f000 	C:\WINDOWS\system32\USERENV.dll
0x000007fefc5f0000 - 0x000007fefc5ff000 	C:\WINDOWS\system32\CRYPTBASE.dll
0x000007fefc600000 - 0x000007fefc657000 	C:\WINDOWS\system32\apphelp.dll
0x000007fefa1b0000 - 0x000007fefa1c5000 	C:\WINDOWS\system32\NLAapi.dll
0x000007fef7550000 - 0x000007fef7565000 	C:\WINDOWS\system32\napinsp.dll
0x000007fef7570000 - 0x000007fef7589000 	C:\WINDOWS\system32\pnrpnsp.dll
0x000007fef7540000 - 0x000007fef754b000 	C:\WINDOWS\System32\winrnr.dll

VM Arguments:
jvm_args: -Dgroovy.home=/C:/Users/montbaga/Downloads/Katalon_Studio_Windows_64-7.0.8/Katalon_Studio_Windows_64-7.0.8/plugins/org.codehaus.groovy_2.4.7.xx-201611170128-e46/ -Xmx2048m -Dfile.encoding=UTF-8 
java_command: org.codehaus.groovy.tools.GroovyStarter --classpath C:\Users\montbaga\Katalon Studio\POC-BP\Include\scripts\groovy;C:\Users\montbaga\Katalon Studio\POC-BP\Keywords;C:\Users\montbaga\Katalon Studio\POC-BP\Libs;C:\Users\montbaga\Katalon Studio\POC-BP\Test Listeners;C:\Users\montbaga\Downloads\Katalon_Studio_Windows_64-7.0.8\Katalon_Studio_Windows_64-7.0.8\configuration\plugin\install\32743\1.0.7\katalon-studio-report-plugin.jar;C:\Users\montbaga\Downloads\Katalon_Studio_Windows_64-7.0.8\Katalon_Studio_Windows_64-7.0.8\configuration\resources\lib\aalto-xml-1.0.0.jar;C:\Users\montbaga\Downloads\Katalon_Studio_Windows_64-7.0.8\Katalon_Studio_Windows_64-7.0.8\configuration\resources\lib\aspectjweaver-1.9.1.jar;C:\Users\montbaga\Downloads\Katalon_Studio_Windows_64-7.0.8\Katalon_Studio_Windows_64-7.0.8\configuration\resources\lib\bcpkix-jdk15on-1.58.jar;C:\Users\montbaga\Downloads\Katalon_Studio_Windows_64-7.0.8\Katalon_Studio_Windows_64-7.0.8\configuration\resources\lib\bcprov-jdk15on-1.58.jar;C:\Users\montbaga\Downloads\Katalon_Studio_Windows_64-7.0.8\Katalon_Studio_Windows_64-7.0.8\configuration\resources\lib\browsermob-core-2.1.5.jar;C:\Users\montbaga\Downloads\Katalon_Studio_Windows_64-7.0.8\Katalon_Studio_Windows_64-7.0.8\configuration\resources\lib\cglib-3.2.10.jar;C:\Users\montbaga\Downloads\Katalon_Studio_Windows_64-7.0.8\Katalon_Studio_Windows_64-7.0.8\configuration\resources\lib\commons-codec-1.10.jar;C:\Users\montbaga\Downloads\Katalon_Studio_Windows_64-7.0.8\Katalon_Studio_Windows_64-7.0.8\configuration\resources\lib\commons-collections4-4.1.jar;C:\Users\montbaga\Downloads\Katalon_Studio_Windows_64-7.0.8\Katalon_Studio_Windows_64-7.0.8\configuration\resources\lib\commons-validator-1.6.jar;C:\Users\montbaga\Downloads\Katalon_Studio_Windows_64-7.0.8\Katalon_Studio_Windows_64-7.0.8\configuration\resources\lib\curvesapi-1.04.jar;C:\Users\montbaga\Downloads\Katalon_Studio_Windows_64-7.0.8\Katalon_Studio_Windows_64-7.0.8\configuration\resources\lib\dn
java_class_path (initial): C:\Users\montbaga\Katalon Studio\POC-BP\bin\keyword;C:\Users\montbaga\Katalon Studio\POC-BP\bin\listener;C:\Users\montbaga\Katalon Studio\POC-BP\bin\lib;C:\Users\montbaga\Katalon Studio\POC-BP\bin\groovy;C:\Users\montbaga\Katalon Studio\POC-BP\bin;C:\Users\montbaga\Downloads\Katalon_Studio_Windows_64-7.0.8\Katalon_Studio_Windows_64-7.0.8\plugins\com.kms.katalon.core_1.0.0.201912090827.jar;C:\Users\montbaga\Downloads\Katalon_Studio_Windows_64-7.0.8\Katalon_Studio_Windows_64-7.0.8\configuration\resources\lib\aalto-xml-1.0.0.jar;C:\Users\montbaga\Downloads\Katalon_Studio_Windows_64-7.0.8\Katalon_Studio_Windows_64-7.0.8\configuration\resources\lib\aspectjweaver-1.9.1.jar;C:\Users\montbaga\Downloads\Katalon_Studio_Windows_64-7.0.8\Katalon_Studio_Windows_64-7.0.8\configuration\resources\lib\bcpkix-jdk15on-1.58.jar;C:\Users\montbaga\Downloads\Katalon_Studio_Windows_64-7.0.8\Katalon_Studio_Windows_64-7.0.8\configuration\resources\lib\bcprov-jdk15on-1.58.jar;C:\Users\montbaga\Downloads\Katalon_Studio_Windows_64-7.0.8\Katalon_Studio_Windows_64-7.0.8\configuration\resources\lib\browsermob-core-2.1.5.jar;C:\Users\montbaga\Downloads\Katalon_Studio_Windows_64-7.0.8\Katalon_Studio_Windows_64-7.0.8\configuration\resources\lib\cglib-3.2.10.jar;C:\Users\montbaga\Downloads\Katalon_Studio_Windows_64-7.0.8\Katalon_Studio_Windows_64-7.0.8\configuration\resources\lib\commons-codec-1.10.jar;C:\Users\montbaga\Downloads\Katalon_Studio_Windows_64-7.0.8\Katalon_Studio_Windows_64-7.0.8\configuration\resources\lib\commons-collections4-4.1.jar;C:\Users\montbaga\Downloads\Katalon_Studio_Windows_64-7.0.8\Katalon_Studio_Windows_64-7.0.8\configuration\resources\lib\commons-validator-1.6.jar;C:\Users\montbaga\Downloads\Katalon_Studio_Windows_64-7.0.8\Katalon_Studio_Windows_64-7.0.8\configuration\resources\lib\curvesapi-1.04.jar;C:\Users\montbaga\Downloads\Katalon_Studio_Windows_64-7.0.8\Katalon_Studio_Windows_64-7.0.8\configuration\resources\lib\dnsjava-2.1.8.jar;C:\Users\
Launcher Type: SUN_STANDARD

Environment Variables:
PATH=C:/Users/montbaga/Downloads/Katalon_Studio_Windows_64-7.0.8/Katalon_Studio_Windows_64-7.0.8/jre/bin/server;C:/Users/montbaga/Downloads/Katalon_Studio_Windows_64-7.0.8/Katalon_Studio_Windows_64-7.0.8/jre/bin;C:/Users/montbaga/Downloads/Katalon_Studio_Windows_64-7.0.8/Katalon_Studio_Windows_64-7.0.8/jre/lib/amd64;C:\WINDOWS\system32;C:\WINDOWS;C:\WINDOWS\System32\Wbem;C:\WINDOWS\System32\WindowsPowerShell\v1.0\;C:\WINDOWS\System32\WindowsPowerShell\v1.0\;C:\WINDOWS\System32\WindowsPowerShell\v1.0\;C:\ORA11G\Client\bin\;C:\Users\montbaga\Downloads\Katalon_Studio_Windows_64-7.0.8\Katalon_Studio_Windows_64-7.0.8;
USERNAME=montbaga
OS=Windows_NT
PROCESSOR_IDENTIFIER=Intel64 Family 6 Model 45 Stepping 2, GenuineIntel



---------------  S Y S T E M  ---------------

OS: Windows 7 , 64 bit Build 7601 (6.1.7601.24545)

CPU:total 2 (initial active 2) (1 cores per cpu, 1 threads per core) family 6 model 45 stepping 2, cmov, cx8, fxsr, mmx, sse, sse2, sse3, ssse3, sse4.1, sse4.2, popcnt, avx, aes, clmul, tsc, tscinvbit, tscinv

Memory: 4k page, physical 16776696k(1728152k free), swap 16979596k(5148k free)

vm_info: Java HotSpot(TM) 64-Bit Server VM (25.181-b13) for windows-amd64 JRE (1.8.0_181-b13), built on Jul  7 2018 04:01:33 by "java_re" with MS VC++ 10.0 (VS2010)

time: Sun Feb 16 08:36:12 2020
elapsed time: 18 seconds (0d 0h 0m 18s)

