#
# There is insufficient memory for the Java Runtime Environment to continue.
# Native memory allocation (malloc) failed to allocate 32744 bytes for ChunkPool::allocate
# Possible reasons:
#   The system is out of physical RAM or swap space
#   In 32 bit mode, the process size limit was hit
# Possible solutions:
#   Reduce memory load on the system
#   Increase physical memory or swap space
#   Check if swap backing store is full
#   Use 64 bit Java on a 64 bit OS
#   Decrease Java heap size (-Xmx/-Xms)
#   Decrease number of Java threads
#   Decrease Java thread stack sizes (-Xss)
#   Set larger code cache with -XX:ReservedCodeCacheSize=
# This output file may be truncated or incomplete.
#
#  Out of Memory Error (allocation.cpp:273), pid=77620, tid=0x00000000000129b8
#
# JRE version: Java(TM) SE Runtime Environment (8.0_181-b13) (build 1.8.0_181-b13)
# Java VM: Java HotSpot(TM) 64-Bit Server VM (25.181-b13 mixed mode windows-amd64 compressed oops)
# Failed to write core dump. Minidumps are not enabled by default on client versions of Windows
#

---------------  T H R E A D  ---------------

Current thread (0x0000000057e03800):  JavaThread "C2 CompilerThread0" daemon [_thread_in_native, id=76216, stack(0x0000000059220000,0x0000000059320000)]

Stack: [0x0000000059220000,0x0000000059320000]
[error occurred during error reporting (printing stack bounds), id 0xc0000005]

Native frames: (J=compiled Java code, j=interpreted, Vv=VM code, C=native code)


Current CompileTask:
C2:  18634 2820   !   4       com.sun.beans.TypeResolver::resolve (274 bytes)


---------------  P R O C E S S  ---------------

Java Threads: ( => current thread )
  0x000000005b2f4800 JavaThread "Okio Watchdog" daemon [_thread_blocked, id=8988, stack(0x000000005ebc0000,0x000000005ecc0000)]
  0x000000005b1af800 JavaThread "OkHttp ConnectionPool" daemon [_thread_blocked, id=77372, stack(0x000000005f030000,0x000000005f130000)]
  0x000000005c212000 JavaThread "Exec Stream Pumper" daemon [_thread_in_native, id=70212, stack(0x000000005ea90000,0x000000005eb90000)]
  0x000000005c210800 JavaThread "Exec Stream Pumper" daemon [_thread_in_native, id=74848, stack(0x000000005d080000,0x000000005d180000)]
  0x000000005d04c000 JavaThread "UrlChecker-2" daemon [_thread_blocked, id=76064, stack(0x0000000059740000,0x0000000059840000)]
  0x000000005c1a3000 JavaThread "Exec Default Executor" daemon [_thread_in_native, id=59924, stack(0x000000005e610000,0x000000005e710000)]
  0x0000000059365000 JavaThread "Service Thread" daemon [_thread_blocked, id=69504, stack(0x0000000059a30000,0x0000000059b30000)]
  0x0000000057e0b800 JavaThread "C1 CompilerThread1" daemon [_thread_blocked, id=73156, stack(0x0000000059890000,0x0000000059990000)]
=>0x0000000057e03800 JavaThread "C2 CompilerThread0" daemon [_thread_in_native, id=76216, stack(0x0000000059220000,0x0000000059320000)]
  0x0000000057e02800 JavaThread "Attach Listener" daemon [_thread_blocked, id=67080, stack(0x0000000059110000,0x0000000059210000)]
  0x0000000057e18000 JavaThread "Signal Dispatcher" daemon [_thread_blocked, id=76936, stack(0x0000000058f10000,0x0000000059010000)]
  0x0000000057dee800 JavaThread "Finalizer" daemon [_thread_blocked, id=77556, stack(0x0000000058dd0000,0x0000000058ed0000)]
  0x0000000057de5800 JavaThread "Reference Handler" daemon [_thread_blocked, id=76964, stack(0x0000000058bb0000,0x0000000058cb0000)]
  0x0000000002b7e000 JavaThread "Forwarding executeAsyncScript on session c93e4bed85a27368bed4125850338043 to remote" [_thread_in_native, id=77732, stack(0x0000000002f30000,0x0000000003030000)]

Other Threads:
  0x0000000057d9d800 VMThread [stack: 0x0000000058a20000,0x0000000058b20000] [id=75996]
  0x0000000057e5d800 WatcherThread [stack: 0x0000000059c60000,0x0000000059d60000] [id=77652]

VM state:not at safepoint (normal execution)

VM Mutex/Monitor currently owned by a thread: None

Heap:
 PSYoungGen      total 141824K, used 102738K [0x00000000d5580000, 0x00000000dea80000, 0x0000000100000000)
  eden space 131072K, 78% used [0x00000000d5580000,0x00000000db9d4b18,0x00000000dd580000)
  from space 10752K, 0% used [0x00000000de000000,0x00000000de000000,0x00000000dea80000)
  to   space 10752K, 0% used [0x00000000dd580000,0x00000000dd580000,0x00000000de000000)
 ParOldGen       total 105472K, used 15012K [0x0000000080000000, 0x0000000086700000, 0x00000000d5580000)
  object space 105472K, 14% used [0x0000000080000000,0x0000000080ea9300,0x0000000086700000)
 Metaspace       used 28526K, capacity 29392K, committed 29568K, reserved 1075200K
  class space    used 3448K, capacity 3661K, committed 3712K, reserved 1048576K

Card table byte_map: [0x00000000126c0000,0x0000000012ad0000] byte_map_base: 0x00000000122c0000

Marking Bits: (ParMarkBitMap*) 0x00000000651d2d00
 Begin Bits: [0x0000000013060000, 0x0000000015060000)
 End Bits:   [0x0000000015060000, 0x0000000017060000)

Polling page: 0x00000000024b0000

CodeCache: size=245760Kb used=11765Kb max_used=11765Kb free=233994Kb
 bounds [0x0000000003300000, 0x0000000003e90000, 0x0000000012300000]
 total_blobs=3529 nmethods=2853 adapters=588
 compilation: enabled

Compilation events (10 events):
Event: 18.568 Thread 0x0000000057e0b800 2860       1       org.dom4j.QName::getName (5 bytes)
Event: 18.568 Thread 0x0000000057e0b800 nmethod 2860 0x0000000003e74890 code [0x0000000003e749e0, 0x0000000003e74af0]
Event: 18.572 Thread 0x0000000057e0b800 2861       3       org.dom4j.tree.AbstractElement::getName (8 bytes)
Event: 18.572 Thread 0x0000000057e0b800 nmethod 2861 0x0000000003e74b50 code [0x0000000003e74cc0, 0x0000000003e74f08]
Event: 18.578 Thread 0x0000000057e0b800 2863       1       org.codehaus.groovy.runtime.metaclass.NewStaticMetaMethod::getModifiers (3 bytes)
Event: 18.578 Thread 0x0000000057e0b800 nmethod 2863 0x0000000003e74fd0 code [0x0000000003e75120, 0x0000000003e75230]
Event: 18.584 Thread 0x0000000057e0b800 2864       3       groovy.lang.MetaClassImpl$Index::put (10 bytes)
Event: 18.584 Thread 0x0000000057e0b800 nmethod 2864 0x0000000003e75290 code [0x0000000003e75400, 0x0000000003e75628]
Event: 18.606 Thread 0x0000000057e0b800 2865   !   3       java.io.WinNTFileSystem::resolve (362 bytes)
Event: 18.610 Thread 0x0000000057e0b800 nmethod 2865 0x0000000003e75710 code [0x0000000003e76100, 0x0000000003e7cb88]

GC Heap History (10 events):
Event: 2.487 GC heap before
{Heap before GC invocations=1 (full 0):
 PSYoungGen      total 76288K, used 65536K [0x00000000d5580000, 0x00000000daa80000, 0x0000000100000000)
  eden space 65536K, 100% used [0x00000000d5580000,0x00000000d9580000,0x00000000d9580000)
  from space 10752K, 0% used [0x00000000da000000,0x00000000da000000,0x00000000daa80000)
  to   space 10752K, 0% used [0x00000000d9580000,0x00000000d9580000,0x00000000da000000)
 ParOldGen       total 175104K, used 0K [0x0000000080000000, 0x000000008ab00000, 0x00000000d5580000)
  object space 175104K, 0% used [0x0000000080000000,0x0000000080000000,0x000000008ab00000)
 Metaspace       used 9983K, capacity 10150K, committed 10496K, reserved 1058816K
  class space    used 1123K, capacity 1169K, committed 1280K, reserved 1048576K
Event: 2.498 GC heap after
Heap after GC invocations=1 (full 0):
 PSYoungGen      total 76288K, used 7209K [0x00000000d5580000, 0x00000000daa80000, 0x0000000100000000)
  eden space 65536K, 0% used [0x00000000d5580000,0x00000000d5580000,0x00000000d9580000)
  from space 10752K, 67% used [0x00000000d9580000,0x00000000d9c8a798,0x00000000da000000)
  to   space 10752K, 0% used [0x00000000da000000,0x00000000da000000,0x00000000daa80000)
 ParOldGen       total 175104K, used 8K [0x0000000080000000, 0x000000008ab00000, 0x00000000d5580000)
  object space 175104K, 0% used [0x0000000080000000,0x0000000080002000,0x000000008ab00000)
 Metaspace       used 9983K, capacity 10150K, committed 10496K, reserved 1058816K
  class space    used 1123K, capacity 1169K, committed 1280K, reserved 1048576K
}
Event: 3.650 GC heap before
{Heap before GC invocations=2 (full 0):
 PSYoungGen      total 76288K, used 72745K [0x00000000d5580000, 0x00000000daa80000, 0x0000000100000000)
  eden space 65536K, 100% used [0x00000000d5580000,0x00000000d9580000,0x00000000d9580000)
  from space 10752K, 67% used [0x00000000d9580000,0x00000000d9c8a798,0x00000000da000000)
  to   space 10752K, 0% used [0x00000000da000000,0x00000000da000000,0x00000000daa80000)
 ParOldGen       total 175104K, used 8K [0x0000000080000000, 0x000000008ab00000, 0x00000000d5580000)
  object space 175104K, 0% used [0x0000000080000000,0x0000000080002000,0x000000008ab00000)
 Metaspace       used 16688K, capacity 16810K, committed 17024K, reserved 1064960K
  class space    used 1827K, capacity 1899K, committed 1920K, reserved 1048576K
Event: 3.664 GC heap after
Heap after GC invocations=2 (full 0):
 PSYoungGen      total 76288K, used 9241K [0x00000000d5580000, 0x00000000daa80000, 0x0000000100000000)
  eden space 65536K, 0% used [0x00000000d5580000,0x00000000d5580000,0x00000000d9580000)
  from space 10752K, 85% used [0x00000000da000000,0x00000000da906678,0x00000000daa80000)
  to   space 10752K, 0% used [0x00000000d9580000,0x00000000d9580000,0x00000000da000000)
 ParOldGen       total 175104K, used 16K [0x0000000080000000, 0x000000008ab00000, 0x00000000d5580000)
  object space 175104K, 0% used [0x0000000080000000,0x0000000080004000,0x000000008ab00000)
 Metaspace       used 16688K, capacity 16810K, committed 17024K, reserved 1064960K
  class space    used 1827K, capacity 1899K, committed 1920K, reserved 1048576K
}
Event: 5.420 GC heap before
{Heap before GC invocations=3 (full 0):
 PSYoungGen      total 76288K, used 74777K [0x00000000d5580000, 0x00000000daa80000, 0x0000000100000000)
  eden space 65536K, 100% used [0x00000000d5580000,0x00000000d9580000,0x00000000d9580000)
  from space 10752K, 85% used [0x00000000da000000,0x00000000da906678,0x00000000daa80000)
  to   space 10752K, 0% used [0x00000000d9580000,0x00000000d9580000,0x00000000da000000)
 ParOldGen       total 175104K, used 16K [0x0000000080000000, 0x000000008ab00000, 0x00000000d5580000)
  object space 175104K, 0% used [0x0000000080000000,0x0000000080004000,0x000000008ab00000)
 Metaspace       used 20471K, capacity 20730K, committed 21120K, reserved 1069056K
  class space    used 2281K, capacity 2370K, committed 2432K, reserved 1048576K
Event: 5.454 GC heap after
Heap after GC invocations=3 (full 0):
 PSYoungGen      total 76288K, used 10737K [0x00000000d5580000, 0x00000000dea80000, 0x0000000100000000)
  eden space 65536K, 0% used [0x00000000d5580000,0x00000000d5580000,0x00000000d9580000)
  from space 10752K, 99% used [0x00000000d9580000,0x00000000d9ffc7c8,0x00000000da000000)
  to   space 10752K, 0% used [0x00000000de000000,0x00000000de000000,0x00000000dea80000)
 ParOldGen       total 175104K, used 2297K [0x0000000080000000, 0x000000008ab00000, 0x00000000d5580000)
  object space 175104K, 1% used [0x0000000080000000,0x000000008023e560,0x000000008ab00000)
 Metaspace       used 20471K, capacity 20730K, committed 21120K, reserved 1069056K
  class space    used 2281K, capacity 2370K, committed 2432K, reserved 1048576K
}
Event: 5.760 GC heap before
{Heap before GC invocations=4 (full 0):
 PSYoungGen      total 76288K, used 25088K [0x00000000d5580000, 0x00000000dea80000, 0x0000000100000000)
  eden space 65536K, 21% used [0x00000000d5580000,0x00000000d6383968,0x00000000d9580000)
  from space 10752K, 99% used [0x00000000d9580000,0x00000000d9ffc7c8,0x00000000da000000)
  to   space 10752K, 0% used [0x00000000de000000,0x00000000de000000,0x00000000dea80000)
 ParOldGen       total 175104K, used 2297K [0x0000000080000000, 0x000000008ab00000, 0x00000000d5580000)
  object space 175104K, 1% used [0x0000000080000000,0x000000008023e560,0x000000008ab00000)
 Metaspace       used 20840K, capacity 21106K, committed 21296K, reserved 1069056K
  class space    used 2328K, capacity 2410K, committed 2432K, reserved 1048576K
Event: 5.846 GC heap after
Heap after GC invocations=4 (full 0):
 PSYoungGen      total 141824K, used 10720K [0x00000000d5580000, 0x00000000dea80000, 0x0000000100000000)
  eden space 131072K, 0% used [0x00000000d5580000,0x00000000d5580000,0x00000000dd580000)
  from space 10752K, 99% used [0x00000000de000000,0x00000000dea78288,0x00000000dea80000)
  to   space 10752K, 0% used [0x00000000dd580000,0x00000000dd580000,0x00000000de000000)
 ParOldGen       total 175104K, used 4515K [0x0000000080000000, 0x000000008ab00000, 0x00000000d5580000)
  object space 175104K, 2% used [0x0000000080000000,0x0000000080468e68,0x000000008ab00000)
 Metaspace       used 20840K, capacity 21106K, committed 21296K, reserved 1069056K
  class space    used 2328K, capacity 2410K, committed 2432K, reserved 1048576K
}
Event: 5.846 GC heap before
{Heap before GC invocations=5 (full 1):
 PSYoungGen      total 141824K, used 10720K [0x00000000d5580000, 0x00000000dea80000, 0x0000000100000000)
  eden space 131072K, 0% used [0x00000000d5580000,0x00000000d5580000,0x00000000dd580000)
  from space 10752K, 99% used [0x00000000de000000,0x00000000dea78288,0x00000000dea80000)
  to   space 10752K, 0% used [0x00000000dd580000,0x00000000dd580000,0x00000000de000000)
 ParOldGen       total 175104K, used 4515K [0x0000000080000000, 0x000000008ab00000, 0x00000000d5580000)
  object space 175104K, 2% used [0x0000000080000000,0x0000000080468e68,0x000000008ab00000)
 Metaspace       used 20840K, capacity 21106K, committed 21296K, reserved 1069056K
  class space    used 2328K, capacity 2410K, committed 2432K, reserved 1048576K
Event: 6.030 GC heap after
Heap after GC invocations=5 (full 1):
 PSYoungGen      total 141824K, used 0K [0x00000000d5580000, 0x00000000dea80000, 0x0000000100000000)
  eden space 131072K, 0% used [0x00000000d5580000,0x00000000d5580000,0x00000000dd580000)
  from space 10752K, 0% used [0x00000000de000000,0x00000000de000000,0x00000000dea80000)
  to   space 10752K, 0% used [0x00000000dd580000,0x00000000dd580000,0x00000000de000000)
 ParOldGen       total 105472K, used 15012K [0x0000000080000000, 0x0000000086700000, 0x00000000d5580000)
  object space 105472K, 14% used [0x0000000080000000,0x0000000080ea9300,0x0000000086700000)
 Metaspace       used 20840K, capacity 21106K, committed 21296K, reserved 1069056K
  class space    used 2328K, capacity 2410K, committed 2432K, reserved 1048576K
}

Deoptimization events (10 events):
Event: 15.098 Thread 0x0000000002b7e000 Uncommon trap: reason=class_check action=maybe_recompile pc=0x0000000003d9cea0 method=org.openqa.selenium.json.Input.init()V @ 18
Event: 15.098 Thread 0x0000000002b7e000 Uncommon trap: reason=class_check action=maybe_recompile pc=0x0000000003d9cea0 method=org.openqa.selenium.json.Input.init()V @ 18
Event: 15.098 Thread 0x0000000002b7e000 Uncommon trap: reason=class_check action=maybe_recompile pc=0x0000000003d9cea0 method=org.openqa.selenium.json.Input.init()V @ 18
Event: 15.284 Thread 0x0000000002b7e000 Uncommon trap: reason=unstable_if action=reinterpret pc=0x0000000003694ba4 method=java.util.HashMap.getNode(ILjava/lang/Object;)Ljava/util/HashMap$Node; @ 129
Event: 15.284 Thread 0x0000000002b7e000 Uncommon trap: reason=bimorphic action=maybe_recompile pc=0x0000000003ceb6c0 method=java.util.HashMap.putVal(ILjava/lang/Object;Ljava/lang/Object;ZZ)Ljava/lang/Object; @ 203
Event: 15.286 Thread 0x0000000002b7e000 Uncommon trap: reason=unstable_if action=reinterpret pc=0x00000000036943d4 method=java.util.HashMap.getNode(ILjava/lang/Object;)Ljava/util/HashMap$Node; @ 129
Event: 15.286 Thread 0x0000000002b7e000 Uncommon trap: reason=bimorphic action=maybe_recompile pc=0x0000000003ceb6c0 method=java.util.HashMap.putVal(ILjava/lang/Object;Ljava/lang/Object;ZZ)Ljava/lang/Object; @ 203
Event: 15.336 Thread 0x0000000002b7e000 Uncommon trap: reason=bimorphic action=maybe_recompile pc=0x0000000003ceb6c0 method=java.util.HashMap.putVal(ILjava/lang/Object;Ljava/lang/Object;ZZ)Ljava/lang/Object; @ 203
Event: 15.337 Thread 0x0000000002b7e000 Uncommon trap: reason=bimorphic action=maybe_recompile pc=0x0000000003ceb6c0 method=java.util.HashMap.putVal(ILjava/lang/Object;Ljava/lang/Object;ZZ)Ljava/lang/Object; @ 203
Event: 15.797 Thread 0x0000000002b7e000 Uncommon trap: reason=bimorphic action=maybe_recompile pc=0x000000000391222c method=java.net.URL.<init>(Ljava/net/URL;Ljava/lang/String;Ljava/net/URLStreamHandler;)V @ 504

Classes redefined (0 events):
No events

Internal exceptions (10 events):
Event: 18.506 Thread 0x0000000002b7e000 Exception <a 'java/security/PrivilegedActionException'> (0x00000000db3020e0) thrown at [C:\re\workspace\8-2-build-windows-amd64-cygwin\jdk8u181\11358\hotspot\src\share\vm\prims\jvm.cpp, line 1435]
Event: 18.520 Thread 0x0000000002b7e000 Exception <a 'java/security/PrivilegedActionException'> (0x00000000db465fa0) thrown at [C:\re\workspace\8-2-build-windows-amd64-cygwin\jdk8u181\11358\hotspot\src\share\vm\prims\jvm.cpp, line 1435]
Event: 18.520 Thread 0x0000000002b7e000 Exception <a 'java/security/PrivilegedActionException'> (0x00000000db466580) thrown at [C:\re\workspace\8-2-build-windows-amd64-cygwin\jdk8u181\11358\hotspot\src\share\vm\prims\jvm.cpp, line 1435]
Event: 18.521 Thread 0x0000000002b7e000 Exception <a 'java/security/PrivilegedActionException'> (0x00000000db46d4e8) thrown at [C:\re\workspace\8-2-build-windows-amd64-cygwin\jdk8u181\11358\hotspot\src\share\vm\prims\jvm.cpp, line 1435]
Event: 18.521 Thread 0x0000000002b7e000 Exception <a 'java/security/PrivilegedActionException'> (0x00000000db46dac8) thrown at [C:\re\workspace\8-2-build-windows-amd64-cygwin\jdk8u181\11358\hotspot\src\share\vm\prims\jvm.cpp, line 1435]
Event: 18.537 Thread 0x0000000002b7e000 Exception <a 'java/lang/ClassNotFoundException': Script1BeanInfo> (0x00000000db563078) thrown at [C:\re\workspace\8-2-build-windows-amd64-cygwin\jdk8u181\11358\hotspot\src\share\vm\classfile\systemDictionary.cpp, line 210]
Event: 18.541 Thread 0x0000000002b7e000 Exception <a 'java/lang/ClassNotFoundException': Script1Customizer> (0x00000000db58eb58) thrown at [C:\re\workspace\8-2-build-windows-amd64-cygwin\jdk8u181\11358\hotspot\src\share\vm\classfile\systemDictionary.cpp, line 210]
Event: 18.581 Thread 0x0000000002b7e000 Exception <a 'java/lang/ClassNotFoundException': com/kms/katalon/core/webui/keyword/builtin/SetTextKeywordBeanInfo> (0x00000000db791570) thrown at [C:\re\workspace\8-2-build-windows-amd64-cygwin\jdk8u181\11358\hotspot\src\share\vm\classfile\systemDictiona
Event: 18.584 Thread 0x0000000002b7e000 Exception <a 'java/lang/ClassNotFoundException': com/kms/katalon/core/webui/keyword/builtin/SetTextKeywordCustomizer> (0x00000000db7dc480) thrown at [C:\re\workspace\8-2-build-windows-amd64-cygwin\jdk8u181\11358\hotspot\src\share\vm\classfile\systemDictio
Event: 18.608 Thread 0x0000000002b7e000 Exception <a 'java/net/SocketTimeoutException': Read timed out> (0x00000000db90bd40) thrown at [C:\re\workspace\8-2-build-windows-amd64-cygwin\jdk8u181\11358\hotspot\src\share\vm\prims\jni.cpp, line 735]

Events (10 events):
Event: 18.581 loading class com/kms/katalon/core/webui/keyword/builtin/SetTextKeywordCustomizer
Event: 18.581 loading class com/kms/katalon/core/webui/keyword/builtin/SetTextKeywordCustomizer done
Event: 18.582 loading class com/kms/katalon/core/webui/keyword/builtin/SetTextKeywordCustomizer
Event: 18.582 loading class com/kms/katalon/core/webui/keyword/builtin/SetTextKeywordCustomizer done
Event: 18.584 loading class com/kms/katalon/core/webui/keyword/builtin/SetTextKeywordCustomizer
Event: 18.584 loading class com/kms/katalon/core/webui/keyword/builtin/SetTextKeywordCustomizer done
Event: 18.600 loading class groovy/runtime/metaclass/com/kms/katalon/core/webui/keyword/builtin/SetTextKeyword$_setText_closure1MetaClass
Event: 18.600 loading class groovy/runtime/metaclass/com/kms/katalon/core/webui/keyword/builtin/SetTextKeyword$_setText_closure1MetaClass done
Event: 18.605 loading class com/kms/katalon/core/webui/common/internal/SmartWait
Event: 18.605 loading class com/kms/katalon/core/webui/common/internal/SmartWait done


Dynamic libraries:
0x000000013f410000 - 0x000000013f447000 	C:\Users\montbaga\Downloads\Katalon_Studio_Windows_64-7.0.8\Katalon_Studio_Windows_64-7.0.8\jre\bin\javaw.exe
0x0000000076ea0000 - 0x000000007703f000 	C:\WINDOWS\SYSTEM32\ntdll.dll
0x0000000076c80000 - 0x0000000076d9f000 	C:\WINDOWS\system32\kernel32.dll
0x000007fefcd30000 - 0x000007fefcd97000 	C:\WINDOWS\system32\KERNELBASE.dll
0x000007fefe930000 - 0x000007fefea0b000 	C:\WINDOWS\system32\ADVAPI32.DLL
0x000007fefcfc0000 - 0x000007fefd05f000 	C:\WINDOWS\system32\msvcrt.dll
0x000007fefe1d0000 - 0x000007fefe1ef000 	C:\WINDOWS\SYSTEM32\sechost.dll
0x000007fefe1f0000 - 0x000007fefe31c000 	C:\WINDOWS\system32\RPCRT4.dll
0x0000000076da0000 - 0x0000000076e9b000 	C:\WINDOWS\system32\USER32.dll
0x000007fefded0000 - 0x000007fefdf37000 	C:\WINDOWS\system32\GDI32.dll
0x000007fefe380000 - 0x000007fefe38e000 	C:\WINDOWS\system32\LPK.dll
0x000007fefd060000 - 0x000007fefd12b000 	C:\WINDOWS\system32\USP10.dll
0x000007fefb0a0000 - 0x000007fefb295000 	C:\WINDOWS\WinSxS\amd64_microsoft.windows.common-controls_6595b64144ccf1df_6.0.7601.24483_none_e372d88f30fbb845\COMCTL32.dll
0x000007fefdf40000 - 0x000007fefdfb1000 	C:\WINDOWS\system32\SHLWAPI.dll
0x000007fefe660000 - 0x000007fefe68e000 	C:\WINDOWS\system32\IMM32.DLL
0x000007fefdfc0000 - 0x000007fefe0cb000 	C:\WINDOWS\system32\MSCTF.dll
0x000007fefc730000 - 0x000007fefc913000 	C:\WINDOWS\system32\tmumh\20019\AddOn\8.52.0.1068\TmUmEvt64.dll
0x0000000077050000 - 0x0000000077057000 	C:\WINDOWS\system32\PSAPI.DLL
0x000007fefc680000 - 0x000007fefc683000 	C:\WINDOWS\system32\api-ms-win-core-synch-l1-2-0.DLL
0x0000000074600000 - 0x000000007476e000 	C:\WINDOWS\system32\tmumh\20019\TmMon\2.8.0.1034\tmmon64.dll
0x00000000587c0000 - 0x0000000058892000 	C:\Users\montbaga\Downloads\Katalon_Studio_Windows_64-7.0.8\Katalon_Studio_Windows_64-7.0.8\jre\bin\msvcr100.dll
0x00000000649b0000 - 0x0000000065252000 	C:\Users\montbaga\Downloads\Katalon_Studio_Windows_64-7.0.8\Katalon_Studio_Windows_64-7.0.8\jre\bin\server\jvm.dll
0x000007fef8c20000 - 0x000007fef8c29000 	C:\WINDOWS\system32\WSOCK32.dll
0x000007fefef60000 - 0x000007fefefad000 	C:\WINDOWS\system32\WS2_32.dll
0x000007fefd130000 - 0x000007fefd138000 	C:\WINDOWS\system32\NSI.dll
0x000007fef9e20000 - 0x000007fef9e5b000 	C:\WINDOWS\system32\WINMM.dll
0x000007fefb970000 - 0x000007fefb97c000 	C:\WINDOWS\system32\VERSION.dll
0x0000000071710000 - 0x000000007171f000 	C:\Users\montbaga\Downloads\Katalon_Studio_Windows_64-7.0.8\Katalon_Studio_Windows_64-7.0.8\jre\bin\verify.dll
0x00000000715f0000 - 0x0000000071619000 	C:\Users\montbaga\Downloads\Katalon_Studio_Windows_64-7.0.8\Katalon_Studio_Windows_64-7.0.8\jre\bin\java.dll
0x0000000070b70000 - 0x0000000070b86000 	C:\Users\montbaga\Downloads\Katalon_Studio_Windows_64-7.0.8\Katalon_Studio_Windows_64-7.0.8\jre\bin\zip.dll
0x000007fefd140000 - 0x000007fefdecb000 	C:\WINDOWS\system32\SHELL32.dll
0x000007fefe730000 - 0x000007fefe92f000 	C:\WINDOWS\system32\ole32.dll
0x000007fefc9f0000 - 0x000007fefc9ff000 	C:\WINDOWS\system32\profapi.dll
0x0000000070bc0000 - 0x0000000070bda000 	C:\Users\montbaga\Downloads\Katalon_Studio_Windows_64-7.0.8\Katalon_Studio_Windows_64-7.0.8\jre\bin\net.dll
0x000007fefc010000 - 0x000007fefc065000 	C:\WINDOWS\system32\mswsock.dll
0x000007fefc140000 - 0x000007fefc147000 	C:\WINDOWS\System32\wship6.dll
0x000000006f6c0000 - 0x000000006f6d1000 	C:\Users\montbaga\Downloads\Katalon_Studio_Windows_64-7.0.8\Katalon_Studio_Windows_64-7.0.8\jre\bin\nio.dll
0x000007fefb990000 - 0x000007fefb997000 	C:\WINDOWS\System32\wshtcpip.dll
0x000007fefbdb0000 - 0x000007fefbe0b000 	C:\WINDOWS\system32\DNSAPI.dll
0x000007fef9e70000 - 0x000007fef9e97000 	C:\WINDOWS\system32\IPHLPAPI.DLL
0x000007fef9e10000 - 0x000007fef9e1b000 	C:\WINDOWS\system32\WINNSI.DLL
0x000007fef98d0000 - 0x000007fef98d8000 	C:\WINDOWS\system32\rasadhlp.dll
0x000007fef9d10000 - 0x000007fef9d63000 	C:\WINDOWS\System32\fwpuclnt.dll
0x000000006dba0000 - 0x000000006dbc4000 	C:\Users\montbaga\Downloads\Katalon_Studio_Windows_64-7.0.8\Katalon_Studio_Windows_64-7.0.8\jre\bin\sunec.dll
0x00000000715c0000 - 0x00000000715cb000 	C:\Users\montbaga\Downloads\Katalon_Studio_Windows_64-7.0.8\Katalon_Studio_Windows_64-7.0.8\jre\bin\sunmscapi.dll
0x000007fefcb70000 - 0x000007fefccdd000 	C:\WINDOWS\system32\CRYPT32.dll
0x000007fefca00000 - 0x000007fefca0f000 	C:\WINDOWS\system32\MSASN1.dll
0x000007fef9bc0000 - 0x000007fef9bd1000 	C:\WINDOWS\system32\dhcpcsvc6.DLL
0x000007fef9ba0000 - 0x000007fef9bb8000 	C:\WINDOWS\system32\dhcpcsvc.DLL
0x000007fefc1a0000 - 0x000007fefc1b8000 	C:\WINDOWS\system32\CRYPTSP.dll
0x000007fefbc70000 - 0x000007fefbcb7000 	C:\WINDOWS\system32\rsaenh.dll
0x000007fefca10000 - 0x000007fefca2f000 	C:\WINDOWS\system32\USERENV.dll
0x000007fefc5f0000 - 0x000007fefc5ff000 	C:\WINDOWS\system32\CRYPTBASE.dll
0x000007fefc600000 - 0x000007fefc657000 	C:\WINDOWS\system32\apphelp.dll
0x000007fefa1b0000 - 0x000007fefa1c5000 	C:\WINDOWS\system32\NLAapi.dll
0x000007fef7550000 - 0x000007fef7565000 	C:\WINDOWS\system32\napinsp.dll
0x000007fef7570000 - 0x000007fef7589000 	C:\WINDOWS\system32\pnrpnsp.dll
0x000007fef7540000 - 0x000007fef754b000 	C:\WINDOWS\System32\winrnr.dll

VM Arguments:
jvm_args: -Dgroovy.home=/C:/Users/montbaga/Downloads/Katalon_Studio_Windows_64-7.0.8/Katalon_Studio_Windows_64-7.0.8/plugins/org.codehaus.groovy_2.4.7.xx-201611170128-e46/ -Xmx2048m -Dfile.encoding=UTF-8 
java_command: org.codehaus.groovy.tools.GroovyStarter --classpath C:\Users\montbaga\Katalon Studio\POC-BP\Include\scripts\groovy;C:\Users\montbaga\Katalon Studio\POC-BP\Keywords;C:\Users\montbaga\Katalon Studio\POC-BP\Libs;C:\Users\montbaga\Katalon Studio\POC-BP\Test Listeners;C:\Users\montbaga\Downloads\Katalon_Studio_Windows_64-7.0.8\Katalon_Studio_Windows_64-7.0.8\configuration\plugin\install\32743\1.0.7\katalon-studio-report-plugin.jar;C:\Users\montbaga\Downloads\Katalon_Studio_Windows_64-7.0.8\Katalon_Studio_Windows_64-7.0.8\configuration\resources\lib\aalto-xml-1.0.0.jar;C:\Users\montbaga\Downloads\Katalon_Studio_Windows_64-7.0.8\Katalon_Studio_Windows_64-7.0.8\configuration\resources\lib\aspectjweaver-1.9.1.jar;C:\Users\montbaga\Downloads\Katalon_Studio_Windows_64-7.0.8\Katalon_Studio_Windows_64-7.0.8\configuration\resources\lib\bcpkix-jdk15on-1.58.jar;C:\Users\montbaga\Downloads\Katalon_Studio_Windows_64-7.0.8\Katalon_Studio_Windows_64-7.0.8\configuration\resources\lib\bcprov-jdk15on-1.58.jar;C:\Users\montbaga\Downloads\Katalon_Studio_Windows_64-7.0.8\Katalon_Studio_Windows_64-7.0.8\configuration\resources\lib\browsermob-core-2.1.5.jar;C:\Users\montbaga\Downloads\Katalon_Studio_Windows_64-7.0.8\Katalon_Studio_Windows_64-7.0.8\configuration\resources\lib\cglib-3.2.10.jar;C:\Users\montbaga\Downloads\Katalon_Studio_Windows_64-7.0.8\Katalon_Studio_Windows_64-7.0.8\configuration\resources\lib\commons-codec-1.10.jar;C:\Users\montbaga\Downloads\Katalon_Studio_Windows_64-7.0.8\Katalon_Studio_Windows_64-7.0.8\configuration\resources\lib\commons-collections4-4.1.jar;C:\Users\montbaga\Downloads\Katalon_Studio_Windows_64-7.0.8\Katalon_Studio_Windows_64-7.0.8\configuration\resources\lib\commons-validator-1.6.jar;C:\Users\montbaga\Downloads\Katalon_Studio_Windows_64-7.0.8\Katalon_Studio_Windows_64-7.0.8\configuration\resources\lib\curvesapi-1.04.jar;C:\Users\montbaga\Downloads\Katalon_Studio_Windows_64-7.0.8\Katalon_Studio_Windows_64-7.0.8\configuration\resources\lib\dn
java_class_path (initial): C:\Users\montbaga\Katalon Studio\POC-BP\bin\keyword;C:\Users\montbaga\Katalon Studio\POC-BP\bin\listener;C:\Users\montbaga\Katalon Studio\POC-BP\bin\lib;C:\Users\montbaga\Katalon Studio\POC-BP\bin\groovy;C:\Users\montbaga\Katalon Studio\POC-BP\bin;C:\Users\montbaga\Downloads\Katalon_Studio_Windows_64-7.0.8\Katalon_Studio_Windows_64-7.0.8\plugins\com.kms.katalon.core_1.0.0.201912090827.jar;C:\Users\montbaga\Downloads\Katalon_Studio_Windows_64-7.0.8\Katalon_Studio_Windows_64-7.0.8\configuration\resources\lib\aalto-xml-1.0.0.jar;C:\Users\montbaga\Downloads\Katalon_Studio_Windows_64-7.0.8\Katalon_Studio_Windows_64-7.0.8\configuration\resources\lib\aspectjweaver-1.9.1.jar;C:\Users\montbaga\Downloads\Katalon_Studio_Windows_64-7.0.8\Katalon_Studio_Windows_64-7.0.8\configuration\resources\lib\bcpkix-jdk15on-1.58.jar;C:\Users\montbaga\Downloads\Katalon_Studio_Windows_64-7.0.8\Katalon_Studio_Windows_64-7.0.8\configuration\resources\lib\bcprov-jdk15on-1.58.jar;C:\Users\montbaga\Downloads\Katalon_Studio_Windows_64-7.0.8\Katalon_Studio_Windows_64-7.0.8\configuration\resources\lib\browsermob-core-2.1.5.jar;C:\Users\montbaga\Downloads\Katalon_Studio_Windows_64-7.0.8\Katalon_Studio_Windows_64-7.0.8\configuration\resources\lib\cglib-3.2.10.jar;C:\Users\montbaga\Downloads\Katalon_Studio_Windows_64-7.0.8\Katalon_Studio_Windows_64-7.0.8\configuration\resources\lib\commons-codec-1.10.jar;C:\Users\montbaga\Downloads\Katalon_Studio_Windows_64-7.0.8\Katalon_Studio_Windows_64-7.0.8\configuration\resources\lib\commons-collections4-4.1.jar;C:\Users\montbaga\Downloads\Katalon_Studio_Windows_64-7.0.8\Katalon_Studio_Windows_64-7.0.8\configuration\resources\lib\commons-validator-1.6.jar;C:\Users\montbaga\Downloads\Katalon_Studio_Windows_64-7.0.8\Katalon_Studio_Windows_64-7.0.8\configuration\resources\lib\curvesapi-1.04.jar;C:\Users\montbaga\Downloads\Katalon_Studio_Windows_64-7.0.8\Katalon_Studio_Windows_64-7.0.8\configuration\resources\lib\dnsjava-2.1.8.jar;C:\Users\
Launcher Type: SUN_STANDARD

Environment Variables:
PATH=C:/Users/montbaga/Downloads/Katalon_Studio_Windows_64-7.0.8/Katalon_Studio_Windows_64-7.0.8/jre/bin/server;C:/Users/montbaga/Downloads/Katalon_Studio_Windows_64-7.0.8/Katalon_Studio_Windows_64-7.0.8/jre/bin;C:/Users/montbaga/Downloads/Katalon_Studio_Windows_64-7.0.8/Katalon_Studio_Windows_64-7.0.8/jre/lib/amd64;C:\WINDOWS\system32;C:\WINDOWS;C:\WINDOWS\System32\Wbem;C:\WINDOWS\System32\WindowsPowerShell\v1.0\;C:\WINDOWS\System32\WindowsPowerShell\v1.0\;C:\WINDOWS\System32\WindowsPowerShell\v1.0\;C:\ORA11G\Client\bin\;C:\Users\montbaga\Downloads\Katalon_Studio_Windows_64-7.0.8\Katalon_Studio_Windows_64-7.0.8;
USERNAME=montbaga
OS=Windows_NT
PROCESSOR_IDENTIFIER=Intel64 Family 6 Model 45 Stepping 2, GenuineIntel



---------------  S Y S T E M  ---------------

OS: Windows 7 , 64 bit Build 7601 (6.1.7601.24545)

CPU:total 2 (initial active 2) (1 cores per cpu, 1 threads per core) family 6 model 45 stepping 2, cmov, cx8, fxsr, mmx, sse, sse2, sse3, ssse3, sse4.1, sse4.2, popcnt, avx, aes, clmul, tsc, tscinvbit, tscinv

Memory: 4k page, physical 16776696k(1683720k free), swap 16979596k(5340k free)

vm_info: Java HotSpot(TM) 64-Bit Server VM (25.181-b13) for windows-amd64 JRE (1.8.0_181-b13), built on Jul  7 2018 04:01:33 by "java_re" with MS VC++ 10.0 (VS2010)

time: Sun Feb 16 08:36:41 2020
elapsed time: 18 seconds (0d 0h 0m 18s)

