#
# There is insufficient memory for the Java Runtime Environment to continue.
# Native memory allocation (malloc) failed to allocate 455632 bytes for Chunk::new
# Possible reasons:
#   The system is out of physical RAM or swap space
#   In 32 bit mode, the process size limit was hit
# Possible solutions:
#   Reduce memory load on the system
#   Increase physical memory or swap space
#   Check if swap backing store is full
#   Use 64 bit Java on a 64 bit OS
#   Decrease Java heap size (-Xmx/-Xms)
#   Decrease number of Java threads
#   Decrease Java thread stack sizes (-Xss)
#   Set larger code cache with -XX:ReservedCodeCacheSize=
# This output file may be truncated or incomplete.
#
#  Out of Memory Error (allocation.cpp:390), pid=34088, tid=0x0000000000010b68
#
# JRE version: Java(TM) SE Runtime Environment (8.0_181-b13) (build 1.8.0_181-b13)
# Java VM: Java HotSpot(TM) 64-Bit Server VM (25.181-b13 mixed mode windows-amd64 compressed oops)
# Failed to write core dump. Minidumps are not enabled by default on client versions of Windows
#

---------------  T H R E A D  ---------------

Current thread (0x0000000019778800):  JavaThread "C2 CompilerThread1" daemon [_thread_in_native, id=68456, stack(0x0000000019de0000,0x0000000019ee0000)]

Stack: [0x0000000019de0000,0x0000000019ee0000]
[error occurred during error reporting (printing stack bounds), id 0xc0000005]

Native frames: (J=compiled Java code, j=interpreted, Vv=VM code, C=native code)


Current CompileTask:
C2:  10053 2810  s!   4       sun.misc.URLClassPath::getLoader (243 bytes)


---------------  P R O C E S S  ---------------

Java Threads: ( => current thread )
  0x000000001d70a000 JavaThread "Okio Watchdog" daemon [_thread_blocked, id=15564, stack(0x0000000024140000,0x0000000024240000)]
  0x000000001d70c800 JavaThread "OkHttp ConnectionPool" daemon [_thread_blocked, id=34636, stack(0x0000000024040000,0x0000000024140000)]
  0x000000001d712800 JavaThread "org.eclipse.jetty.server.session.HashSessionManager@63648ee9Timer" daemon [_thread_blocked, id=2668, stack(0x000000001f2a0000,0x000000001f3a0000)]
  0x000000001d711800 JavaThread "qtp1317375498-19" [_thread_blocked, id=32356, stack(0x000000001f1a0000,0x000000001f2a0000)]
  0x000000001d711000 JavaThread "qtp1317375498-18-acceptor-0@154206d3-ServerConnector@1b85fa0b{HTTP/1.1,[http/1.1]}{0.0.0.0:50001}" [_thread_in_native, id=32332, stack(0x000000001f0a0000,0x000000001f1a0000)]
  0x000000001d70d000 JavaThread "qtp1317375498-17" [_thread_blocked, id=70236, stack(0x000000001efa0000,0x000000001f0a0000)]
  0x000000001d70e000 JavaThread "qtp1317375498-16" [_thread_in_native, id=21456, stack(0x000000001eea0000,0x000000001efa0000)]
  0x000000001d710000 JavaThread "qtp1317375498-15" [_thread_in_native, id=38220, stack(0x000000001eda0000,0x000000001eea0000)]
  0x000000001d709000 JavaThread "qtp1317375498-14-acceptor-0@7f0ed14d-ServerConnector@71c920dc{HTTP/1.1,[http/1.1]}{0.0.0.0:12954}" [_thread_in_native, id=49968, stack(0x000000001eca0000,0x000000001eda0000)]
  0x000000001d70f800 JavaThread "qtp1317375498-13" [_thread_in_native, id=17680, stack(0x000000001eaa0000,0x000000001eba0000)]
  0x000000001d70b000 JavaThread "qtp1317375498-12" [_thread_in_native, id=59276, stack(0x000000001ce80000,0x000000001cf80000)]
  0x000000001980d800 JavaThread "Service Thread" daemon [_thread_blocked, id=65092, stack(0x0000000019fe0000,0x000000001a0e0000)]
  0x000000001979a000 JavaThread "C1 CompilerThread2" daemon [_thread_blocked, id=68756, stack(0x0000000019ee0000,0x0000000019fe0000)]
=>0x0000000019778800 JavaThread "C2 CompilerThread1" daemon [_thread_in_native, id=68456, stack(0x0000000019de0000,0x0000000019ee0000)]
  0x0000000019773000 JavaThread "C2 CompilerThread0" daemon [_thread_in_native, id=24612, stack(0x0000000019ce0000,0x0000000019de0000)]
  0x0000000019770000 JavaThread "Attach Listener" daemon [_thread_blocked, id=47484, stack(0x0000000019be0000,0x0000000019ce0000)]
  0x000000001976e800 JavaThread "Signal Dispatcher" daemon [_thread_blocked, id=41392, stack(0x0000000019ae0000,0x0000000019be0000)]
  0x00000000182c2800 JavaThread "Finalizer" daemon [_thread_blocked, id=23944, stack(0x00000000194e0000,0x00000000195e0000)]
  0x00000000182b1000 JavaThread "Reference Handler" daemon [_thread_blocked, id=21928, stack(0x00000000193e0000,0x00000000194e0000)]
  0x000000000337f800 JavaThread "main" [_thread_in_Java, id=4020, stack(0x0000000003560000,0x0000000003660000)]

Other Threads:
  0x0000000018282000 VMThread [stack: 0x00000000192e0000,0x00000000193e0000] [id=62884]
  0x0000000019892000 WatcherThread [stack: 0x000000001a0e0000,0x000000001a1e0000] [id=22580]

VM state:not at safepoint (normal execution)

VM Mutex/Monitor currently owned by a thread: None

Heap:
 PSYoungGen      total 107520K, used 61559K [0x00000000d5580000, 0x00000000dcf80000, 0x0000000100000000)
  eden space 93696K, 57% used [0x00000000d5580000,0x00000000d8a7ab68,0x00000000db100000)
  from space 13824K, 52% used [0x00000000dbe00000,0x00000000dc523278,0x00000000dcb80000)
  to   space 13312K, 0% used [0x00000000db100000,0x00000000db100000,0x00000000dbe00000)
 ParOldGen       total 114688K, used 11863K [0x0000000080000000, 0x0000000087000000, 0x00000000d5580000)
  object space 114688K, 10% used [0x0000000080000000,0x0000000080b95d08,0x0000000087000000)
 Metaspace       used 30489K, capacity 31406K, committed 31616K, reserved 1077248K
  class space    used 3687K, capacity 3957K, committed 3968K, reserved 1048576K

Card table byte_map: [0x0000000012a20000,0x0000000012e30000] byte_map_base: 0x0000000012620000

Marking Bits: (ParMarkBitMap*) 0x0000000060012d00
 Begin Bits: [0x00000000134e0000, 0x00000000154e0000)
 End Bits:   [0x00000000154e0000, 0x00000000174e0000)

Polling page: 0x0000000001400000

CodeCache: size=245760Kb used=10599Kb max_used=11109Kb free=235160Kb
 bounds [0x0000000003660000, 0x0000000004140000, 0x0000000012660000]
 total_blobs=3317 nmethods=2618 adapters=609
 compilation: enabled

Compilation events (10 events):
Event: 10.002 Thread 0x000000001979a000 2830       3       sun.nio.cs.UTF_8$Encoder::encode (359 bytes)
Event: 10.003 Thread 0x000000001979a000 nmethod 2830 0x00000000037e92d0 code [0x00000000037e94c0, 0x00000000037ea028]
Event: 10.003 Thread 0x000000001979a000 2831       3       org.apache.commons.lang3.text.translate.LookupTranslator::translate (118 bytes)
Event: 10.004 Thread 0x000000001979a000 nmethod 2831 0x00000000037ce810 code [0x00000000037cea40, 0x00000000037cf778]
Event: 10.004 Thread 0x000000001979a000 2828   !   3       java.util.Formatter$FormatSpecifier::index (53 bytes)
Event: 10.004 Thread 0x000000001979a000 nmethod 2828 0x00000000038f32d0 code [0x00000000038f3460, 0x00000000038f38d8]
Event: 10.004 Thread 0x000000001979a000 2829       3       java.util.Formatter$FormatSpecifier::print (243 bytes)
Event: 10.005 Thread 0x000000001979a000 nmethod 2829 0x00000000037e17d0 code [0x00000000037e1a20, 0x00000000037e22e8]
Event: 10.015 Thread 0x000000001979a000 2838       3       java.io.StringWriter::write (10 bytes)
Event: 10.016 Thread 0x000000001979a000 nmethod 2838 0x0000000003936110 code [0x0000000003936280, 0x0000000003936688]

GC Heap History (10 events):
Event: 4.117 GC heap before
{Heap before GC invocations=3 (full 0):
 PSYoungGen      total 76288K, used 72131K [0x00000000d5580000, 0x00000000daa80000, 0x0000000100000000)
  eden space 65536K, 100% used [0x00000000d5580000,0x00000000d9580000,0x00000000d9580000)
  from space 10752K, 61% used [0x00000000da000000,0x00000000da670c08,0x00000000daa80000)
  to   space 10752K, 0% used [0x00000000d9580000,0x00000000d9580000,0x00000000da000000)
 ParOldGen       total 175104K, used 24K [0x0000000080000000, 0x000000008ab00000, 0x00000000d5580000)
  object space 175104K, 0% used [0x0000000080000000,0x0000000080006000,0x000000008ab00000)
 Metaspace       used 18577K, capacity 18738K, committed 19072K, reserved 1067008K
  class space    used 2091K, capacity 2175K, committed 2176K, reserved 1048576K
Event: 4.129 GC heap after
Heap after GC invocations=3 (full 0):
 PSYoungGen      total 76288K, used 10634K [0x00000000d5580000, 0x00000000daa80000, 0x0000000100000000)
  eden space 65536K, 0% used [0x00000000d5580000,0x00000000d5580000,0x00000000d9580000)
  from space 10752K, 98% used [0x00000000d9580000,0x00000000d9fe2a38,0x00000000da000000)
  to   space 10752K, 0% used [0x00000000da000000,0x00000000da000000,0x00000000daa80000)
 ParOldGen       total 175104K, used 96K [0x0000000080000000, 0x000000008ab00000, 0x00000000d5580000)
  object space 175104K, 0% used [0x0000000080000000,0x0000000080018010,0x000000008ab00000)
 Metaspace       used 18577K, capacity 18738K, committed 19072K, reserved 1067008K
  class space    used 2091K, capacity 2175K, committed 2176K, reserved 1048576K
}
Event: 4.839 GC heap before
{Heap before GC invocations=4 (full 0):
 PSYoungGen      total 76288K, used 58636K [0x00000000d5580000, 0x00000000daa80000, 0x0000000100000000)
  eden space 65536K, 73% used [0x00000000d5580000,0x00000000d84608a0,0x00000000d9580000)
  from space 10752K, 98% used [0x00000000d9580000,0x00000000d9fe2a38,0x00000000da000000)
  to   space 10752K, 0% used [0x00000000da000000,0x00000000da000000,0x00000000daa80000)
 ParOldGen       total 175104K, used 96K [0x0000000080000000, 0x000000008ab00000, 0x00000000d5580000)
  object space 175104K, 0% used [0x0000000080000000,0x0000000080018010,0x000000008ab00000)
 Metaspace       used 20799K, capacity 21048K, committed 21296K, reserved 1069056K
  class space    used 2331K, capacity 2408K, committed 2432K, reserved 1048576K
Event: 4.853 GC heap after
Heap after GC invocations=4 (full 0):
 PSYoungGen      total 76288K, used 10725K [0x00000000d5580000, 0x00000000daa80000, 0x0000000100000000)
  eden space 65536K, 0% used [0x00000000d5580000,0x00000000d5580000,0x00000000d9580000)
  from space 10752K, 99% used [0x00000000da000000,0x00000000daa79530,0x00000000daa80000)
  to   space 10752K, 0% used [0x00000000d9580000,0x00000000d9580000,0x00000000da000000)
 ParOldGen       total 175104K, used 1272K [0x0000000080000000, 0x000000008ab00000, 0x00000000d5580000)
  object space 175104K, 0% used [0x0000000080000000,0x000000008013e270,0x000000008ab00000)
 Metaspace       used 20799K, capacity 21048K, committed 21296K, reserved 1069056K
  class space    used 2331K, capacity 2408K, committed 2432K, reserved 1048576K
}
Event: 4.853 GC heap before
{Heap before GC invocations=5 (full 1):
 PSYoungGen      total 76288K, used 10725K [0x00000000d5580000, 0x00000000daa80000, 0x0000000100000000)
  eden space 65536K, 0% used [0x00000000d5580000,0x00000000d5580000,0x00000000d9580000)
  from space 10752K, 99% used [0x00000000da000000,0x00000000daa79530,0x00000000daa80000)
  to   space 10752K, 0% used [0x00000000d9580000,0x00000000d9580000,0x00000000da000000)
 ParOldGen       total 175104K, used 1272K [0x0000000080000000, 0x000000008ab00000, 0x00000000d5580000)
  object space 175104K, 0% used [0x0000000080000000,0x000000008013e270,0x000000008ab00000)
 Metaspace       used 20799K, capacity 21048K, committed 21296K, reserved 1069056K
  class space    used 2331K, capacity 2408K, committed 2432K, reserved 1048576K
Event: 4.915 GC heap after
Heap after GC invocations=5 (full 1):
 PSYoungGen      total 76288K, used 0K [0x00000000d5580000, 0x00000000daa80000, 0x0000000100000000)
  eden space 65536K, 0% used [0x00000000d5580000,0x00000000d5580000,0x00000000d9580000)
  from space 10752K, 0% used [0x00000000da000000,0x00000000da000000,0x00000000daa80000)
  to   space 10752K, 0% used [0x00000000d9580000,0x00000000d9580000,0x00000000da000000)
 ParOldGen       total 114688K, used 11855K [0x0000000080000000, 0x0000000087000000, 0x00000000d5580000)
  object space 114688K, 10% used [0x0000000080000000,0x0000000080b93d08,0x0000000087000000)
 Metaspace       used 20799K, capacity 21048K, committed 21296K, reserved 1069056K
  class space    used 2331K, capacity 2408K, committed 2432K, reserved 1048576K
}
Event: 5.992 GC heap before
{Heap before GC invocations=6 (full 1):
 PSYoungGen      total 76288K, used 65536K [0x00000000d5580000, 0x00000000daa80000, 0x0000000100000000)
  eden space 65536K, 100% used [0x00000000d5580000,0x00000000d9580000,0x00000000d9580000)
  from space 10752K, 0% used [0x00000000da000000,0x00000000da000000,0x00000000daa80000)
  to   space 10752K, 0% used [0x00000000d9580000,0x00000000d9580000,0x00000000da000000)
 ParOldGen       total 114688K, used 11855K [0x0000000080000000, 0x0000000087000000, 0x00000000d5580000)
  object space 114688K, 10% used [0x0000000080000000,0x0000000080b93d08,0x0000000087000000)
 Metaspace       used 24477K, capacity 24848K, committed 25216K, reserved 1071104K
  class space    used 2815K, capacity 2942K, committed 2944K, reserved 1048576K
Event: 5.998 GC heap after
Heap after GC invocations=6 (full 1):
 PSYoungGen      total 76288K, used 4733K [0x00000000d5580000, 0x00000000dcb80000, 0x0000000100000000)
  eden space 65536K, 0% used [0x00000000d5580000,0x00000000d5580000,0x00000000d9580000)
  from space 10752K, 44% used [0x00000000d9580000,0x00000000d9a1f7c0,0x00000000da000000)
  to   space 13824K, 0% used [0x00000000dbe00000,0x00000000dbe00000,0x00000000dcb80000)
 ParOldGen       total 114688K, used 11863K [0x0000000080000000, 0x0000000087000000, 0x00000000d5580000)
  object space 114688K, 10% used [0x0000000080000000,0x0000000080b95d08,0x0000000087000000)
 Metaspace       used 24477K, capacity 24848K, committed 25216K, reserved 1071104K
  class space    used 2815K, capacity 2942K, committed 2944K, reserved 1048576K
}
Event: 6.613 GC heap before
{Heap before GC invocations=7 (full 1):
 PSYoungGen      total 76288K, used 70269K [0x00000000d5580000, 0x00000000dcb80000, 0x0000000100000000)
  eden space 65536K, 100% used [0x00000000d5580000,0x00000000d9580000,0x00000000d9580000)
  from space 10752K, 44% used [0x00000000d9580000,0x00000000d9a1f7c0,0x00000000da000000)
  to   space 13824K, 0% used [0x00000000dbe00000,0x00000000dbe00000,0x00000000dcb80000)
 ParOldGen       total 114688K, used 11863K [0x0000000080000000, 0x0000000087000000, 0x00000000d5580000)
  object space 114688K, 10% used [0x0000000080000000,0x0000000080b95d08,0x0000000087000000)
 Metaspace       used 25848K, capacity 26264K, committed 26496K, reserved 1073152K
  class space    used 3017K, capacity 3154K, committed 3200K, reserved 1048576K
Event: 6.627 GC heap after
Heap after GC invocations=7 (full 1):
 PSYoungGen      total 107520K, used 7308K [0x00000000d5580000, 0x00000000dcf80000, 0x0000000100000000)
  eden space 93696K, 0% used [0x00000000d5580000,0x00000000d5580000,0x00000000db100000)
  from space 13824K, 52% used [0x00000000dbe00000,0x00000000dc523278,0x00000000dcb80000)
  to   space 13312K, 0% used [0x00000000db100000,0x00000000db100000,0x00000000dbe00000)
 ParOldGen       total 114688K, used 11863K [0x0000000080000000, 0x0000000087000000, 0x00000000d5580000)
  object space 114688K, 10% used [0x0000000080000000,0x0000000080b95d08,0x0000000087000000)
 Metaspace       used 25848K, capacity 26264K, committed 26496K, reserved 1073152K
  class space    used 3017K, capacity 3154K, committed 3200K, reserved 1048576K
}

Deoptimization events (10 events):
Event: 6.368 Thread 0x000000000337f800 Uncommon trap: reason=class_check action=maybe_recompile pc=0x0000000003ea4db4 method=java.util.regex.Pattern$Curly.match(Ljava/util/regex/Matcher;ILjava/lang/CharSequence;)Z @ 19
Event: 6.369 Thread 0x000000000337f800 Uncommon trap: reason=class_check action=maybe_recompile pc=0x0000000003ea4db4 method=java.util.regex.Pattern$Curly.match(Ljava/util/regex/Matcher;ILjava/lang/CharSequence;)Z @ 19
Event: 6.524 Thread 0x000000000337f800 Uncommon trap: reason=bimorphic action=maybe_recompile pc=0x0000000003c86394 method=java.net.URL.<init>(Ljava/net/URL;Ljava/lang/String;Ljava/net/URLStreamHandler;)V @ 504
Event: 6.524 Thread 0x000000000337f800 Uncommon trap: reason=unstable_if action=reinterpret pc=0x00000000039c353c method=java.net.URLStreamHandler.parseURL(Ljava/net/URL;Ljava/lang/String;II)V @ 690
Event: 8.872 Thread 0x000000000337f800 Uncommon trap: reason=class_check action=maybe_recompile pc=0x00000000040f7034 method=org.openqa.selenium.json.Input.init()V @ 18
Event: 8.872 Thread 0x000000000337f800 Uncommon trap: reason=class_check action=maybe_recompile pc=0x00000000040f7034 method=org.openqa.selenium.json.Input.init()V @ 18
Event: 8.872 Thread 0x000000000337f800 Uncommon trap: reason=class_check action=maybe_recompile pc=0x00000000040f7034 method=org.openqa.selenium.json.Input.init()V @ 18
Event: 8.872 Thread 0x000000000337f800 Uncommon trap: reason=class_check action=maybe_recompile pc=0x00000000040f7034 method=org.openqa.selenium.json.Input.init()V @ 18
Event: 9.365 Thread 0x000000000337f800 Uncommon trap: reason=unstable_if action=reinterpret pc=0x0000000004073608 method=groovy.lang.MetaClassImpl$1MOPIter.methodNameAction(Ljava/lang/Class;Lorg/codehaus/groovy/runtime/metaclass/MetaMethodIndex$Entry;)V @ 354
Event: 10.002 Thread 0x000000000337f800 Uncommon trap: reason=unstable_if action=reinterpret pc=0x00000000037e3318 method=sun.nio.cs.UTF_8$Encoder.encode([CII[B)I @ 33

Classes redefined (0 events):
No events

Internal exceptions (10 events):
Event: 9.385 Thread 0x000000000337f800 Exception <a 'java/lang/ClassNotFoundException': com/kms/katalon/core/windows/keyword/helper/WindowsActionHelperCustomizer> (0x00000000d85afd70) thrown at [C:\re\workspace\8-2-build-windows-amd64-cygwin\jdk8u181\11358\hotspot\src\share\vm\classfile\system
Event: 9.389 Thread 0x000000000337f800 Exception <a 'java/net/SocketTimeoutException': Read timed out> (0x00000000d85e6638) thrown at [C:\re\workspace\8-2-build-windows-amd64-cygwin\jdk8u181\11358\hotspot\src\share\vm\prims\jni.cpp, line 735]
Event: 9.448 Thread 0x000000000337f800 Exception <a 'java/lang/NoSuchMethodError': java.lang.Object.lambda$static$0(Ljava/time/Duration;)V> (0x00000000d8676c98) thrown at [C:\re\workspace\8-2-build-windows-amd64-cygwin\jdk8u181\11358\hotspot\src\share\vm\interpreter\linkResolver.cpp, line 620]
Event: 9.452 Thread 0x000000000337f800 Exception <a 'java/net/SocketTimeoutException': Read timed out> (0x00000000d86a02b8) thrown at [C:\re\workspace\8-2-build-windows-amd64-cygwin\jdk8u181\11358\hotspot\src\share\vm\prims\jni.cpp, line 735]
Event: 9.571 Thread 0x000000000337f800 Exception <a 'java/net/SocketTimeoutException': Read timed out> (0x00000000d8715078) thrown at [C:\re\workspace\8-2-build-windows-amd64-cygwin\jdk8u181\11358\hotspot\src\share\vm\prims\jni.cpp, line 735]
Event: 9.631 Thread 0x000000000337f800 Exception <a 'java/net/SocketTimeoutException': Read timed out> (0x00000000d8736ed0) thrown at [C:\re\workspace\8-2-build-windows-amd64-cygwin\jdk8u181\11358\hotspot\src\share\vm\prims\jni.cpp, line 735]
Event: 9.973 Thread 0x000000000337f800 Exception <a 'java/lang/NoSuchMethodError': java.lang.Object.lambda$comparing$77a9974f$1(Ljava/util/function/Function;Ljava/lang/Object;Ljava/lang/Object;)I> (0x00000000d8790dc8) thrown at [C:\re\workspace\8-2-build-windows-amd64-cygwin\jdk8u181\11358\hot
Event: 9.977 Thread 0x000000000337f800 Exception <a 'java/lang/reflect/InvocationTargetException'> (0x00000000d87a8168) thrown at [C:\re\workspace\8-2-build-windows-amd64-cygwin\jdk8u181\11358\hotspot\src\share\vm\runtime\reflection.cpp, line 1092]
Event: 10.014 Thread 0x000000000337f800 Exception <a 'java/net/SocketException': Software caused connection abort: socket write error> (0x00000000d88ec2e8) thrown at [C:\re\workspace\8-2-build-windows-amd64-cygwin\jdk8u181\11358\hotspot\src\share\vm\prims\jni.cpp, line 735]
Event: 10.015 Thread 0x000000000337f800 Exception <a 'java/net/SocketException': Software caused connection abort: socket write error> (0x00000000d88f1448) thrown at [C:\re\workspace\8-2-build-windows-amd64-cygwin\jdk8u181\11358\hotspot\src\share\vm\prims\jni.cpp, line 735]

Events (10 events):
Event: 9.982 loading class org/codehaus/groovy/runtime/dgm$356 done
Event: 9.983 loading class org/apache/commons/lang/exception/ExceptionUtils
Event: 9.983 loading class org/apache/commons/lang/exception/ExceptionUtils done
Event: 9.986 loading class org/apache/commons/lang/NullArgumentException
Event: 9.986 loading class org/apache/commons/lang/NullArgumentException done
Event: 9.988 loading class org/apache/commons/lang/ArrayUtils
Event: 9.988 loading class org/apache/commons/lang/ArrayUtils done
Event: 10.002 Thread 0x000000000337f800 Uncommon trap: trap_request=0xffffff65 fr.pc=0x00000000037e3318
Event: 10.002 Thread 0x000000000337f800 DEOPT PACKING pc=0x00000000037e3318 sp=0x000000000365d360
Event: 10.002 Thread 0x000000000337f800 DEOPT UNPACKING pc=0x00000000036a583b sp=0x000000000365d2d0 mode 2


Dynamic libraries:
0x00007ff6218d0000 - 0x00007ff621907000 	C:\Users\montbaga\Downloads\Katalon_Studio_Windows_64-7.8.1\Katalon_Studio_Windows_64-7.8.1\jre\bin\javaw.exe
0x00007ffb0f1e0000 - 0x00007ffb0f3d0000 	C:\WINDOWS\SYSTEM32\ntdll.dll
0x00007ffb0d730000 - 0x00007ffb0d7e2000 	C:\WINDOWS\System32\KERNEL32.DLL
0x00007ffb0cfe0000 - 0x00007ffb0d285000 	C:\WINDOWS\System32\KERNELBASE.dll
0x00007ffb0a0e0000 - 0x00007ffb0a16f000 	C:\WINDOWS\SYSTEM32\apphelp.dll
0x00007ffabfc80000 - 0x00007ffac0112000 	C:\WINDOWS\SYSTEM32\AcLayers.DLL
0x00007ffb0e450000 - 0x00007ffb0e4ee000 	C:\WINDOWS\System32\msvcrt.dll
0x00007ffb0e8a0000 - 0x00007ffb0ea34000 	C:\WINDOWS\System32\USER32.dll
0x00007ffb0c460000 - 0x00007ffb0c481000 	C:\WINDOWS\System32\win32u.dll
0x00007ffb0f140000 - 0x00007ffb0f166000 	C:\WINDOWS\System32\GDI32.dll
0x00007ffb0c2c0000 - 0x00007ffb0c456000 	C:\WINDOWS\System32\gdi32full.dll
0x00007ffb0cf10000 - 0x00007ffb0cfae000 	C:\WINDOWS\System32\msvcp_win.dll
0x00007ffb0c490000 - 0x00007ffb0c58a000 	C:\WINDOWS\System32\ucrtbase.dll
0x00007ffb0d4c0000 - 0x00007ffb0d512000 	C:\WINDOWS\System32\SHLWAPI.dll
0x00007ffb0e060000 - 0x00007ffb0e395000 	C:\WINDOWS\System32\combase.dll
0x00007ffb0dad0000 - 0x00007ffb0dbf0000 	C:\WINDOWS\System32\RPCRT4.dll
0x00007ffb0c1f0000 - 0x00007ffb0c270000 	C:\WINDOWS\System32\bcryptPrimitives.dll
0x00007ffb0e700000 - 0x00007ffb0e7a3000 	C:\WINDOWS\System32\ADVAPI32.dll
0x00007ffb0e3a0000 - 0x00007ffb0e437000 	C:\WINDOWS\System32\sechost.dll
0x0000000000f10000 - 0x0000000000f13000 	C:\WINDOWS\SYSTEM32\sfc.dll
0x00007ffaffb30000 - 0x00007ffaffbb9000 	C:\WINDOWS\SYSTEM32\WINSPOOL.DRV
0x00007ffb0c150000 - 0x00007ffb0c161000 	C:\WINDOWS\System32\kernel.appcore.dll
0x00007ffb0cfb0000 - 0x00007ffb0cfd6000 	C:\WINDOWS\System32\bcrypt.dll
0x00007ffb07670000 - 0x00007ffb07760000 	C:\WINDOWS\SYSTEM32\PROPSYS.dll
0x00007ffb0d660000 - 0x00007ffb0d725000 	C:\WINDOWS\System32\OLEAUT32.dll
0x00007ffb0e650000 - 0x00007ffb0e6f9000 	C:\WINDOWS\System32\shcore.dll
0x00007ffb0b5a0000 - 0x00007ffb0b5da000 	C:\WINDOWS\SYSTEM32\IPHLPAPI.DLL
0x00007ffaf81d0000 - 0x00007ffaf81e1000 	C:\WINDOWS\SYSTEM32\sfc_os.DLL
0x00007ffafe9b0000 - 0x00007ffafe9c1000 	C:\WINDOWS\SYSTEM32\SortWindows61.dll
0x00007ffb0f170000 - 0x00007ffb0f19e000 	C:\WINDOWS\System32\IMM32.DLL
0x00007ffafbfc0000 - 0x00007ffafc244000 	C:\WINDOWS\WinSxS\amd64_microsoft.windows.common-controls_6595b64144ccf1df_6.0.18362.1139_none_9e7bf2d3e4605ac6\COMCTL32.dll
0x0000000060b10000 - 0x0000000060be2000 	C:\Users\montbaga\Downloads\Katalon_Studio_Windows_64-7.8.1\Katalon_Studio_Windows_64-7.8.1\jre\bin\msvcr100.dll
0x000000005f7f0000 - 0x0000000060092000 	C:\Users\montbaga\Downloads\Katalon_Studio_Windows_64-7.8.1\Katalon_Studio_Windows_64-7.8.1\jre\bin\server\jvm.dll
0x00007ffb0ea40000 - 0x00007ffb0ea48000 	C:\WINDOWS\System32\PSAPI.DLL
0x00007ffb0a1e0000 - 0x00007ffb0a204000 	C:\WINDOWS\SYSTEM32\WINMM.dll
0x00007ffb00ac0000 - 0x00007ffb00ac9000 	C:\WINDOWS\SYSTEM32\WSOCK32.dll
0x00007ffb03da0000 - 0x00007ffb03daa000 	C:\WINDOWS\SYSTEM32\VERSION.dll
0x00007ffb0a1b0000 - 0x00007ffb0a1dd000 	C:\WINDOWS\SYSTEM32\winmmbase.dll
0x00007ffb0c270000 - 0x00007ffb0c2ba000 	C:\WINDOWS\System32\cfgmgr32.dll
0x00007ffb0d2a0000 - 0x00007ffb0d30f000 	C:\WINDOWS\System32\WS2_32.dll
0x00000000609e0000 - 0x00000000609ef000 	C:\Users\montbaga\Downloads\Katalon_Studio_Windows_64-7.8.1\Katalon_Studio_Windows_64-7.8.1\jre\bin\verify.dll
0x00000000609b0000 - 0x00000000609d9000 	C:\Users\montbaga\Downloads\Katalon_Studio_Windows_64-7.8.1\Katalon_Studio_Windows_64-7.8.1\jre\bin\java.dll
0x0000000060990000 - 0x00000000609a6000 	C:\Users\montbaga\Downloads\Katalon_Studio_Windows_64-7.8.1\Katalon_Studio_Windows_64-7.8.1\jre\bin\zip.dll
0x00007ffb0ea50000 - 0x00007ffb0f137000 	C:\WINDOWS\System32\SHELL32.dll
0x00007ffb0c640000 - 0x00007ffb0cdc0000 	C:\WINDOWS\System32\windows.storage.dll
0x00007ffb0c100000 - 0x00007ffb0c123000 	C:\WINDOWS\System32\profapi.dll
0x00007ffb0c0b0000 - 0x00007ffb0c0fa000 	C:\WINDOWS\System32\powrprof.dll
0x00007ffb0c0a0000 - 0x00007ffb0c0b0000 	C:\WINDOWS\System32\UMPDC.dll
0x00007ffb0c170000 - 0x00007ffb0c187000 	C:\WINDOWS\System32\cryptsp.dll
0x0000000060970000 - 0x000000006098a000 	C:\Users\montbaga\Downloads\Katalon_Studio_Windows_64-7.8.1\Katalon_Studio_Windows_64-7.8.1\jre\bin\net.dll
0x00007ffb0b890000 - 0x00007ffb0b8f7000 	C:\WINDOWS\system32\mswsock.dll
0x0000000060950000 - 0x0000000060961000 	C:\Users\montbaga\Downloads\Katalon_Studio_Windows_64-7.8.1\Katalon_Studio_Windows_64-7.8.1\jre\bin\nio.dll
0x00000000608f0000 - 0x00000000608fd000 	C:\Users\montbaga\Downloads\Katalon_Studio_Windows_64-7.8.1\Katalon_Studio_Windows_64-7.8.1\jre\bin\management.dll
0x0000000060920000 - 0x0000000060944000 	C:\Users\montbaga\Downloads\Katalon_Studio_Windows_64-7.8.1\Katalon_Studio_Windows_64-7.8.1\jre\bin\sunec.dll
0x00007ffb0e440000 - 0x00007ffb0e448000 	C:\WINDOWS\System32\NSI.dll
0x00007ffb07c90000 - 0x00007ffb07ca6000 	C:\WINDOWS\SYSTEM32\dhcpcsvc6.DLL
0x00007ffb07b50000 - 0x00007ffb07b6c000 	C:\WINDOWS\SYSTEM32\dhcpcsvc.DLL
0x00007ffb0b5e0000 - 0x00007ffb0b6ab000 	C:\WINDOWS\SYSTEM32\DNSAPI.dll
0x00007ffb0b400000 - 0x00007ffb0b433000 	C:\WINDOWS\system32\rsaenh.dll
0x00007ffb0bfc0000 - 0x00007ffb0bfe5000 	C:\WINDOWS\SYSTEM32\USERENV.dll
0x00007ffb0ba60000 - 0x00007ffb0ba6c000 	C:\WINDOWS\SYSTEM32\CRYPTBASE.dll
0x0000000060900000 - 0x000000006090b000 	C:\Users\montbaga\Downloads\Katalon_Studio_Windows_64-7.8.1\Katalon_Studio_Windows_64-7.8.1\jre\bin\sunmscapi.dll
0x00007ffb0cdc0000 - 0x00007ffb0cf09000 	C:\WINDOWS\System32\CRYPT32.dll
0x00007ffb0c130000 - 0x00007ffb0c142000 	C:\WINDOWS\System32\MSASN1.dll
0x00007ffb027b0000 - 0x00007ffb027c6000 	C:\WINDOWS\system32\napinsp.dll
0x00007ffb027d0000 - 0x00007ffb027ea000 	C:\WINDOWS\system32\pnrpnsp.dll
0x00007ffb039e0000 - 0x00007ffb039ee000 	C:\WINDOWS\System32\winrnr.dll
0x00007ffb065c0000 - 0x00007ffb065dc000 	C:\WINDOWS\system32\NLAapi.dll
0x00007ffb03080000 - 0x00007ffb03095000 	C:\WINDOWS\system32\wshbth.dll
0x00007ffb048b0000 - 0x00007ffb048ba000 	C:\Windows\System32\rasadhlp.dll
0x00007ffb08040000 - 0x00007ffb080b7000 	C:\WINDOWS\System32\fwpuclnt.dll

VM Arguments:
jvm_args: -Dgroovy.home=/C:/Users/montbaga/Downloads/Katalon_Studio_Windows_64-7.8.1/Katalon_Studio_Windows_64-7.8.1/plugins/org.codehaus.groovy_2.4.7.xx-201611170128-e46/ -Xmx2048m -Dfile.encoding=UTF-8 
java_command: org.codehaus.groovy.tools.GroovyStarter --classpath C:\Users\montbaga\Desktop\POC-BP\POC-BP\Include\scripts\groovy;C:\Users\montbaga\Desktop\POC-BP\POC-BP\Keywords;C:\Users\montbaga\Desktop\POC-BP\POC-BP\Libs;C:\Users\montbaga\Desktop\POC-BP\POC-BP\Test Listeners;C:\Users\montbaga\Desktop\POC-BP\POC-BP\Drivers\SparseBitSet-1.2.jar;C:\Users\montbaga\Desktop\POC-BP\POC-BP\Drivers\activation-1.1.1.jar;C:\Users\montbaga\Desktop\POC-BP\POC-BP\Drivers\commons-codec-1.13.jar;C:\Users\montbaga\Desktop\POC-BP\POC-BP\Drivers\commons-collections4-4.4.jar;C:\Users\montbaga\Desktop\POC-BP\POC-BP\Drivers\commons-compress-1.19.jar;C:\Users\montbaga\Desktop\POC-BP\POC-BP\Drivers\commons-logging-1.2.jar;C:\Users\montbaga\Desktop\POC-BP\POC-BP\Drivers\commons-math3-3.6.1.jar;C:\Users\montbaga\Desktop\POC-BP\POC-BP\Drivers\curvesapi-1.06.jar;C:\Users\montbaga\Desktop\POC-BP\POC-BP\Drivers\jaxb-api-2.3.1.jar;C:\Users\montbaga\Desktop\POC-BP\POC-BP\Drivers\jaxb-core-2.3.0.1.jar;C:\Users\montbaga\Desktop\POC-BP\POC-BP\Drivers\jaxb-impl-2.3.2.jar;C:\Users\montbaga\Desktop\POC-BP\POC-BP\Drivers\jdbc-oracle.jar;C:\Users\montbaga\Desktop\POC-BP\POC-BP\Drivers\junit-4.12.jar;C:\Users\montbaga\Desktop\POC-BP\POC-BP\Drivers\log4j-1.2.17.jar;C:\Users\montbaga\Desktop\POC-BP\POC-BP\Drivers\ojdbc6-11.2.0.3.jar;C:\Users\montbaga\Desktop\POC-BP\POC-BP\Drivers\ojdbc6.jar;C:\Users\montbaga\Desktop\POC-BP\POC-BP\Drivers\ojdbc7-12.1.0.2.jar;C:\Users\montbaga\Desktop\POC-BP\POC-BP\Drivers\ojdbc7.jar;C:\Users\montbaga\Desktop\POC-BP\POC-BP\Drivers\ojdbc8-19.3.0.0.jar;C:\Users\montbaga\Desktop\POC-BP\POC-BP\Drivers\ojdbc8.jar;C:\Users\montbaga\Desktop\POC-BP\POC-BP\Drivers\ons-19.3.0.0.jar;C:\Users\montbaga\Desktop\POC-BP\POC-BP\Drivers\ons.jar;C:\Users\montbaga\Desktop\POC-BP\POC-BP\Drivers\oraclepki-19.3.0.0.jar;C:\Users\montbaga\Desktop\POC-BP\POC-BP\Drivers\orai18n.jar;C:\Users\montbaga\Desktop\POC-BP\POC-BP\Drivers\osdt_cert-19.3.0.0.jar;C:\Users\montbaga\Desktop\POC-BP\POC-BP\Drivers\
java_class_path (initial): C:\Users\montbaga\Desktop\POC-BP\POC-BP\bin\keyword;C:\Users\montbaga\Desktop\POC-BP\POC-BP\bin\listener;C:\Users\montbaga\Desktop\POC-BP\POC-BP\bin\lib;C:\Users\montbaga\Desktop\POC-BP\POC-BP\bin\groovy;C:\Users\montbaga\Desktop\POC-BP\POC-BP\bin;C:\Users\montbaga\Downloads\Katalon_Studio_Windows_64-7.8.1\Katalon_Studio_Windows_64-7.8.1\plugins\com.kms.katalon.core_1.0.0.202012080734.jar;C:\Users\montbaga\Downloads\Katalon_Studio_Windows_64-7.8.1\Katalon_Studio_Windows_64-7.8.1\configuration\resources\lib\aalto-xml-1.0.0.jar;C:\Users\montbaga\Downloads\Katalon_Studio_Windows_64-7.8.1\Katalon_Studio_Windows_64-7.8.1\configuration\resources\lib\aspectjweaver-1.9.1.jar;C:\Users\montbaga\Downloads\Katalon_Studio_Windows_64-7.8.1\Katalon_Studio_Windows_64-7.8.1\configuration\resources\lib\bcpkix-jdk15on-1.64.jar;C:\Users\montbaga\Downloads\Katalon_Studio_Windows_64-7.8.1\Katalon_Studio_Windows_64-7.8.1\configuration\resources\lib\bcprov-jdk15on-1.64.jar;C:\Users\montbaga\Downloads\Katalon_Studio_Windows_64-7.8.1\Katalon_Studio_Windows_64-7.8.1\configuration\resources\lib\browsermob-core-2.1.5.jar;C:\Users\montbaga\Downloads\Katalon_Studio_Windows_64-7.8.1\Katalon_Studio_Windows_64-7.8.1\configuration\resources\lib\cglib-3.2.10.jar;C:\Users\montbaga\Downloads\Katalon_Studio_Windows_64-7.8.1\Katalon_Studio_Windows_64-7.8.1\configuration\resources\lib\commons-codec-1.10.jar;C:\Users\montbaga\Downloads\Katalon_Studio_Windows_64-7.8.1\Katalon_Studio_Windows_64-7.8.1\configuration\resources\lib\commons-collections4-4.1.jar;C:\Users\montbaga\Downloads\Katalon_Studio_Windows_64-7.8.1\Katalon_Studio_Windows_64-7.8.1\configuration\resources\lib\commons-validator-1.6.jar;C:\Users\montbaga\Downloads\Katalon_Studio_Windows_64-7.8.1\Katalon_Studio_Windows_64-7.8.1\configuration\resources\lib\curvesapi-1.04.jar;C:\Users\montbaga\Downloads\Katalon_Studio_Windows_64-7.8.1\Katalon_Studio_Windows_64-7.8.1\configuration\resources\lib\dnsjava-2.1.8.jar;C:\Users\
Launcher Type: SUN_STANDARD

Environment Variables:
PATH=C:/Users/montbaga/Downloads/Katalon_Studio_Windows_64-7.8.1/Katalon_Studio_Windows_64-7.8.1/jre/bin/server;C:/Users/montbaga/Downloads/Katalon_Studio_Windows_64-7.8.1/Katalon_Studio_Windows_64-7.8.1/jre/bin;C:/Users/montbaga/Downloads/Katalon_Studio_Windows_64-7.8.1/Katalon_Studio_Windows_64-7.8.1/jre/lib/amd64;C:\WINDOWS\system32;C:\WINDOWS;C:\WINDOWS\System32\Wbem;C:\WINDOWS\System32\WindowsPowerShell\v1.0\;C:\WINDOWS\System32\OpenSSH\;C:\ORA11G\Client\bin\;C:\Program Files\nodejs\;C:\Users\montbaga\AppData\Local\Microsoft\WindowsApps;C:\Users\montbaga\AppData\Local\Programs\Git\cmd;C:\Users\montbaga\AppData\Roaming\npm;C:\Users\montbaga\Downloads\Katalon_Studio_Windows_64-7.8.1\Katalon_Studio_Windows_64-7.8.1;
USERNAME=montbaga
OS=Windows_NT
PROCESSOR_IDENTIFIER=Intel64 Family 6 Model 45 Stepping 2, GenuineIntel



---------------  S Y S T E M  ---------------

OS: Windows 10.0 , 64 bit Build 18362 (10.0.18362.1110)

CPU:total 4 (initial active 4) (1 cores per cpu, 1 threads per core) family 6 model 45 stepping 2, cmov, cx8, fxsr, mmx, sse, sse2, sse3, ssse3, sse4.1, sse4.2, popcnt, avx, aes, clmul, tsc, tscinvbit, tscinv

Memory: 4k page, physical 16776172k(476568k free), swap 16980972k(188k free)

vm_info: Java HotSpot(TM) 64-Bit Server VM (25.181-b13) for windows-amd64 JRE (1.8.0_181-b13), built on Jul  7 2018 04:01:33 by "java_re" with MS VC++ 10.0 (VS2010)

time: Mon Dec 21 06:03:56 2020
elapsed time: 10 seconds (0d 0h 0m 10s)

