#
# There is insufficient memory for the Java Runtime Environment to continue.
# Native memory allocation (malloc) failed to allocate 521776 bytes for Chunk::new
# Possible reasons:
#   The system is out of physical RAM or swap space
#   In 32 bit mode, the process size limit was hit
# Possible solutions:
#   Reduce memory load on the system
#   Increase physical memory or swap space
#   Check if swap backing store is full
#   Use 64 bit Java on a 64 bit OS
#   Decrease Java heap size (-Xmx/-Xms)
#   Decrease number of Java threads
#   Decrease Java thread stack sizes (-Xss)
#   Set larger code cache with -XX:ReservedCodeCacheSize=
# This output file may be truncated or incomplete.
#
#  Out of Memory Error (allocation.cpp:390), pid=28500, tid=0x0000000000001c44
#
# JRE version: Java(TM) SE Runtime Environment (8.0_181-b13) (build 1.8.0_181-b13)
# Java VM: Java HotSpot(TM) 64-Bit Server VM (25.181-b13 mixed mode windows-amd64 compressed oops)
# Failed to write core dump. Minidumps are not enabled by default on client versions of Windows
#

---------------  T H R E A D  ---------------

Current thread (0x0000000018044800):  JavaThread "C2 CompilerThread0" daemon [_thread_in_native, id=7236, stack(0x0000000019670000,0x0000000019770000)]

Stack: [0x0000000019670000,0x0000000019770000]
[error occurred during error reporting (printing stack bounds), id 0xc0000005]

Native frames: (J=compiled Java code, j=interpreted, Vv=VM code, C=native code)


Current CompileTask:
C2:  13054 3420       4       java.net.URLStreamHandler::parseURL (1193 bytes)


---------------  P R O C E S S  ---------------

Java Threads: ( => current thread )
  0x000000001fbb6800 JavaThread "Okio Watchdog" daemon [_thread_blocked, id=5756, stack(0x0000000021a10000,0x0000000021b10000)]
  0x000000001fbb9000 JavaThread "OkHttp ConnectionPool" daemon [_thread_blocked, id=41188, stack(0x0000000021910000,0x0000000021a10000)]
  0x0000000019ae9000 JavaThread "ForkJoinPool.commonPool-worker-3" daemon [_thread_blocked, id=20016, stack(0x0000000021810000,0x0000000021910000)]
  0x0000000019ae6800 JavaThread "ForkJoinPool.commonPool-worker-2" daemon [_thread_blocked, id=19768, stack(0x0000000021710000,0x0000000021810000)]
  0x0000000019ae9800 JavaThread "Keep-Alive-Timer" daemon [_thread_blocked, id=62968, stack(0x0000000021310000,0x0000000021410000)]
  0x0000000019ae3800 JavaThread "Exec Stream Pumper" daemon [_thread_in_native, id=1680, stack(0x0000000021210000,0x0000000021310000)]
  0x0000000019ae7800 JavaThread "Exec Stream Pumper" daemon [_thread_in_native, id=6460, stack(0x0000000021110000,0x0000000021210000)]
  0x0000000019ae3000 JavaThread "UrlChecker-2" daemon [_thread_blocked, id=38936, stack(0x000000001eb50000,0x000000001ec50000)]
  0x0000000019ae6000 JavaThread "Exec Default Executor" daemon [_thread_in_native, id=17976, stack(0x000000001e840000,0x000000001e940000)]
  0x0000000019798000 JavaThread "Service Thread" daemon [_thread_blocked, id=46096, stack(0x0000000019d70000,0x0000000019e70000)]
  0x0000000019794800 JavaThread "C1 CompilerThread2" daemon [_thread_blocked, id=7320, stack(0x0000000019c70000,0x0000000019d70000)]
  0x0000000019792000 JavaThread "C2 CompilerThread1" daemon [_thread_blocked, id=21560, stack(0x0000000019b70000,0x0000000019c70000)]
=>0x0000000018044800 JavaThread "C2 CompilerThread0" daemon [_thread_in_native, id=7236, stack(0x0000000019670000,0x0000000019770000)]
  0x0000000018043800 JavaThread "Attach Listener" daemon [_thread_blocked, id=29292, stack(0x0000000019570000,0x0000000019670000)]
  0x0000000018042800 JavaThread "Signal Dispatcher" daemon [_thread_blocked, id=64896, stack(0x0000000019470000,0x0000000019570000)]
  0x000000001801e800 JavaThread "Finalizer" daemon [_thread_blocked, id=20376, stack(0x0000000019270000,0x0000000019370000)]
  0x0000000018015800 JavaThread "Reference Handler" daemon [_thread_blocked, id=50104, stack(0x0000000019170000,0x0000000019270000)]
  0x0000000003317800 JavaThread "Forwarding executeScript on session 126510966040062ebd5bb55c294a1f5a to remote" [_thread_in_native, id=46612, stack(0x0000000003170000,0x0000000003270000)]

Other Threads:
  0x0000000017fed000 VMThread [stack: 0x0000000019070000,0x0000000019170000] [id=65244]
  0x0000000019807800 WatcherThread [stack: 0x0000000019e70000,0x0000000019f70000] [id=22324]

VM state:not at safepoint (normal execution)

VM Mutex/Monitor currently owned by a thread: None

Heap:
 PSYoungGen      total 141824K, used 123914K [0x00000000d5580000, 0x00000000e2a80000, 0x0000000100000000)
  eden space 131072K, 90% used [0x00000000d5580000,0x00000000dc9cb0b8,0x00000000dd580000)
  from space 10752K, 44% used [0x00000000dd580000,0x00000000dda37a20,0x00000000de000000)
  to   space 13824K, 0% used [0x00000000e1d00000,0x00000000e1d00000,0x00000000e2a80000)
 ParOldGen       total 111104K, used 11375K [0x0000000080000000, 0x0000000086c80000, 0x00000000d5580000)
  object space 111104K, 10% used [0x0000000080000000,0x0000000080b1bcf8,0x0000000086c80000)
 Metaspace       used 29745K, capacity 30728K, committed 30976K, reserved 1077248K
  class space    used 3533K, capacity 3822K, committed 3840K, reserved 1048576K

Card table byte_map: [0x00000000127c0000,0x0000000012bd0000] byte_map_base: 0x00000000123c0000

Marking Bits: (ParMarkBitMap*) 0x00000000765c2d00
 Begin Bits: [0x0000000013280000, 0x0000000015280000)
 End Bits:   [0x0000000015280000, 0x0000000017280000)

Polling page: 0x0000000003010000

CodeCache: size=245760Kb used=13522Kb max_used=14459Kb free=232237Kb
 bounds [0x0000000003400000, 0x0000000004230000, 0x0000000012400000]
 total_blobs=3886 nmethods=3206 adapters=591
 compilation: enabled

Compilation events (10 events):
Event: 13.042 Thread 0x0000000019794800 3434       3       com.google.common.base.CharMatcher$Negated::matches (17 bytes)
Event: 13.042 Thread 0x0000000019794800 nmethod 3434 0x00000000036ba490 code [0x00000000036ba600, 0x00000000036ba868]
Event: 13.042 Thread 0x0000000019794800 3435       3       java.util.Spliterators$ArraySpliterator::tryAdvance (58 bytes)
Event: 13.042 Thread 0x0000000019794800 nmethod 3435 0x000000000352a550 code [0x000000000352a6e0, 0x000000000352aab8]
Event: 13.043 Thread 0x0000000019794800 3436       1       java.lang.invoke.MethodHandle::internalForm (5 bytes)
Event: 13.043 Thread 0x0000000019794800 nmethod 3436 0x000000000396fe10 code [0x000000000396ff60, 0x0000000003970070]
Event: 13.043 Thread 0x0000000019794800 3437       1       com.google.common.collect.ImmutableEntry::getValue (5 bytes)
Event: 13.043 Thread 0x0000000019794800 nmethod 3437 0x00000000035e0390 code [0x00000000035e04e0, 0x00000000035e05f0]
Event: 13.045 Thread 0x0000000019794800 3438       3       java.util.Collections::addAll (43 bytes)
Event: 13.045 Thread 0x0000000019794800 nmethod 3438 0x0000000003681c10 code [0x0000000003681d80, 0x0000000003682088]

GC Heap History (10 events):
Event: 2.855 GC heap before
{Heap before GC invocations=2 (full 0):
 PSYoungGen      total 76288K, used 73276K [0x00000000d5580000, 0x00000000daa80000, 0x0000000100000000)
  eden space 65536K, 100% used [0x00000000d5580000,0x00000000d9580000,0x00000000d9580000)
  from space 10752K, 71% used [0x00000000d9580000,0x00000000d9d0f2f8,0x00000000da000000)
  to   space 10752K, 0% used [0x00000000da000000,0x00000000da000000,0x00000000daa80000)
 ParOldGen       total 175104K, used 16K [0x0000000080000000, 0x000000008ab00000, 0x00000000d5580000)
  object space 175104K, 0% used [0x0000000080000000,0x0000000080004000,0x000000008ab00000)
 Metaspace       used 15226K, capacity 15418K, committed 15616K, reserved 1062912K
  class space    used 1628K, capacity 1707K, committed 1792K, reserved 1048576K
Event: 2.865 GC heap after
Heap after GC invocations=2 (full 0):
 PSYoungGen      total 76288K, used 8504K [0x00000000d5580000, 0x00000000daa80000, 0x0000000100000000)
  eden space 65536K, 0% used [0x00000000d5580000,0x00000000d5580000,0x00000000d9580000)
  from space 10752K, 79% used [0x00000000da000000,0x00000000da84e028,0x00000000daa80000)
  to   space 10752K, 0% used [0x00000000d9580000,0x00000000d9580000,0x00000000da000000)
 ParOldGen       total 175104K, used 24K [0x0000000080000000, 0x000000008ab00000, 0x00000000d5580000)
  object space 175104K, 0% used [0x0000000080000000,0x0000000080006000,0x000000008ab00000)
 Metaspace       used 15226K, capacity 15418K, committed 15616K, reserved 1062912K
  class space    used 1628K, capacity 1707K, committed 1792K, reserved 1048576K
}
Event: 3.968 GC heap before
{Heap before GC invocations=3 (full 0):
 PSYoungGen      total 76288K, used 74040K [0x00000000d5580000, 0x00000000daa80000, 0x0000000100000000)
  eden space 65536K, 100% used [0x00000000d5580000,0x00000000d9580000,0x00000000d9580000)
  from space 10752K, 79% used [0x00000000da000000,0x00000000da84e028,0x00000000daa80000)
  to   space 10752K, 0% used [0x00000000d9580000,0x00000000d9580000,0x00000000da000000)
 ParOldGen       total 175104K, used 24K [0x0000000080000000, 0x000000008ab00000, 0x00000000d5580000)
  object space 175104K, 0% used [0x0000000080000000,0x0000000080006000,0x000000008ab00000)
 Metaspace       used 20051K, capacity 20226K, committed 20608K, reserved 1067008K
  class space    used 2250K, capacity 2329K, committed 2432K, reserved 1048576K
Event: 3.985 GC heap after
Heap after GC invocations=3 (full 0):
 PSYoungGen      total 76288K, used 10749K [0x00000000d5580000, 0x00000000dea80000, 0x0000000100000000)
  eden space 65536K, 0% used [0x00000000d5580000,0x00000000d5580000,0x00000000d9580000)
  from space 10752K, 99% used [0x00000000d9580000,0x00000000d9fff738,0x00000000da000000)
  to   space 10752K, 0% used [0x00000000de000000,0x00000000de000000,0x00000000dea80000)
 ParOldGen       total 175104K, used 769K [0x0000000080000000, 0x000000008ab00000, 0x00000000d5580000)
  object space 175104K, 0% used [0x0000000080000000,0x00000000800c0660,0x000000008ab00000)
 Metaspace       used 20051K, capacity 20226K, committed 20608K, reserved 1067008K
  class space    used 2250K, capacity 2329K, committed 2432K, reserved 1048576K
}
Event: 4.608 GC heap before
{Heap before GC invocations=4 (full 0):
 PSYoungGen      total 76288K, used 52229K [0x00000000d5580000, 0x00000000dea80000, 0x0000000100000000)
  eden space 65536K, 63% used [0x00000000d5580000,0x00000000d7e01cf8,0x00000000d9580000)
  from space 10752K, 99% used [0x00000000d9580000,0x00000000d9fff738,0x00000000da000000)
  to   space 10752K, 0% used [0x00000000de000000,0x00000000de000000,0x00000000dea80000)
 ParOldGen       total 175104K, used 769K [0x0000000080000000, 0x000000008ab00000, 0x00000000d5580000)
  object space 175104K, 0% used [0x0000000080000000,0x00000000800c0660,0x000000008ab00000)
 Metaspace       used 20832K, capacity 21112K, committed 21296K, reserved 1069056K
  class space    used 2301K, capacity 2408K, committed 2432K, reserved 1048576K
Event: 4.623 GC heap after
Heap after GC invocations=4 (full 0):
 PSYoungGen      total 141824K, used 10729K [0x00000000d5580000, 0x00000000dea80000, 0x0000000100000000)
  eden space 131072K, 0% used [0x00000000d5580000,0x00000000d5580000,0x00000000dd580000)
  from space 10752K, 99% used [0x00000000de000000,0x00000000dea7a448,0x00000000dea80000)
  to   space 10752K, 0% used [0x00000000dd580000,0x00000000dd580000,0x00000000de000000)
 ParOldGen       total 175104K, used 1418K [0x0000000080000000, 0x000000008ab00000, 0x00000000d5580000)
  object space 175104K, 0% used [0x0000000080000000,0x00000000801629c0,0x000000008ab00000)
 Metaspace       used 20832K, capacity 21112K, committed 21296K, reserved 1069056K
  class space    used 2301K, capacity 2408K, committed 2432K, reserved 1048576K
}
Event: 4.623 GC heap before
{Heap before GC invocations=5 (full 1):
 PSYoungGen      total 141824K, used 10729K [0x00000000d5580000, 0x00000000dea80000, 0x0000000100000000)
  eden space 131072K, 0% used [0x00000000d5580000,0x00000000d5580000,0x00000000dd580000)
  from space 10752K, 99% used [0x00000000de000000,0x00000000dea7a448,0x00000000dea80000)
  to   space 10752K, 0% used [0x00000000dd580000,0x00000000dd580000,0x00000000de000000)
 ParOldGen       total 175104K, used 1418K [0x0000000080000000, 0x000000008ab00000, 0x00000000d5580000)
  object space 175104K, 0% used [0x0000000080000000,0x00000000801629c0,0x000000008ab00000)
 Metaspace       used 20832K, capacity 21112K, committed 21296K, reserved 1069056K
  class space    used 2301K, capacity 2408K, committed 2432K, reserved 1048576K
Event: 4.686 GC heap after
Heap after GC invocations=5 (full 1):
 PSYoungGen      total 141824K, used 0K [0x00000000d5580000, 0x00000000dea80000, 0x0000000100000000)
  eden space 131072K, 0% used [0x00000000d5580000,0x00000000d5580000,0x00000000dd580000)
  from space 10752K, 0% used [0x00000000de000000,0x00000000de000000,0x00000000dea80000)
  to   space 10752K, 0% used [0x00000000dd580000,0x00000000dd580000,0x00000000de000000)
 ParOldGen       total 111104K, used 11375K [0x0000000080000000, 0x0000000086c80000, 0x00000000d5580000)
  object space 111104K, 10% used [0x0000000080000000,0x0000000080b1bcf8,0x0000000086c80000)
 Metaspace       used 20832K, capacity 21112K, committed 21296K, reserved 1069056K
  class space    used 2301K, capacity 2408K, committed 2432K, reserved 1048576K
}
Event: 6.577 GC heap before
{Heap before GC invocations=6 (full 1):
 PSYoungGen      total 141824K, used 131072K [0x00000000d5580000, 0x00000000dea80000, 0x0000000100000000)
  eden space 131072K, 100% used [0x00000000d5580000,0x00000000dd580000,0x00000000dd580000)
  from space 10752K, 0% used [0x00000000de000000,0x00000000de000000,0x00000000dea80000)
  to   space 10752K, 0% used [0x00000000dd580000,0x00000000dd580000,0x00000000de000000)
 ParOldGen       total 111104K, used 11375K [0x0000000080000000, 0x0000000086c80000, 0x00000000d5580000)
  object space 111104K, 10% used [0x0000000080000000,0x0000000080b1bcf8,0x0000000086c80000)
 Metaspace       used 21772K, capacity 22114K, committed 22192K, reserved 1069056K
  class space    used 2372K, capacity 2485K, committed 2560K, reserved 1048576K
Event: 6.585 GC heap after
Heap after GC invocations=6 (full 1):
 PSYoungGen      total 141824K, used 4830K [0x00000000d5580000, 0x00000000e2a80000, 0x0000000100000000)
  eden space 131072K, 0% used [0x00000000d5580000,0x00000000d5580000,0x00000000dd580000)
  from space 10752K, 44% used [0x00000000dd580000,0x00000000dda37a20,0x00000000de000000)
  to   space 13824K, 0% used [0x00000000e1d00000,0x00000000e1d00000,0x00000000e2a80000)
 ParOldGen       total 111104K, used 11375K [0x0000000080000000, 0x0000000086c80000, 0x00000000d5580000)
  object space 111104K, 10% used [0x0000000080000000,0x0000000080b1bcf8,0x0000000086c80000)
 Metaspace       used 21772K, capacity 22114K, committed 22192K, reserved 1069056K
  class space    used 2372K, capacity 2485K, committed 2560K, reserved 1048576K
}

Deoptimization events (10 events):
Event: 9.737 Thread 0x0000000003317800 Uncommon trap: reason=class_check action=maybe_recompile pc=0x0000000004063308 method=java.util.HashSet.contains(Ljava/lang/Object;)Z @ 5
Event: 9.737 Thread 0x0000000003317800 Uncommon trap: reason=class_check action=maybe_recompile pc=0x0000000004063308 method=java.util.HashSet.contains(Ljava/lang/Object;)Z @ 5
Event: 12.940 Thread 0x0000000003317800 Uncommon trap: reason=class_check action=maybe_recompile pc=0x00000000041cb3f4 method=org.openqa.selenium.json.Input.init()V @ 18
Event: 12.940 Thread 0x0000000003317800 Uncommon trap: reason=class_check action=maybe_recompile pc=0x00000000041cb3f4 method=org.openqa.selenium.json.Input.init()V @ 18
Event: 12.940 Thread 0x0000000003317800 Uncommon trap: reason=class_check action=maybe_recompile pc=0x00000000041cb3f4 method=org.openqa.selenium.json.Input.init()V @ 18
Event: 12.940 Thread 0x0000000003317800 Uncommon trap: reason=class_check action=maybe_recompile pc=0x00000000041cb3f4 method=org.openqa.selenium.json.Input.init()V @ 18
Event: 13.008 Thread 0x0000000003317800 Uncommon trap: reason=unstable_if action=reinterpret pc=0x00000000037a19a0 method=java.util.HashMap.getNode(ILjava/lang/Object;)Ljava/util/HashMap$Node; @ 129
Event: 13.008 Thread 0x0000000003317800 Uncommon trap: reason=bimorphic action=maybe_recompile pc=0x0000000004143670 method=java.util.HashMap.putVal(ILjava/lang/Object;Ljava/lang/Object;ZZ)Ljava/lang/Object; @ 203
Event: 13.009 Thread 0x0000000003317800 Uncommon trap: reason=unstable_if action=reinterpret pc=0x00000000037a2bc4 method=java.util.HashMap.getNode(ILjava/lang/Object;)Ljava/util/HashMap$Node; @ 129
Event: 13.010 Thread 0x0000000003317800 Uncommon trap: reason=bimorphic action=maybe_recompile pc=0x0000000004143670 method=java.util.HashMap.putVal(ILjava/lang/Object;Ljava/lang/Object;ZZ)Ljava/lang/Object; @ 203

Classes redefined (0 events):
No events

Internal exceptions (10 events):
Event: 7.521 Thread 0x0000000003317800 Exception <a 'java/lang/ClassNotFoundException': com/kms/katalon/core/webui/keyword/builtin/InternalSmartWaitGroovyWrapperBeanInfo> (0x00000000d8f81c28) thrown at [C:\re\workspace\8-2-build-windows-amd64-cygwin\jdk8u181\11358\hotspot\src\share\vm\classfil
Event: 7.525 Thread 0x0000000003317800 Exception <a 'java/lang/ClassNotFoundException': com/kms/katalon/core/webui/keyword/builtin/InternalSmartWaitGroovyWrapperCustomizer> (0x00000000d8fec088) thrown at [C:\re\workspace\8-2-build-windows-amd64-cygwin\jdk8u181\11358\hotspot\src\share\vm\classf
Event: 8.809 Thread 0x0000000019ae3000 Exception <a 'java/net/SocketTimeoutException': connect timed out> (0x00000000daca2660) thrown at [C:\re\workspace\8-2-build-windows-amd64-cygwin\jdk8u181\11358\hotspot\src\share\vm\prims\jni.cpp, line 735]
Event: 9.321 Thread 0x0000000019ae3000 Exception <a 'java/net/SocketTimeoutException': connect timed out> (0x00000000daca3b38) thrown at [C:\re\workspace\8-2-build-windows-amd64-cygwin\jdk8u181\11358\hotspot\src\share\vm\prims\jni.cpp, line 735]
Event: 9.368 Thread 0x0000000003317800 Exception <a 'java/lang/IncompatibleClassChangeError': Found class java.lang.Object, but interface was expected> (0x00000000dab45d10) thrown at [C:\re\workspace\8-2-build-windows-amd64-cygwin\jdk8u181\11358\hotspot\src\share\vm\interpreter\linkResolver.cp
Event: 9.370 Thread 0x0000000003317800 Exception <a 'java/lang/NoSuchMethodError': java.lang.Object.lambda$or$2(Ljava/util/function/Predicate;Ljava/lang/Object;)Z> (0x00000000dab53f98) thrown at [C:\re\workspace\8-2-build-windows-amd64-cygwin\jdk8u181\11358\hotspot\src\share\vm\interpreter\lin
Event: 9.471 Thread 0x0000000003317800 Exception <a 'java/lang/NoSuchMethodError': java.lang.Object.lambda$chars$0()Ljava/util/Spliterator$OfInt;> (0x00000000db1f7098) thrown at [C:\re\workspace\8-2-build-windows-amd64-cygwin\jdk8u181\11358\hotspot\src\share\vm\interpreter\linkResolver.cpp, li
Event: 12.952 Thread 0x0000000003317800 Exception <a 'java/lang/NoSuchMethodError': java.lang.Object.lambda$getResponseFunction$0(Lorg/openqa/selenium/remote/InitialHandshakeResponse;)Lorg/openqa/selenium/remote/ProtocolHandshake$Result;> (0x00000000dc52d758) thrown at [C:\re\workspace\8-2-buil
Event: 13.040 Thread 0x0000000003317800 Exception <a 'java/net/SocketTimeoutException': Read timed out> (0x00000000dc8a3a80) thrown at [C:\re\workspace\8-2-build-windows-amd64-cygwin\jdk8u181\11358\hotspot\src\share\vm\prims\jni.cpp, line 735]
Event: 13.044 Thread 0x0000000003317800 Exception <a 'java/net/SocketTimeoutException': Read timed out> (0x00000000dc8bdca8) thrown at [C:\re\workspace\8-2-build-windows-amd64-cygwin\jdk8u181\11358\hotspot\src\share\vm\prims\jni.cpp, line 735]

Events (10 events):
Event: 13.038 Executing VM operation: Deoptimize
Event: 13.038 Executing VM operation: Deoptimize done
Event: 13.038 loading class java/util/Collections$UnmodifiableList$1
Event: 13.038 loading class java/util/Collections$UnmodifiableList$1 done
Event: 13.040 loading class sun/net/ConnectionResetException
Event: 13.040 loading class sun/net/ConnectionResetException done
Event: 13.046 loading class com/kms/katalon/core/webui/common/WebUiCommonHelper
Event: 13.046 loading class com/kms/katalon/core/webui/common/WebUiCommonHelper done
Event: 13.048 loading class com/kms/katalon/core/helper/KeywordHelper
Event: 13.048 loading class com/kms/katalon/core/helper/KeywordHelper done


Dynamic libraries:
0x00007ff75d840000 - 0x00007ff75d877000 	C:\Users\montbaga\Downloads\Katalon_Studio_Windows_64-7.4.0\Katalon_Studio_Windows_64-7.4.0\jre\bin\javaw.exe
0x00007ffaf7900000 - 0x00007ffaf7af0000 	C:\WINDOWS\SYSTEM32\ntdll.dll
0x00007ffaf7650000 - 0x00007ffaf7702000 	C:\WINDOWS\System32\KERNEL32.DLL
0x00007ffaf4ce0000 - 0x00007ffaf4f84000 	C:\WINDOWS\System32\KERNELBASE.dll
0x00007ffaf72e0000 - 0x00007ffaf7383000 	C:\WINDOWS\System32\ADVAPI32.dll
0x00007ffaf5cf0000 - 0x00007ffaf5d8e000 	C:\WINDOWS\System32\msvcrt.dll
0x00007ffaf75b0000 - 0x00007ffaf7647000 	C:\WINDOWS\System32\sechost.dll
0x00007ffaf6d70000 - 0x00007ffaf6e90000 	C:\WINDOWS\System32\RPCRT4.dll
0x00007ffaf70c0000 - 0x00007ffaf7254000 	C:\WINDOWS\System32\USER32.dll
0x00007ffaf5980000 - 0x00007ffaf59a1000 	C:\WINDOWS\System32\win32u.dll
0x00007ffaf5ed0000 - 0x00007ffaf5ef6000 	C:\WINDOWS\System32\GDI32.dll
0x00007ffaf49e0000 - 0x00007ffaf4b76000 	C:\WINDOWS\System32\gdi32full.dll
0x00007ffaf4f90000 - 0x00007ffaf502e000 	C:\WINDOWS\System32\msvcp_win.dll
0x00007ffaf4b80000 - 0x00007ffaf4c7a000 	C:\WINDOWS\System32\ucrtbase.dll
0x00007ffae75b0000 - 0x00007ffae7834000 	C:\WINDOWS\WinSxS\amd64_microsoft.windows.common-controls_6595b64144ccf1df_6.0.18362.959_none_e6c7bbbf130c62bb\COMCTL32.dll
0x00007ffaf59b0000 - 0x00007ffaf5ce5000 	C:\WINDOWS\System32\combase.dll
0x00007ffaf4880000 - 0x00007ffaf4900000 	C:\WINDOWS\System32\bcryptPrimitives.dll
0x00007ffaf7580000 - 0x00007ffaf75ae000 	C:\WINDOWS\System32\IMM32.DLL
0x00007ffaef4f0000 - 0x00007ffaef6e6000 	C:\WINDOWS\system32\tmumh\20019\AddOn\8.53.0.1046\TmUmEvt64.dll
0x00007ffaf6f80000 - 0x00007ffaf6f88000 	C:\WINDOWS\System32\PSAPI.DLL
0x00000000546b0000 - 0x000000005481e000 	C:\WINDOWS\system32\tmumh\20019\TmMon\2.8.0.1041\tmmon64.dll
0x00000000500d0000 - 0x00000000501a2000 	C:\Users\montbaga\Downloads\Katalon_Studio_Windows_64-7.4.0\Katalon_Studio_Windows_64-7.4.0\jre\bin\msvcr100.dll
0x0000000075da0000 - 0x0000000076642000 	C:\Users\montbaga\Downloads\Katalon_Studio_Windows_64-7.4.0\Katalon_Studio_Windows_64-7.4.0\jre\bin\server\jvm.dll
0x00007ffaec590000 - 0x00007ffaec599000 	C:\WINDOWS\SYSTEM32\WSOCK32.dll
0x00007ffaf6c90000 - 0x00007ffaf6cff000 	C:\WINDOWS\System32\WS2_32.dll
0x00007ffaec540000 - 0x00007ffaec564000 	C:\WINDOWS\SYSTEM32\WINMM.dll
0x00007ffaefaa0000 - 0x00007ffaefaaa000 	C:\WINDOWS\SYSTEM32\VERSION.dll
0x00007ffaec4d0000 - 0x00007ffaec4fd000 	C:\WINDOWS\SYSTEM32\WINMMBASE.dll
0x00007ffaf5930000 - 0x00007ffaf597a000 	C:\WINDOWS\System32\cfgmgr32.dll
0x0000000051d00000 - 0x0000000051d0f000 	C:\Users\montbaga\Downloads\Katalon_Studio_Windows_64-7.4.0\Katalon_Studio_Windows_64-7.4.0\jre\bin\verify.dll
0x0000000050f10000 - 0x0000000050f39000 	C:\Users\montbaga\Downloads\Katalon_Studio_Windows_64-7.4.0\Katalon_Studio_Windows_64-7.4.0\jre\bin\java.dll
0x0000000051aa0000 - 0x0000000051ab6000 	C:\Users\montbaga\Downloads\Katalon_Studio_Windows_64-7.4.0\Katalon_Studio_Windows_64-7.4.0\jre\bin\zip.dll
0x00007ffaf5f00000 - 0x00007ffaf65e6000 	C:\WINDOWS\System32\SHELL32.dll
0x00007ffaf7390000 - 0x00007ffaf7439000 	C:\WINDOWS\System32\shcore.dll
0x00007ffaf51a0000 - 0x00007ffaf5922000 	C:\WINDOWS\System32\windows.storage.dll
0x00007ffaf4850000 - 0x00007ffaf4873000 	C:\WINDOWS\System32\profapi.dll
0x00007ffaf4800000 - 0x00007ffaf484a000 	C:\WINDOWS\System32\powrprof.dll
0x00007ffaf47b0000 - 0x00007ffaf47c0000 	C:\WINDOWS\System32\UMPDC.dll
0x00007ffaf7260000 - 0x00007ffaf72b2000 	C:\WINDOWS\System32\shlwapi.dll
0x00007ffaf47c0000 - 0x00007ffaf47d1000 	C:\WINDOWS\System32\kernel.appcore.dll
0x00007ffaf5030000 - 0x00007ffaf5047000 	C:\WINDOWS\System32\cryptsp.dll
0x0000000050ef0000 - 0x0000000050f0a000 	C:\Users\montbaga\Downloads\Katalon_Studio_Windows_64-7.4.0\Katalon_Studio_Windows_64-7.4.0\jre\bin\net.dll
0x00007ffaf3fc0000 - 0x00007ffaf4027000 	C:\WINDOWS\system32\mswsock.dll
0x00000000501c0000 - 0x00000000501d1000 	C:\Users\montbaga\Downloads\Katalon_Studio_Windows_64-7.4.0\Katalon_Studio_Windows_64-7.4.0\jre\bin\nio.dll
0x00007ffaf3d60000 - 0x00007ffaf3e2b000 	C:\WINDOWS\SYSTEM32\DNSAPI.dll
0x00007ffaf6d60000 - 0x00007ffaf6d68000 	C:\WINDOWS\System32\NSI.dll
0x00007ffaf3cd0000 - 0x00007ffaf3d0a000 	C:\WINDOWS\SYSTEM32\IPHLPAPI.DLL
0x00007ffaefa10000 - 0x00007ffaefa1a000 	C:\Windows\System32\rasadhlp.dll
0x00007ffaf0fd0000 - 0x00007ffaf1047000 	C:\WINDOWS\System32\fwpuclnt.dll
0x00007ffaf49b0000 - 0x00007ffaf49d6000 	C:\WINDOWS\System32\bcrypt.dll
0x0000000050010000 - 0x0000000050034000 	C:\Users\montbaga\Downloads\Katalon_Studio_Windows_64-7.4.0\Katalon_Studio_Windows_64-7.4.0\jre\bin\sunec.dll
0x0000000050000000 - 0x000000005000b000 	C:\Users\montbaga\Downloads\Katalon_Studio_Windows_64-7.4.0\Katalon_Studio_Windows_64-7.4.0\jre\bin\sunmscapi.dll
0x00007ffaf5050000 - 0x00007ffaf5199000 	C:\WINDOWS\System32\CRYPT32.dll
0x00007ffaf47e0000 - 0x00007ffaf47f2000 	C:\WINDOWS\System32\MSASN1.dll
0x00007ffaf0f90000 - 0x00007ffaf0fa6000 	C:\WINDOWS\SYSTEM32\dhcpcsvc6.DLL
0x00007ffaf0f50000 - 0x00007ffaf0f6c000 	C:\WINDOWS\SYSTEM32\dhcpcsvc.DLL
0x00007ffaf3b30000 - 0x00007ffaf3b63000 	C:\WINDOWS\system32\rsaenh.dll
0x00007ffaf46d0000 - 0x00007ffaf46f5000 	C:\WINDOWS\SYSTEM32\USERENV.dll
0x00007ffaf4190000 - 0x00007ffaf419c000 	C:\WINDOWS\SYSTEM32\CRYPTBASE.dll
0x00007ffaec300000 - 0x00007ffaec316000 	C:\WINDOWS\system32\napinsp.dll
0x00007ffaec570000 - 0x00007ffaec58a000 	C:\WINDOWS\system32\pnrpnsp.dll
0x00007ffaede90000 - 0x00007ffaede9e000 	C:\WINDOWS\System32\winrnr.dll
0x00007ffaf0190000 - 0x00007ffaf01ac000 	C:\WINDOWS\system32\NLAapi.dll
0x00007ffaecac0000 - 0x00007ffaecad5000 	C:\WINDOWS\system32\wshbth.dll

VM Arguments:
jvm_args: -Dgroovy.home=/C:/Users/montbaga/Downloads/Katalon_Studio_Windows_64-7.4.0/Katalon_Studio_Windows_64-7.4.0/plugins/org.codehaus.groovy_2.4.7.xx-201611170128-e46/ -Xmx2048m -Dfile.encoding=UTF-8 
java_command: org.codehaus.groovy.tools.GroovyStarter --classpath C:\Users\montbaga\Desktop\POC-BP\POC-BP\Include\scripts\groovy;C:\Users\montbaga\Desktop\POC-BP\POC-BP\Keywords;C:\Users\montbaga\Desktop\POC-BP\POC-BP\Libs;C:\Users\montbaga\Desktop\POC-BP\POC-BP\Test Listeners;C:\Users\montbaga\Desktop\POC-BP\POC-BP\Drivers\SparseBitSet-1.2.jar;C:\Users\montbaga\Desktop\POC-BP\POC-BP\Drivers\activation-1.1.1.jar;C:\Users\montbaga\Desktop\POC-BP\POC-BP\Drivers\commons-codec-1.13.jar;C:\Users\montbaga\Desktop\POC-BP\POC-BP\Drivers\commons-collections4-4.4.jar;C:\Users\montbaga\Desktop\POC-BP\POC-BP\Drivers\commons-compress-1.19.jar;C:\Users\montbaga\Desktop\POC-BP\POC-BP\Drivers\commons-logging-1.2.jar;C:\Users\montbaga\Desktop\POC-BP\POC-BP\Drivers\commons-math3-3.6.1.jar;C:\Users\montbaga\Desktop\POC-BP\POC-BP\Drivers\curvesapi-1.06.jar;C:\Users\montbaga\Desktop\POC-BP\POC-BP\Drivers\jaxb-api-2.3.1.jar;C:\Users\montbaga\Desktop\POC-BP\POC-BP\Drivers\jaxb-core-2.3.0.1.jar;C:\Users\montbaga\Desktop\POC-BP\POC-BP\Drivers\jaxb-impl-2.3.2.jar;C:\Users\montbaga\Desktop\POC-BP\POC-BP\Drivers\junit-4.12.jar;C:\Users\montbaga\Desktop\POC-BP\POC-BP\Drivers\log4j-1.2.17.jar;C:\Users\montbaga\Desktop\POC-BP\POC-BP\Drivers\poi-4.1.2.jar;C:\Users\montbaga\Desktop\POC-BP\POC-BP\Drivers\poi-examples-4.1.2.jar;C:\Users\montbaga\Desktop\POC-BP\POC-BP\Drivers\poi-excelant-4.1.2.jar;C:\Users\montbaga\Desktop\POC-BP\POC-BP\Drivers\poi-ooxml-4.1.2.jar;C:\Users\montbaga\Desktop\POC-BP\POC-BP\Drivers\poi-ooxml-schemas-4.1.2.jar;C:\Users\montbaga\Desktop\POC-BP\POC-BP\Drivers\poi-scratchpad-4.1.2.jar;C:\Users\montbaga\Downloads\Katalon_Studio_Windows_64-7.4.0\Katalon_Studio_Windows_64-7.4.0\configuration\org.eclipse.osgi\25\0\.cp\resources\applitools\katalon-studio-applitools-plugin.jar;C:\Users\montbaga\Downloads\Katalon_Studio_Windows_64-7.4.0\Katalon_Studio_Windows_64-7.4.0\configuration\plugin\install\175231\1.0.3\katalon-studio-microsoftteam-keywords-plugin.jar;C:\Users\montbaga\Down
java_class_path (initial): C:\Users\montbaga\Desktop\POC-BP\POC-BP\bin\keyword;C:\Users\montbaga\Desktop\POC-BP\POC-BP\bin\listener;C:\Users\montbaga\Desktop\POC-BP\POC-BP\bin\lib;C:\Users\montbaga\Desktop\POC-BP\POC-BP\bin\groovy;C:\Users\montbaga\Desktop\POC-BP\POC-BP\bin;C:\Users\montbaga\Downloads\Katalon_Studio_Windows_64-7.4.0\Katalon_Studio_Windows_64-7.4.0\plugins\com.kms.katalon.core_1.0.0.202007170806.jar;C:\Users\montbaga\Downloads\Katalon_Studio_Windows_64-7.4.0\Katalon_Studio_Windows_64-7.4.0\configuration\resources\lib\aalto-xml-1.0.0.jar;C:\Users\montbaga\Downloads\Katalon_Studio_Windows_64-7.4.0\Katalon_Studio_Windows_64-7.4.0\configuration\resources\lib\aspectjweaver-1.9.1.jar;C:\Users\montbaga\Downloads\Katalon_Studio_Windows_64-7.4.0\Katalon_Studio_Windows_64-7.4.0\configuration\resources\lib\bcpkix-jdk15on-1.58.jar;C:\Users\montbaga\Downloads\Katalon_Studio_Windows_64-7.4.0\Katalon_Studio_Windows_64-7.4.0\configuration\resources\lib\bcprov-jdk15on-1.58.jar;C:\Users\montbaga\Downloads\Katalon_Studio_Windows_64-7.4.0\Katalon_Studio_Windows_64-7.4.0\configuration\resources\lib\browsermob-core-2.1.5.jar;C:\Users\montbaga\Downloads\Katalon_Studio_Windows_64-7.4.0\Katalon_Studio_Windows_64-7.4.0\configuration\resources\lib\cglib-3.2.10.jar;C:\Users\montbaga\Downloads\Katalon_Studio_Windows_64-7.4.0\Katalon_Studio_Windows_64-7.4.0\configuration\resources\lib\commons-codec-1.10.jar;C:\Users\montbaga\Downloads\Katalon_Studio_Windows_64-7.4.0\Katalon_Studio_Windows_64-7.4.0\configuration\resources\lib\commons-collections4-4.1.jar;C:\Users\montbaga\Downloads\Katalon_Studio_Windows_64-7.4.0\Katalon_Studio_Windows_64-7.4.0\configuration\resources\lib\commons-validator-1.6.jar;C:\Users\montbaga\Downloads\Katalon_Studio_Windows_64-7.4.0\Katalon_Studio_Windows_64-7.4.0\configuration\resources\lib\curvesapi-1.04.jar;C:\Users\montbaga\Downloads\Katalon_Studio_Windows_64-7.4.0\Katalon_Studio_Windows_64-7.4.0\configuration\resources\lib\dnsjava-2.1.8.jar;C:\Users\
Launcher Type: SUN_STANDARD

Environment Variables:
PATH=C:/Users/montbaga/Downloads/Katalon_Studio_Windows_64-7.4.0/Katalon_Studio_Windows_64-7.4.0/jre/bin/server;C:/Users/montbaga/Downloads/Katalon_Studio_Windows_64-7.4.0/Katalon_Studio_Windows_64-7.4.0/jre/bin;C:/Users/montbaga/Downloads/Katalon_Studio_Windows_64-7.4.0/Katalon_Studio_Windows_64-7.4.0/jre/lib/amd64;C:\WINDOWS\system32;C:\WINDOWS;C:\WINDOWS\System32\Wbem;C:\WINDOWS\System32\WindowsPowerShell\v1.0\;C:\WINDOWS\System32\OpenSSH\;C:\ORA11G\Client\bin\;C:\Program Files\nodejs\;C:\Users\montbaga\AppData\Local\Microsoft\WindowsApps;C:\Users\montbaga\AppData\Local\Programs\Git\cmd;C:\Users\montbaga\AppData\Roaming\npm;C:\Users\montbaga\Downloads\Katalon_Studio_Windows_64-7.4.0\Katalon_Studio_Windows_64-7.4.0;
USERNAME=montbaga
OS=Windows_NT
PROCESSOR_IDENTIFIER=Intel64 Family 6 Model 45 Stepping 2, GenuineIntel



---------------  S Y S T E M  ---------------

OS: Windows 10.0 , 64 bit Build 18362 (10.0.18362.959)

CPU:total 4 (initial active 4) (1 cores per cpu, 1 threads per core) family 6 model 45 stepping 2, cmov, cx8, fxsr, mmx, sse, sse2, sse3, ssse3, sse4.1, sse4.2, popcnt, avx, aes, clmul, tsc, tscinvbit, tscinv

Memory: 4k page, physical 16776172k(831636k free), swap 16980972k(5376k free)

vm_info: Java HotSpot(TM) 64-Bit Server VM (25.181-b13) for windows-amd64 JRE (1.8.0_181-b13), built on Jul  7 2018 04:01:33 by "java_re" with MS VC++ 10.0 (VS2010)

time: Wed Aug 26 16:21:52 2020
elapsed time: 13 seconds (0d 0h 0m 13s)

