#
# There is insufficient memory for the Java Runtime Environment to continue.
# Native memory allocation (malloc) failed to allocate 65552 bytes for Chunk::new
# Possible reasons:
#   The system is out of physical RAM or swap space
#   In 32 bit mode, the process size limit was hit
# Possible solutions:
#   Reduce memory load on the system
#   Increase physical memory or swap space
#   Check if swap backing store is full
#   Use 64 bit Java on a 64 bit OS
#   Decrease Java heap size (-Xmx/-Xms)
#   Decrease number of Java threads
#   Decrease Java thread stack sizes (-Xss)
#   Set larger code cache with -XX:ReservedCodeCacheSize=
# This output file may be truncated or incomplete.
#
#  Out of Memory Error (allocation.cpp:390), pid=15076, tid=0x0000000000006880
#
# JRE version: Java(TM) SE Runtime Environment (8.0_181-b13) (build 1.8.0_181-b13)
# Java VM: Java HotSpot(TM) 64-Bit Server VM (25.181-b13 mixed mode windows-amd64 compressed oops)
# Failed to write core dump. Minidumps are not enabled by default on client versions of Windows
#

---------------  T H R E A D  ---------------

Current thread (0x0000000017aa9800):  JavaThread "C2 CompilerThread1" daemon [_thread_in_native, id=26752, stack(0x0000000019600000,0x0000000019700000)]

Stack: [0x0000000019600000,0x0000000019700000]
[error occurred during error reporting (printing stack bounds), id 0xc0000005]

Native frames: (J=compiled Java code, j=interpreted, Vv=VM code, C=native code)


Current CompileTask:
C2: 111431 4817       4       org.codehaus.groovy.control.ResolveVisitor::resolveNestedClass (431 bytes)


---------------  P R O C E S S  ---------------

Java Threads: ( => current thread )
  0x00000000204aa800 JavaThread "AWT-Windows" daemon [_thread_in_native, id=26132, stack(0x0000000022690000,0x0000000022790000)]
  0x00000000204aa000 JavaThread "Java2D Disposer" daemon [_thread_blocked, id=28392, stack(0x0000000021b90000,0x0000000021c90000)]
  0x00000000204ab800 JavaThread "Scheduler-191568263" [_thread_blocked, id=780, stack(0x0000000022090000,0x0000000022190000)]
  0x00000000204a9000 JavaThread "Okio Watchdog" daemon [_thread_blocked, id=23968, stack(0x0000000021f90000,0x0000000022090000)]
  0x000000001d52a800 JavaThread "OkHttp ConnectionPool" daemon [_thread_blocked, id=7716, stack(0x0000000021e90000,0x0000000021f90000)]
  0x000000001d527000 JavaThread "Exec Stream Pumper" daemon [_thread_in_native, id=26028, stack(0x00000000212c0000,0x00000000213c0000)]
  0x000000001d52d000 JavaThread "Exec Stream Pumper" daemon [_thread_in_native, id=23616, stack(0x00000000211c0000,0x00000000212c0000)]
  0x000000001d527800 JavaThread "Exec Default Executor" daemon [_thread_in_native, id=8412, stack(0x0000000020ec0000,0x0000000020fc0000)]
  0x000000001d52c000 JavaThread "org.eclipse.jetty.server.session.HashSessionManager@45be7cd5Timer" daemon [_thread_blocked, id=29664, stack(0x000000001f7f0000,0x000000001f8f0000)]
  0x000000001b956800 JavaThread "qtp1316005672-19" [_thread_in_native, id=26668, stack(0x000000001f6f0000,0x000000001f7f0000)]
  0x000000001d6a4000 JavaThread "qtp1316005672-18" [_thread_blocked, id=28320, stack(0x000000001f5f0000,0x000000001f6f0000)]
  0x000000001e439800 JavaThread "qtp1316005672-17" [_thread_in_native, id=22876, stack(0x000000001f4f0000,0x000000001f5f0000)]
  0x000000001d9c1800 JavaThread "qtp1316005672-16" [_thread_in_native, id=15388, stack(0x000000001f3f0000,0x000000001f4f0000)]
  0x000000001b46d800 JavaThread "qtp1316005672-15" [_thread_in_native, id=13636, stack(0x000000001f2f0000,0x000000001f3f0000)]
  0x000000001d6c5800 JavaThread "qtp1316005672-14" [_thread_blocked, id=7592, stack(0x000000001f0f0000,0x000000001f1f0000)]
  0x000000001d47c000 JavaThread "qtp1316005672-13-acceptor-0@2bd08623-ServerConnector@25177d29{HTTP/1.1,[http/1.1]}{0.0.0.0:12954}" [_thread_in_native, id=28232, stack(0x000000001dfd0000,0x000000001e0d0000)]
  0x000000001bc38000 JavaThread "qtp1316005672-12-acceptor-0@603d7748-ServerConnector@6efa953f{HTTP/1.1,[http/1.1]}{0.0.0.0:50001}" [_thread_in_native, id=28284, stack(0x000000001c3a0000,0x000000001c4a0000)]
  0x000000001922d800 JavaThread "Service Thread" daemon [_thread_blocked, id=17416, stack(0x0000000019800000,0x0000000019900000)]
  0x000000001922a000 JavaThread "C1 CompilerThread2" daemon [_thread_blocked, id=26184, stack(0x0000000019700000,0x0000000019800000)]
=>0x0000000017aa9800 JavaThread "C2 CompilerThread1" daemon [_thread_in_native, id=26752, stack(0x0000000019600000,0x0000000019700000)]
  0x0000000017aa1000 JavaThread "C2 CompilerThread0" daemon [_thread_blocked, id=32652, stack(0x0000000019100000,0x0000000019200000)]
  0x0000000017aa0000 JavaThread "Attach Listener" daemon [_thread_blocked, id=19184, stack(0x0000000019000000,0x0000000019100000)]
  0x0000000017a9f000 JavaThread "Signal Dispatcher" daemon [_thread_blocked, id=31812, stack(0x0000000018f00000,0x0000000019000000)]
  0x0000000017a81800 JavaThread "Finalizer" daemon [_thread_blocked, id=15840, stack(0x0000000018d00000,0x0000000018e00000)]
  0x0000000017a78000 JavaThread "Reference Handler" daemon [_thread_blocked, id=21780, stack(0x0000000018c00000,0x0000000018d00000)]
  0x0000000002d7b800 JavaThread "main" [_thread_in_Java, id=15428, stack(0x0000000002bc0000,0x0000000002cc0000)]

Other Threads:
  0x0000000017a4f800 VMThread [stack: 0x0000000018b00000,0x0000000018c00000] [id=13308]
  0x00000000192c7800 WatcherThread [stack: 0x0000000019900000,0x0000000019a00000] [id=29376]

VM state:not at safepoint (normal execution)

VM Mutex/Monitor currently owned by a thread: None

Heap:
 PSYoungGen      total 198656K, used 161641K [0x00000000d5580000, 0x00000000e6080000, 0x0000000100000000)
  eden space 182784K, 88% used [0x00000000d5580000,0x00000000df35a5f8,0x00000000e0800000)
  from space 15872K, 0% used [0x00000000e0800000,0x00000000e0800000,0x00000000e1780000)
  to   space 15360K, 0% used [0x00000000e5180000,0x00000000e5180000,0x00000000e6080000)
 ParOldGen       total 182784K, used 21187K [0x0000000080000000, 0x000000008b280000, 0x00000000d5580000)
  object space 182784K, 11% used [0x0000000080000000,0x00000000814b0c40,0x000000008b280000)
 Metaspace       used 37110K, capacity 38216K, committed 38312K, reserved 1083392K
  class space    used 4431K, capacity 4719K, committed 4776K, reserved 1048576K

Card table byte_map: [0x0000000012220000,0x0000000012630000] byte_map_base: 0x0000000011e20000

Marking Bits: (ParMarkBitMap*) 0x0000000057a22d00
 Begin Bits: [0x0000000012ce0000, 0x0000000014ce0000)
 End Bits:   [0x0000000014ce0000, 0x0000000016ce0000)

Polling page: 0x0000000002b00000

CodeCache: size=245760Kb used=15270Kb max_used=15334Kb free=230489Kb
 bounds [0x0000000002e60000, 0x0000000003d80000, 0x0000000011e60000]
 total_blobs=5031 nmethods=4225 adapters=717
 compilation: enabled

Compilation events (10 events):
Event: 111.307 Thread 0x000000001922a000 nmethod 4816 0x000000000301e310 code [0x000000000301e480, 0x000000000301e7a8]
Event: 111.307 Thread 0x000000001922a000 4813       1       org.codehaus.groovy.control.ProcessingUnit::getConfiguration (5 bytes)
Event: 111.307 Thread 0x000000001922a000 nmethod 4813 0x000000000315ad90 code [0x000000000315aee0, 0x000000000315aff0]
Event: 111.321 Thread 0x0000000017aa9800 nmethod 4809 0x0000000003d62910 code [0x0000000003d62b40, 0x0000000003d63aa0]
Event: 111.322 Thread 0x0000000017aa9800 4817       4       org.codehaus.groovy.control.ResolveVisitor::resolveNestedClass (431 bytes)
Event: 111.364 Thread 0x0000000017aa1000 nmethod 4810 0x0000000003d69710 code [0x0000000003d69b80, 0x0000000003d6c6e8]
Event: 111.364 Thread 0x0000000017aa1000 4814       4       java.util.zip.InflaterInputStream::ensureOpen (18 bytes)
Event: 111.365 Thread 0x0000000017aa1000 nmethod 4814 0x00000000039fcf50 code [0x00000000039fd080, 0x00000000039fd0f8]
Event: 111.422 Thread 0x000000001922a000 4818       3       java.io.FileNotFoundException::<init> (6 bytes)
Event: 111.422 Thread 0x000000001922a000 nmethod 4818 0x0000000003105210 code [0x0000000003105380, 0x00000000031055c8]

GC Heap History (10 events):
Event: 3.815 GC heap before
{Heap before GC invocations=5 (full 1):
 PSYoungGen      total 141824K, used 10724K [0x00000000d5580000, 0x00000000dea80000, 0x0000000100000000)
  eden space 131072K, 0% used [0x00000000d5580000,0x00000000d5580000,0x00000000dd580000)
  from space 10752K, 99% used [0x00000000de000000,0x00000000dea79390,0x00000000dea80000)
  to   space 10752K, 0% used [0x00000000dd580000,0x00000000dd580000,0x00000000de000000)
 ParOldGen       total 175104K, used 1575K [0x0000000080000000, 0x000000008ab00000, 0x00000000d5580000)
  object space 175104K, 0% used [0x0000000080000000,0x0000000080189d90,0x000000008ab00000)
 Metaspace       used 20859K, capacity 21112K, committed 21296K, reserved 1069056K
  class space    used 2334K, capacity 2408K, committed 2432K, reserved 1048576K
Event: 3.899 GC heap after
Heap after GC invocations=5 (full 1):
 PSYoungGen      total 141824K, used 0K [0x00000000d5580000, 0x00000000dea80000, 0x0000000100000000)
  eden space 131072K, 0% used [0x00000000d5580000,0x00000000d5580000,0x00000000dd580000)
  from space 10752K, 0% used [0x00000000de000000,0x00000000de000000,0x00000000dea80000)
  to   space 10752K, 0% used [0x00000000dd580000,0x00000000dd580000,0x00000000de000000)
 ParOldGen       total 113664K, used 11902K [0x0000000080000000, 0x0000000086f00000, 0x00000000d5580000)
  object space 113664K, 10% used [0x0000000080000000,0x0000000080b9fb48,0x0000000086f00000)
 Metaspace       used 20859K, capacity 21112K, committed 21296K, reserved 1069056K
  class space    used 2334K, capacity 2408K, committed 2432K, reserved 1048576K
}
Event: 5.402 GC heap before
{Heap before GC invocations=6 (full 1):
 PSYoungGen      total 141824K, used 131072K [0x00000000d5580000, 0x00000000dea80000, 0x0000000100000000)
  eden space 131072K, 100% used [0x00000000d5580000,0x00000000dd580000,0x00000000dd580000)
  from space 10752K, 0% used [0x00000000de000000,0x00000000de000000,0x00000000dea80000)
  to   space 10752K, 0% used [0x00000000dd580000,0x00000000dd580000,0x00000000de000000)
 ParOldGen       total 113664K, used 11902K [0x0000000080000000, 0x0000000086f00000, 0x00000000d5580000)
  object space 113664K, 10% used [0x0000000080000000,0x0000000080b9fb48,0x0000000086f00000)
 Metaspace       used 25817K, capacity 26230K, committed 26496K, reserved 1073152K
  class space    used 3017K, capacity 3147K, committed 3200K, reserved 1048576K
Event: 5.417 GC heap after
Heap after GC invocations=6 (full 1):
 PSYoungGen      total 141824K, used 9684K [0x00000000d5580000, 0x00000000e2700000, 0x0000000100000000)
  eden space 131072K, 0% used [0x00000000d5580000,0x00000000d5580000,0x00000000dd580000)
  from space 10752K, 90% used [0x00000000dd580000,0x00000000ddef51b0,0x00000000de000000)
  to   space 12800K, 0% used [0x00000000e1a80000,0x00000000e1a80000,0x00000000e2700000)
 ParOldGen       total 113664K, used 11910K [0x0000000080000000, 0x0000000086f00000, 0x00000000d5580000)
  object space 113664K, 10% used [0x0000000080000000,0x0000000080ba1b48,0x0000000086f00000)
 Metaspace       used 25817K, capacity 26230K, committed 26496K, reserved 1073152K
  class space    used 3017K, capacity 3147K, committed 3200K, reserved 1048576K
}
Event: 11.483 GC heap before
{Heap before GC invocations=7 (full 1):
 PSYoungGen      total 141824K, used 140756K [0x00000000d5580000, 0x00000000e2700000, 0x0000000100000000)
  eden space 131072K, 100% used [0x00000000d5580000,0x00000000dd580000,0x00000000dd580000)
  from space 10752K, 90% used [0x00000000dd580000,0x00000000ddef51b0,0x00000000de000000)
  to   space 12800K, 0% used [0x00000000e1a80000,0x00000000e1a80000,0x00000000e2700000)
 ParOldGen       total 113664K, used 11910K [0x0000000080000000, 0x0000000086f00000, 0x00000000d5580000)
  object space 113664K, 10% used [0x0000000080000000,0x0000000080ba1b48,0x0000000086f00000)
 Metaspace       used 33873K, capacity 34766K, committed 34944K, reserved 1079296K
  class space    used 4122K, capacity 4378K, committed 4480K, reserved 1048576K
Event: 11.500 GC heap after
Heap after GC invocations=7 (full 1):
 PSYoungGen      total 194048K, used 12783K [0x00000000d5580000, 0x00000000e2700000, 0x0000000100000000)
  eden space 181248K, 0% used [0x00000000d5580000,0x00000000d5580000,0x00000000e0680000)
  from space 12800K, 99% used [0x00000000e1a80000,0x00000000e26fbe20,0x00000000e2700000)
  to   space 15872K, 0% used [0x00000000e0800000,0x00000000e0800000,0x00000000e1780000)
 ParOldGen       total 113664K, used 14908K [0x0000000080000000, 0x0000000086f00000, 0x00000000d5580000)
  object space 113664K, 13% used [0x0000000080000000,0x0000000080e8f320,0x0000000086f00000)
 Metaspace       used 33873K, capacity 34766K, committed 34944K, reserved 1079296K
  class space    used 4122K, capacity 4378K, committed 4480K, reserved 1048576K
}
Event: 19.760 GC heap before
{Heap before GC invocations=8 (full 1):
 PSYoungGen      total 194048K, used 128814K [0x00000000d5580000, 0x00000000e2700000, 0x0000000100000000)
  eden space 181248K, 64% used [0x00000000d5580000,0x00000000dc6cfbf0,0x00000000e0680000)
  from space 12800K, 99% used [0x00000000e1a80000,0x00000000e26fbe20,0x00000000e2700000)
  to   space 15872K, 0% used [0x00000000e0800000,0x00000000e0800000,0x00000000e1780000)
 ParOldGen       total 113664K, used 14908K [0x0000000080000000, 0x0000000086f00000, 0x00000000d5580000)
  object space 113664K, 13% used [0x0000000080000000,0x0000000080e8f320,0x0000000086f00000)
 Metaspace       used 34374K, capacity 35462K, committed 35496K, reserved 1081344K
  class space    used 4177K, capacity 4486K, committed 4520K, reserved 1048576K
Event: 19.793 GC heap after
Heap after GC invocations=8 (full 1):
 PSYoungGen      total 198656K, used 10478K [0x00000000d5580000, 0x00000000e6080000, 0x0000000100000000)
  eden space 182784K, 0% used [0x00000000d5580000,0x00000000d5580000,0x00000000e0800000)
  from space 15872K, 66% used [0x00000000e0800000,0x00000000e123b938,0x00000000e1780000)
  to   space 15360K, 0% used [0x00000000e5180000,0x00000000e5180000,0x00000000e6080000)
 ParOldGen       total 113664K, used 14916K [0x0000000080000000, 0x0000000086f00000, 0x00000000d5580000)
  object space 113664K, 13% used [0x0000000080000000,0x0000000080e91320,0x0000000086f00000)
 Metaspace       used 34374K, capacity 35462K, committed 35496K, reserved 1081344K
  class space    used 4177K, capacity 4486K, committed 4520K, reserved 1048576K
}
Event: 19.793 GC heap before
{Heap before GC invocations=9 (full 2):
 PSYoungGen      total 198656K, used 10478K [0x00000000d5580000, 0x00000000e6080000, 0x0000000100000000)
  eden space 182784K, 0% used [0x00000000d5580000,0x00000000d5580000,0x00000000e0800000)
  from space 15872K, 66% used [0x00000000e0800000,0x00000000e123b938,0x00000000e1780000)
  to   space 15360K, 0% used [0x00000000e5180000,0x00000000e5180000,0x00000000e6080000)
 ParOldGen       total 113664K, used 14916K [0x0000000080000000, 0x0000000086f00000, 0x00000000d5580000)
  object space 113664K, 13% used [0x0000000080000000,0x0000000080e91320,0x0000000086f00000)
 Metaspace       used 34374K, capacity 35462K, committed 35496K, reserved 1081344K
  class space    used 4177K, capacity 4486K, committed 4520K, reserved 1048576K
Event: 19.936 GC heap after
Heap after GC invocations=9 (full 2):
 PSYoungGen      total 198656K, used 0K [0x00000000d5580000, 0x00000000e6080000, 0x0000000100000000)
  eden space 182784K, 0% used [0x00000000d5580000,0x00000000d5580000,0x00000000e0800000)
  from space 15872K, 0% used [0x00000000e0800000,0x00000000e0800000,0x00000000e1780000)
  to   space 15360K, 0% used [0x00000000e5180000,0x00000000e5180000,0x00000000e6080000)
 ParOldGen       total 182784K, used 21187K [0x0000000080000000, 0x000000008b280000, 0x00000000d5580000)
  object space 182784K, 11% used [0x0000000080000000,0x00000000814b0c40,0x000000008b280000)
 Metaspace       used 34370K, capacity 35450K, committed 35496K, reserved 1081344K
  class space    used 4175K, capacity 4484K, committed 4520K, reserved 1048576K
}

Deoptimization events (10 events):
Event: 9.936 Thread 0x0000000002d7b800 Uncommon trap: reason=bimorphic action=maybe_recompile pc=0x0000000003012dcc method=java.util.regex.Pattern$Curly.match(Ljava/util/regex/Matcher;ILjava/lang/CharSequence;)Z @ 19
Event: 9.936 Thread 0x0000000002d7b800 Uncommon trap: reason=bimorphic action=maybe_recompile pc=0x0000000003012dcc method=java.util.regex.Pattern$Curly.match(Ljava/util/regex/Matcher;ILjava/lang/CharSequence;)Z @ 19
Event: 10.761 Thread 0x0000000002d7b800 Uncommon trap: reason=unstable_if action=reinterpret pc=0x00000000031bc1b0 method=java.lang.Character.isHighSurrogate(C)Z @ 3
Event: 52.867 Thread 0x0000000002d7b800 Uncommon trap: reason=class_check action=maybe_recompile pc=0x0000000002fb106c method=java.util.zip.InflaterInputStream.read([BII)I @ 100
Event: 52.869 Thread 0x0000000002d7b800 Uncommon trap: reason=class_check action=maybe_recompile pc=0x0000000002fb106c method=java.util.zip.InflaterInputStream.read([BII)I @ 100
Event: 52.869 Thread 0x0000000002d7b800 Uncommon trap: reason=class_check action=maybe_recompile pc=0x0000000002fb106c method=java.util.zip.InflaterInputStream.read([BII)I @ 100
Event: 52.870 Thread 0x0000000002d7b800 Uncommon trap: reason=class_check action=maybe_recompile pc=0x0000000002fb106c method=java.util.zip.InflaterInputStream.read([BII)I @ 100
Event: 52.938 Thread 0x0000000002d7b800 Uncommon trap: reason=predicate action=maybe_recompile pc=0x0000000003156488 method=java.util.Arrays.binarySearch0([Ljava/lang/Object;IILjava/lang/Object;Ljava/util/Comparator;)I @ 28
Event: 52.969 Thread 0x0000000002d7b800 Uncommon trap: reason=unstable_if action=reinterpret pc=0x0000000003aa5974 method=java.util.regex.Matcher.replaceAll(Ljava/lang/String;)Ljava/lang/String; @ 35
Event: 111.284 Thread 0x0000000002d7b800 Uncommon trap: reason=unstable_if action=reinterpret pc=0x0000000003ad00b4 method=java.util.regex.Matcher.appendReplacement(Ljava/lang/StringBuffer;Ljava/lang/String;)Ljava/util/regex/Matcher; @ 47

Classes redefined (0 events):
No events

Internal exceptions (10 events):
Event: 111.399 Thread 0x0000000002d7b800 Exception <a 'java/security/PrivilegedActionException'> (0x00000000dec276b0) thrown at [C:\re\workspace\8-2-build-windows-amd64-cygwin\jdk8u181\11358\hotspot\src\share\vm\prims\jvm.cpp, line 1435]
Event: 111.399 Thread 0x0000000002d7b800 Exception <a 'java/security/PrivilegedActionException'> (0x00000000dec27e78) thrown at [C:\re\workspace\8-2-build-windows-amd64-cygwin\jdk8u181\11358\hotspot\src\share\vm\prims\jvm.cpp, line 1435]
Event: 111.421 Thread 0x0000000002d7b800 Exception <a 'java/security/PrivilegedActionException'> (0x00000000def78008) thrown at [C:\re\workspace\8-2-build-windows-amd64-cygwin\jdk8u181\11358\hotspot\src\share\vm\prims\jvm.cpp, line 1435]
Event: 111.421 Thread 0x0000000002d7b800 Exception <a 'java/security/PrivilegedActionException'> (0x00000000def787d0) thrown at [C:\re\workspace\8-2-build-windows-amd64-cygwin\jdk8u181\11358\hotspot\src\share\vm\prims\jvm.cpp, line 1435]
Event: 111.422 Thread 0x0000000002d7b800 Exception <a 'java/security/PrivilegedActionException'> (0x00000000def7f0f8) thrown at [C:\re\workspace\8-2-build-windows-amd64-cygwin\jdk8u181\11358\hotspot\src\share\vm\prims\jvm.cpp, line 1435]
Event: 111.422 Thread 0x0000000002d7b800 Exception <a 'java/security/PrivilegedActionException'> (0x00000000def7f8c0) thrown at [C:\re\workspace\8-2-build-windows-amd64-cygwin\jdk8u181\11358\hotspot\src\share\vm\prims\jvm.cpp, line 1435]
Event: 111.422 Thread 0x0000000002d7b800 Exception <a 'java/security/PrivilegedActionException'> (0x00000000def901c0) thrown at [C:\re\workspace\8-2-build-windows-amd64-cygwin\jdk8u181\11358\hotspot\src\share\vm\prims\jvm.cpp, line 1435]
Event: 111.423 Thread 0x0000000002d7b800 Exception <a 'java/security/PrivilegedActionException'> (0x00000000def90988) thrown at [C:\re\workspace\8-2-build-windows-amd64-cygwin\jdk8u181\11358\hotspot\src\share\vm\prims\jvm.cpp, line 1435]
Event: 111.423 Thread 0x0000000002d7b800 Exception <a 'java/security/PrivilegedActionException'> (0x00000000def97638) thrown at [C:\re\workspace\8-2-build-windows-amd64-cygwin\jdk8u181\11358\hotspot\src\share\vm\prims\jvm.cpp, line 1435]
Event: 111.423 Thread 0x0000000002d7b800 Exception <a 'java/security/PrivilegedActionException'> (0x00000000def97e00) thrown at [C:\re\workspace\8-2-build-windows-amd64-cygwin\jdk8u181\11358\hotspot\src\share\vm\prims\jvm.cpp, line 1435]

Events (10 events):
Event: 111.425 loading class com/kms/katalon/core/testdata$TestData
Event: 111.425 loading class com/kms/katalon/core/testdata$TestData done
Event: 111.426 loading class groovy/lang/GroovyObject$com$kms$katalon$core$testcase$TestCase
Event: 111.426 loading class groovy/lang/GroovyObject$com$kms$katalon$core$testcase$TestCase done
Event: 111.427 loading class groovy/lang/GroovyObject$java$lang$com$kms$katalon$core$testcase$TestCase
Event: 111.427 loading class groovy/lang/GroovyObject$java$lang$com$kms$katalon$core$testcase$TestCase done
Event: 111.428 loading class java/lang/com$kms$katalon$core$testcase$TestCase
Event: 111.428 loading class java/lang/com$kms$katalon$core$testcase$TestCase done
Event: 111.429 loading class groovy/lang/GroovyObject$java$io$com$kms$katalon$core$testcase$TestCase
Event: 111.429 loading class groovy/lang/GroovyObject$java$io$com$kms$katalon$core$testcase$TestCase done


Dynamic libraries:
0x00007ff6f25c0000 - 0x00007ff6f25f7000 	C:\Users\montbaga\Downloads\Katalon_Studio_Windows_64-7.8.1\Katalon_Studio_Windows_64-7.8.1\jre\bin\javaw.exe
0x00007ffab1560000 - 0x00007ffab1750000 	C:\WINDOWS\SYSTEM32\ntdll.dll
0x00007ffab02b0000 - 0x00007ffab0362000 	C:\WINDOWS\System32\KERNEL32.DLL
0x00007ffaae840000 - 0x00007ffaaeae5000 	C:\WINDOWS\System32\KERNELBASE.dll
0x00007ffaaf630000 - 0x00007ffaaf6d3000 	C:\WINDOWS\System32\ADVAPI32.dll
0x00007ffab12e0000 - 0x00007ffab137e000 	C:\WINDOWS\System32\msvcrt.dll
0x00007ffaafa20000 - 0x00007ffaafab7000 	C:\WINDOWS\System32\sechost.dll
0x00007ffab0520000 - 0x00007ffab0640000 	C:\WINDOWS\System32\RPCRT4.dll
0x00007ffab1380000 - 0x00007ffab1514000 	C:\WINDOWS\System32\USER32.dll
0x00007ffaae700000 - 0x00007ffaae721000 	C:\WINDOWS\System32\win32u.dll
0x00007ffaafac0000 - 0x00007ffaafae6000 	C:\WINDOWS\System32\GDI32.dll
0x00007ffaaf470000 - 0x00007ffaaf606000 	C:\WINDOWS\System32\gdi32full.dll
0x00007ffaae7a0000 - 0x00007ffaae83e000 	C:\WINDOWS\System32\msvcp_win.dll
0x00007ffaaf370000 - 0x00007ffaaf46a000 	C:\WINDOWS\System32\ucrtbase.dll
0x00007ffa9dc00000 - 0x00007ffa9de84000 	C:\WINDOWS\WinSxS\amd64_microsoft.windows.common-controls_6595b64144ccf1df_6.0.18362.1256_none_9e7e379be45e40e2\COMCTL32.dll
0x00007ffab0ab0000 - 0x00007ffab0de6000 	C:\WINDOWS\System32\combase.dll
0x00007ffaaf2e0000 - 0x00007ffaaf361000 	C:\WINDOWS\System32\bcryptPrimitives.dll
0x00007ffab0ee0000 - 0x00007ffab0f0e000 	C:\WINDOWS\System32\IMM32.DLL
0x0000000056f90000 - 0x0000000057062000 	C:\Users\montbaga\Downloads\Katalon_Studio_Windows_64-7.8.1\Katalon_Studio_Windows_64-7.8.1\jre\bin\msvcr100.dll
0x0000000057200000 - 0x0000000057aa2000 	C:\Users\montbaga\Downloads\Katalon_Studio_Windows_64-7.8.1\Katalon_Studio_Windows_64-7.8.1\jre\bin\server\jvm.dll
0x00007ffaafb00000 - 0x00007ffaafb08000 	C:\WINDOWS\System32\PSAPI.DLL
0x00007ffaa23c0000 - 0x00007ffaa23c9000 	C:\WINDOWS\SYSTEM32\WSOCK32.dll
0x00007ffab1210000 - 0x00007ffab127f000 	C:\WINDOWS\System32\WS2_32.dll
0x00007ffaa6490000 - 0x00007ffaa649a000 	C:\WINDOWS\SYSTEM32\VERSION.dll
0x00007ffaac5a0000 - 0x00007ffaac5c4000 	C:\WINDOWS\SYSTEM32\WINMM.dll
0x00007ffaac550000 - 0x00007ffaac57d000 	C:\WINDOWS\SYSTEM32\WINMMBASE.dll
0x00007ffaae750000 - 0x00007ffaae79a000 	C:\WINDOWS\System32\cfgmgr32.dll
0x0000000058840000 - 0x000000005884f000 	C:\Users\montbaga\Downloads\Katalon_Studio_Windows_64-7.8.1\Katalon_Studio_Windows_64-7.8.1\jre\bin\verify.dll
0x0000000058810000 - 0x0000000058839000 	C:\Users\montbaga\Downloads\Katalon_Studio_Windows_64-7.8.1\Katalon_Studio_Windows_64-7.8.1\jre\bin\java.dll
0x0000000057100000 - 0x0000000057116000 	C:\Users\montbaga\Downloads\Katalon_Studio_Windows_64-7.8.1\Katalon_Studio_Windows_64-7.8.1\jre\bin\zip.dll
0x00007ffaafb10000 - 0x00007ffab01f7000 	C:\WINDOWS\System32\SHELL32.dll
0x00007ffab1160000 - 0x00007ffab1209000 	C:\WINDOWS\System32\shcore.dll
0x00007ffaaeb50000 - 0x00007ffaaf2d1000 	C:\WINDOWS\System32\windows.storage.dll
0x00007ffaae460000 - 0x00007ffaae483000 	C:\WINDOWS\System32\profapi.dll
0x00007ffaae410000 - 0x00007ffaae45a000 	C:\WINDOWS\System32\powrprof.dll
0x00007ffaae400000 - 0x00007ffaae410000 	C:\WINDOWS\System32\UMPDC.dll
0x00007ffaaf7b0000 - 0x00007ffaaf802000 	C:\WINDOWS\System32\shlwapi.dll
0x00007ffaae4b0000 - 0x00007ffaae4c1000 	C:\WINDOWS\System32\kernel.appcore.dll
0x00007ffaae730000 - 0x00007ffaae747000 	C:\WINDOWS\System32\cryptsp.dll
0x00000000570e0000 - 0x00000000570fa000 	C:\Users\montbaga\Downloads\Katalon_Studio_Windows_64-7.8.1\Katalon_Studio_Windows_64-7.8.1\jre\bin\net.dll
0x00007ffaadbf0000 - 0x00007ffaadc57000 	C:\WINDOWS\system32\mswsock.dll
0x00000000570c0000 - 0x00000000570d1000 	C:\Users\montbaga\Downloads\Katalon_Studio_Windows_64-7.8.1\Katalon_Studio_Windows_64-7.8.1\jre\bin\nio.dll
0x0000000057070000 - 0x000000005707d000 	C:\Users\montbaga\Downloads\Katalon_Studio_Windows_64-7.8.1\Katalon_Studio_Windows_64-7.8.1\jre\bin\management.dll
0x0000000057090000 - 0x00000000570b4000 	C:\Users\montbaga\Downloads\Katalon_Studio_Windows_64-7.8.1\Katalon_Studio_Windows_64-7.8.1\jre\bin\sunec.dll
0x00007ffaad900000 - 0x00007ffaad93a000 	C:\WINDOWS\SYSTEM32\IPHLPAPI.DLL
0x00007ffaafaf0000 - 0x00007ffaafaf8000 	C:\WINDOWS\System32\NSI.dll
0x00007ffaa9aa0000 - 0x00007ffaa9ab6000 	C:\WINDOWS\SYSTEM32\dhcpcsvc6.DLL
0x00007ffaa9a60000 - 0x00007ffaa9a7c000 	C:\WINDOWS\SYSTEM32\dhcpcsvc.DLL
0x00007ffaad940000 - 0x00007ffaada0b000 	C:\WINDOWS\SYSTEM32\DNSAPI.dll
0x00007ffaad760000 - 0x00007ffaad793000 	C:\WINDOWS\system32\rsaenh.dll
0x00007ffaae580000 - 0x00007ffaae5a6000 	C:\WINDOWS\System32\bcrypt.dll
0x00007ffaae320000 - 0x00007ffaae345000 	C:\WINDOWS\SYSTEM32\USERENV.dll
0x00007ffaaddc0000 - 0x00007ffaaddcc000 	C:\WINDOWS\SYSTEM32\CRYPTBASE.dll
0x0000000057080000 - 0x000000005708b000 	C:\Users\montbaga\Downloads\Katalon_Studio_Windows_64-7.8.1\Katalon_Studio_Windows_64-7.8.1\jre\bin\sunmscapi.dll
0x00007ffaae5b0000 - 0x00007ffaae6f9000 	C:\WINDOWS\System32\CRYPT32.dll
0x00007ffaae490000 - 0x00007ffaae4a2000 	C:\WINDOWS\System32\MSASN1.dll
0x00007ffaa6100000 - 0x00007ffaa610a000 	C:\Windows\System32\rasadhlp.dll
0x00007ffaa9bd0000 - 0x00007ffaa9c47000 	C:\WINDOWS\System32\fwpuclnt.dll
0x00007ffaa39c0000 - 0x00007ffaa39d6000 	C:\WINDOWS\system32\napinsp.dll
0x00007ffaa3a20000 - 0x00007ffaa3a3a000 	C:\WINDOWS\system32\pnrpnsp.dll
0x00007ffaa3b90000 - 0x00007ffaa3b9e000 	C:\WINDOWS\System32\winrnr.dll
0x00007ffaa7010000 - 0x00007ffaa702c000 	C:\WINDOWS\system32\NLAapi.dll
0x00007ffaa39e0000 - 0x00007ffaa39f5000 	C:\WINDOWS\system32\wshbth.dll
0x0000000056cb0000 - 0x0000000056e49000 	C:\Users\montbaga\Downloads\Katalon_Studio_Windows_64-7.8.1\Katalon_Studio_Windows_64-7.8.1\jre\bin\awt.dll
0x00007ffaaf810000 - 0x00007ffaaf8d5000 	C:\WINDOWS\System32\OLEAUT32.dll
0x00007ffaac410000 - 0x00007ffaac49f000 	C:\WINDOWS\SYSTEM32\apphelp.dll
0x00007ffaac740000 - 0x00007ffaac7d9000 	C:\WINDOWS\system32\uxtheme.dll
0x00007ffaaf8e0000 - 0x00007ffaafa15000 	C:\WINDOWS\System32\MSCTF.dll
0x00007ffab1000000 - 0x00007ffab1157000 	C:\WINDOWS\System32\ole32.dll
0x00007ffaacc80000 - 0x00007ffaaccad000 	C:\WINDOWS\system32\DWMAPI.DLL

VM Arguments:
jvm_args: -Dgroovy.home=/C:/Users/montbaga/Downloads/Katalon_Studio_Windows_64-7.8.1/Katalon_Studio_Windows_64-7.8.1/plugins/org.codehaus.groovy_2.4.7.xx-201611170128-e46/ -Xmx2048m -Dfile.encoding=UTF-8 
java_command: org.codehaus.groovy.tools.GroovyStarter --classpath C:\Users\montbaga\Desktop\POC-BP\POC-BP\Include\scripts\groovy;C:\Users\montbaga\Desktop\POC-BP\POC-BP\Keywords;C:\Users\montbaga\Desktop\POC-BP\POC-BP\Libs;C:\Users\montbaga\Desktop\POC-BP\POC-BP\Test Listeners;C:\Users\montbaga\Desktop\POC-BP\POC-BP\Drivers\SparseBitSet-1.2.jar;C:\Users\montbaga\Desktop\POC-BP\POC-BP\Drivers\activation-1.1.1.jar;C:\Users\montbaga\Desktop\POC-BP\POC-BP\Drivers\commons-codec-1.13.jar;C:\Users\montbaga\Desktop\POC-BP\POC-BP\Drivers\commons-collections4-4.4.jar;C:\Users\montbaga\Desktop\POC-BP\POC-BP\Drivers\commons-compress-1.19.jar;C:\Users\montbaga\Desktop\POC-BP\POC-BP\Drivers\commons-logging-1.2.jar;C:\Users\montbaga\Desktop\POC-BP\POC-BP\Drivers\commons-math3-3.6.1.jar;C:\Users\montbaga\Desktop\POC-BP\POC-BP\Drivers\curvesapi-1.06.jar;C:\Users\montbaga\Desktop\POC-BP\POC-BP\Drivers\jaxb-api-2.3.1.jar;C:\Users\montbaga\Desktop\POC-BP\POC-BP\Drivers\jaxb-core-2.3.0.1.jar;C:\Users\montbaga\Desktop\POC-BP\POC-BP\Drivers\jaxb-impl-2.3.2.jar;C:\Users\montbaga\Desktop\POC-BP\POC-BP\Drivers\jdbc-oracle.jar;C:\Users\montbaga\Desktop\POC-BP\POC-BP\Drivers\junit-4.12.jar;C:\Users\montbaga\Desktop\POC-BP\POC-BP\Drivers\log4j-1.2.17.jar;C:\Users\montbaga\Desktop\POC-BP\POC-BP\Drivers\ojdbc6-11.2.0.3.jar;C:\Users\montbaga\Desktop\POC-BP\POC-BP\Drivers\ojdbc6.jar;C:\Users\montbaga\Desktop\POC-BP\POC-BP\Drivers\ojdbc7-12.1.0.2.jar;C:\Users\montbaga\Desktop\POC-BP\POC-BP\Drivers\ojdbc7.jar;C:\Users\montbaga\Desktop\POC-BP\POC-BP\Drivers\ojdbc8-19.3.0.0.jar;C:\Users\montbaga\Desktop\POC-BP\POC-BP\Drivers\ojdbc8.jar;C:\Users\montbaga\Desktop\POC-BP\POC-BP\Drivers\ons-19.3.0.0.jar;C:\Users\montbaga\Desktop\POC-BP\POC-BP\Drivers\ons.jar;C:\Users\montbaga\Desktop\POC-BP\POC-BP\Drivers\oraclepki-19.3.0.0.jar;C:\Users\montbaga\Desktop\POC-BP\POC-BP\Drivers\orai18n.jar;C:\Users\montbaga\Desktop\POC-BP\POC-BP\Drivers\osdt_cert-19.3.0.0.jar;C:\Users\montbaga\Desktop\POC-BP\POC-BP\Drivers\
java_class_path (initial): C:\Users\montbaga\Desktop\POC-BP\POC-BP\bin\keyword;C:\Users\montbaga\Desktop\POC-BP\POC-BP\bin\listener;C:\Users\montbaga\Desktop\POC-BP\POC-BP\bin\lib;C:\Users\montbaga\Desktop\POC-BP\POC-BP\bin\groovy;C:\Users\montbaga\Desktop\POC-BP\POC-BP\bin;C:\Users\montbaga\Downloads\Katalon_Studio_Windows_64-7.8.1\Katalon_Studio_Windows_64-7.8.1\plugins\com.kms.katalon.core_1.0.0.202012080734.jar;C:\Users\montbaga\Downloads\Katalon_Studio_Windows_64-7.8.1\Katalon_Studio_Windows_64-7.8.1\configuration\resources\lib\aalto-xml-1.0.0.jar;C:\Users\montbaga\Downloads\Katalon_Studio_Windows_64-7.8.1\Katalon_Studio_Windows_64-7.8.1\configuration\resources\lib\aspectjweaver-1.9.1.jar;C:\Users\montbaga\Downloads\Katalon_Studio_Windows_64-7.8.1\Katalon_Studio_Windows_64-7.8.1\configuration\resources\lib\bcpkix-jdk15on-1.64.jar;C:\Users\montbaga\Downloads\Katalon_Studio_Windows_64-7.8.1\Katalon_Studio_Windows_64-7.8.1\configuration\resources\lib\bcprov-jdk15on-1.64.jar;C:\Users\montbaga\Downloads\Katalon_Studio_Windows_64-7.8.1\Katalon_Studio_Windows_64-7.8.1\configuration\resources\lib\browsermob-core-2.1.5.jar;C:\Users\montbaga\Downloads\Katalon_Studio_Windows_64-7.8.1\Katalon_Studio_Windows_64-7.8.1\configuration\resources\lib\cglib-3.2.10.jar;C:\Users\montbaga\Downloads\Katalon_Studio_Windows_64-7.8.1\Katalon_Studio_Windows_64-7.8.1\configuration\resources\lib\commons-codec-1.10.jar;C:\Users\montbaga\Downloads\Katalon_Studio_Windows_64-7.8.1\Katalon_Studio_Windows_64-7.8.1\configuration\resources\lib\commons-collections4-4.1.jar;C:\Users\montbaga\Downloads\Katalon_Studio_Windows_64-7.8.1\Katalon_Studio_Windows_64-7.8.1\configuration\resources\lib\commons-validator-1.6.jar;C:\Users\montbaga\Downloads\Katalon_Studio_Windows_64-7.8.1\Katalon_Studio_Windows_64-7.8.1\configuration\resources\lib\curvesapi-1.04.jar;C:\Users\montbaga\Downloads\Katalon_Studio_Windows_64-7.8.1\Katalon_Studio_Windows_64-7.8.1\configuration\resources\lib\dnsjava-2.1.8.jar;C:\Users\
Launcher Type: SUN_STANDARD

Environment Variables:
PATH=C:/Users/montbaga/Downloads/Katalon_Studio_Windows_64-7.8.1/Katalon_Studio_Windows_64-7.8.1/jre/bin/server;C:/Users/montbaga/Downloads/Katalon_Studio_Windows_64-7.8.1/Katalon_Studio_Windows_64-7.8.1/jre/bin;C:/Users/montbaga/Downloads/Katalon_Studio_Windows_64-7.8.1/Katalon_Studio_Windows_64-7.8.1/jre/lib/amd64;C:\WINDOWS\system32;C:\WINDOWS;C:\WINDOWS\System32\Wbem;C:\WINDOWS\System32\WindowsPowerShell\v1.0\;C:\WINDOWS\System32\OpenSSH\;C:\ORA11G\Client\bin\;C:\Program Files\nodejs\;C:\Users\montbaga\AppData\Local\Microsoft\WindowsApps;C:\Users\montbaga\AppData\Local\Programs\Git\cmd;C:\Users\montbaga\AppData\Roaming\npm;C:\Users\montbaga\Downloads\Katalon_Studio_Windows_64-7.8.1\Katalon_Studio_Windows_64-7.8.1;
USERNAME=montbaga
OS=Windows_NT
PROCESSOR_IDENTIFIER=Intel64 Family 6 Model 45 Stepping 2, GenuineIntel



---------------  S Y S T E M  ---------------

OS: Windows 10.0 , 64 bit Build 18362 (10.0.18362.1110)

CPU:total 4 (initial active 4) (1 cores per cpu, 1 threads per core) family 6 model 45 stepping 2, cmov, cx8, fxsr, mmx, sse, sse2, sse3, ssse3, sse4.1, sse4.2, popcnt, avx, aes, clmul, tsc, tscinvbit, tscinv

Memory: 4k page, physical 16776172k(938884k free), swap 16980972k(5264k free)

vm_info: Java HotSpot(TM) 64-Bit Server VM (25.181-b13) for windows-amd64 JRE (1.8.0_181-b13), built on Jul  7 2018 04:01:33 by "java_re" with MS VC++ 10.0 (VS2010)

time: Thu Mar 18 06:49:14 2021
elapsed time: 111 seconds (0d 0h 1m 51s)

