#
# There is insufficient memory for the Java Runtime Environment to continue.
# Native memory allocation (malloc) failed to allocate 1143760 bytes for Chunk::new
# Possible reasons:
#   The system is out of physical RAM or swap space
#   In 32 bit mode, the process size limit was hit
# Possible solutions:
#   Reduce memory load on the system
#   Increase physical memory or swap space
#   Check if swap backing store is full
#   Use 64 bit Java on a 64 bit OS
#   Decrease Java heap size (-Xmx/-Xms)
#   Decrease number of Java threads
#   Decrease Java thread stack sizes (-Xss)
#   Set larger code cache with -XX:ReservedCodeCacheSize=
# This output file may be truncated or incomplete.
#
#  Out of Memory Error (allocation.cpp:390), pid=74620, tid=0x000000000000c198
#
# JRE version: Java(TM) SE Runtime Environment (8.0_181-b13) (build 1.8.0_181-b13)
# Java VM: Java HotSpot(TM) 64-Bit Server VM (25.181-b13 mixed mode windows-amd64 compressed oops)
# Failed to write core dump. Minidumps are not enabled by default on client versions of Windows
#

---------------  T H R E A D  ---------------

Current thread (0x0000000017a21000):  JavaThread "C2 CompilerThread0" daemon [_thread_in_native, id=49560, stack(0x0000000019050000,0x0000000019150000)]

Stack: [0x0000000019050000,0x0000000019150000]
[error occurred during error reporting (printing stack bounds), id 0xc0000005]

Native frames: (J=compiled Java code, j=interpreted, Vv=VM code, C=native code)


Current CompileTask:
C2:  17558 3841 %     4       atu.testrecorder.media.avi.TechSmithCodec::writeDelta8 @ 57 (760 bytes)


---------------  P R O C E S S  ---------------

Java Threads: ( => current thread )
  0x000000001bdcf800 JavaThread "Scheduler-1603696865" [_thread_blocked, id=27620, stack(0x0000000026480000,0x0000000026580000)]
  0x000000001bdcd800 JavaThread "Okio Watchdog" daemon [_thread_blocked, id=73880, stack(0x0000000026380000,0x0000000026480000)]
  0x000000001bdcc800 JavaThread "OkHttp ConnectionPool" daemon [_thread_blocked, id=46740, stack(0x0000000026280000,0x0000000026380000)]
  0x000000001bdcc000 JavaThread "ForkJoinPool.commonPool-worker-2" daemon [_thread_blocked, id=71472, stack(0x0000000026a80000,0x0000000026b80000)]
  0x000000001bdca800 JavaThread "Exec Stream Pumper" daemon [_thread_in_native, id=56684, stack(0x0000000025f80000,0x0000000026080000)]
  0x000000001b4d0800 JavaThread "Exec Stream Pumper" daemon [_thread_in_native, id=39792, stack(0x0000000025e80000,0x0000000025f80000)]
  0x000000001b4cc000 JavaThread "UrlChecker-2" daemon [_thread_blocked, id=47744, stack(0x0000000024cb0000,0x0000000024db0000)]
  0x000000001b4cd000 JavaThread "Exec Default Executor" daemon [_thread_in_native, id=68412, stack(0x0000000022ef0000,0x0000000022ff0000)]
  0x000000001b4cd800 JavaThread "Image Fetcher 1" daemon [_thread_blocked, id=51232, stack(0x0000000023110000,0x0000000023210000)]
  0x000000001b4d2000 JavaThread "Image Fetcher 0" daemon [_thread_blocked, id=14788, stack(0x0000000023010000,0x0000000023110000)]
  0x000000001b4d0000 JavaThread "pool-3-thread-1" [_thread_blocked, id=37700, stack(0x0000000022600000,0x0000000022700000)]
  0x000000001b4d1800 JavaThread "pool-2-thread-1" [_thread_in_native, id=7680, stack(0x0000000022500000,0x0000000022600000)]
  0x000000001b4ce800 JavaThread "AWT-Windows" daemon [_thread_in_native, id=33160, stack(0x00000000201e0000,0x00000000202e0000)]
  0x000000001b4cb800 JavaThread "AWT-Shutdown" [_thread_blocked, id=57120, stack(0x00000000200e0000,0x00000000201e0000)]
  0x000000001b702800 JavaThread "Java2D Disposer" daemon [_thread_blocked, id=61196, stack(0x000000001ff10000,0x0000000020010000)]
  0x000000001b701000 JavaThread "org.eclipse.jetty.server.session.HashSessionManager@1c7fd41fTimer" daemon [_thread_blocked, id=16780, stack(0x000000001e700000,0x000000001e800000)]
  0x000000001b700800 JavaThread "qtp1971783162-19" [_thread_blocked, id=38588, stack(0x000000001e600000,0x000000001e700000)]
  0x000000001b704000 JavaThread "qtp1971783162-18" [_thread_in_native, id=56952, stack(0x000000001e500000,0x000000001e600000)]
  0x000000001b705000 JavaThread "qtp1971783162-17-acceptor-0@4364cc2a-ServerConnector@4da33a36{HTTP/1.1,[http/1.1]}{0.0.0.0:50001}" [_thread_in_native, id=30320, stack(0x000000001e400000,0x000000001e500000)]
  0x000000001b703800 JavaThread "qtp1971783162-16" [_thread_in_native, id=32916, stack(0x000000001e300000,0x000000001e400000)]
  0x000000001b702000 JavaThread "qtp1971783162-15" [_thread_in_native, id=13396, stack(0x000000001e200000,0x000000001e300000)]
  0x000000001b706800 JavaThread "qtp1971783162-14" [_thread_in_native, id=30224, stack(0x000000001e000000,0x000000001e100000)]
  0x000000001b705800 JavaThread "qtp1971783162-13-acceptor-0@39d85a84-ServerConnector@371fa3cf{HTTP/1.1,[http/1.1]}{0.0.0.0:12954}" [_thread_in_native, id=31300, stack(0x000000001df00000,0x000000001e000000)]
  0x000000001b707000 JavaThread "qtp1971783162-12" [_thread_blocked, id=61180, stack(0x000000001de00000,0x000000001df00000)]
  0x00000000193a2800 JavaThread "Service Thread" daemon [_thread_blocked, id=70380, stack(0x0000000019750000,0x0000000019850000)]
  0x0000000017a32000 JavaThread "C1 CompilerThread2" daemon [_thread_blocked, id=53092, stack(0x0000000019250000,0x0000000019350000)]
  0x0000000017a24000 JavaThread "C2 CompilerThread1" daemon [_thread_blocked, id=70240, stack(0x0000000019150000,0x0000000019250000)]
=>0x0000000017a21000 JavaThread "C2 CompilerThread0" daemon [_thread_in_native, id=49560, stack(0x0000000019050000,0x0000000019150000)]
  0x0000000017a1f800 JavaThread "Attach Listener" daemon [_thread_blocked, id=53336, stack(0x0000000018f50000,0x0000000019050000)]
  0x0000000017a1f000 JavaThread "Signal Dispatcher" daemon [_thread_blocked, id=70220, stack(0x0000000018e50000,0x0000000018f50000)]
  0x0000000017a01800 JavaThread "Finalizer" daemon [_thread_blocked, id=14444, stack(0x0000000018c50000,0x0000000018d50000)]
  0x00000000179f8000 JavaThread "Reference Handler" daemon [_thread_blocked, id=41308, stack(0x0000000018b50000,0x0000000018c50000)]
  0x0000000002cfb800 JavaThread "Forwarding get on session a75b0c4890b2a43928ea38260e6010b9 to remote" [_thread_in_native, id=69228, stack(0x0000000002be0000,0x0000000002ce0000)]

Other Threads:
  0x00000000179cf800 VMThread [stack: 0x0000000018a50000,0x0000000018b50000] [id=68968]
  0x00000000193c6000 WatcherThread [stack: 0x0000000019850000,0x0000000019950000] [id=12824]

VM state:not at safepoint (normal execution)

VM Mutex/Monitor currently owned by a thread: None

Heap:
 PSYoungGen      total 474624K, used 227603K [0x00000000d5580000, 0x00000000fe200000, 0x0000000100000000)
  eden space 421888K, 47% used [0x00000000d5580000,0x00000000e198e890,0x00000000ef180000)
  from space 52736K, 50% used [0x00000000ef180000,0x00000000f0bb6768,0x00000000f2500000)
  to   space 50688K, 0% used [0x00000000fb080000,0x00000000fb080000,0x00000000fe200000)
 ParOldGen       total 192512K, used 45960K [0x0000000080000000, 0x000000008bc00000, 0x00000000d5580000)
  object space 192512K, 23% used [0x0000000080000000,0x0000000082ce2318,0x000000008bc00000)
 Metaspace       used 40937K, capacity 41934K, committed 42152K, reserved 1085440K
  class space    used 4970K, capacity 5223K, committed 5288K, reserved 1048576K

Card table byte_map: [0x00000000121a0000,0x00000000125b0000] byte_map_base: 0x0000000011da0000

Marking Bits: (ParMarkBitMap*) 0x0000000060012d00
 Begin Bits: [0x0000000012c60000, 0x0000000014c60000)
 End Bits:   [0x0000000014c60000, 0x0000000016c60000)

Polling page: 0x0000000000f40000

CodeCache: size=245760Kb used=13608Kb max_used=13609Kb free=232151Kb
 bounds [0x0000000002de0000, 0x0000000003b40000, 0x0000000011de0000]
 total_blobs=4149 nmethods=3330 adapters=731
 compilation: enabled

Compilation events (10 events):
Event: 16.652 Thread 0x0000000017a32000 3835       3       sun.awt.image.PNGImageDecoder::fill (154 bytes)
Event: 16.653 Thread 0x0000000017a32000 nmethod 3835 0x0000000003b17b50 code [0x0000000003b17ce0, 0x0000000003b18238]
Event: 16.755 Thread 0x0000000017a21000 3836       4       sun.java2d.loops.GraphicsPrimitiveMgr::locate (104 bytes)
Event: 16.758 Thread 0x0000000017a21000 nmethod 3836 0x0000000003b174d0 code [0x0000000003b17620, 0x0000000003b178b8]
Event: 16.820 Thread 0x0000000017a24000 nmethod 3813 0x0000000003b281d0 code [0x0000000003b285e0, 0x0000000003b318b8]
Event: 17.393 Thread 0x0000000017a32000 3839 %     3       atu.testrecorder.media.avi.TechSmithCodec::writeDelta8 @ 240 (760 bytes)
Event: 17.396 Thread 0x0000000017a32000 nmethod 3839% 0x0000000003b21250 code [0x0000000003b217a0, 0x0000000003b24c48]
Event: 17.398 Thread 0x0000000017a32000 3840 %     3       atu.testrecorder.media.avi.TechSmithCodec::writeDelta8 @ 57 (760 bytes)
Event: 17.401 Thread 0x0000000017a32000 nmethod 3840% 0x0000000003b1ae90 code [0x0000000003b1b3e0, 0x0000000003b1e4c8]
Event: 17.401 Thread 0x0000000017a21000 3841 %     4       atu.testrecorder.media.avi.TechSmithCodec::writeDelta8 @ 57 (760 bytes)

GC Heap History (10 events):
Event: 8.641 GC heap before
{Heap before GC invocations=9 (full 1):
 PSYoungGen      total 222208K, used 216761K [0x00000000d5580000, 0x00000000edd00000, 0x0000000100000000)
  eden space 190976K, 97% used [0x00000000d5580000,0x00000000e0ab2f90,0x00000000e1000000)
  from space 31232K, 99% used [0x00000000e1000000,0x00000000e2e7b5b8,0x00000000e2e80000)
  to   space 43520K, 0% used [0x00000000eb280000,0x00000000eb280000,0x00000000edd00000)
 ParOldGen       total 107008K, used 46371K [0x0000000080000000, 0x0000000086880000, 0x00000000d5580000)
  object space 107008K, 43% used [0x0000000080000000,0x0000000082d48ec0,0x0000000086880000)
 Metaspace       used 34195K, capacity 34782K, committed 35200K, reserved 1081344K
  class space    used 3991K, capacity 4129K, committed 4224K, reserved 1048576K
Event: 8.667 GC heap after
Heap after GC invocations=9 (full 1):
 PSYoungGen      total 350720K, used 41041K [0x00000000d5580000, 0x00000000ee600000, 0x0000000100000000)
  eden space 307200K, 0% used [0x00000000d5580000,0x00000000d5580000,0x00000000e8180000)
  from space 43520K, 94% used [0x00000000eb280000,0x00000000eda94460,0x00000000edd00000)
  to   space 50176K, 0% used [0x00000000e8180000,0x00000000e8180000,0x00000000eb280000)
 ParOldGen       total 107008K, used 46371K [0x0000000080000000, 0x0000000086880000, 0x00000000d5580000)
  object space 107008K, 43% used [0x0000000080000000,0x0000000082d48ec0,0x0000000086880000)
 Metaspace       used 34195K, capacity 34782K, committed 35200K, reserved 1081344K
  class space    used 3991K, capacity 4129K, committed 4224K, reserved 1048576K
}
Event: 9.922 GC heap before
{Heap before GC invocations=10 (full 1):
 PSYoungGen      total 350720K, used 175237K [0x00000000d5580000, 0x00000000ee600000, 0x0000000100000000)
  eden space 307200K, 43% used [0x00000000d5580000,0x00000000dd88d388,0x00000000e8180000)
  from space 43520K, 94% used [0x00000000eb280000,0x00000000eda94460,0x00000000edd00000)
  to   space 50176K, 0% used [0x00000000e8180000,0x00000000e8180000,0x00000000eb280000)
 ParOldGen       total 107008K, used 46371K [0x0000000080000000, 0x0000000086880000, 0x00000000d5580000)
  object space 107008K, 43% used [0x0000000080000000,0x0000000082d48ec0,0x0000000086880000)
 Metaspace       used 34836K, capacity 35364K, committed 35496K, reserved 1081344K
  class space    used 4099K, capacity 4259K, committed 4264K, reserved 1048576K
Event: 9.951 GC heap after
Heap after GC invocations=10 (full 1):
 PSYoungGen      total 357376K, used 36708K [0x00000000d5580000, 0x00000000f5a80000, 0x0000000100000000)
  eden space 307200K, 0% used [0x00000000d5580000,0x00000000d5580000,0x00000000e8180000)
  from space 50176K, 73% used [0x00000000e8180000,0x00000000ea559060,0x00000000eb280000)
  to   space 53248K, 0% used [0x00000000f2680000,0x00000000f2680000,0x00000000f5a80000)
 ParOldGen       total 107008K, used 56661K [0x0000000080000000, 0x0000000086880000, 0x00000000d5580000)
  object space 107008K, 52% used [0x0000000080000000,0x00000000837556d8,0x0000000086880000)
 Metaspace       used 34836K, capacity 35364K, committed 35496K, reserved 1081344K
  class space    used 4099K, capacity 4259K, committed 4264K, reserved 1048576K
}
Event: 9.951 GC heap before
{Heap before GC invocations=11 (full 2):
 PSYoungGen      total 357376K, used 36708K [0x00000000d5580000, 0x00000000f5a80000, 0x0000000100000000)
  eden space 307200K, 0% used [0x00000000d5580000,0x00000000d5580000,0x00000000e8180000)
  from space 50176K, 73% used [0x00000000e8180000,0x00000000ea559060,0x00000000eb280000)
  to   space 53248K, 0% used [0x00000000f2680000,0x00000000f2680000,0x00000000f5a80000)
 ParOldGen       total 107008K, used 56661K [0x0000000080000000, 0x0000000086880000, 0x00000000d5580000)
  object space 107008K, 52% used [0x0000000080000000,0x00000000837556d8,0x0000000086880000)
 Metaspace       used 34836K, capacity 35364K, committed 35496K, reserved 1081344K
  class space    used 4099K, capacity 4259K, committed 4264K, reserved 1048576K
Event: 10.025 GC heap after
Heap after GC invocations=11 (full 2):
 PSYoungGen      total 357376K, used 0K [0x00000000d5580000, 0x00000000f5a80000, 0x0000000100000000)
  eden space 307200K, 0% used [0x00000000d5580000,0x00000000d5580000,0x00000000e8180000)
  from space 50176K, 0% used [0x00000000e8180000,0x00000000e8180000,0x00000000eb280000)
  to   space 53248K, 0% used [0x00000000f2680000,0x00000000f2680000,0x00000000f5a80000)
 ParOldGen       total 192512K, used 44464K [0x0000000080000000, 0x000000008bc00000, 0x00000000d5580000)
  object space 192512K, 23% used [0x0000000080000000,0x0000000082b6c390,0x000000008bc00000)
 Metaspace       used 34836K, capacity 35364K, committed 35496K, reserved 1081344K
  class space    used 4099K, capacity 4259K, committed 4264K, reserved 1048576K
}
Event: 12.183 GC heap before
{Heap before GC invocations=12 (full 2):
 PSYoungGen      total 357376K, used 300041K [0x00000000d5580000, 0x00000000f5a80000, 0x0000000100000000)
  eden space 307200K, 97% used [0x00000000d5580000,0x00000000e7a826a8,0x00000000e8180000)
  from space 50176K, 0% used [0x00000000e8180000,0x00000000e8180000,0x00000000eb280000)
  to   space 53248K, 0% used [0x00000000f2680000,0x00000000f2680000,0x00000000f5a80000)
 ParOldGen       total 192512K, used 44464K [0x0000000080000000, 0x000000008bc00000, 0x00000000d5580000)
  object space 192512K, 23% used [0x0000000080000000,0x0000000082b6c390,0x000000008bc00000)
 Metaspace       used 39162K, capacity 40132K, committed 40360K, reserved 1085440K
  class space    used 4747K, capacity 5010K, committed 5032K, reserved 1048576K
Event: 12.223 GC heap after
Heap after GC invocations=12 (full 2):
 PSYoungGen      total 473088K, used 29387K [0x00000000d5580000, 0x00000000f5880000, 0x0000000100000000)
  eden space 421888K, 0% used [0x00000000d5580000,0x00000000d5580000,0x00000000ef180000)
  from space 51200K, 57% used [0x00000000f2680000,0x00000000f4332c20,0x00000000f5880000)
  to   space 52736K, 0% used [0x00000000ef180000,0x00000000ef180000,0x00000000f2500000)
 ParOldGen       total 192512K, used 44472K [0x0000000080000000, 0x000000008bc00000, 0x00000000d5580000)
  object space 192512K, 23% used [0x0000000080000000,0x0000000082b6e390,0x000000008bc00000)
 Metaspace       used 39162K, capacity 40132K, committed 40360K, reserved 1085440K
  class space    used 4747K, capacity 5010K, committed 5032K, reserved 1048576K
}
Event: 15.769 GC heap before
{Heap before GC invocations=13 (full 2):
 PSYoungGen      total 473088K, used 449336K [0x00000000d5580000, 0x00000000f5880000, 0x0000000100000000)
  eden space 421888K, 99% used [0x00000000d5580000,0x00000000eef9b798,0x00000000ef180000)
  from space 51200K, 57% used [0x00000000f2680000,0x00000000f4332c20,0x00000000f5880000)
  to   space 52736K, 0% used [0x00000000ef180000,0x00000000ef180000,0x00000000f2500000)
 ParOldGen       total 192512K, used 44472K [0x0000000080000000, 0x000000008bc00000, 0x00000000d5580000)
  object space 192512K, 23% used [0x0000000080000000,0x0000000082b6e390,0x000000008bc00000)
 Metaspace       used 40891K, capacity 41928K, committed 42152K, reserved 1085440K
  class space    used 4965K, capacity 5221K, committed 5288K, reserved 1048576K
Event: 15.787 GC heap after
Heap after GC invocations=13 (full 2):
 PSYoungGen      total 474624K, used 26841K [0x00000000d5580000, 0x00000000fe200000, 0x0000000100000000)
  eden space 421888K, 0% used [0x00000000d5580000,0x00000000d5580000,0x00000000ef180000)
  from space 52736K, 50% used [0x00000000ef180000,0x00000000f0bb6768,0x00000000f2500000)
  to   space 50688K, 0% used [0x00000000fb080000,0x00000000fb080000,0x00000000fe200000)
 ParOldGen       total 192512K, used 45960K [0x0000000080000000, 0x000000008bc00000, 0x00000000d5580000)
  object space 192512K, 23% used [0x0000000080000000,0x0000000082ce2318,0x000000008bc00000)
 Metaspace       used 40891K, capacity 41928K, committed 42152K, reserved 1085440K
  class space    used 4965K, capacity 5221K, committed 5288K, reserved 1048576K
}

Deoptimization events (10 events):
Event: 14.166 Thread 0x0000000002cfb800 Uncommon trap: reason=class_check action=maybe_recompile pc=0x00000000039d9474 method=org.openqa.selenium.json.Input.init()V @ 18
Event: 14.166 Thread 0x0000000002cfb800 Uncommon trap: reason=class_check action=maybe_recompile pc=0x00000000039d9474 method=org.openqa.selenium.json.Input.init()V @ 18
Event: 14.166 Thread 0x0000000002cfb800 Uncommon trap: reason=class_check action=maybe_recompile pc=0x00000000039d9474 method=org.openqa.selenium.json.Input.init()V @ 18
Event: 14.453 Thread 0x000000001b700800 Uncommon trap: reason=unstable_if action=reinterpret pc=0x000000000351792c method=java.lang.CharacterDataLatin1.digit(II)I @ 60
Event: 14.453 Thread 0x000000001b700800 Uncommon trap: reason=unstable_if action=reinterpret pc=0x000000000351a3e4 method=java.lang.CharacterDataLatin1.digit(II)I @ 60
Event: 14.521 Thread 0x000000001b704000 Uncommon trap: reason=unstable_if action=reinterpret pc=0x0000000002eec9f0 method=java.util.HashMap$HashIterator.<init>(Ljava/util/HashMap;)V @ 45
Event: 16.531 Thread 0x000000001b4d1800 Uncommon trap: reason=unstable_if action=reinterpret pc=0x0000000003a47db8 method=atu.testrecorder.media.avi.TechSmithCodec.writeDelta8(Ljava/io/OutputStream;[B[BIIII)V @ 563
Event: 16.531 Thread 0x000000001b4d1800 Uncommon trap: reason=unstable_if action=reinterpret pc=0x0000000003a2afec method=atu.testrecorder.media.avi.TechSmithCodec.writeDelta8(Ljava/io/OutputStream;[B[BIIII)V @ 563
Event: 17.393 Thread 0x000000001b4d1800 Uncommon trap: reason=unstable_if action=reinterpret pc=0x0000000003b2ae24 method=atu.testrecorder.media.avi.TechSmithCodec.writeDelta8(Ljava/io/OutputStream;[B[BIIII)V @ 293
Event: 17.394 Thread 0x000000001b4d1800 Uncommon trap: reason=unstable_if action=reinterpret pc=0x00000000034e6860 method=atu.testrecorder.media.avi.TechSmithCodec.writeDelta8(Ljava/io/OutputStream;[B[BIIII)V @ 262

Classes redefined (0 events):
No events

Internal exceptions (10 events):
Event: 14.268 Thread 0x0000000002cfb800 Exception <a 'java/net/SocketTimeoutException': Read timed out> (0x00000000e3865c58) thrown at [C:\re\workspace\8-2-build-windows-amd64-cygwin\jdk8u181\11358\hotspot\src\share\vm\prims\jni.cpp, line 735]
Event: 14.280 Thread 0x0000000002cfb800 Exception <a 'java/net/SocketTimeoutException': Read timed out> (0x00000000e38e8910) thrown at [C:\re\workspace\8-2-build-windows-amd64-cygwin\jdk8u181\11358\hotspot\src\share\vm\prims\jni.cpp, line 735]
Event: 14.296 Thread 0x0000000002cfb800 Exception <a 'java/net/SocketTimeoutException': Read timed out> (0x00000000e391c6a8) thrown at [C:\re\workspace\8-2-build-windows-amd64-cygwin\jdk8u181\11358\hotspot\src\share\vm\prims\jni.cpp, line 735]
Event: 14.301 Thread 0x0000000002cfb800 Exception <a 'java/net/SocketTimeoutException': Read timed out> (0x00000000e3932588) thrown at [C:\re\workspace\8-2-build-windows-amd64-cygwin\jdk8u181\11358\hotspot\src\share\vm\prims\jni.cpp, line 735]
Event: 14.374 Thread 0x0000000002cfb800 Exception <a 'java/lang/ClassNotFoundException': com/kms/katalon/core/webui/keyword/builtin/MaximizeWindowKeywordBeanInfo> (0x00000000e4d36320) thrown at [C:\re\workspace\8-2-build-windows-amd64-cygwin\jdk8u181\11358\hotspot\src\share\vm\classfile\systemD
Event: 14.376 Thread 0x0000000002cfb800 Exception <a 'java/lang/ClassNotFoundException': com/kms/katalon/core/webui/keyword/builtin/MaximizeWindowKeywordCustomizer> (0x00000000e4da9288) thrown at [C:\re\workspace\8-2-build-windows-amd64-cygwin\jdk8u181\11358\hotspot\src\share\vm\classfile\syste
Event: 14.392 Thread 0x0000000002cfb800 Exception <a 'java/net/SocketTimeoutException': Read timed out> (0x00000000e4ef2bf8) thrown at [C:\re\workspace\8-2-build-windows-amd64-cygwin\jdk8u181\11358\hotspot\src\share\vm\prims\jni.cpp, line 735]
Event: 16.563 Thread 0x0000000002cfb800 Exception <a 'java/lang/ClassNotFoundException': com/kms/katalon/core/webui/keyword/builtin/NavigateToUrlKeywordBeanInfo> (0x00000000db77bde0) thrown at [C:\re\workspace\8-2-build-windows-amd64-cygwin\jdk8u181\11358\hotspot\src\share\vm\classfile\systemDi
Event: 16.565 Thread 0x0000000002cfb800 Exception <a 'java/lang/ClassNotFoundException': com/kms/katalon/core/webui/keyword/builtin/NavigateToUrlKeywordCustomizer> (0x00000000db7ec5f8) thrown at [C:\re\workspace\8-2-build-windows-amd64-cygwin\jdk8u181\11358\hotspot\src\share\vm\classfile\system
Event: 16.577 Thread 0x0000000002cfb800 Exception <a 'java/net/SocketTimeoutException': Read timed out> (0x00000000db93cba8) thrown at [C:\re\workspace\8-2-build-windows-amd64-cygwin\jdk8u181\11358\hotspot\src\share\vm\prims\jni.cpp, line 735]

Events (10 events):
Event: 17.392 Thread 0x000000001b4d1800 Uncommon trap: trap_request=0xffffff65 fr.pc=0x0000000003b2ae24
Event: 17.393 Thread 0x000000001b4d1800 DEOPT PACKING pc=0x0000000003b2ae24 sp=0x00000000225fe6e0
Event: 17.393 Thread 0x000000001b4d1800 DEOPT UNPACKING pc=0x0000000002e2583b sp=0x00000000225fe718 mode 2
Event: 17.394 Thread 0x000000001b4d1800 DEOPT PACKING pc=0x0000000003109df0 sp=0x00000000225fe5a0
Event: 17.394 Thread 0x000000001b4d1800 DEOPT UNPACKING pc=0x0000000002e27890 sp=0x00000000225fe488 mode 0
Event: 17.394 Thread 0x000000001b4d1800 Uncommon trap: trap_request=0xffffff65 fr.pc=0x00000000034e6860
Event: 17.394 Thread 0x000000001b4d1800 DEOPT PACKING pc=0x00000000034e6860 sp=0x00000000225fe6d0
Event: 17.394 Thread 0x000000001b4d1800 DEOPT UNPACKING pc=0x0000000002e2583b sp=0x00000000225fe718 mode 2
Event: 17.397 Thread 0x0000000017a32000 flushing nmethod 0x0000000003044d50
Event: 17.401 Thread 0x0000000017a32000 flushing nmethod 0x00000000030c9390


Dynamic libraries:
0x00007ff6218d0000 - 0x00007ff621907000 	C:\Users\montbaga\Downloads\Katalon_Studio_Windows_64-7.8.1\Katalon_Studio_Windows_64-7.8.1\jre\bin\javaw.exe
0x00007ffb0f1e0000 - 0x00007ffb0f3d0000 	C:\WINDOWS\SYSTEM32\ntdll.dll
0x00007ffb0d730000 - 0x00007ffb0d7e2000 	C:\WINDOWS\System32\KERNEL32.DLL
0x00007ffb0cfe0000 - 0x00007ffb0d285000 	C:\WINDOWS\System32\KERNELBASE.dll
0x00007ffb0e700000 - 0x00007ffb0e7a3000 	C:\WINDOWS\System32\ADVAPI32.dll
0x00007ffb0e450000 - 0x00007ffb0e4ee000 	C:\WINDOWS\System32\msvcrt.dll
0x00007ffb0e3a0000 - 0x00007ffb0e437000 	C:\WINDOWS\System32\sechost.dll
0x00007ffb0dad0000 - 0x00007ffb0dbf0000 	C:\WINDOWS\System32\RPCRT4.dll
0x00007ffb0e8a0000 - 0x00007ffb0ea34000 	C:\WINDOWS\System32\USER32.dll
0x00007ffb0c460000 - 0x00007ffb0c481000 	C:\WINDOWS\System32\win32u.dll
0x00007ffb0f140000 - 0x00007ffb0f166000 	C:\WINDOWS\System32\GDI32.dll
0x00007ffb0c2c0000 - 0x00007ffb0c456000 	C:\WINDOWS\System32\gdi32full.dll
0x00007ffb0cf10000 - 0x00007ffb0cfae000 	C:\WINDOWS\System32\msvcp_win.dll
0x00007ffb0c490000 - 0x00007ffb0c58a000 	C:\WINDOWS\System32\ucrtbase.dll
0x00007ffafbfc0000 - 0x00007ffafc244000 	C:\WINDOWS\WinSxS\amd64_microsoft.windows.common-controls_6595b64144ccf1df_6.0.18362.1139_none_9e7bf2d3e4605ac6\COMCTL32.dll
0x00007ffb0e060000 - 0x00007ffb0e395000 	C:\WINDOWS\System32\combase.dll
0x00007ffb0c1f0000 - 0x00007ffb0c270000 	C:\WINDOWS\System32\bcryptPrimitives.dll
0x00007ffb0f170000 - 0x00007ffb0f19e000 	C:\WINDOWS\System32\IMM32.DLL
0x0000000060b10000 - 0x0000000060be2000 	C:\Users\montbaga\Downloads\Katalon_Studio_Windows_64-7.8.1\Katalon_Studio_Windows_64-7.8.1\jre\bin\msvcr100.dll
0x000000005f7f0000 - 0x0000000060092000 	C:\Users\montbaga\Downloads\Katalon_Studio_Windows_64-7.8.1\Katalon_Studio_Windows_64-7.8.1\jre\bin\server\jvm.dll
0x00007ffb0ea40000 - 0x00007ffb0ea48000 	C:\WINDOWS\System32\PSAPI.DLL
0x00007ffb0a1e0000 - 0x00007ffb0a204000 	C:\WINDOWS\SYSTEM32\WINMM.dll
0x00007ffb03da0000 - 0x00007ffb03daa000 	C:\WINDOWS\SYSTEM32\VERSION.dll
0x00007ffb0a1b0000 - 0x00007ffb0a1dd000 	C:\WINDOWS\SYSTEM32\WINMMBASE.dll
0x00007ffb0c270000 - 0x00007ffb0c2ba000 	C:\WINDOWS\System32\cfgmgr32.dll
0x00007ffb00ac0000 - 0x00007ffb00ac9000 	C:\WINDOWS\SYSTEM32\WSOCK32.dll
0x00007ffb0d2a0000 - 0x00007ffb0d30f000 	C:\WINDOWS\System32\WS2_32.dll
0x00000000609e0000 - 0x00000000609ef000 	C:\Users\montbaga\Downloads\Katalon_Studio_Windows_64-7.8.1\Katalon_Studio_Windows_64-7.8.1\jre\bin\verify.dll
0x00000000609b0000 - 0x00000000609d9000 	C:\Users\montbaga\Downloads\Katalon_Studio_Windows_64-7.8.1\Katalon_Studio_Windows_64-7.8.1\jre\bin\java.dll
0x0000000060990000 - 0x00000000609a6000 	C:\Users\montbaga\Downloads\Katalon_Studio_Windows_64-7.8.1\Katalon_Studio_Windows_64-7.8.1\jre\bin\zip.dll
0x00007ffb0ea50000 - 0x00007ffb0f137000 	C:\WINDOWS\System32\SHELL32.dll
0x00007ffb0e650000 - 0x00007ffb0e6f9000 	C:\WINDOWS\System32\shcore.dll
0x00007ffb0c640000 - 0x00007ffb0cdc0000 	C:\WINDOWS\System32\windows.storage.dll
0x00007ffb0c100000 - 0x00007ffb0c123000 	C:\WINDOWS\System32\profapi.dll
0x00007ffb0c0b0000 - 0x00007ffb0c0fa000 	C:\WINDOWS\System32\powrprof.dll
0x00007ffb0c0a0000 - 0x00007ffb0c0b0000 	C:\WINDOWS\System32\UMPDC.dll
0x00007ffb0d4c0000 - 0x00007ffb0d512000 	C:\WINDOWS\System32\shlwapi.dll
0x00007ffb0c150000 - 0x00007ffb0c161000 	C:\WINDOWS\System32\kernel.appcore.dll
0x00007ffb0c170000 - 0x00007ffb0c187000 	C:\WINDOWS\System32\cryptsp.dll
0x0000000060970000 - 0x000000006098a000 	C:\Users\montbaga\Downloads\Katalon_Studio_Windows_64-7.8.1\Katalon_Studio_Windows_64-7.8.1\jre\bin\net.dll
0x00007ffb0b890000 - 0x00007ffb0b8f7000 	C:\WINDOWS\system32\mswsock.dll
0x0000000060950000 - 0x0000000060961000 	C:\Users\montbaga\Downloads\Katalon_Studio_Windows_64-7.8.1\Katalon_Studio_Windows_64-7.8.1\jre\bin\nio.dll
0x00000000608f0000 - 0x00000000608fd000 	C:\Users\montbaga\Downloads\Katalon_Studio_Windows_64-7.8.1\Katalon_Studio_Windows_64-7.8.1\jre\bin\management.dll
0x0000000060920000 - 0x0000000060944000 	C:\Users\montbaga\Downloads\Katalon_Studio_Windows_64-7.8.1\Katalon_Studio_Windows_64-7.8.1\jre\bin\sunec.dll
0x00007ffb0b5a0000 - 0x00007ffb0b5da000 	C:\WINDOWS\SYSTEM32\IPHLPAPI.DLL
0x00007ffb0e440000 - 0x00007ffb0e448000 	C:\WINDOWS\System32\NSI.dll
0x00007ffb07c90000 - 0x00007ffb07ca6000 	C:\WINDOWS\SYSTEM32\dhcpcsvc6.DLL
0x00007ffb07b50000 - 0x00007ffb07b6c000 	C:\WINDOWS\SYSTEM32\dhcpcsvc.DLL
0x00007ffb0b5e0000 - 0x00007ffb0b6ab000 	C:\WINDOWS\SYSTEM32\DNSAPI.dll
0x00007ffb0b400000 - 0x00007ffb0b433000 	C:\WINDOWS\system32\rsaenh.dll
0x00007ffb0cfb0000 - 0x00007ffb0cfd6000 	C:\WINDOWS\System32\bcrypt.dll
0x00007ffb0bfc0000 - 0x00007ffb0bfe5000 	C:\WINDOWS\SYSTEM32\USERENV.dll
0x00007ffb0ba60000 - 0x00007ffb0ba6c000 	C:\WINDOWS\SYSTEM32\CRYPTBASE.dll
0x0000000060900000 - 0x000000006090b000 	C:\Users\montbaga\Downloads\Katalon_Studio_Windows_64-7.8.1\Katalon_Studio_Windows_64-7.8.1\jre\bin\sunmscapi.dll
0x00007ffb0cdc0000 - 0x00007ffb0cf09000 	C:\WINDOWS\System32\CRYPT32.dll
0x00007ffb0c130000 - 0x00007ffb0c142000 	C:\WINDOWS\System32\MSASN1.dll
0x0000000060750000 - 0x00000000608e9000 	C:\Users\montbaga\Downloads\Katalon_Studio_Windows_64-7.8.1\Katalon_Studio_Windows_64-7.8.1\jre\bin\awt.dll
0x00007ffb0d660000 - 0x00007ffb0d725000 	C:\WINDOWS\System32\OLEAUT32.dll
0x00007ffb0a0e0000 - 0x00007ffb0a16f000 	C:\WINDOWS\SYSTEM32\apphelp.dll
0x00007ffb0a820000 - 0x00007ffb0a84d000 	C:\WINDOWS\system32\DWMAPI.DLL
0x00007ffb0a3f0000 - 0x00007ffb0a489000 	C:\WINDOWS\system32\uxtheme.dll
0x00007ffac8340000 - 0x00007ffac8496000 	C:\WINDOWS\system32\opengl32.dll
0x00007ffaefce0000 - 0x00007ffaefd0c000 	C:\WINDOWS\SYSTEM32\GLU32.dll
0x00007ffb0ad60000 - 0x00007ffb0ad80000 	C:\WINDOWS\SYSTEM32\dxcore.dll
0x00007ffb0d520000 - 0x00007ffb0d655000 	C:\WINDOWS\System32\MSCTF.dll
0x00007ffb0e4f0000 - 0x00007ffb0e647000 	C:\WINDOWS\System32\ole32.dll
0x00007ffae62d0000 - 0x00007ffae6497000 	C:\WINDOWS\system32\d3d9.dll
0x00007ffb02930000 - 0x00007ffb03071000 	C:\WINDOWS\SYSTEM32\d3d10warp.dll
0x00007ffb048b0000 - 0x00007ffb048ba000 	C:\Windows\System32\rasadhlp.dll
0x00007ffb08040000 - 0x00007ffb080b7000 	C:\WINDOWS\System32\fwpuclnt.dll
0x00007ffb027b0000 - 0x00007ffb027c6000 	C:\WINDOWS\system32\napinsp.dll
0x00007ffb027d0000 - 0x00007ffb027ea000 	C:\WINDOWS\system32\pnrpnsp.dll
0x00007ffb039e0000 - 0x00007ffb039ee000 	C:\WINDOWS\System32\winrnr.dll
0x00007ffb065c0000 - 0x00007ffb065dc000 	C:\WINDOWS\system32\NLAapi.dll
0x00007ffb03080000 - 0x00007ffb03095000 	C:\WINDOWS\system32\wshbth.dll

VM Arguments:
jvm_args: -Dgroovy.home=/C:/Users/montbaga/Downloads/Katalon_Studio_Windows_64-7.8.1/Katalon_Studio_Windows_64-7.8.1/plugins/org.codehaus.groovy_2.4.7.xx-201611170128-e46/ -Xmx2048m -Dfile.encoding=UTF-8 
java_command: org.codehaus.groovy.tools.GroovyStarter --classpath C:\Users\montbaga\Desktop\POC-BP\POC-BP\Include\scripts\groovy;C:\Users\montbaga\Desktop\POC-BP\POC-BP\Keywords;C:\Users\montbaga\Desktop\POC-BP\POC-BP\Libs;C:\Users\montbaga\Desktop\POC-BP\POC-BP\Test Listeners;C:\Users\montbaga\Desktop\POC-BP\POC-BP\Drivers\SparseBitSet-1.2.jar;C:\Users\montbaga\Desktop\POC-BP\POC-BP\Drivers\activation-1.1.1.jar;C:\Users\montbaga\Desktop\POC-BP\POC-BP\Drivers\commons-codec-1.13.jar;C:\Users\montbaga\Desktop\POC-BP\POC-BP\Drivers\commons-collections4-4.4.jar;C:\Users\montbaga\Desktop\POC-BP\POC-BP\Drivers\commons-compress-1.19.jar;C:\Users\montbaga\Desktop\POC-BP\POC-BP\Drivers\commons-logging-1.2.jar;C:\Users\montbaga\Desktop\POC-BP\POC-BP\Drivers\commons-math3-3.6.1.jar;C:\Users\montbaga\Desktop\POC-BP\POC-BP\Drivers\curvesapi-1.06.jar;C:\Users\montbaga\Desktop\POC-BP\POC-BP\Drivers\jaxb-api-2.3.1.jar;C:\Users\montbaga\Desktop\POC-BP\POC-BP\Drivers\jaxb-core-2.3.0.1.jar;C:\Users\montbaga\Desktop\POC-BP\POC-BP\Drivers\jaxb-impl-2.3.2.jar;C:\Users\montbaga\Desktop\POC-BP\POC-BP\Drivers\jdbc-oracle.jar;C:\Users\montbaga\Desktop\POC-BP\POC-BP\Drivers\junit-4.12.jar;C:\Users\montbaga\Desktop\POC-BP\POC-BP\Drivers\log4j-1.2.17.jar;C:\Users\montbaga\Desktop\POC-BP\POC-BP\Drivers\ojdbc6-11.2.0.3.jar;C:\Users\montbaga\Desktop\POC-BP\POC-BP\Drivers\ojdbc6.jar;C:\Users\montbaga\Desktop\POC-BP\POC-BP\Drivers\ojdbc7-12.1.0.2.jar;C:\Users\montbaga\Desktop\POC-BP\POC-BP\Drivers\ojdbc7.jar;C:\Users\montbaga\Desktop\POC-BP\POC-BP\Drivers\ojdbc8-19.3.0.0.jar;C:\Users\montbaga\Desktop\POC-BP\POC-BP\Drivers\ojdbc8.jar;C:\Users\montbaga\Desktop\POC-BP\POC-BP\Drivers\ons-19.3.0.0.jar;C:\Users\montbaga\Desktop\POC-BP\POC-BP\Drivers\ons.jar;C:\Users\montbaga\Desktop\POC-BP\POC-BP\Drivers\oraclepki-19.3.0.0.jar;C:\Users\montbaga\Desktop\POC-BP\POC-BP\Drivers\orai18n.jar;C:\Users\montbaga\Desktop\POC-BP\POC-BP\Drivers\osdt_cert-19.3.0.0.jar;C:\Users\montbaga\Desktop\POC-BP\POC-BP\Drivers\
java_class_path (initial): C:\Users\montbaga\Desktop\POC-BP\POC-BP\bin\keyword;C:\Users\montbaga\Desktop\POC-BP\POC-BP\bin\listener;C:\Users\montbaga\Desktop\POC-BP\POC-BP\bin\lib;C:\Users\montbaga\Desktop\POC-BP\POC-BP\bin\groovy;C:\Users\montbaga\Desktop\POC-BP\POC-BP\bin;C:\Users\montbaga\Downloads\Katalon_Studio_Windows_64-7.8.1\Katalon_Studio_Windows_64-7.8.1\plugins\com.kms.katalon.core_1.0.0.202012080734.jar;C:\Users\montbaga\Downloads\Katalon_Studio_Windows_64-7.8.1\Katalon_Studio_Windows_64-7.8.1\configuration\resources\lib\aalto-xml-1.0.0.jar;C:\Users\montbaga\Downloads\Katalon_Studio_Windows_64-7.8.1\Katalon_Studio_Windows_64-7.8.1\configuration\resources\lib\aspectjweaver-1.9.1.jar;C:\Users\montbaga\Downloads\Katalon_Studio_Windows_64-7.8.1\Katalon_Studio_Windows_64-7.8.1\configuration\resources\lib\bcpkix-jdk15on-1.64.jar;C:\Users\montbaga\Downloads\Katalon_Studio_Windows_64-7.8.1\Katalon_Studio_Windows_64-7.8.1\configuration\resources\lib\bcprov-jdk15on-1.64.jar;C:\Users\montbaga\Downloads\Katalon_Studio_Windows_64-7.8.1\Katalon_Studio_Windows_64-7.8.1\configuration\resources\lib\browsermob-core-2.1.5.jar;C:\Users\montbaga\Downloads\Katalon_Studio_Windows_64-7.8.1\Katalon_Studio_Windows_64-7.8.1\configuration\resources\lib\cglib-3.2.10.jar;C:\Users\montbaga\Downloads\Katalon_Studio_Windows_64-7.8.1\Katalon_Studio_Windows_64-7.8.1\configuration\resources\lib\commons-codec-1.10.jar;C:\Users\montbaga\Downloads\Katalon_Studio_Windows_64-7.8.1\Katalon_Studio_Windows_64-7.8.1\configuration\resources\lib\commons-collections4-4.1.jar;C:\Users\montbaga\Downloads\Katalon_Studio_Windows_64-7.8.1\Katalon_Studio_Windows_64-7.8.1\configuration\resources\lib\commons-validator-1.6.jar;C:\Users\montbaga\Downloads\Katalon_Studio_Windows_64-7.8.1\Katalon_Studio_Windows_64-7.8.1\configuration\resources\lib\curvesapi-1.04.jar;C:\Users\montbaga\Downloads\Katalon_Studio_Windows_64-7.8.1\Katalon_Studio_Windows_64-7.8.1\configuration\resources\lib\dnsjava-2.1.8.jar;C:\Users\
Launcher Type: SUN_STANDARD

Environment Variables:
PATH=C:/Users/montbaga/Downloads/Katalon_Studio_Windows_64-7.8.1/Katalon_Studio_Windows_64-7.8.1/jre/bin/server;C:/Users/montbaga/Downloads/Katalon_Studio_Windows_64-7.8.1/Katalon_Studio_Windows_64-7.8.1/jre/bin;C:/Users/montbaga/Downloads/Katalon_Studio_Windows_64-7.8.1/Katalon_Studio_Windows_64-7.8.1/jre/lib/amd64;C:\WINDOWS\system32;C:\WINDOWS;C:\WINDOWS\System32\Wbem;C:\WINDOWS\System32\WindowsPowerShell\v1.0\;C:\WINDOWS\System32\OpenSSH\;C:\ORA11G\Client\bin\;C:\Program Files\nodejs\;C:\Users\montbaga\AppData\Local\Microsoft\WindowsApps;C:\Users\montbaga\AppData\Local\Programs\Git\cmd;C:\Users\montbaga\AppData\Roaming\npm;C:\Users\montbaga\Downloads\Katalon_Studio_Windows_64-7.8.1\Katalon_Studio_Windows_64-7.8.1;
USERNAME=montbaga
OS=Windows_NT
PROCESSOR_IDENTIFIER=Intel64 Family 6 Model 45 Stepping 2, GenuineIntel



---------------  S Y S T E M  ---------------

OS: Windows 10.0 , 64 bit Build 18362 (10.0.18362.1110)

CPU:total 4 (initial active 4) (1 cores per cpu, 1 threads per core) family 6 model 45 stepping 2, cmov, cx8, fxsr, mmx, sse, sse2, sse3, ssse3, sse4.1, sse4.2, popcnt, avx, aes, clmul, tsc, tscinvbit, tscinv

Memory: 4k page, physical 16776172k(630692k free), swap 16980972k(5336k free)

vm_info: Java HotSpot(TM) 64-Bit Server VM (25.181-b13) for windows-amd64 JRE (1.8.0_181-b13), built on Jul  7 2018 04:01:33 by "java_re" with MS VC++ 10.0 (VS2010)

time: Mon Dec 21 06:10:20 2020
elapsed time: 17 seconds (0d 0h 0m 17s)

