#
# There is insufficient memory for the Java Runtime Environment to continue.
# Native memory allocation (malloc) failed to allocate 1162896 bytes for Chunk::new
# Possible reasons:
#   The system is out of physical RAM or swap space
#   In 32 bit mode, the process size limit was hit
# Possible solutions:
#   Reduce memory load on the system
#   Increase physical memory or swap space
#   Check if swap backing store is full
#   Use 64 bit Java on a 64 bit OS
#   Decrease Java heap size (-Xmx/-Xms)
#   Decrease number of Java threads
#   Decrease Java thread stack sizes (-Xss)
#   Set larger code cache with -XX:ReservedCodeCacheSize=
# This output file may be truncated or incomplete.
#
#  Out of Memory Error (allocation.cpp:390), pid=50504, tid=0x000000000000e5d8
#
# JRE version: Java(TM) SE Runtime Environment (8.0_181-b13) (build 1.8.0_181-b13)
# Java VM: Java HotSpot(TM) 64-Bit Server VM (25.181-b13 mixed mode windows-amd64 compressed oops)
# Failed to write core dump. Minidumps are not enabled by default on client versions of Windows
#

---------------  T H R E A D  ---------------

Current thread (0x00000000176c3000):  JavaThread "C2 CompilerThread1" daemon [_thread_in_native, id=58840, stack(0x0000000018dd0000,0x0000000018ed0000)]

Stack: [0x0000000018dd0000,0x0000000018ed0000]
[error occurred during error reporting (printing stack bounds), id 0xc0000005]

Native frames: (J=compiled Java code, j=interpreted, Vv=VM code, C=native code)


Current CompileTask:
C2:1771569 16042       4       net.sf.jasperreports.engine.export.JRPdfExporter::exportText (396 bytes)


---------------  P R O C E S S  ---------------

Java Threads: ( => current thread )
  0x00000000219b9000 JavaThread "Exec Stream Pumper" daemon [_thread_in_native, id=60144, stack(0x000000001d270000,0x000000001d370000)]
  0x00000000219c0000 JavaThread "Exec Stream Pumper" daemon [_thread_in_native, id=60732, stack(0x000000001d170000,0x000000001d270000)]
  0x00000000219ba800 JavaThread "Exec Default Executor" daemon [_thread_in_native, id=13116, stack(0x000000001d070000,0x000000001d170000)]
  0x000000001b8e0800 JavaThread "Okio Watchdog" daemon [_thread_blocked, id=53884, stack(0x000000001d380000,0x000000001d480000)]
  0x00000000216ab000 JavaThread "oracle.jdbc.driver.BlockSource.ThreadedCachingBlockSource.BlockReleaser" daemon [_thread_blocked, id=39648, stack(0x0000000024570000,0x0000000024670000)]
  0x00000000216a9800 JavaThread "mysql-cj-abandoned-connection-cleanup" daemon [_thread_blocked, id=50532, stack(0x0000000024470000,0x0000000024570000)]
  0x00000000216aa800 JavaThread "OkHttp ConnectionPool" daemon [_thread_blocked, id=7728, stack(0x0000000023e70000,0x0000000023f70000)]
  0x000000001b8dd800 JavaThread "AWT-Windows" daemon [_thread_in_native, id=58088, stack(0x000000001ce70000,0x000000001cf70000)]
  0x000000001b8dc000 JavaThread "Java2D Disposer" daemon [_thread_blocked, id=56692, stack(0x000000001cb70000,0x000000001cc70000)]
  0x00000000176de800 JavaThread "Service Thread" daemon [_thread_blocked, id=58244, stack(0x00000000193d0000,0x00000000194d0000)]
  0x0000000018ee8800 JavaThread "C1 CompilerThread2" daemon [_thread_blocked, id=57928, stack(0x00000000192d0000,0x00000000193d0000)]
=>0x00000000176c3000 JavaThread "C2 CompilerThread1" daemon [_thread_in_native, id=58840, stack(0x0000000018dd0000,0x0000000018ed0000)]
  0x00000000176a5000 JavaThread "C2 CompilerThread0" daemon [_thread_blocked, id=60424, stack(0x0000000018cd0000,0x0000000018dd0000)]
  0x00000000176a3800 JavaThread "Attach Listener" daemon [_thread_blocked, id=59524, stack(0x0000000018bd0000,0x0000000018cd0000)]
  0x000000001768b000 JavaThread "Signal Dispatcher" daemon [_thread_blocked, id=37536, stack(0x0000000018ad0000,0x0000000018bd0000)]
  0x000000001767f000 JavaThread "Finalizer" daemon [_thread_blocked, id=56476, stack(0x00000000188d0000,0x00000000189d0000)]
  0x0000000017676000 JavaThread "Reference Handler" daemon [_thread_blocked, id=60680, stack(0x00000000187d0000,0x00000000188d0000)]
  0x0000000002979800 JavaThread "main" [_thread_in_native, id=54552, stack(0x0000000002860000,0x0000000002960000)]

Other Threads:
  0x000000001764d000 VMThread [stack: 0x00000000186d0000,0x00000000187d0000] [id=57028]
  0x0000000018f43000 WatcherThread [stack: 0x00000000194d0000,0x00000000195d0000] [id=34380]

VM state:not at safepoint (normal execution)

VM Mutex/Monitor currently owned by a thread: None

Heap:
 PSYoungGen      total 540160K, used 66461K [0x00000000d5580000, 0x00000000fdb80000, 0x0000000100000000)
  eden space 513024K, 12% used [0x00000000d5580000,0x00000000d9667748,0x00000000f4a80000)
  from space 27136K, 0% used [0x00000000f4a80000,0x00000000f4a80000,0x00000000f6500000)
  to   space 27648K, 0% used [0x00000000fc080000,0x00000000fc080000,0x00000000fdb80000)
 ParOldGen       total 446976K, used 347364K [0x0000000080000000, 0x000000009b480000, 0x00000000d5580000)
  object space 446976K, 77% used [0x0000000080000000,0x0000000095339168,0x000000009b480000)
 Metaspace       used 75208K, capacity 81898K, committed 82176K, reserved 1120256K
  class space    used 8814K, capacity 10998K, committed 11008K, reserved 1048576K

Card table byte_map: [0x0000000011e20000,0x0000000012230000] byte_map_base: 0x0000000011a20000

Marking Bits: (ParMarkBitMap*) 0x00000000616f2d00
 Begin Bits: [0x00000000128e0000, 0x00000000148e0000)
 End Bits:   [0x00000000148e0000, 0x00000000168e0000)

Polling page: 0x0000000000a80000

CodeCache: size=245760Kb used=50917Kb max_used=50922Kb free=194842Kb
 bounds [0x0000000002a60000, 0x0000000005c70000, 0x0000000011a60000]
 total_blobs=13307 nmethods=12308 adapters=909
 compilation: enabled

Compilation events (10 events):
Event: 1771.386 Thread 0x00000000176a5000 16043       4       com.lowagie.text.pdf.PdfContentByte::setFontAndSize (138 bytes)
Event: 1771.441 Thread 0x00000000176a5000 nmethod 16043 0x0000000005c31cd0 code [0x0000000005c31f00, 0x0000000005c33768]
Event: 1771.472 Thread 0x00000000176a5000 16044       4       net.sf.jasperreports.engine.export.JRPdfExporterTagHelper::startText (47 bytes)
Event: 1771.473 Thread 0x00000000176a5000 nmethod 16044 0x0000000005ba4dd0 code [0x0000000005ba4f00, 0x0000000005ba4f78]
Event: 1771.475 Thread 0x0000000018ee8800 16045       1       net.sf.jasperreports.engine.export.AbstractTextRenderer::getFontRenderContext (4 bytes)
Event: 1771.475 Thread 0x0000000018ee8800 nmethod 16045 0x0000000005c31a10 code [0x0000000005c31b60, 0x0000000005c31c70]
Event: 1771.556 Thread 0x0000000018ee8800 16046       3       net.sf.jasperreports.engine.base.JRBaseStyle::getForecolor (5 bytes)
Event: 1771.556 Thread 0x0000000018ee8800 nmethod 16046 0x0000000005c31290 code [0x0000000005c31420, 0x0000000005c31878]
Event: 1771.556 Thread 0x0000000018ee8800 16047       3       net.sf.jasperreports.engine.util.JRStyleResolver::getForecolor (31 bytes)
Event: 1771.557 Thread 0x0000000018ee8800 nmethod 16047 0x0000000005c38790 code [0x0000000005c38960, 0x0000000005c39048]

GC Heap History (10 events):
Event: 1762.068 GC heap before
{Heap before GC invocations=1092 (full 7):
 PSYoungGen      total 537600K, used 523606K [0x00000000d5580000, 0x00000000f7f80000, 0x0000000100000000)
  eden space 513024K, 100% used [0x00000000d5580000,0x00000000f4a80000,0x00000000f4a80000)
  from space 24576K, 43% used [0x00000000f6780000,0x00000000f71d5be0,0x00000000f7f80000)
  to   space 27136K, 0% used [0x00000000f4a80000,0x00000000f4a80000,0x00000000f6500000)
 ParOldGen       total 428032K, used 327428K [0x0000000080000000, 0x000000009a200000, 0x00000000d5580000)
  object space 428032K, 76% used [0x0000000080000000,0x0000000093fc1190,0x000000009a200000)
 Metaspace       used 72593K, capacity 78978K, committed 79232K, reserved 1118208K
  class space    used 8587K, capacity 10792K, committed 10880K, reserved 1048576K
Event: 1762.101 GC heap after
Heap after GC invocations=1092 (full 7):
 PSYoungGen      total 540160K, used 15887K [0x00000000d5580000, 0x00000000fdb80000, 0x0000000100000000)
  eden space 513024K, 0% used [0x00000000d5580000,0x00000000d5580000,0x00000000f4a80000)
  from space 27136K, 58% used [0x00000000f4a80000,0x00000000f5a03d20,0x00000000f6500000)
  to   space 27648K, 0% used [0x00000000fc080000,0x00000000fc080000,0x00000000fdb80000)
 ParOldGen       total 428032K, used 332499K [0x0000000080000000, 0x000000009a200000, 0x00000000d5580000)
  object space 428032K, 77% used [0x0000000080000000,0x00000000944b4ec0,0x000000009a200000)
 Metaspace       used 72593K, capacity 78978K, committed 79232K, reserved 1118208K
  class space    used 8587K, capacity 10792K, committed 10880K, reserved 1048576K
}
Event: 1764.344 GC heap before
{Heap before GC invocations=1093 (full 7):
 PSYoungGen      total 540160K, used 528911K [0x00000000d5580000, 0x00000000fdb80000, 0x0000000100000000)
  eden space 513024K, 100% used [0x00000000d5580000,0x00000000f4a80000,0x00000000f4a80000)
  from space 27136K, 58% used [0x00000000f4a80000,0x00000000f5a03d20,0x00000000f6500000)
  to   space 27648K, 0% used [0x00000000fc080000,0x00000000fc080000,0x00000000fdb80000)
 ParOldGen       total 428032K, used 332499K [0x0000000080000000, 0x000000009a200000, 0x00000000d5580000)
  object space 428032K, 77% used [0x0000000080000000,0x00000000944b4ec0,0x000000009a200000)
 Metaspace       used 72808K, capacity 79358K, committed 79488K, reserved 1118208K
  class space    used 8605K, capacity 10816K, committed 10880K, reserved 1048576K
Event: 1764.403 GC heap after
Heap after GC invocations=1093 (full 7):
 PSYoungGen      total 540672K, used 27622K [0x00000000d5580000, 0x00000000fdb80000, 0x0000000100000000)
  eden space 513024K, 0% used [0x00000000d5580000,0x00000000d5580000,0x00000000f4a80000)
  from space 27648K, 99% used [0x00000000fc080000,0x00000000fdb79b40,0x00000000fdb80000)
  to   space 27136K, 0% used [0x00000000f4a80000,0x00000000f4a80000,0x00000000f6500000)
 ParOldGen       total 428032K, used 347998K [0x0000000080000000, 0x000000009a200000, 0x00000000d5580000)
  object space 428032K, 81% used [0x0000000080000000,0x00000000953d7bc0,0x000000009a200000)
 Metaspace       used 72808K, capacity 79358K, committed 79488K, reserved 1118208K
  class space    used 8605K, capacity 10816K, committed 10880K, reserved 1048576K
}
Event: 1767.447 GC heap before
{Heap before GC invocations=1094 (full 7):
 PSYoungGen      total 540672K, used 540646K [0x00000000d5580000, 0x00000000fdb80000, 0x0000000100000000)
  eden space 513024K, 100% used [0x00000000d5580000,0x00000000f4a80000,0x00000000f4a80000)
  from space 27648K, 99% used [0x00000000fc080000,0x00000000fdb79b40,0x00000000fdb80000)
  to   space 27136K, 0% used [0x00000000f4a80000,0x00000000f4a80000,0x00000000f6500000)
 ParOldGen       total 428032K, used 347998K [0x0000000080000000, 0x000000009a200000, 0x00000000d5580000)
  object space 428032K, 81% used [0x0000000080000000,0x00000000953d7bc0,0x000000009a200000)
 Metaspace       used 75137K, capacity 81764K, committed 81920K, reserved 1120256K
  class space    used 8812K, capacity 10997K, committed 11008K, reserved 1048576K
Event: 1767.514 GC heap after
Heap after GC invocations=1094 (full 7):
 PSYoungGen      total 540160K, used 22749K [0x00000000d5580000, 0x00000000fdb80000, 0x0000000100000000)
  eden space 513024K, 0% used [0x00000000d5580000,0x00000000d5580000,0x00000000f4a80000)
  from space 27136K, 83% used [0x00000000f4a80000,0x00000000f60b7430,0x00000000f6500000)
  to   space 27648K, 0% used [0x00000000fc080000,0x00000000fc080000,0x00000000fdb80000)
 ParOldGen       total 428032K, used 383687K [0x0000000080000000, 0x000000009a200000, 0x00000000d5580000)
  object space 428032K, 89% used [0x0000000080000000,0x00000000976b1e10,0x000000009a200000)
 Metaspace       used 75137K, capacity 81764K, committed 81920K, reserved 1120256K
  class space    used 8812K, capacity 10997K, committed 11008K, reserved 1048576K
}
Event: 1770.541 GC heap before
{Heap before GC invocations=1095 (full 7):
 PSYoungGen      total 540160K, used 535760K [0x00000000d5580000, 0x00000000fdb80000, 0x0000000100000000)
  eden space 513024K, 99% used [0x00000000d5580000,0x00000000f4a7cdd8,0x00000000f4a80000)
  from space 27136K, 83% used [0x00000000f4a80000,0x00000000f60b7430,0x00000000f6500000)
  to   space 27648K, 0% used [0x00000000fc080000,0x00000000fc080000,0x00000000fdb80000)
 ParOldGen       total 428032K, used 383687K [0x0000000080000000, 0x000000009a200000, 0x00000000d5580000)
  object space 428032K, 89% used [0x0000000080000000,0x00000000976b1e10,0x000000009a200000)
 Metaspace       used 75208K, capacity 81898K, committed 82176K, reserved 1120256K
  class space    used 8814K, capacity 10998K, committed 11008K, reserved 1048576K
Event: 1770.663 GC heap after
Heap after GC invocations=1095 (full 7):
 PSYoungGen      total 540160K, used 535760K [0x00000000d5580000, 0x00000000fdb80000, 0x0000000100000000)
  eden space 513024K, 99% used [0x00000000d5580000,0x00000000f4a7cdd8,0x00000000f4a80000)
  from space 27136K, 83% used [0x00000000f4a80000,0x00000000f60b7430,0x00000000f6500000)
  to   space 27648K, 99% used [0x00000000fc080000,0x00000000fdb44c60,0x00000000fdb80000)
 ParOldGen       total 446976K, used 446831K [0x0000000080000000, 0x000000009b480000, 0x00000000d5580000)
  object space 446976K, 99% used [0x0000000080000000,0x000000009b45bd30,0x000000009b480000)
 Metaspace       used 75208K, capacity 81898K, committed 82176K, reserved 1120256K
  class space    used 8814K, capacity 10998K, committed 11008K, reserved 1048576K
}
Event: 1770.663 GC heap before
{Heap before GC invocations=1096 (full 8):
 PSYoungGen      total 540160K, used 535760K [0x00000000d5580000, 0x00000000fdb80000, 0x0000000100000000)
  eden space 513024K, 99% used [0x00000000d5580000,0x00000000f4a7cdd8,0x00000000f4a80000)
  from space 27136K, 83% used [0x00000000f4a80000,0x00000000f60b7430,0x00000000f6500000)
  to   space 27648K, 99% used [0x00000000fc080000,0x00000000fdb44c60,0x00000000fdb80000)
 ParOldGen       total 446976K, used 446831K [0x0000000080000000, 0x000000009b480000, 0x00000000d5580000)
  object space 446976K, 99% used [0x0000000080000000,0x000000009b45bd30,0x000000009b480000)
 Metaspace       used 75208K, capacity 81898K, committed 82176K, reserved 1120256K
  class space    used 8814K, capacity 10998K, committed 11008K, reserved 1048576K
Event: 1771.081 GC heap after
Heap after GC invocations=1096 (full 8):
 PSYoungGen      total 540160K, used 0K [0x00000000d5580000, 0x00000000fdb80000, 0x0000000100000000)
  eden space 513024K, 0% used [0x00000000d5580000,0x00000000d5580000,0x00000000f4a80000)
  from space 27136K, 0% used [0x00000000f4a80000,0x00000000f4a80000,0x00000000f6500000)
  to   space 27648K, 0% used [0x00000000fc080000,0x00000000fc080000,0x00000000fdb80000)
 ParOldGen       total 446976K, used 347364K [0x0000000080000000, 0x000000009b480000, 0x00000000d5580000)
  object space 446976K, 77% used [0x0000000080000000,0x0000000095339168,0x000000009b480000)
 Metaspace       used 75208K, capacity 81898K, committed 82176K, reserved 1120256K
  class space    used 8814K, capacity 10998K, committed 11008K, reserved 1048576K
}

Deoptimization events (10 events):
Event: 1767.515 Thread 0x000000001767f000 Uncommon trap: reason=unstable_if action=reinterpret pc=0x00000000030c81f8 method=java.util.zip.Deflater.end()V @ 25
Event: 1767.515 Thread 0x000000001767f000 Uncommon trap: reason=unstable_if action=reinterpret pc=0x0000000003e558f8 method=java.util.zip.Deflater.end()V @ 25
Event: 1767.694 Thread 0x0000000002979800 Uncommon trap: reason=unstable_if action=reinterpret pc=0x0000000005b6aa5c method=com.lowagie.text.pdf.BidiLine.processLine(FFIII)Lcom/lowagie/text/pdf/PdfLine; @ 848
Event: 1769.557 Thread 0x0000000002979800 Uncommon trap: reason=unstable_if action=reinterpret pc=0x0000000005b46198 method=com.lowagie.text.pdf.BidiLine.addPiece(CLcom/lowagie/text/pdf/PdfChunk;)V @ 8
Event: 1770.249 Thread 0x0000000002979800 Uncommon trap: reason=unstable_if action=reinterpret pc=0x0000000005bdb8d4 method=net.sf.jasperreports.engine.util.JRStyleResolver.getPdfFontName(Lnet/sf/jasperreports/engine/JRStyle;)Ljava/lang/String; @ 19
Event: 1770.249 Thread 0x0000000002979800 Uncommon trap: reason=unstable_if action=reinterpret pc=0x0000000005bd8c54 method=net.sf.jasperreports.engine.util.JRStyleResolver.getPdfEncoding(Lnet/sf/jasperreports/engine/JRStyle;)Ljava/lang/String; @ 19
Event: 1770.249 Thread 0x0000000002979800 Uncommon trap: reason=unstable_if action=reinterpret pc=0x0000000005bdcfbc method=net.sf.jasperreports.engine.util.JRStyleResolver.isPdfEmbedded(Lnet/sf/jasperreports/engine/JRStyle;)Ljava/lang/Boolean; @ 19
Event: 1770.249 Thread 0x0000000002979800 Uncommon trap: reason=unstable_if action=reinterpret pc=0x0000000005bc6d4c method=net.sf.jasperreports.engine.util.JRStyleResolver.getBackcolor(Lnet/sf/jasperreports/engine/JRStyle;)Ljava/awt/Color; @ 19
Event: 1770.447 Thread 0x0000000002979800 Uncommon trap: reason=null_check action=make_not_entrant pc=0x0000000005c20a7c method=com.lowagie.text.pdf.PdfChunk.<init>(Lcom/lowagie/text/Chunk;Lcom/lowagie/text/pdf/PdfAction;)V @ 344
Event: 1771.083 Thread 0x0000000017676000 Uncommon trap: reason=unstable_if action=reinterpret pc=0x0000000003440038 method=java.lang.ref.Reference.tryHandlePending(Z)Z @ 20

Classes redefined (0 events):
No events

Internal exceptions (10 events):
Event: 1765.650 Thread 0x00000000219bf800 Exception <a 'java/security/PrivilegedActionException'> (0x00000000e6e90170) thrown at [C:\re\workspace\8-2-build-windows-amd64-cygwin\jdk8u181\11358\hotspot\src\share\vm\prims\jvm.cpp, line 1435]
Event: 1765.650 Thread 0x00000000219bf800 Exception <a 'java/security/PrivilegedActionException'> (0x00000000e6e97610) thrown at [C:\re\workspace\8-2-build-windows-amd64-cygwin\jdk8u181\11358\hotspot\src\share\vm\prims\jvm.cpp, line 1435]
Event: 1765.650 Thread 0x00000000219bf800 Exception <a 'java/security/PrivilegedActionException'> (0x00000000e6e97dd8) thrown at [C:\re\workspace\8-2-build-windows-amd64-cygwin\jdk8u181\11358\hotspot\src\share\vm\prims\jvm.cpp, line 1435]
Event: 1765.712 Thread 0x00000000219bf800 Exception <a 'java/lang/ClassNotFoundException': summaryTestCase_1605772719896_42072BeanInfo> (0x00000000eaaa5e48) thrown at [C:\re\workspace\8-2-build-windows-amd64-cygwin\jdk8u181\11358\hotspot\src\share\vm\classfile\systemDictionary.cpp, line 210]
Event: 1765.713 Thread 0x00000000219bf800 Exception <a 'java/lang/ClassNotFoundException': summaryTestCase_1605772719896_42072Customizer> (0x00000000eaacb9a0) thrown at [C:\re\workspace\8-2-build-windows-amd64-cygwin\jdk8u181\11358\hotspot\src\share\vm\classfile\systemDictionary.cpp, line 210]
Event: 1765.891 Thread 0x00000000219be800 Exception <a 'java/lang/ClassNotFoundException': sun/net/www/protocol/c/Handler> (0x00000000ebd29250) thrown at [C:\re\workspace\8-2-build-windows-amd64-cygwin\jdk8u181\11358\hotspot\src\share\vm\classfile\systemDictionary.cpp, line 210]
Event: 1765.988 Thread 0x00000000219be800 Exception <a 'java/lang/ClassNotFoundException': sun/net/www/protocol/c/Handler> (0x00000000ec6e0110) thrown at [C:\re\workspace\8-2-build-windows-amd64-cygwin\jdk8u181\11358\hotspot\src\share\vm\classfile\systemDictionary.cpp, line 210]
Event: 1766.100 Thread 0x00000000219be800 Exception <a 'java/lang/ClassNotFoundException': sun/net/www/protocol/c/Handler> (0x00000000ed04d5b8) thrown at [C:\re\workspace\8-2-build-windows-amd64-cygwin\jdk8u181\11358\hotspot\src\share\vm\classfile\systemDictionary.cpp, line 210]
Event: 1766.552 Thread 0x0000000002979800 Implicit null exception at 0x000000000342db4c to 0x000000000342db91
Event: 1766.914 Thread 0x0000000002979800 Implicit null exception at 0x000000000508b3d3 to 0x000000000508d5fd

Events (10 events):
Event: 1770.249 Thread 0x0000000002979800 DEOPT PACKING pc=0x0000000005bc6d4c sp=0x000000000295c8b0
Event: 1770.249 Thread 0x0000000002979800 DEOPT UNPACKING pc=0x0000000002aa583b sp=0x000000000295c6c8 mode 2
Event: 1770.447 Thread 0x0000000002979800 Uncommon trap: trap_request=0xfffffff4 fr.pc=0x0000000005c20a7c
Event: 1770.447 Thread 0x0000000002979800 DEOPT PACKING pc=0x0000000005c20a7c sp=0x000000000295caa0
Event: 1770.447 Thread 0x0000000002979800 DEOPT UNPACKING pc=0x0000000002aa583b sp=0x000000000295ca70 mode 2
Event: 1770.541 Executing VM operation: ParallelGCFailedAllocation
Event: 1771.083 Executing VM operation: ParallelGCFailedAllocation done
Event: 1771.083 Thread 0x0000000017676000 Uncommon trap: trap_request=0xffffff65 fr.pc=0x0000000003440038
Event: 1771.083 Thread 0x0000000017676000 DEOPT PACKING pc=0x0000000003440038 sp=0x00000000188cf260
Event: 1771.083 Thread 0x0000000017676000 DEOPT UNPACKING pc=0x0000000002aa583b sp=0x00000000188cf210 mode 2


Dynamic libraries:
0x00007ff665f80000 - 0x00007ff665fb7000 	C:\Users\montbaga\Downloads\Katalon_Studio_Windows_64-7.7.2\Katalon_Studio_Windows_64-7.7.2\jre\bin\javaw.exe
0x00007ffb0f1e0000 - 0x00007ffb0f3d0000 	C:\WINDOWS\SYSTEM32\ntdll.dll
0x00007ffb0d730000 - 0x00007ffb0d7e2000 	C:\WINDOWS\System32\KERNEL32.DLL
0x00007ffb0cfe0000 - 0x00007ffb0d285000 	C:\WINDOWS\System32\KERNELBASE.dll
0x00007ffb0e700000 - 0x00007ffb0e7a3000 	C:\WINDOWS\System32\ADVAPI32.dll
0x00007ffb0e450000 - 0x00007ffb0e4ee000 	C:\WINDOWS\System32\msvcrt.dll
0x00007ffb0e3a0000 - 0x00007ffb0e437000 	C:\WINDOWS\System32\sechost.dll
0x00007ffb0dad0000 - 0x00007ffb0dbf0000 	C:\WINDOWS\System32\RPCRT4.dll
0x00007ffb0e8a0000 - 0x00007ffb0ea34000 	C:\WINDOWS\System32\USER32.dll
0x00007ffb0c460000 - 0x00007ffb0c481000 	C:\WINDOWS\System32\win32u.dll
0x00007ffb0f140000 - 0x00007ffb0f166000 	C:\WINDOWS\System32\GDI32.dll
0x00007ffb0c2c0000 - 0x00007ffb0c456000 	C:\WINDOWS\System32\gdi32full.dll
0x00007ffb0cf10000 - 0x00007ffb0cfae000 	C:\WINDOWS\System32\msvcp_win.dll
0x00007ffb0c490000 - 0x00007ffb0c58a000 	C:\WINDOWS\System32\ucrtbase.dll
0x00007ffafbfc0000 - 0x00007ffafc244000 	C:\WINDOWS\WinSxS\amd64_microsoft.windows.common-controls_6595b64144ccf1df_6.0.18362.1139_none_9e7bf2d3e4605ac6\COMCTL32.dll
0x00007ffb0e060000 - 0x00007ffb0e395000 	C:\WINDOWS\System32\combase.dll
0x00007ffb0c1f0000 - 0x00007ffb0c270000 	C:\WINDOWS\System32\bcryptPrimitives.dll
0x00007ffb0f170000 - 0x00007ffb0f19e000 	C:\WINDOWS\System32\IMM32.DLL
0x0000000060df0000 - 0x0000000060ec2000 	C:\Users\montbaga\Downloads\Katalon_Studio_Windows_64-7.7.2\Katalon_Studio_Windows_64-7.7.2\jre\bin\msvcr100.dll
0x0000000060ed0000 - 0x0000000061772000 	C:\Users\montbaga\Downloads\Katalon_Studio_Windows_64-7.7.2\Katalon_Studio_Windows_64-7.7.2\jre\bin\server\jvm.dll
0x00007ffb0ea40000 - 0x00007ffb0ea48000 	C:\WINDOWS\System32\PSAPI.DLL
0x00007ffb00ac0000 - 0x00007ffb00ac9000 	C:\WINDOWS\SYSTEM32\WSOCK32.dll
0x00007ffb0a1e0000 - 0x00007ffb0a204000 	C:\WINDOWS\SYSTEM32\WINMM.dll
0x00007ffb03da0000 - 0x00007ffb03daa000 	C:\WINDOWS\SYSTEM32\VERSION.dll
0x00007ffb0a1b0000 - 0x00007ffb0a1dd000 	C:\WINDOWS\SYSTEM32\winmmbase.dll
0x00007ffb0c270000 - 0x00007ffb0c2ba000 	C:\WINDOWS\System32\cfgmgr32.dll
0x00007ffb0d2a0000 - 0x00007ffb0d30f000 	C:\WINDOWS\System32\WS2_32.dll
0x0000000061cc0000 - 0x0000000061ccf000 	C:\Users\montbaga\Downloads\Katalon_Studio_Windows_64-7.7.2\Katalon_Studio_Windows_64-7.7.2\jre\bin\verify.dll
0x0000000061c90000 - 0x0000000061cb9000 	C:\Users\montbaga\Downloads\Katalon_Studio_Windows_64-7.7.2\Katalon_Studio_Windows_64-7.7.2\jre\bin\java.dll
0x0000000061c70000 - 0x0000000061c86000 	C:\Users\montbaga\Downloads\Katalon_Studio_Windows_64-7.7.2\Katalon_Studio_Windows_64-7.7.2\jre\bin\zip.dll
0x00007ffb0ea50000 - 0x00007ffb0f137000 	C:\WINDOWS\System32\SHELL32.dll
0x00007ffb0e650000 - 0x00007ffb0e6f9000 	C:\WINDOWS\System32\shcore.dll
0x00007ffb0c640000 - 0x00007ffb0cdc0000 	C:\WINDOWS\System32\windows.storage.dll
0x00007ffb0c100000 - 0x00007ffb0c123000 	C:\WINDOWS\System32\profapi.dll
0x00007ffb0c0b0000 - 0x00007ffb0c0fa000 	C:\WINDOWS\System32\powrprof.dll
0x00007ffb0c0a0000 - 0x00007ffb0c0b0000 	C:\WINDOWS\System32\UMPDC.dll
0x00007ffb0d4c0000 - 0x00007ffb0d512000 	C:\WINDOWS\System32\shlwapi.dll
0x00007ffb0c150000 - 0x00007ffb0c161000 	C:\WINDOWS\System32\kernel.appcore.dll
0x00007ffb0c170000 - 0x00007ffb0c187000 	C:\WINDOWS\System32\cryptsp.dll
0x0000000061c50000 - 0x0000000061c6a000 	C:\Users\montbaga\Downloads\Katalon_Studio_Windows_64-7.7.2\Katalon_Studio_Windows_64-7.7.2\jre\bin\net.dll
0x00007ffb0b890000 - 0x00007ffb0b8f7000 	C:\WINDOWS\system32\mswsock.dll
0x0000000061c30000 - 0x0000000061c41000 	C:\Users\montbaga\Downloads\Katalon_Studio_Windows_64-7.7.2\Katalon_Studio_Windows_64-7.7.2\jre\bin\nio.dll
0x0000000061a30000 - 0x0000000061bc9000 	C:\Users\montbaga\Downloads\Katalon_Studio_Windows_64-7.7.2\Katalon_Studio_Windows_64-7.7.2\jre\bin\awt.dll
0x00007ffb0d660000 - 0x00007ffb0d725000 	C:\WINDOWS\System32\OLEAUT32.dll
0x00007ffb0a0e0000 - 0x00007ffb0a16f000 	C:\WINDOWS\SYSTEM32\apphelp.dll
0x00007ffb0a820000 - 0x00007ffb0a84d000 	C:\WINDOWS\system32\DWMAPI.DLL
0x00007ffb0a3f0000 - 0x00007ffb0a489000 	C:\WINDOWS\system32\uxtheme.dll
0x00007ffac8340000 - 0x00007ffac8496000 	C:\WINDOWS\system32\opengl32.dll
0x00007ffaefce0000 - 0x00007ffaefd0c000 	C:\WINDOWS\SYSTEM32\GLU32.dll
0x00007ffb0ad60000 - 0x00007ffb0ad80000 	C:\WINDOWS\SYSTEM32\dxcore.dll
0x00007ffb0d520000 - 0x00007ffb0d655000 	C:\WINDOWS\System32\MSCTF.dll
0x00007ffb0e4f0000 - 0x00007ffb0e647000 	C:\WINDOWS\System32\ole32.dll
0x00007ffb0b5e0000 - 0x00007ffb0b6ab000 	C:\WINDOWS\SYSTEM32\DNSAPI.dll
0x00007ffb0e440000 - 0x00007ffb0e448000 	C:\WINDOWS\System32\NSI.dll
0x00007ffb0b5a0000 - 0x00007ffb0b5da000 	C:\WINDOWS\SYSTEM32\IPHLPAPI.DLL
0x00007ffb048b0000 - 0x00007ffb048ba000 	C:\Windows\System32\rasadhlp.dll
0x00007ffb08040000 - 0x00007ffb080b7000 	C:\WINDOWS\System32\fwpuclnt.dll
0x00007ffb0cfb0000 - 0x00007ffb0cfd6000 	C:\WINDOWS\System32\bcrypt.dll
0x0000000061bf0000 - 0x0000000061c14000 	C:\Users\montbaga\Downloads\Katalon_Studio_Windows_64-7.7.2\Katalon_Studio_Windows_64-7.7.2\jre\bin\sunec.dll
0x0000000061be0000 - 0x0000000061beb000 	C:\Users\montbaga\Downloads\Katalon_Studio_Windows_64-7.7.2\Katalon_Studio_Windows_64-7.7.2\jre\bin\sunmscapi.dll
0x00007ffb0cdc0000 - 0x00007ffb0cf09000 	C:\WINDOWS\System32\CRYPT32.dll
0x00007ffb0c130000 - 0x00007ffb0c142000 	C:\WINDOWS\System32\MSASN1.dll
0x00007ffb07c90000 - 0x00007ffb07ca6000 	C:\WINDOWS\SYSTEM32\dhcpcsvc6.DLL
0x00007ffb07b50000 - 0x00007ffb07b6c000 	C:\WINDOWS\SYSTEM32\dhcpcsvc.DLL
0x00007ffb0b400000 - 0x00007ffb0b433000 	C:\WINDOWS\system32\rsaenh.dll
0x00007ffb0bfc0000 - 0x00007ffb0bfe5000 	C:\WINDOWS\SYSTEM32\USERENV.dll
0x00007ffb0ba60000 - 0x00007ffb0ba6c000 	C:\WINDOWS\SYSTEM32\CRYPTBASE.dll
0x00007ffb027b0000 - 0x00007ffb027c6000 	C:\WINDOWS\system32\napinsp.dll
0x00007ffb027d0000 - 0x00007ffb027ea000 	C:\WINDOWS\system32\pnrpnsp.dll
0x00007ffb039e0000 - 0x00007ffb039ee000 	C:\WINDOWS\System32\winrnr.dll
0x00007ffb065c0000 - 0x00007ffb065dc000 	C:\WINDOWS\system32\NLAapi.dll
0x00007ffb03080000 - 0x00007ffb03095000 	C:\WINDOWS\system32\wshbth.dll
0x0000000061bd0000 - 0x0000000061bdd000 	C:\Users\montbaga\Downloads\Katalon_Studio_Windows_64-7.7.2\Katalon_Studio_Windows_64-7.7.2\jre\bin\management.dll
0x00000000619e0000 - 0x0000000061a27000 	C:\Users\montbaga\Downloads\Katalon_Studio_Windows_64-7.7.2\Katalon_Studio_Windows_64-7.7.2\jre\bin\fontmanager.dll
0x0000000060da0000 - 0x0000000060de2000 	C:\Users\montbaga\Downloads\Katalon_Studio_Windows_64-7.7.2\Katalon_Studio_Windows_64-7.7.2\jre\bin\t2k.dll

VM Arguments:
jvm_args: -Dgroovy.home=/C:/Users/montbaga/Downloads/Katalon_Studio_Windows_64-7.7.2/Katalon_Studio_Windows_64-7.7.2/plugins/org.codehaus.groovy_2.4.7.xx-201611170128-e46/ -Xmx2048m -Dfile.encoding=UTF-8 
java_command: org.codehaus.groovy.tools.GroovyStarter --classpath C:\Users\montbaga\Desktop\POC-BP\POC-BP\Include\scripts\groovy;C:\Users\montbaga\Desktop\POC-BP\POC-BP\Keywords;C:\Users\montbaga\Desktop\POC-BP\POC-BP\Libs;C:\Users\montbaga\Desktop\POC-BP\POC-BP\Test Listeners;C:\Users\montbaga\Desktop\POC-BP\POC-BP\Drivers\SparseBitSet-1.2.jar;C:\Users\montbaga\Desktop\POC-BP\POC-BP\Drivers\activation-1.1.1.jar;C:\Users\montbaga\Desktop\POC-BP\POC-BP\Drivers\commons-codec-1.13.jar;C:\Users\montbaga\Desktop\POC-BP\POC-BP\Drivers\commons-collections4-4.4.jar;C:\Users\montbaga\Desktop\POC-BP\POC-BP\Drivers\commons-compress-1.19.jar;C:\Users\montbaga\Desktop\POC-BP\POC-BP\Drivers\commons-logging-1.2.jar;C:\Users\montbaga\Desktop\POC-BP\POC-BP\Drivers\commons-math3-3.6.1.jar;C:\Users\montbaga\Desktop\POC-BP\POC-BP\Drivers\curvesapi-1.06.jar;C:\Users\montbaga\Desktop\POC-BP\POC-BP\Drivers\jaxb-api-2.3.1.jar;C:\Users\montbaga\Desktop\POC-BP\POC-BP\Drivers\jaxb-core-2.3.0.1.jar;C:\Users\montbaga\Desktop\POC-BP\POC-BP\Drivers\jaxb-impl-2.3.2.jar;C:\Users\montbaga\Desktop\POC-BP\POC-BP\Drivers\jdbc-oracle.jar;C:\Users\montbaga\Desktop\POC-BP\POC-BP\Drivers\junit-4.12.jar;C:\Users\montbaga\Desktop\POC-BP\POC-BP\Drivers\log4j-1.2.17.jar;C:\Users\montbaga\Desktop\POC-BP\POC-BP\Drivers\ojdbc6-11.2.0.3.jar;C:\Users\montbaga\Desktop\POC-BP\POC-BP\Drivers\ojdbc6.jar;C:\Users\montbaga\Desktop\POC-BP\POC-BP\Drivers\ojdbc7-12.1.0.2.jar;C:\Users\montbaga\Desktop\POC-BP\POC-BP\Drivers\ojdbc7.jar;C:\Users\montbaga\Desktop\POC-BP\POC-BP\Drivers\ojdbc8-19.3.0.0.jar;C:\Users\montbaga\Desktop\POC-BP\POC-BP\Drivers\ojdbc8.jar;C:\Users\montbaga\Desktop\POC-BP\POC-BP\Drivers\ons-19.3.0.0.jar;C:\Users\montbaga\Desktop\POC-BP\POC-BP\Drivers\ons.jar;C:\Users\montbaga\Desktop\POC-BP\POC-BP\Drivers\oraclepki-19.3.0.0.jar;C:\Users\montbaga\Desktop\POC-BP\POC-BP\Drivers\orai18n.jar;C:\Users\montbaga\Desktop\POC-BP\POC-BP\Drivers\osdt_cert-19.3.0.0.jar;C:\Users\montbaga\Desktop\POC-BP\POC-BP\Drivers\
java_class_path (initial): C:\Users\montbaga\Desktop\POC-BP\POC-BP\bin\keyword;C:\Users\montbaga\Desktop\POC-BP\POC-BP\bin\listener;C:\Users\montbaga\Desktop\POC-BP\POC-BP\bin\lib;C:\Users\montbaga\Desktop\POC-BP\POC-BP\bin\groovy;C:\Users\montbaga\Desktop\POC-BP\POC-BP\bin;C:\Users\montbaga\Downloads\Katalon_Studio_Windows_64-7.7.2\Katalon_Studio_Windows_64-7.7.2\plugins\com.kms.katalon.core_1.0.0.202010010516.jar;C:\Users\montbaga\Downloads\Katalon_Studio_Windows_64-7.7.2\Katalon_Studio_Windows_64-7.7.2\configuration\resources\lib\aalto-xml-1.0.0.jar;C:\Users\montbaga\Downloads\Katalon_Studio_Windows_64-7.7.2\Katalon_Studio_Windows_64-7.7.2\configuration\resources\lib\aspectjweaver-1.9.1.jar;C:\Users\montbaga\Downloads\Katalon_Studio_Windows_64-7.7.2\Katalon_Studio_Windows_64-7.7.2\configuration\resources\lib\bcpkix-jdk15on-1.58.jar;C:\Users\montbaga\Downloads\Katalon_Studio_Windows_64-7.7.2\Katalon_Studio_Windows_64-7.7.2\configuration\resources\lib\bcprov-jdk15on-1.58.jar;C:\Users\montbaga\Downloads\Katalon_Studio_Windows_64-7.7.2\Katalon_Studio_Windows_64-7.7.2\configuration\resources\lib\browsermob-core-2.1.5.jar;C:\Users\montbaga\Downloads\Katalon_Studio_Windows_64-7.7.2\Katalon_Studio_Windows_64-7.7.2\configuration\resources\lib\cglib-3.2.10.jar;C:\Users\montbaga\Downloads\Katalon_Studio_Windows_64-7.7.2\Katalon_Studio_Windows_64-7.7.2\configuration\resources\lib\commons-codec-1.10.jar;C:\Users\montbaga\Downloads\Katalon_Studio_Windows_64-7.7.2\Katalon_Studio_Windows_64-7.7.2\configuration\resources\lib\commons-collections4-4.1.jar;C:\Users\montbaga\Downloads\Katalon_Studio_Windows_64-7.7.2\Katalon_Studio_Windows_64-7.7.2\configuration\resources\lib\commons-validator-1.6.jar;C:\Users\montbaga\Downloads\Katalon_Studio_Windows_64-7.7.2\Katalon_Studio_Windows_64-7.7.2\configuration\resources\lib\curvesapi-1.04.jar;C:\Users\montbaga\Downloads\Katalon_Studio_Windows_64-7.7.2\Katalon_Studio_Windows_64-7.7.2\configuration\resources\lib\dnsjava-2.1.8.jar;C:\Users\
Launcher Type: SUN_STANDARD

Environment Variables:
PATH=C:/Users/montbaga/Downloads/Katalon_Studio_Windows_64-7.7.2/Katalon_Studio_Windows_64-7.7.2/jre/bin/server;C:/Users/montbaga/Downloads/Katalon_Studio_Windows_64-7.7.2/Katalon_Studio_Windows_64-7.7.2/jre/bin;C:/Users/montbaga/Downloads/Katalon_Studio_Windows_64-7.7.2/Katalon_Studio_Windows_64-7.7.2/jre/lib/amd64;C:\WINDOWS\system32;C:\WINDOWS;C:\WINDOWS\System32\Wbem;C:\WINDOWS\System32\WindowsPowerShell\v1.0\;C:\WINDOWS\System32\OpenSSH\;C:\ORA11G\Client\bin\;C:\Program Files\nodejs\;C:\Users\montbaga\AppData\Local\Microsoft\WindowsApps;C:\Users\montbaga\AppData\Local\Programs\Git\cmd;C:\Users\montbaga\AppData\Roaming\npm;C:\Users\montbaga\Downloads\Katalon_Studio_Windows_64-7.7.2\Katalon_Studio_Windows_64-7.7.2;
USERNAME=montbaga
OS=Windows_NT
PROCESSOR_IDENTIFIER=Intel64 Family 6 Model 45 Stepping 2, GenuineIntel



---------------  S Y S T E M  ---------------

OS: Windows 10.0 , 64 bit Build 18362 (10.0.18362.1110)

CPU:total 4 (initial active 4) (1 cores per cpu, 1 threads per core) family 6 model 45 stepping 2, cmov, cx8, fxsr, mmx, sse, sse2, sse3, ssse3, sse4.1, sse4.2, popcnt, avx, aes, clmul, tsc, tscinvbit, tscinv

Memory: 4k page, physical 16776172k(293564k free), swap 16980972k(6464k free)

vm_info: Java HotSpot(TM) 64-Bit Server VM (25.181-b13) for windows-amd64 JRE (1.8.0_181-b13), built on Jul  7 2018 04:01:33 by "java_re" with MS VC++ 10.0 (VS2010)

time: Thu Nov 19 08:58:46 2020
elapsed time: 1771 seconds (0d 0h 29m 31s)

