#
# There is insufficient memory for the Java Runtime Environment to continue.
# Native memory allocation (malloc) failed to allocate 32744 bytes for ChunkPool::allocate
# Possible reasons:
#   The system is out of physical RAM or swap space
#   In 32 bit mode, the process size limit was hit
# Possible solutions:
#   Reduce memory load on the system
#   Increase physical memory or swap space
#   Check if swap backing store is full
#   Use 64 bit Java on a 64 bit OS
#   Decrease Java heap size (-Xmx/-Xms)
#   Decrease number of Java threads
#   Decrease Java thread stack sizes (-Xss)
#   Set larger code cache with -XX:ReservedCodeCacheSize=
# This output file may be truncated or incomplete.
#
#  Out of Memory Error (allocation.cpp:273), pid=50012, tid=0x000000000000b8c0
#
# JRE version: Java(TM) SE Runtime Environment (8.0_181-b13) (build 1.8.0_181-b13)
# Java VM: Java HotSpot(TM) 64-Bit Server VM (25.181-b13 mixed mode windows-amd64 compressed oops)
# Failed to write core dump. Minidumps are not enabled by default on client versions of Windows
#

---------------  T H R E A D  ---------------

Current thread (0x000000001803f800):  JavaThread "C2 CompilerThread1" daemon [_thread_in_native, id=47296, stack(0x0000000019790000,0x0000000019890000)]

Stack: [0x0000000019790000,0x0000000019890000]
[error occurred during error reporting (printing stack bounds), id 0xc0000005]

Native frames: (J=compiled Java code, j=interpreted, Vv=VM code, C=native code)


Current CompileTask:
C2:  32602 4155       4      
[error occurred during error reporting (printing current compile task), id 0xe0000001]


---------------  P R O C E S S  ---------------

Java Threads: ( => current thread )
  0x00000000214ea000 JavaThread "Image Fetcher 2" daemon [_thread_blocked, id=25548, stack(0x0000000024450000,0x0000000024550000)]
  0x00000000214ee800 JavaThread "Okio Watchdog" daemon [_thread_blocked, id=49780, stack(0x0000000024a60000,0x0000000024b60000)]
  0x00000000214ef000 JavaThread "OkHttp ConnectionPool" daemon [_thread_blocked, id=49752, stack(0x0000000024550000,0x0000000024650000)]
  0x00000000214ea800 JavaThread "Exec Stream Pumper" daemon [_thread_in_native, id=23220, stack(0x0000000023e40000,0x0000000023f40000)]
  0x00000000214f0000 JavaThread "Exec Stream Pumper" daemon [_thread_in_native, id=45472, stack(0x0000000023d40000,0x0000000023e40000)]
  0x00000000214ed800 JavaThread "UrlChecker-2" daemon [_thread_blocked, id=44708, stack(0x0000000024050000,0x0000000024150000)]
  0x000000001b6b6000 JavaThread "Exec Default Executor" daemon [_thread_in_native, id=49264, stack(0x0000000022a80000,0x0000000022b80000)]
  0x000000001b6bb000 JavaThread "Image Fetcher 1" daemon [_thread_blocked, id=32744, stack(0x00000000205d0000,0x00000000206d0000)]
  0x000000001b6bc000 JavaThread "Image Fetcher 0" daemon [_thread_blocked, id=45396, stack(0x00000000204d0000,0x00000000205d0000)]
  0x000000001b6ba800 JavaThread "pool-2-thread-1" [_thread_blocked, id=24944, stack(0x000000001fdc0000,0x000000001fec0000)]
  0x000000001b6b9800 JavaThread "pool-1-thread-1" [_thread_in_native, id=49304, stack(0x000000001fcc0000,0x000000001fdc0000)]
  0x000000001b6b9000 JavaThread "AWT-Windows" daemon [_thread_in_native, id=47280, stack(0x000000001d680000,0x000000001d780000)]
  0x000000001b6bc800 JavaThread "AWT-Shutdown" [_thread_blocked, id=47692, stack(0x000000001d580000,0x000000001d680000)]
  0x000000001b6b7800 JavaThread "Java2D Disposer" daemon [_thread_blocked, id=49484, stack(0x000000001b960000,0x000000001ba60000)]
  0x00000000199d0000 JavaThread "Service Thread" daemon [_thread_blocked, id=9944, stack(0x0000000019d90000,0x0000000019e90000)]
  0x0000000018043000 JavaThread "C1 CompilerThread2" daemon [_thread_blocked, id=45352, stack(0x0000000019890000,0x0000000019990000)]
=>0x000000001803f800 JavaThread "C2 CompilerThread1" daemon [_thread_in_native, id=47296, stack(0x0000000019790000,0x0000000019890000)]
  0x000000001803d000 JavaThread "C2 CompilerThread0" daemon [_thread_blocked, id=42716, stack(0x0000000019690000,0x0000000019790000)]
  0x000000001803b800 JavaThread "Attach Listener" daemon [_thread_blocked, id=22092, stack(0x0000000019590000,0x0000000019690000)]
  0x000000001803a800 JavaThread "Signal Dispatcher" daemon [_thread_blocked, id=18048, stack(0x0000000019490000,0x0000000019590000)]
  0x0000000018025800 JavaThread "Finalizer" daemon [_thread_blocked, id=32880, stack(0x0000000019290000,0x0000000019390000)]
  0x000000001801c800 JavaThread "Reference Handler" daemon [_thread_blocked, id=43204, stack(0x0000000019190000,0x0000000019290000)]
  0x0000000003320800 JavaThread "main" [_thread_in_native, id=42824, stack(0x00000000031a0000,0x00000000032a0000)]

Other Threads:
  0x000000000340d800 VMThread [stack: 0x0000000019090000,0x0000000019190000] [id=46220]
  0x0000000019a0e000 WatcherThread [stack: 0x0000000019e90000,0x0000000019f90000] [id=42176]

VM state:not at safepoint (normal execution)

VM Mutex/Monitor currently owned by a thread: None

Heap:
 PSYoungGen      total 389120K, used 259296K [0x00000000d5580000, 0x00000000ee780000, 0x0000000100000000)
  eden space 370688K, 66% used [0x00000000d5580000,0x00000000e45a6968,0x00000000ebf80000)
  from space 18432K, 72% used [0x00000000ec380000,0x00000000ed091830,0x00000000ed580000)
  to   space 13824K, 0% used [0x00000000eda00000,0x00000000eda00000,0x00000000ee780000)
 ParOldGen       total 92160K, used 37666K [0x0000000080000000, 0x0000000085a00000, 0x00000000d5580000)
  object space 92160K, 40% used [0x0000000080000000,0x00000000824c8ab8,0x0000000085a00000)
 Metaspace       used 32324K, capacity 33372K, committed 33536K, reserved 1079296K
  class space    used 3786K, capacity 4080K, committed 4096K, reserved 1048576K

Card table byte_map: [0x00000000127d0000,0x0000000012be0000] byte_map_base: 0x00000000123d0000

Marking Bits: (ParMarkBitMap*) 0x0000000071632d00
 Begin Bits: [0x0000000013290000, 0x0000000015290000)
 End Bits:   [0x0000000015290000, 0x0000000017290000)

Polling page: 0x0000000003130000

CodeCache: size=245760Kb used=15338Kb max_used=15338Kb free=230422Kb
 bounds [0x0000000003410000, 0x0000000004320000, 0x0000000012410000]
 total_blobs=4487 nmethods=3701 adapters=698
 compilation: enabled

Compilation events (10 events):
Event: 32.487 Thread 0x0000000018043000 nmethod 4152 0x0000000004317750 code [0x00000000043178c0, 0x0000000004317b70]
Event: 32.487 Thread 0x0000000018043000 4153       3       sun.util.calendar.BaseCalendar$Date::<init> (32 bytes)
Event: 32.487 Thread 0x0000000018043000 nmethod 4153 0x0000000004317c90 code [0x0000000004317e00, 0x0000000004318050]
Event: 32.487 Thread 0x0000000018043000 4154       3       sun.util.calendar.CalendarDate::<init> (16 bytes)
Event: 32.487 Thread 0x0000000018043000 nmethod 4154 0x0000000004318150 code [0x00000000043182a0, 0x0000000004318470]
Event: 32.579 Thread 0x000000001803f800 4155       4       java.beans.Introspector::addMethod (196 bytes)
Event: 32.580 Thread 0x0000000018043000 4156       3       org.codehaus.groovy.reflection.ClassInfo$LazyCachedClassRef::initValue (5 bytes)
Event: 32.580 Thread 0x0000000018043000 nmethod 4156 0x0000000004318510 code [0x0000000004318680, 0x00000000043188e8]
Event: 32.581 Thread 0x0000000018043000 4157       3       java.lang.InheritableThreadLocal::getMap (5 bytes)
Event: 32.581 Thread 0x0000000018043000 nmethod 4157 0x0000000004318a50 code [0x0000000004318ba0, 0x0000000004318cf0]

GC Heap History (10 events):
Event: 11.902 GC heap before
{Heap before GC invocations=10 (full 1):
 PSYoungGen      total 212480K, used 211319K [0x00000000d5580000, 0x00000000e3500000, 0x0000000100000000)
  eden space 200192K, 99% used [0x00000000d5580000,0x00000000e17f5c58,0x00000000e1900000)
  from space 12288K, 99% used [0x00000000e2900000,0x00000000e34e82c0,0x00000000e3500000)
  to   space 14336K, 0% used [0x00000000e1900000,0x00000000e1900000,0x00000000e2700000)
 ParOldGen       total 92160K, used 24599K [0x0000000080000000, 0x0000000085a00000, 0x00000000d5580000)
  object space 92160K, 26% used [0x0000000080000000,0x0000000081805f58,0x0000000085a00000)
 Metaspace       used 28747K, capacity 29386K, committed 29696K, reserved 1075200K
  class space    used 3298K, capacity 3505K, committed 3584K, reserved 1048576K
Event: 11.919 GC heap after
Heap after GC invocations=10 (full 1):
 PSYoungGen      total 214528K, used 13493K [0x00000000d5580000, 0x00000000e8900000, 0x0000000100000000)
  eden space 200192K, 0% used [0x00000000d5580000,0x00000000d5580000,0x00000000e1900000)
  from space 14336K, 94% used [0x00000000e1900000,0x00000000e262d6a0,0x00000000e2700000)
  to   space 15360K, 0% used [0x00000000e7a00000,0x00000000e7a00000,0x00000000e8900000)
 ParOldGen       total 92160K, used 28440K [0x0000000080000000, 0x0000000085a00000, 0x00000000d5580000)
  object space 92160K, 30% used [0x0000000080000000,0x0000000081bc62c0,0x0000000085a00000)
 Metaspace       used 28747K, capacity 29386K, committed 29696K, reserved 1075200K
  class space    used 3298K, capacity 3505K, committed 3584K, reserved 1048576K
}
Event: 14.675 GC heap before
{Heap before GC invocations=11 (full 1):
 PSYoungGen      total 214528K, used 213521K [0x00000000d5580000, 0x00000000e8900000, 0x0000000100000000)
  eden space 200192K, 99% used [0x00000000d5580000,0x00000000e18d6f10,0x00000000e1900000)
  from space 14336K, 94% used [0x00000000e1900000,0x00000000e262d6a0,0x00000000e2700000)
  to   space 15360K, 0% used [0x00000000e7a00000,0x00000000e7a00000,0x00000000e8900000)
 ParOldGen       total 92160K, used 28440K [0x0000000080000000, 0x0000000085a00000, 0x00000000d5580000)
  object space 92160K, 30% used [0x0000000080000000,0x0000000081bc62c0,0x0000000085a00000)
 Metaspace       used 31551K, capacity 32624K, committed 32768K, reserved 1077248K
  class space    used 3710K, capacity 4028K, committed 4096K, reserved 1048576K
Event: 14.692 GC heap after
Heap after GC invocations=11 (full 1):
 PSYoungGen      total 294400K, used 15334K [0x00000000d5580000, 0x00000000e8b00000, 0x0000000100000000)
  eden space 279040K, 0% used [0x00000000d5580000,0x00000000d5580000,0x00000000e6600000)
  from space 15360K, 99% used [0x00000000e7a00000,0x00000000e88f9880,0x00000000e8900000)
  to   space 18944K, 0% used [0x00000000e6600000,0x00000000e6600000,0x00000000e7880000)
 ParOldGen       total 92160K, used 34425K [0x0000000080000000, 0x0000000085a00000, 0x00000000d5580000)
  object space 92160K, 37% used [0x0000000080000000,0x000000008219e410,0x0000000085a00000)
 Metaspace       used 31551K, capacity 32624K, committed 32768K, reserved 1077248K
  class space    used 3710K, capacity 4028K, committed 4096K, reserved 1048576K
}
Event: 18.959 GC heap before
{Heap before GC invocations=12 (full 1):
 PSYoungGen      total 294400K, used 293702K [0x00000000d5580000, 0x00000000e8b00000, 0x0000000100000000)
  eden space 279040K, 99% used [0x00000000d5580000,0x00000000e65581b0,0x00000000e6600000)
  from space 15360K, 99% used [0x00000000e7a00000,0x00000000e88f9880,0x00000000e8900000)
  to   space 18944K, 0% used [0x00000000e6600000,0x00000000e6600000,0x00000000e7880000)
 ParOldGen       total 92160K, used 34425K [0x0000000080000000, 0x0000000085a00000, 0x00000000d5580000)
  object space 92160K, 37% used [0x0000000080000000,0x000000008219e410,0x0000000085a00000)
 Metaspace       used 31602K, capacity 32688K, committed 32768K, reserved 1077248K
  class space    used 3710K, capacity 4028K, committed 4096K, reserved 1048576K
Event: 18.971 GC heap after
Heap after GC invocations=12 (full 1):
 PSYoungGen      total 297984K, used 13126K [0x00000000d5580000, 0x00000000eec00000, 0x0000000100000000)
  eden space 279040K, 0% used [0x00000000d5580000,0x00000000d5580000,0x00000000e6600000)
  from space 18944K, 69% used [0x00000000e6600000,0x00000000e72d1830,0x00000000e7880000)
  to   space 18432K, 0% used [0x00000000eda00000,0x00000000eda00000,0x00000000eec00000)
 ParOldGen       total 92160K, used 37342K [0x0000000080000000, 0x0000000085a00000, 0x00000000d5580000)
  object space 92160K, 40% used [0x0000000080000000,0x0000000082477a98,0x0000000085a00000)
 Metaspace       used 31602K, capacity 32688K, committed 32768K, reserved 1077248K
  class space    used 3710K, capacity 4028K, committed 4096K, reserved 1048576K
}
Event: 23.116 GC heap before
{Heap before GC invocations=13 (full 1):
 PSYoungGen      total 297984K, used 289545K [0x00000000d5580000, 0x00000000eec00000, 0x0000000100000000)
  eden space 279040K, 99% used [0x00000000d5580000,0x00000000e6370d00,0x00000000e6600000)
  from space 18944K, 69% used [0x00000000e6600000,0x00000000e72d1830,0x00000000e7880000)
  to   space 18432K, 0% used [0x00000000eda00000,0x00000000eda00000,0x00000000eec00000)
 ParOldGen       total 92160K, used 37342K [0x0000000080000000, 0x0000000085a00000, 0x00000000d5580000)
  object space 92160K, 40% used [0x0000000080000000,0x0000000082477a98,0x0000000085a00000)
 Metaspace       used 32214K, capacity 33238K, committed 33280K, reserved 1079296K
  class space    used 3784K, capacity 4078K, committed 4096K, reserved 1048576K
Event: 23.129 GC heap after
Heap after GC invocations=13 (full 1):
 PSYoungGen      total 384512K, used 13700K [0x00000000d5580000, 0x00000000ee780000, 0x0000000100000000)
  eden space 370688K, 0% used [0x00000000d5580000,0x00000000d5580000,0x00000000ebf80000)
  from space 13824K, 99% used [0x00000000eda00000,0x00000000ee761178,0x00000000ee780000)
  to   space 18432K, 0% used [0x00000000ec380000,0x00000000ec380000,0x00000000ed580000)
 ParOldGen       total 92160K, used 37390K [0x0000000080000000, 0x0000000085a00000, 0x00000000d5580000)
  object space 92160K, 40% used [0x0000000080000000,0x0000000082483a98,0x0000000085a00000)
 Metaspace       used 32214K, capacity 33238K, committed 33280K, reserved 1079296K
  class space    used 3784K, capacity 4078K, committed 4096K, reserved 1048576K
}
Event: 28.882 GC heap before
{Heap before GC invocations=14 (full 1):
 PSYoungGen      total 384512K, used 383367K [0x00000000d5580000, 0x00000000ee780000, 0x0000000100000000)
  eden space 370688K, 99% used [0x00000000d5580000,0x00000000ebe80dd0,0x00000000ebf80000)
  from space 13824K, 99% used [0x00000000eda00000,0x00000000ee761178,0x00000000ee780000)
  to   space 18432K, 0% used [0x00000000ec380000,0x00000000ec380000,0x00000000ed580000)
 ParOldGen       total 92160K, used 37390K [0x0000000080000000, 0x0000000085a00000, 0x00000000d5580000)
  object space 92160K, 40% used [0x0000000080000000,0x0000000082483a98,0x0000000085a00000)
 Metaspace       used 32277K, capacity 33302K, committed 33536K, reserved 1079296K
  class space    used 3784K, capacity 4078K, committed 4096K, reserved 1048576K
Event: 28.895 GC heap after
Heap after GC invocations=14 (full 1):
 PSYoungGen      total 389120K, used 13382K [0x00000000d5580000, 0x00000000ee780000, 0x0000000100000000)
  eden space 370688K, 0% used [0x00000000d5580000,0x00000000d5580000,0x00000000ebf80000)
  from space 18432K, 72% used [0x00000000ec380000,0x00000000ed091830,0x00000000ed580000)
  to   space 13824K, 0% used [0x00000000eda00000,0x00000000eda00000,0x00000000ee780000)
 ParOldGen       total 92160K, used 37666K [0x0000000080000000, 0x0000000085a00000, 0x00000000d5580000)
  object space 92160K, 40% used [0x0000000080000000,0x00000000824c8ab8,0x0000000085a00000)
 Metaspace       used 32277K, capacity 33302K, committed 33536K, reserved 1079296K
  class space    used 3784K, capacity 4078K, committed 4096K, reserved 1048576K
}

Deoptimization events (10 events):
Event: 19.823 Thread 0x0000000003320800 Uncommon trap: reason=class_check action=maybe_recompile pc=0x00000000041714f4 method=org.openqa.selenium.json.Input.init()V @ 18
Event: 19.823 Thread 0x0000000003320800 Uncommon trap: reason=class_check action=maybe_recompile pc=0x00000000041714f4 method=org.openqa.selenium.json.Input.init()V @ 18
Event: 19.824 Thread 0x0000000003320800 Uncommon trap: reason=class_check action=maybe_recompile pc=0x00000000041714f4 method=org.openqa.selenium.json.Input.init()V @ 18
Event: 19.824 Thread 0x0000000003320800 Uncommon trap: reason=class_check action=maybe_recompile pc=0x00000000041714f4 method=org.openqa.selenium.json.Input.init()V @ 18
Event: 19.899 Thread 0x0000000003320800 Uncommon trap: reason=unstable_if action=reinterpret pc=0x00000000037902f8 method=java.util.HashMap.getNode(ILjava/lang/Object;)Ljava/util/HashMap$Node; @ 129
Event: 19.899 Thread 0x0000000003320800 Uncommon trap: reason=bimorphic action=maybe_recompile pc=0x0000000003fe5164 method=java.util.HashMap.putVal(ILjava/lang/Object;Ljava/lang/Object;ZZ)Ljava/lang/Object; @ 203
Event: 19.900 Thread 0x0000000003320800 Uncommon trap: reason=unstable_if action=reinterpret pc=0x0000000003790964 method=java.util.HashMap.getNode(ILjava/lang/Object;)Ljava/util/HashMap$Node; @ 129
Event: 19.900 Thread 0x0000000003320800 Uncommon trap: reason=bimorphic action=maybe_recompile pc=0x0000000003fe5164 method=java.util.HashMap.putVal(ILjava/lang/Object;Ljava/lang/Object;ZZ)Ljava/lang/Object; @ 203
Event: 19.911 Thread 0x0000000003320800 Uncommon trap: reason=bimorphic action=maybe_recompile pc=0x0000000003fe62d4 method=java.util.HashMap.putVal(ILjava/lang/Object;Ljava/lang/Object;ZZ)Ljava/lang/Object; @ 203
Event: 20.033 Thread 0x0000000003320800 Uncommon trap: reason=bimorphic action=maybe_recompile pc=0x0000000003a47f94 method=java.net.URL.<init>(Ljava/net/URL;Ljava/lang/String;Ljava/net/URLStreamHandler;)V @ 504

Classes redefined (0 events):
No events

Internal exceptions (10 events):
Event: 19.932 Thread 0x0000000003320800 Exception <a 'java/net/SocketTimeoutException': Read timed out> (0x00000000d9843df0) thrown at [C:\re\workspace\8-2-build-windows-amd64-cygwin\jdk8u181\11358\hotspot\src\share\vm\prims\jni.cpp, line 735]
Event: 19.936 Thread 0x0000000003320800 Exception <a 'java/net/SocketTimeoutException': Read timed out> (0x00000000d985e018) thrown at [C:\re\workspace\8-2-build-windows-amd64-cygwin\jdk8u181\11358\hotspot\src\share\vm\prims\jni.cpp, line 735]
Event: 19.947 Thread 0x0000000003320800 Exception <a 'java/net/SocketTimeoutException': Read timed out> (0x00000000d98d9110) thrown at [C:\re\workspace\8-2-build-windows-amd64-cygwin\jdk8u181\11358\hotspot\src\share\vm\prims\jni.cpp, line 735]
Event: 19.959 Thread 0x0000000003320800 Exception <a 'java/net/SocketTimeoutException': Read timed out> (0x00000000d9d30f78) thrown at [C:\re\workspace\8-2-build-windows-amd64-cygwin\jdk8u181\11358\hotspot\src\share\vm\prims\jni.cpp, line 735]
Event: 19.963 Thread 0x0000000003320800 Exception <a 'java/net/SocketTimeoutException': Read timed out> (0x00000000d9d46e68) thrown at [C:\re\workspace\8-2-build-windows-amd64-cygwin\jdk8u181\11358\hotspot\src\share\vm\prims\jni.cpp, line 735]
Event: 20.015 Thread 0x0000000003320800 Exception <a 'java/lang/ClassNotFoundException': com/kms/katalon/core/webui/keyword/builtin/NavigateToUrlKeywordBeanInfo> (0x00000000d9ec96a8) thrown at [C:\re\workspace\8-2-build-windows-amd64-cygwin\jdk8u181\11358\hotspot\src\share\vm\classfile\systemDi
Event: 20.017 Thread 0x0000000003320800 Exception <a 'java/lang/ClassNotFoundException': com/kms/katalon/core/webui/keyword/builtin/NavigateToUrlKeywordCustomizer> (0x00000000da317ec0) thrown at [C:\re\workspace\8-2-build-windows-amd64-cygwin\jdk8u181\11358\hotspot\src\share\vm\classfile\system
Event: 20.040 Thread 0x0000000003320800 Exception <a 'java/net/SocketTimeoutException': Read timed out> (0x00000000da451e08) thrown at [C:\re\workspace\8-2-build-windows-amd64-cygwin\jdk8u181\11358\hotspot\src\share\vm\prims\jni.cpp, line 735]
Event: 32.578 Thread 0x0000000003320800 Exception <a 'java/lang/ClassNotFoundException': com/kms/katalon/core/testobject/ObjectRepositoryBeanInfo> (0x00000000e3a373b8) thrown at [C:\re\workspace\8-2-build-windows-amd64-cygwin\jdk8u181\11358\hotspot\src\share\vm\classfile\systemDictionary.cpp, l
Event: 32.579 Thread 0x0000000003320800 Exception <a 'java/lang/ClassNotFoundException': com/kms/katalon/core/testobject/ObjectRepositoryCustomizer> (0x00000000e3a7a310) thrown at [C:\re\workspace\8-2-build-windows-amd64-cygwin\jdk8u181\11358\hotspot\src\share\vm\classfile\systemDictionary.cpp,

Events (10 events):
Event: 32.577 loading class com/kms/katalon/core/testobject/ObjectRepositoryBeanInfo
Event: 32.577 loading class com/kms/katalon/core/testobject/ObjectRepositoryBeanInfo done
Event: 32.578 loading class com/kms/katalon/core/testobject/ObjectRepositoryBeanInfo
Event: 32.578 loading class com/kms/katalon/core/testobject/ObjectRepositoryBeanInfo done
Event: 32.578 loading class com/kms/katalon/core/testobject/ObjectRepositoryCustomizer
Event: 32.578 loading class com/kms/katalon/core/testobject/ObjectRepositoryCustomizer done
Event: 32.578 loading class com/kms/katalon/core/testobject/ObjectRepositoryCustomizer
Event: 32.578 loading class com/kms/katalon/core/testobject/ObjectRepositoryCustomizer done
Event: 32.579 loading class com/kms/katalon/core/testobject/ObjectRepositoryCustomizer
Event: 32.579 loading class com/kms/katalon/core/testobject/ObjectRepositoryCustomizer done


Dynamic libraries:
0x00007ff6b0510000 - 0x00007ff6b0547000 	C:\Users\montbaga\Downloads\Katalon_Studio_Windows_64-7.2.7\Katalon_Studio_Windows_64-7.2.7\jre\bin\javaw.exe
0x00007ffc0f8c0000 - 0x00007ffc0fab0000 	C:\WINDOWS\SYSTEM32\ntdll.dll
0x00007ffc0d980000 - 0x00007ffc0da32000 	C:\WINDOWS\System32\KERNEL32.DLL
0x00007ffc0c8b0000 - 0x00007ffc0cb53000 	C:\WINDOWS\System32\KERNELBASE.dll
0x00007ffc0f080000 - 0x00007ffc0f123000 	C:\WINDOWS\System32\ADVAPI32.dll
0x00007ffc0f4f0000 - 0x00007ffc0f58e000 	C:\WINDOWS\System32\msvcrt.dll
0x00007ffc0e320000 - 0x00007ffc0e3b7000 	C:\WINDOWS\System32\sechost.dll
0x00007ffc0e840000 - 0x00007ffc0e960000 	C:\WINDOWS\System32\RPCRT4.dll
0x00007ffc0eba0000 - 0x00007ffc0ed34000 	C:\WINDOWS\System32\USER32.dll
0x00007ffc0d940000 - 0x00007ffc0d961000 	C:\WINDOWS\System32\win32u.dll
0x00007ffc0e9b0000 - 0x00007ffc0e9d6000 	C:\WINDOWS\System32\GDI32.dll
0x00007ffc0d2e0000 - 0x00007ffc0d474000 	C:\WINDOWS\System32\gdi32full.dll
0x00007ffc0d850000 - 0x00007ffc0d8ee000 	C:\WINDOWS\System32\msvcp_win.dll
0x00007ffc0d480000 - 0x00007ffc0d57a000 	C:\WINDOWS\System32\ucrtbase.dll
0x00007ffbfc690000 - 0x00007ffbfc915000 	C:\WINDOWS\WinSxS\amd64_microsoft.windows.common-controls_6595b64144ccf1df_6.0.18362.657_none_e6c5b579130e3898\COMCTL32.dll
0x00007ffc0f130000 - 0x00007ffc0f466000 	C:\WINDOWS\System32\combase.dll
0x00007ffc0d650000 - 0x00007ffc0d6d0000 	C:\WINDOWS\System32\bcryptPrimitives.dll
0x00007ffc0e960000 - 0x00007ffc0e98e000 	C:\WINDOWS\System32\IMM32.DLL
0x00007ffbddb80000 - 0x00007ffbddd74000 	C:\WINDOWS\system32\tmumh\20019\AddOn\8.53.0.1016\TmUmEvt64.dll
0x00007ffc0e830000 - 0x00007ffc0e838000 	C:\WINDOWS\System32\PSAPI.DLL
0x00000000716c0000 - 0x000000007182e000 	C:\WINDOWS\system32\tmumh\20019\TmMon\2.8.0.1034\tmmon64.dll
0x0000000070d10000 - 0x0000000070de2000 	C:\Users\montbaga\Downloads\Katalon_Studio_Windows_64-7.2.7\Katalon_Studio_Windows_64-7.2.7\jre\bin\msvcr100.dll
0x0000000070e10000 - 0x00000000716b2000 	C:\Users\montbaga\Downloads\Katalon_Studio_Windows_64-7.2.7\Katalon_Studio_Windows_64-7.2.7\jre\bin\server\jvm.dll
0x00007ffc01070000 - 0x00007ffc01079000 	C:\WINDOWS\SYSTEM32\WSOCK32.dll
0x00007ffc0f590000 - 0x00007ffc0f5ff000 	C:\WINDOWS\System32\WS2_32.dll
0x00007ffc0a980000 - 0x00007ffc0a9a4000 	C:\WINDOWS\SYSTEM32\WINMM.dll
0x00007ffc05390000 - 0x00007ffc0539a000 	C:\WINDOWS\SYSTEM32\VERSION.dll
0x00007ffc0a930000 - 0x00007ffc0a95d000 	C:\WINDOWS\SYSTEM32\WINMMBASE.dll
0x00007ffc0d8f0000 - 0x00007ffc0d93a000 	C:\WINDOWS\System32\cfgmgr32.dll
0x0000000074570000 - 0x000000007457f000 	C:\Users\montbaga\Downloads\Katalon_Studio_Windows_64-7.2.7\Katalon_Studio_Windows_64-7.2.7\jre\bin\verify.dll
0x0000000074540000 - 0x0000000074569000 	C:\Users\montbaga\Downloads\Katalon_Studio_Windows_64-7.2.7\Katalon_Studio_Windows_64-7.2.7\jre\bin\java.dll
0x0000000074520000 - 0x0000000074536000 	C:\Users\montbaga\Downloads\Katalon_Studio_Windows_64-7.2.7\Katalon_Studio_Windows_64-7.2.7\jre\bin\zip.dll
0x00007ffc0da40000 - 0x00007ffc0e125000 	C:\WINDOWS\System32\SHELL32.dll
0x00007ffc0eaf0000 - 0x00007ffc0eb99000 	C:\WINDOWS\System32\shcore.dll
0x00007ffc0cb60000 - 0x00007ffc0d2df000 	C:\WINDOWS\System32\windows.storage.dll
0x00007ffc0c7e0000 - 0x00007ffc0c7ff000 	C:\WINDOWS\System32\profapi.dll
0x00007ffc0c800000 - 0x00007ffc0c84a000 	C:\WINDOWS\System32\powrprof.dll
0x00007ffc0c790000 - 0x00007ffc0c7a0000 	C:\WINDOWS\System32\UMPDC.dll
0x00007ffc0e9e0000 - 0x00007ffc0ea32000 	C:\WINDOWS\System32\shlwapi.dll
0x00007ffc0c7a0000 - 0x00007ffc0c7b1000 	C:\WINDOWS\System32\kernel.appcore.dll
0x00007ffc0d580000 - 0x00007ffc0d597000 	C:\WINDOWS\System32\cryptsp.dll
0x0000000071880000 - 0x000000007189a000 	C:\Users\montbaga\Downloads\Katalon_Studio_Windows_64-7.2.7\Katalon_Studio_Windows_64-7.2.7\jre\bin\net.dll
0x00007ffc0bfa0000 - 0x00007ffc0c007000 	C:\WINDOWS\system32\mswsock.dll
0x0000000071860000 - 0x0000000071871000 	C:\Users\montbaga\Downloads\Katalon_Studio_Windows_64-7.2.7\Katalon_Studio_Windows_64-7.2.7\jre\bin\nio.dll
0x000000006fa00000 - 0x000000006fb99000 	C:\Users\montbaga\Downloads\Katalon_Studio_Windows_64-7.2.7\Katalon_Studio_Windows_64-7.2.7\jre\bin\awt.dll
0x00007ffc0efb0000 - 0x00007ffc0f074000 	C:\WINDOWS\System32\OLEAUT32.dll
0x00007ffc0a7f0000 - 0x00007ffc0a87f000 	C:\WINDOWS\SYSTEM32\apphelp.dll
0x00007ffc0b100000 - 0x00007ffc0b12d000 	C:\WINDOWS\system32\DWMAPI.DLL
0x00007ffc0ab10000 - 0x00007ffc0aba9000 	C:\WINDOWS\system32\uxtheme.dll
0x00007ffbb0570000 - 0x00007ffbb06c6000 	C:\WINDOWS\system32\opengl32.dll
0x00007ffbe9590000 - 0x00007ffbe95bc000 	C:\WINDOWS\SYSTEM32\GLU32.dll
0x00007ffc0b400000 - 0x00007ffc0b420000 	C:\WINDOWS\SYSTEM32\dxcore.dll
0x00007ffc0ed40000 - 0x00007ffc0ee75000 	C:\WINDOWS\System32\MSCTF.dll
0x00007ffc0e1c0000 - 0x00007ffc0e316000 	C:\WINDOWS\System32\ole32.dll
0x00007ffbd8640000 - 0x00007ffbd8807000 	C:\WINDOWS\system32\d3d9.dll
0x00007ffc02d40000 - 0x00007ffc03481000 	C:\WINDOWS\SYSTEM32\d3d10warp.dll
0x00007ffc0bcf0000 - 0x00007ffc0bdba000 	C:\WINDOWS\SYSTEM32\DNSAPI.dll
0x00007ffc0d970000 - 0x00007ffc0d978000 	C:\WINDOWS\System32\NSI.dll
0x00007ffc0bcb0000 - 0x00007ffc0bcea000 	C:\WINDOWS\SYSTEM32\IPHLPAPI.DLL
0x00007ffc046c0000 - 0x00007ffc046ca000 	C:\Windows\System32\rasadhlp.dll
0x00007ffc07eb0000 - 0x00007ffc07f27000 	C:\WINDOWS\System32\fwpuclnt.dll
0x00007ffc0d6d0000 - 0x00007ffc0d6f6000 	C:\WINDOWS\System32\bcrypt.dll
0x0000000071830000 - 0x0000000071854000 	C:\Users\montbaga\Downloads\Katalon_Studio_Windows_64-7.2.7\Katalon_Studio_Windows_64-7.2.7\jre\bin\sunec.dll
0x0000000070e00000 - 0x0000000070e0b000 	C:\Users\montbaga\Downloads\Katalon_Studio_Windows_64-7.2.7\Katalon_Studio_Windows_64-7.2.7\jre\bin\sunmscapi.dll
0x00007ffc0d700000 - 0x00007ffc0d849000 	C:\WINDOWS\System32\CRYPT32.dll
0x00007ffc0c7c0000 - 0x00007ffc0c7d2000 	C:\WINDOWS\System32\MSASN1.dll
0x00007ffc07e60000 - 0x00007ffc07e76000 	C:\WINDOWS\SYSTEM32\dhcpcsvc6.DLL
0x00007ffc07db0000 - 0x00007ffc07dcc000 	C:\WINDOWS\SYSTEM32\dhcpcsvc.DLL
0x00007ffc0bb10000 - 0x00007ffc0bb43000 	C:\WINDOWS\system32\rsaenh.dll
0x00007ffc0c680000 - 0x00007ffc0c6a5000 	C:\WINDOWS\SYSTEM32\USERENV.dll
0x00007ffc0c170000 - 0x00007ffc0c17c000 	C:\WINDOWS\SYSTEM32\CRYPTBASE.dll
0x00007ffc035c0000 - 0x00007ffc035d6000 	C:\WINDOWS\system32\napinsp.dll
0x00007ffc035a0000 - 0x00007ffc035ba000 	C:\WINDOWS\system32\pnrpnsp.dll
0x00007ffc038d0000 - 0x00007ffc038de000 	C:\WINDOWS\System32\winrnr.dll
0x00007ffc06d10000 - 0x00007ffc06d2c000 	C:\WINDOWS\system32\NLAapi.dll
0x00007ffc034c0000 - 0x00007ffc034d5000 	C:\WINDOWS\system32\wshbth.dll

VM Arguments:
jvm_args: -Dgroovy.home=/C:/Users/montbaga/Downloads/Katalon_Studio_Windows_64-7.2.7/Katalon_Studio_Windows_64-7.2.7/plugins/org.codehaus.groovy_2.4.7.xx-201611170128-e46/ -Xmx2048m -Dfile.encoding=UTF-8 
java_command: org.codehaus.groovy.tools.GroovyStarter --classpath C:\Users\montbaga\Desktop\POC-BP\POC-BP\Include\scripts\groovy;C:\Users\montbaga\Desktop\POC-BP\POC-BP\Keywords;C:\Users\montbaga\Desktop\POC-BP\POC-BP\Libs;C:\Users\montbaga\Desktop\POC-BP\POC-BP\Test Listeners;C:\Users\montbaga\Downloads\Katalon_Studio_Windows_64-7.2.7\Katalon_Studio_Windows_64-7.2.7\configuration\plugin\install\32743\1.0.7\katalon-studio-report-plugin.jar;C:\Users\montbaga\Downloads\Katalon_Studio_Windows_64-7.2.7\Katalon_Studio_Windows_64-7.2.7\configuration\resources\lib\aalto-xml-1.0.0.jar;C:\Users\montbaga\Downloads\Katalon_Studio_Windows_64-7.2.7\Katalon_Studio_Windows_64-7.2.7\configuration\resources\lib\aspectjweaver-1.9.1.jar;C:\Users\montbaga\Downloads\Katalon_Studio_Windows_64-7.2.7\Katalon_Studio_Windows_64-7.2.7\configuration\resources\lib\bcpkix-jdk15on-1.58.jar;C:\Users\montbaga\Downloads\Katalon_Studio_Windows_64-7.2.7\Katalon_Studio_Windows_64-7.2.7\configuration\resources\lib\bcprov-jdk15on-1.58.jar;C:\Users\montbaga\Downloads\Katalon_Studio_Windows_64-7.2.7\Katalon_Studio_Windows_64-7.2.7\configuration\resources\lib\browsermob-core-2.1.5.jar;C:\Users\montbaga\Downloads\Katalon_Studio_Windows_64-7.2.7\Katalon_Studio_Windows_64-7.2.7\configuration\resources\lib\cglib-3.2.10.jar;C:\Users\montbaga\Downloads\Katalon_Studio_Windows_64-7.2.7\Katalon_Studio_Windows_64-7.2.7\configuration\resources\lib\commons-codec-1.10.jar;C:\Users\montbaga\Downloads\Katalon_Studio_Windows_64-7.2.7\Katalon_Studio_Windows_64-7.2.7\configuration\resources\lib\commons-collections4-4.1.jar;C:\Users\montbaga\Downloads\Katalon_Studio_Windows_64-7.2.7\Katalon_Studio_Windows_64-7.2.7\configuration\resources\lib\commons-validator-1.6.jar;C:\Users\montbaga\Downloads\Katalon_Studio_Windows_64-7.2.7\Katalon_Studio_Windows_64-7.2.7\configuration\resources\lib\curvesapi-1.04.jar;C:\Users\montbaga\Downloads\Katalon_Studio_Windows_64-7.2.7\Katalon_Studio_Windows_64-7.2.7\configuration\resources\lib\dn
java_class_path (initial): C:\Users\montbaga\Desktop\POC-BP\POC-BP\bin\keyword;C:\Users\montbaga\Desktop\POC-BP\POC-BP\bin\listener;C:\Users\montbaga\Desktop\POC-BP\POC-BP\bin\lib;C:\Users\montbaga\Desktop\POC-BP\POC-BP\bin\groovy;C:\Users\montbaga\Desktop\POC-BP\POC-BP\bin;C:\Users\montbaga\Downloads\Katalon_Studio_Windows_64-7.2.7\Katalon_Studio_Windows_64-7.2.7\plugins\com.kms.katalon.core_1.0.0.202003050841.jar;C:\Users\montbaga\Downloads\Katalon_Studio_Windows_64-7.2.7\Katalon_Studio_Windows_64-7.2.7\configuration\resources\lib\aalto-xml-1.0.0.jar;C:\Users\montbaga\Downloads\Katalon_Studio_Windows_64-7.2.7\Katalon_Studio_Windows_64-7.2.7\configuration\resources\lib\aspectjweaver-1.9.1.jar;C:\Users\montbaga\Downloads\Katalon_Studio_Windows_64-7.2.7\Katalon_Studio_Windows_64-7.2.7\configuration\resources\lib\bcpkix-jdk15on-1.58.jar;C:\Users\montbaga\Downloads\Katalon_Studio_Windows_64-7.2.7\Katalon_Studio_Windows_64-7.2.7\configuration\resources\lib\bcprov-jdk15on-1.58.jar;C:\Users\montbaga\Downloads\Katalon_Studio_Windows_64-7.2.7\Katalon_Studio_Windows_64-7.2.7\configuration\resources\lib\browsermob-core-2.1.5.jar;C:\Users\montbaga\Downloads\Katalon_Studio_Windows_64-7.2.7\Katalon_Studio_Windows_64-7.2.7\configuration\resources\lib\cglib-3.2.10.jar;C:\Users\montbaga\Downloads\Katalon_Studio_Windows_64-7.2.7\Katalon_Studio_Windows_64-7.2.7\configuration\resources\lib\commons-codec-1.10.jar;C:\Users\montbaga\Downloads\Katalon_Studio_Windows_64-7.2.7\Katalon_Studio_Windows_64-7.2.7\configuration\resources\lib\commons-collections4-4.1.jar;C:\Users\montbaga\Downloads\Katalon_Studio_Windows_64-7.2.7\Katalon_Studio_Windows_64-7.2.7\configuration\resources\lib\commons-validator-1.6.jar;C:\Users\montbaga\Downloads\Katalon_Studio_Windows_64-7.2.7\Katalon_Studio_Windows_64-7.2.7\configuration\resources\lib\curvesapi-1.04.jar;C:\Users\montbaga\Downloads\Katalon_Studio_Windows_64-7.2.7\Katalon_Studio_Windows_64-7.2.7\configuration\resources\lib\dnsjava-2.1.8.jar;C:\Users\
Launcher Type: SUN_STANDARD

Environment Variables:
PATH=C:/Users/montbaga/Downloads/Katalon_Studio_Windows_64-7.2.7/Katalon_Studio_Windows_64-7.2.7/jre/bin/server;C:/Users/montbaga/Downloads/Katalon_Studio_Windows_64-7.2.7/Katalon_Studio_Windows_64-7.2.7/jre/bin;C:/Users/montbaga/Downloads/Katalon_Studio_Windows_64-7.2.7/Katalon_Studio_Windows_64-7.2.7/jre/lib/amd64;C:\WINDOWS\system32;C:\WINDOWS;C:\WINDOWS\System32\Wbem;C:\WINDOWS\System32\WindowsPowerShell\v1.0\;C:\WINDOWS\System32\OpenSSH\;C:\ORA11G\Client\bin\;C:\Users\montbaga\AppData\Local\Microsoft\WindowsApps;;C:\Users\montbaga\Downloads\Katalon_Studio_Windows_64-7.2.7\Katalon_Studio_Windows_64-7.2.7;
USERNAME=montbaga
OS=Windows_NT
PROCESSOR_IDENTIFIER=Intel64 Family 6 Model 45 Stepping 2, GenuineIntel



---------------  S Y S T E M  ---------------

OS: Windows 10.0 , 64 bit Build 18362 (10.0.18362.329)

CPU:total 4 (initial active 4) (1 cores per cpu, 1 threads per core) family 6 model 45 stepping 2, cmov, cx8, fxsr, mmx, sse, sse2, sse3, ssse3, sse4.1, sse4.2, popcnt, avx, aes, clmul, tsc, tscinvbit, tscinv

Memory: 4k page, physical 16776172k(1282412k free), swap 16980972k(3304k free)

vm_info: Java HotSpot(TM) 64-Bit Server VM (25.181-b13) for windows-amd64 JRE (1.8.0_181-b13), built on Jul  7 2018 04:01:33 by "java_re" with MS VC++ 10.0 (VS2010)

time: Mon Mar 23 12:21:29 2020
elapsed time: 32 seconds (0d 0h 0m 32s)

