#
# There is insufficient memory for the Java Runtime Environment to continue.
# Native memory allocation (malloc) failed to allocate 1350176 bytes for Chunk::new
# Possible reasons:
#   The system is out of physical RAM or swap space
#   In 32 bit mode, the process size limit was hit
# Possible solutions:
#   Reduce memory load on the system
#   Increase physical memory or swap space
#   Check if swap backing store is full
#   Use 64 bit Java on a 64 bit OS
#   Decrease Java heap size (-Xmx/-Xms)
#   Decrease number of Java threads
#   Decrease Java thread stack sizes (-Xss)
#   Set larger code cache with -XX:ReservedCodeCacheSize=
# This output file may be truncated or incomplete.
#
#  Out of Memory Error (allocation.cpp:390), pid=73412, tid=0x0000000000012250
#
# JRE version: Java(TM) SE Runtime Environment (8.0_181-b13) (build 1.8.0_181-b13)
# Java VM: Java HotSpot(TM) 64-Bit Server VM (25.181-b13 mixed mode windows-amd64 compressed oops)
# Failed to write core dump. Minidumps are not enabled by default on client versions of Windows
#

---------------  T H R E A D  ---------------

Current thread (0x0000000057ca3800):  JavaThread "C2 CompilerThread0" daemon [_thread_in_native, id=74320, stack(0x0000000059000000,0x0000000059100000)]

Stack: [0x0000000059000000,0x0000000059100000]
[error occurred during error reporting (printing stack bounds), id 0xc0000005]

Native frames: (J=compiled Java code, j=interpreted, Vv=VM code, C=native code)


Current CompileTask:
C2:  19281 3067       4       sun.misc.URLClassPath::findResource (47 bytes)


---------------  P R O C E S S  ---------------

Java Threads: ( => current thread )
  0x000000005ceb9800 JavaThread "Okio Watchdog" daemon [_thread_blocked, id=76520, stack(0x000000005f090000,0x000000005f190000)]
  0x000000005aaa8000 JavaThread "OkHttp ConnectionPool" daemon [_thread_blocked, id=73948, stack(0x000000005f1d0000,0x000000005f2d0000)]
  0x000000005918a800 JavaThread "Exec Stream Pumper" daemon [_thread_in_native, id=74640, stack(0x000000005e4a0000,0x000000005e5a0000)]
  0x0000000059185800 JavaThread "Exec Stream Pumper" daemon [_thread_in_native, id=75312, stack(0x000000005e9e0000,0x000000005eae0000)]
  0x0000000059188800 JavaThread "UrlChecker-2" daemon [_thread_blocked, id=76264, stack(0x000000005e5b0000,0x000000005e6b0000)]
  0x000000005ab77800 JavaThread "Exec Default Executor" daemon [_thread_in_native, id=71852, stack(0x000000005e350000,0x000000005e450000)]
  0x0000000057cad000 JavaThread "Service Thread" daemon [_thread_blocked, id=72556, stack(0x00000000596e0000,0x00000000597e0000)]
  0x0000000057cac000 JavaThread "C1 CompilerThread1" daemon [_thread_blocked, id=75416, stack(0x0000000059520000,0x0000000059620000)]
=>0x0000000057ca3800 JavaThread "C2 CompilerThread0" daemon [_thread_in_native, id=74320, stack(0x0000000059000000,0x0000000059100000)]
  0x0000000057ca2800 JavaThread "Attach Listener" daemon [_thread_blocked, id=65864, stack(0x0000000058a60000,0x0000000058b60000)]
  0x0000000057cb8000 JavaThread "Signal Dispatcher" daemon [_thread_blocked, id=69620, stack(0x0000000058d10000,0x0000000058e10000)]
  0x0000000057c8e800 JavaThread "Finalizer" daemon [_thread_blocked, id=77088, stack(0x0000000058b70000,0x0000000058c70000)]
  0x0000000057c85800 JavaThread "Reference Handler" daemon [_thread_blocked, id=74680, stack(0x00000000586c0000,0x00000000587c0000)]
  0x0000000002ade000 JavaThread "Forwarding executeAsyncScript on session 7c2ad9775095f180db7d59928bedd21a to remote" [_thread_blocked, id=72784, stack(0x0000000002eb0000,0x0000000002fb0000)]

Other Threads:
  0x0000000057c3d800 VMThread [stack: 0x00000000588f0000,0x00000000589f0000] [id=70332]
  0x000000005914a800 WatcherThread [stack: 0x0000000058ef0000,0x0000000058ff0000] [id=74172]

VM state:at safepoint (normal execution)

VM Mutex/Monitor currently owned by a thread:  ([mutex/lock_event])
[0x0000000002adca50] Threads_lock - owner thread: 0x0000000057c3d800
[0x0000000002adcf50] Heap_lock - owner thread: 0x0000000002ade000

Heap:
 PSYoungGen      total 141824K, used 131072K [0x00000000d5580000, 0x00000000dea80000, 0x0000000100000000)
  eden space 131072K, 100% used [0x00000000d5580000,0x00000000dd580000,0x00000000dd580000)
  from space 10752K, 0% used [0x00000000de000000,0x00000000de000000,0x00000000dea80000)
  to   space 10752K, 4% used [0x00000000dd580000,0x00000000dd600010,0x00000000de000000)
 ParOldGen       total 100352K, used 13542K [0x0000000080000000, 0x0000000086200000, 0x00000000d5580000)
  object space 100352K, 13% used [0x0000000080000000,0x0000000080d39af0,0x0000000086200000)
 Metaspace       used 29176K, capacity 30120K, committed 30208K, reserved 1075200K
  class space    used 3502K, capacity 3776K, committed 3840K, reserved 1048576K

Card table byte_map: [0x0000000012640000,0x0000000012a50000] byte_map_base: 0x0000000012240000

Marking Bits: (ParMarkBitMap*) 0x00000000651d2d00
 Begin Bits: [0x0000000012f00000, 0x0000000014f00000)
 End Bits:   [0x0000000014f00000, 0x0000000016f00000)

Polling page: 0x00000000023b0000

CodeCache: size=245760Kb used=11793Kb max_used=11793Kb free=233966Kb
 bounds [0x0000000003280000, 0x0000000003e10000, 0x0000000012280000]
 total_blobs=3760 nmethods=3079 adapters=592
 compilation: enabled

Compilation events (10 events):
Event: 19.242 Thread 0x0000000057cac000 3116       3       java.io.WinNTFileSystem::normalize (143 bytes)
Event: 19.243 Thread 0x0000000057cac000 nmethod 3116 0x0000000003e056d0 code [0x0000000003e058c0, 0x0000000003e060e8]
Event: 19.256 Thread 0x0000000057cac000 3117       1       groovy.lang.MetaClassImpl::getTheClass (5 bytes)
Event: 19.256 Thread 0x0000000057cac000 nmethod 3117 0x0000000003e06490 code [0x0000000003e065e0, 0x0000000003e066f0]
Event: 19.256 Thread 0x0000000057cac000 3118       3       com.google.gson.internal.LinkedTreeMap::get (19 bytes)
Event: 19.257 Thread 0x0000000057cac000 nmethod 3118 0x0000000003e06750 code [0x0000000003e068c0, 0x0000000003e06c88]
Event: 19.257 Thread 0x0000000057cac000 3119       3       org.codehaus.groovy.reflection.ClassInfo::getWeakMetaClass (21 bytes)
Event: 19.257 Thread 0x0000000057cac000 nmethod 3119 0x0000000003e06dd0 code [0x0000000003e06f60, 0x0000000003e073a8]
Event: 19.257 Thread 0x0000000057cac000 3120       3       org.codehaus.groovy.reflection.ClassInfo::isValidWeakMetaClass (30 bytes)
Event: 19.257 Thread 0x0000000057cac000 nmethod 3120 0x0000000003e074d0 code [0x0000000003e07640, 0x0000000003e07a30]

GC Heap History (10 events):
Event: 2.530 GC heap before
{Heap before GC invocations=1 (full 0):
 PSYoungGen      total 76288K, used 65536K [0x00000000d5580000, 0x00000000daa80000, 0x0000000100000000)
  eden space 65536K, 100% used [0x00000000d5580000,0x00000000d9580000,0x00000000d9580000)
  from space 10752K, 0% used [0x00000000da000000,0x00000000da000000,0x00000000daa80000)
  to   space 10752K, 0% used [0x00000000d9580000,0x00000000d9580000,0x00000000da000000)
 ParOldGen       total 175104K, used 0K [0x0000000080000000, 0x000000008ab00000, 0x00000000d5580000)
  object space 175104K, 0% used [0x0000000080000000,0x0000000080000000,0x000000008ab00000)
 Metaspace       used 9984K, capacity 10086K, committed 10496K, reserved 1058816K
  class space    used 1120K, capacity 1169K, committed 1280K, reserved 1048576K
Event: 2.541 GC heap after
Heap after GC invocations=1 (full 0):
 PSYoungGen      total 76288K, used 7225K [0x00000000d5580000, 0x00000000daa80000, 0x0000000100000000)
  eden space 65536K, 0% used [0x00000000d5580000,0x00000000d5580000,0x00000000d9580000)
  from space 10752K, 67% used [0x00000000d9580000,0x00000000d9c8e788,0x00000000da000000)
  to   space 10752K, 0% used [0x00000000da000000,0x00000000da000000,0x00000000daa80000)
 ParOldGen       total 175104K, used 8K [0x0000000080000000, 0x000000008ab00000, 0x00000000d5580000)
  object space 175104K, 0% used [0x0000000080000000,0x0000000080002000,0x000000008ab00000)
 Metaspace       used 9984K, capacity 10086K, committed 10496K, reserved 1058816K
  class space    used 1120K, capacity 1169K, committed 1280K, reserved 1048576K
}
Event: 4.041 GC heap before
{Heap before GC invocations=2 (full 0):
 PSYoungGen      total 76288K, used 72761K [0x00000000d5580000, 0x00000000daa80000, 0x0000000100000000)
  eden space 65536K, 100% used [0x00000000d5580000,0x00000000d9580000,0x00000000d9580000)
  from space 10752K, 67% used [0x00000000d9580000,0x00000000d9c8e788,0x00000000da000000)
  to   space 10752K, 0% used [0x00000000da000000,0x00000000da000000,0x00000000daa80000)
 ParOldGen       total 175104K, used 8K [0x0000000080000000, 0x000000008ab00000, 0x00000000d5580000)
  object space 175104K, 0% used [0x0000000080000000,0x0000000080002000,0x000000008ab00000)
 Metaspace       used 16715K, capacity 16874K, committed 17024K, reserved 1064960K
  class space    used 1823K, capacity 1899K, committed 1920K, reserved 1048576K
Event: 4.055 GC heap after
Heap after GC invocations=2 (full 0):
 PSYoungGen      total 76288K, used 9257K [0x00000000d5580000, 0x00000000daa80000, 0x0000000100000000)
  eden space 65536K, 0% used [0x00000000d5580000,0x00000000d5580000,0x00000000d9580000)
  from space 10752K, 86% used [0x00000000da000000,0x00000000da90a668,0x00000000daa80000)
  to   space 10752K, 0% used [0x00000000d9580000,0x00000000d9580000,0x00000000da000000)
 ParOldGen       total 175104K, used 24K [0x0000000080000000, 0x000000008ab00000, 0x00000000d5580000)
  object space 175104K, 0% used [0x0000000080000000,0x0000000080006000,0x000000008ab00000)
 Metaspace       used 16715K, capacity 16874K, committed 17024K, reserved 1064960K
  class space    used 1823K, capacity 1899K, committed 1920K, reserved 1048576K
}
Event: 5.535 GC heap before
{Heap before GC invocations=3 (full 0):
 PSYoungGen      total 76288K, used 74793K [0x00000000d5580000, 0x00000000daa80000, 0x0000000100000000)
  eden space 65536K, 100% used [0x00000000d5580000,0x00000000d9580000,0x00000000d9580000)
  from space 10752K, 86% used [0x00000000da000000,0x00000000da90a668,0x00000000daa80000)
  to   space 10752K, 0% used [0x00000000d9580000,0x00000000d9580000,0x00000000da000000)
 ParOldGen       total 175104K, used 24K [0x0000000080000000, 0x000000008ab00000, 0x00000000d5580000)
  object space 175104K, 0% used [0x0000000080000000,0x0000000080006000,0x000000008ab00000)
 Metaspace       used 20501K, capacity 20794K, committed 21120K, reserved 1069056K
  class space    used 2280K, capacity 2370K, committed 2432K, reserved 1048576K
Event: 5.567 GC heap after
Heap after GC invocations=3 (full 0):
 PSYoungGen      total 76288K, used 10733K [0x00000000d5580000, 0x00000000dea80000, 0x0000000100000000)
  eden space 65536K, 0% used [0x00000000d5580000,0x00000000d5580000,0x00000000d9580000)
  from space 10752K, 99% used [0x00000000d9580000,0x00000000d9ffb7c8,0x00000000da000000)
  to   space 10752K, 0% used [0x00000000de000000,0x00000000de000000,0x00000000dea80000)
 ParOldGen       total 175104K, used 2544K [0x0000000080000000, 0x000000008ab00000, 0x00000000d5580000)
  object space 175104K, 1% used [0x0000000080000000,0x000000008027c2d8,0x000000008ab00000)
 Metaspace       used 20501K, capacity 20794K, committed 21120K, reserved 1069056K
  class space    used 2280K, capacity 2370K, committed 2432K, reserved 1048576K
}
Event: 5.801 GC heap before
{Heap before GC invocations=4 (full 0):
 PSYoungGen      total 76288K, used 23894K [0x00000000d5580000, 0x00000000dea80000, 0x0000000100000000)
  eden space 65536K, 20% used [0x00000000d5580000,0x00000000d625a3d8,0x00000000d9580000)
  from space 10752K, 99% used [0x00000000d9580000,0x00000000d9ffb7c8,0x00000000da000000)
  to   space 10752K, 0% used [0x00000000de000000,0x00000000de000000,0x00000000dea80000)
 ParOldGen       total 175104K, used 2544K [0x0000000080000000, 0x000000008ab00000, 0x00000000d5580000)
  object space 175104K, 1% used [0x0000000080000000,0x000000008027c2d8,0x000000008ab00000)
 Metaspace       used 20827K, capacity 21106K, committed 21296K, reserved 1069056K
  class space    used 2321K, capacity 2410K, committed 2432K, reserved 1048576K
Event: 5.832 GC heap after
Heap after GC invocations=4 (full 0):
 PSYoungGen      total 141824K, used 10721K [0x00000000d5580000, 0x00000000dea80000, 0x0000000100000000)
  eden space 131072K, 0% used [0x00000000d5580000,0x00000000d5580000,0x00000000dd580000)
  from space 10752K, 99% used [0x00000000de000000,0x00000000dea787b8,0x00000000dea80000)
  to   space 10752K, 0% used [0x00000000dd580000,0x00000000dd580000,0x00000000de000000)
 ParOldGen       total 175104K, used 4456K [0x0000000080000000, 0x000000008ab00000, 0x00000000d5580000)
  object space 175104K, 2% used [0x0000000080000000,0x000000008045a3e8,0x000000008ab00000)
 Metaspace       used 20827K, capacity 21106K, committed 21296K, reserved 1069056K
  class space    used 2321K, capacity 2410K, committed 2432K, reserved 1048576K
}
Event: 5.832 GC heap before
{Heap before GC invocations=5 (full 1):
 PSYoungGen      total 141824K, used 10721K [0x00000000d5580000, 0x00000000dea80000, 0x0000000100000000)
  eden space 131072K, 0% used [0x00000000d5580000,0x00000000d5580000,0x00000000dd580000)
  from space 10752K, 99% used [0x00000000de000000,0x00000000dea787b8,0x00000000dea80000)
  to   space 10752K, 0% used [0x00000000dd580000,0x00000000dd580000,0x00000000de000000)
 ParOldGen       total 175104K, used 4456K [0x0000000080000000, 0x000000008ab00000, 0x00000000d5580000)
  object space 175104K, 2% used [0x0000000080000000,0x000000008045a3e8,0x000000008ab00000)
 Metaspace       used 20827K, capacity 21106K, committed 21296K, reserved 1069056K
  class space    used 2321K, capacity 2410K, committed 2432K, reserved 1048576K
Event: 5.913 GC heap after
Heap after GC invocations=5 (full 1):
 PSYoungGen      total 141824K, used 0K [0x00000000d5580000, 0x00000000dea80000, 0x0000000100000000)
  eden space 131072K, 0% used [0x00000000d5580000,0x00000000d5580000,0x00000000dd580000)
  from space 10752K, 0% used [0x00000000de000000,0x00000000de000000,0x00000000dea80000)
  to   space 10752K, 0% used [0x00000000dd580000,0x00000000dd580000,0x00000000de000000)
 ParOldGen       total 100352K, used 13542K [0x0000000080000000, 0x0000000086200000, 0x00000000d5580000)
  object space 100352K, 13% used [0x0000000080000000,0x0000000080d39af0,0x0000000086200000)
 Metaspace       used 20827K, capacity 21106K, committed 21296K, reserved 1069056K
  class space    used 2321K, capacity 2410K, committed 2432K, reserved 1048576K
}

Deoptimization events (10 events):
Event: 14.609 Thread 0x0000000002ade000 Uncommon trap: reason=unstable_if action=reinterpret pc=0x00000000035ffa40 method=java.util.HashMap.getNode(ILjava/lang/Object;)Ljava/util/HashMap$Node; @ 129
Event: 14.609 Thread 0x0000000002ade000 Uncommon trap: reason=bimorphic action=maybe_recompile pc=0x0000000003b9e17c method=java.util.HashMap.putVal(ILjava/lang/Object;Ljava/lang/Object;ZZ)Ljava/lang/Object; @ 203
Event: 14.633 Thread 0x0000000002ade000 Uncommon trap: reason=bimorphic action=maybe_recompile pc=0x0000000003b9e17c method=java.util.HashMap.putVal(ILjava/lang/Object;Ljava/lang/Object;ZZ)Ljava/lang/Object; @ 203
Event: 14.638 Thread 0x0000000002ade000 Uncommon trap: reason=bimorphic action=maybe_recompile pc=0x0000000003b9e17c method=java.util.HashMap.putVal(ILjava/lang/Object;Ljava/lang/Object;ZZ)Ljava/lang/Object; @ 203
Event: 14.826 Thread 0x0000000002ade000 Uncommon trap: reason=bimorphic action=maybe_recompile pc=0x00000000038c0d78 method=java.net.URL.<init>(Ljava/net/URL;Ljava/lang/String;Ljava/net/URLStreamHandler;)V @ 504
Event: 17.922 Thread 0x0000000002ade000 Uncommon trap: reason=unstable_if action=reinterpret pc=0x0000000003cedeb0 method=java.lang.Character.isHighSurrogate(C)Z @ 3
Event: 19.222 Thread 0x0000000002ade000 Uncommon trap: reason=bimorphic action=maybe_recompile pc=0x0000000003940010 method=org.codehaus.groovy.runtime.metaclass.MetaMethodIndex.addMethodToList(Ljava/lang/Object;Lgroovy/lang/MetaMethod;)Ljava/lang/Object; @ 95
Event: 19.222 Thread 0x0000000002ade000 Uncommon trap: reason=bimorphic action=maybe_recompile pc=0x0000000003940010 method=org.codehaus.groovy.runtime.metaclass.MetaMethodIndex.addMethodToList(Ljava/lang/Object;Lgroovy/lang/MetaMethod;)Ljava/lang/Object; @ 95
Event: 19.228 Thread 0x0000000002ade000 Uncommon trap: reason=class_check action=maybe_recompile pc=0x0000000003d00dfc method=java.lang.AbstractStringBuilder.append(Ljava/lang/CharSequence;II)Ljava/lang/AbstractStringBuilder; @ 18
Event: 19.228 Thread 0x0000000002ade000 Uncommon trap: reason=class_check action=maybe_recompile pc=0x0000000003d00dfc method=java.lang.AbstractStringBuilder.append(Ljava/lang/CharSequence;II)Ljava/lang/AbstractStringBuilder; @ 18

Classes redefined (0 events):
No events

Internal exceptions (10 events):
Event: 19.198 Thread 0x0000000002ade000 Exception <a 'java/security/PrivilegedActionException'> (0x00000000dd0fa300) thrown at [C:\re\workspace\8-2-build-windows-amd64-cygwin\jdk8u181\11358\hotspot\src\share\vm\prims\jvm.cpp, line 1435]
Event: 19.198 Thread 0x0000000002ade000 Exception <a 'java/security/PrivilegedActionException'> (0x00000000dd0fa8e0) thrown at [C:\re\workspace\8-2-build-windows-amd64-cygwin\jdk8u181\11358\hotspot\src\share\vm\prims\jvm.cpp, line 1435]
Event: 19.198 Thread 0x0000000002ade000 Exception <a 'java/security/PrivilegedActionException'> (0x00000000dd101830) thrown at [C:\re\workspace\8-2-build-windows-amd64-cygwin\jdk8u181\11358\hotspot\src\share\vm\prims\jvm.cpp, line 1435]
Event: 19.198 Thread 0x0000000002ade000 Exception <a 'java/security/PrivilegedActionException'> (0x00000000dd101e10) thrown at [C:\re\workspace\8-2-build-windows-amd64-cygwin\jdk8u181\11358\hotspot\src\share\vm\prims\jvm.cpp, line 1435]
Event: 19.216 Thread 0x0000000002ade000 Exception <a 'java/lang/ClassNotFoundException': Script1BeanInfo> (0x00000000dd1f67b8) thrown at [C:\re\workspace\8-2-build-windows-amd64-cygwin\jdk8u181\11358\hotspot\src\share\vm\classfile\systemDictionary.cpp, line 210]
Event: 19.220 Thread 0x0000000002ade000 Exception <a 'java/lang/ClassNotFoundException': Script1Customizer> (0x00000000dd221d48) thrown at [C:\re\workspace\8-2-build-windows-amd64-cygwin\jdk8u181\11358\hotspot\src\share\vm\classfile\systemDictionary.cpp, line 210]
Event: 19.225 Thread 0x0000000002ade000 Exception <a 'java/lang/ClassNotFoundException': org/openqa/selenium/KeysBeanInfo> (0x00000000dd26f8f0) thrown at [C:\re\workspace\8-2-build-windows-amd64-cygwin\jdk8u181\11358\hotspot\src\share\vm\classfile\systemDictionary.cpp, line 210]
Event: 19.227 Thread 0x0000000002ade000 Exception <a 'java/lang/ClassNotFoundException': org/openqa/selenium/KeysCustomizer> (0x00000000dd2a0838) thrown at [C:\re\workspace\8-2-build-windows-amd64-cygwin\jdk8u181\11358\hotspot\src\share\vm\classfile\systemDictionary.cpp, line 210]
Event: 19.245 Thread 0x0000000002ade000 Exception <a 'java/lang/ClassNotFoundException': com/kms/katalon/core/webui/keyword/builtin/SendKeysKeywordBeanInfo> (0x00000000dd414720) thrown at [C:\re\workspace\8-2-build-windows-amd64-cygwin\jdk8u181\11358\hotspot\src\share\vm\classfile\systemDiction
Event: 19.250 Thread 0x0000000002ade000 Exception <a 'java/lang/ClassNotFoundException': com/kms/katalon/core/webui/keyword/builtin/SendKeysKeywordCustomizer> (0x00000000dd45f9f0) thrown at [C:\re\workspace\8-2-build-windows-amd64-cygwin\jdk8u181\11358\hotspot\src\share\vm\classfile\systemDicti

Events (10 events):
Event: 19.245 loading class com/kms/katalon/core/webui/keyword/builtin/SendKeysKeywordBeanInfo
Event: 19.245 loading class com/kms/katalon/core/webui/keyword/builtin/SendKeysKeywordBeanInfo done
Event: 19.245 loading class com/kms/katalon/core/webui/keyword/builtin/SendKeysKeywordCustomizer
Event: 19.245 loading class com/kms/katalon/core/webui/keyword/builtin/SendKeysKeywordCustomizer done
Event: 19.245 loading class com/kms/katalon/core/webui/keyword/builtin/SendKeysKeywordCustomizer
Event: 19.245 loading class com/kms/katalon/core/webui/keyword/builtin/SendKeysKeywordCustomizer done
Event: 19.250 loading class com/kms/katalon/core/webui/keyword/builtin/SendKeysKeywordCustomizer
Event: 19.250 loading class com/kms/katalon/core/webui/keyword/builtin/SendKeysKeywordCustomizer done
Event: 19.257 loading class groovy/runtime/metaclass/com/kms/katalon/core/webui/keyword/builtin/SendKeysKeyword$_sendKeys_closure1MetaClass
Event: 19.257 loading class groovy/runtime/metaclass/com/kms/katalon/core/webui/keyword/builtin/SendKeysKeyword$_sendKeys_closure1MetaClass done


Dynamic libraries:
0x000000013f550000 - 0x000000013f587000 	C:\Users\montbaga\Downloads\Katalon_Studio_Windows_64-7.0.8\Katalon_Studio_Windows_64-7.0.8\jre\bin\javaw.exe
0x0000000076ea0000 - 0x000000007703f000 	C:\WINDOWS\SYSTEM32\ntdll.dll
0x0000000076c80000 - 0x0000000076d9f000 	C:\WINDOWS\system32\kernel32.dll
0x000007fefcd30000 - 0x000007fefcd97000 	C:\WINDOWS\system32\KERNELBASE.dll
0x000007fefe930000 - 0x000007fefea0b000 	C:\WINDOWS\system32\ADVAPI32.DLL
0x000007fefcfc0000 - 0x000007fefd05f000 	C:\WINDOWS\system32\msvcrt.dll
0x000007fefe1d0000 - 0x000007fefe1ef000 	C:\WINDOWS\SYSTEM32\sechost.dll
0x000007fefe1f0000 - 0x000007fefe31c000 	C:\WINDOWS\system32\RPCRT4.dll
0x0000000076da0000 - 0x0000000076e9b000 	C:\WINDOWS\system32\USER32.dll
0x000007fefded0000 - 0x000007fefdf37000 	C:\WINDOWS\system32\GDI32.dll
0x000007fefe380000 - 0x000007fefe38e000 	C:\WINDOWS\system32\LPK.dll
0x000007fefd060000 - 0x000007fefd12b000 	C:\WINDOWS\system32\USP10.dll
0x000007fefb0a0000 - 0x000007fefb295000 	C:\WINDOWS\WinSxS\amd64_microsoft.windows.common-controls_6595b64144ccf1df_6.0.7601.24483_none_e372d88f30fbb845\COMCTL32.dll
0x000007fefdf40000 - 0x000007fefdfb1000 	C:\WINDOWS\system32\SHLWAPI.dll
0x000007fefe660000 - 0x000007fefe68e000 	C:\WINDOWS\system32\IMM32.DLL
0x000007fefdfc0000 - 0x000007fefe0cb000 	C:\WINDOWS\system32\MSCTF.dll
0x000007fefc730000 - 0x000007fefc913000 	C:\WINDOWS\system32\tmumh\20019\AddOn\8.52.0.1068\TmUmEvt64.dll
0x0000000077050000 - 0x0000000077057000 	C:\WINDOWS\system32\PSAPI.DLL
0x000007fefc680000 - 0x000007fefc683000 	C:\WINDOWS\system32\api-ms-win-core-synch-l1-2-0.DLL
0x0000000074600000 - 0x000000007476e000 	C:\WINDOWS\system32\tmumh\20019\TmMon\2.8.0.1034\tmmon64.dll
0x00000000587c0000 - 0x0000000058892000 	C:\Users\montbaga\Downloads\Katalon_Studio_Windows_64-7.0.8\Katalon_Studio_Windows_64-7.0.8\jre\bin\msvcr100.dll
0x00000000649b0000 - 0x0000000065252000 	C:\Users\montbaga\Downloads\Katalon_Studio_Windows_64-7.0.8\Katalon_Studio_Windows_64-7.0.8\jre\bin\server\jvm.dll
0x000007fef8c20000 - 0x000007fef8c29000 	C:\WINDOWS\system32\WSOCK32.dll
0x000007fefef60000 - 0x000007fefefad000 	C:\WINDOWS\system32\WS2_32.dll
0x000007fefd130000 - 0x000007fefd138000 	C:\WINDOWS\system32\NSI.dll
0x000007fef9e20000 - 0x000007fef9e5b000 	C:\WINDOWS\system32\WINMM.dll
0x000007fefb970000 - 0x000007fefb97c000 	C:\WINDOWS\system32\VERSION.dll
0x0000000071710000 - 0x000000007171f000 	C:\Users\montbaga\Downloads\Katalon_Studio_Windows_64-7.0.8\Katalon_Studio_Windows_64-7.0.8\jre\bin\verify.dll
0x00000000715f0000 - 0x0000000071619000 	C:\Users\montbaga\Downloads\Katalon_Studio_Windows_64-7.0.8\Katalon_Studio_Windows_64-7.0.8\jre\bin\java.dll
0x0000000070b70000 - 0x0000000070b86000 	C:\Users\montbaga\Downloads\Katalon_Studio_Windows_64-7.0.8\Katalon_Studio_Windows_64-7.0.8\jre\bin\zip.dll
0x000007fefd140000 - 0x000007fefdecb000 	C:\WINDOWS\system32\SHELL32.dll
0x000007fefe730000 - 0x000007fefe92f000 	C:\WINDOWS\system32\ole32.dll
0x000007fefc9f0000 - 0x000007fefc9ff000 	C:\WINDOWS\system32\profapi.dll
0x0000000070bc0000 - 0x0000000070bda000 	C:\Users\montbaga\Downloads\Katalon_Studio_Windows_64-7.0.8\Katalon_Studio_Windows_64-7.0.8\jre\bin\net.dll
0x000007fefc010000 - 0x000007fefc065000 	C:\WINDOWS\system32\mswsock.dll
0x000007fefc140000 - 0x000007fefc147000 	C:\WINDOWS\System32\wship6.dll
0x000000006f6c0000 - 0x000000006f6d1000 	C:\Users\montbaga\Downloads\Katalon_Studio_Windows_64-7.0.8\Katalon_Studio_Windows_64-7.0.8\jre\bin\nio.dll
0x000007fefb990000 - 0x000007fefb997000 	C:\WINDOWS\System32\wshtcpip.dll
0x000007fefbdb0000 - 0x000007fefbe0b000 	C:\WINDOWS\system32\DNSAPI.dll
0x000007fef9e70000 - 0x000007fef9e97000 	C:\WINDOWS\system32\IPHLPAPI.DLL
0x000007fef9e10000 - 0x000007fef9e1b000 	C:\WINDOWS\system32\WINNSI.DLL
0x000007fef98d0000 - 0x000007fef98d8000 	C:\WINDOWS\system32\rasadhlp.dll
0x000007fef9d10000 - 0x000007fef9d63000 	C:\WINDOWS\System32\fwpuclnt.dll
0x000000006dba0000 - 0x000000006dbc4000 	C:\Users\montbaga\Downloads\Katalon_Studio_Windows_64-7.0.8\Katalon_Studio_Windows_64-7.0.8\jre\bin\sunec.dll
0x00000000715c0000 - 0x00000000715cb000 	C:\Users\montbaga\Downloads\Katalon_Studio_Windows_64-7.0.8\Katalon_Studio_Windows_64-7.0.8\jre\bin\sunmscapi.dll
0x000007fefcb70000 - 0x000007fefccdd000 	C:\WINDOWS\system32\CRYPT32.dll
0x000007fefca00000 - 0x000007fefca0f000 	C:\WINDOWS\system32\MSASN1.dll
0x000007fef9bc0000 - 0x000007fef9bd1000 	C:\WINDOWS\system32\dhcpcsvc6.DLL
0x000007fef9ba0000 - 0x000007fef9bb8000 	C:\WINDOWS\system32\dhcpcsvc.DLL
0x000007fefc1a0000 - 0x000007fefc1b8000 	C:\WINDOWS\system32\CRYPTSP.dll
0x000007fefbc70000 - 0x000007fefbcb7000 	C:\WINDOWS\system32\rsaenh.dll
0x000007fefca10000 - 0x000007fefca2f000 	C:\WINDOWS\system32\USERENV.dll
0x000007fefc5f0000 - 0x000007fefc5ff000 	C:\WINDOWS\system32\CRYPTBASE.dll
0x000007fefc600000 - 0x000007fefc657000 	C:\WINDOWS\system32\apphelp.dll
0x000007fefa1b0000 - 0x000007fefa1c5000 	C:\WINDOWS\system32\NLAapi.dll
0x000007fef7550000 - 0x000007fef7565000 	C:\WINDOWS\system32\napinsp.dll
0x000007fef7570000 - 0x000007fef7589000 	C:\WINDOWS\system32\pnrpnsp.dll
0x000007fef7540000 - 0x000007fef754b000 	C:\WINDOWS\System32\winrnr.dll

VM Arguments:
jvm_args: -Dgroovy.home=/C:/Users/montbaga/Downloads/Katalon_Studio_Windows_64-7.0.8/Katalon_Studio_Windows_64-7.0.8/plugins/org.codehaus.groovy_2.4.7.xx-201611170128-e46/ -Xmx2048m -Dfile.encoding=UTF-8 
java_command: org.codehaus.groovy.tools.GroovyStarter --classpath C:\Users\montbaga\Katalon Studio\POC-BP\Include\scripts\groovy;C:\Users\montbaga\Katalon Studio\POC-BP\Keywords;C:\Users\montbaga\Katalon Studio\POC-BP\Libs;C:\Users\montbaga\Katalon Studio\POC-BP\Test Listeners;C:\Users\montbaga\Downloads\Katalon_Studio_Windows_64-7.0.8\Katalon_Studio_Windows_64-7.0.8\configuration\plugin\install\32743\1.0.7\katalon-studio-report-plugin.jar;C:\Users\montbaga\Downloads\Katalon_Studio_Windows_64-7.0.8\Katalon_Studio_Windows_64-7.0.8\configuration\resources\lib\aalto-xml-1.0.0.jar;C:\Users\montbaga\Downloads\Katalon_Studio_Windows_64-7.0.8\Katalon_Studio_Windows_64-7.0.8\configuration\resources\lib\aspectjweaver-1.9.1.jar;C:\Users\montbaga\Downloads\Katalon_Studio_Windows_64-7.0.8\Katalon_Studio_Windows_64-7.0.8\configuration\resources\lib\bcpkix-jdk15on-1.58.jar;C:\Users\montbaga\Downloads\Katalon_Studio_Windows_64-7.0.8\Katalon_Studio_Windows_64-7.0.8\configuration\resources\lib\bcprov-jdk15on-1.58.jar;C:\Users\montbaga\Downloads\Katalon_Studio_Windows_64-7.0.8\Katalon_Studio_Windows_64-7.0.8\configuration\resources\lib\browsermob-core-2.1.5.jar;C:\Users\montbaga\Downloads\Katalon_Studio_Windows_64-7.0.8\Katalon_Studio_Windows_64-7.0.8\configuration\resources\lib\cglib-3.2.10.jar;C:\Users\montbaga\Downloads\Katalon_Studio_Windows_64-7.0.8\Katalon_Studio_Windows_64-7.0.8\configuration\resources\lib\commons-codec-1.10.jar;C:\Users\montbaga\Downloads\Katalon_Studio_Windows_64-7.0.8\Katalon_Studio_Windows_64-7.0.8\configuration\resources\lib\commons-collections4-4.1.jar;C:\Users\montbaga\Downloads\Katalon_Studio_Windows_64-7.0.8\Katalon_Studio_Windows_64-7.0.8\configuration\resources\lib\commons-validator-1.6.jar;C:\Users\montbaga\Downloads\Katalon_Studio_Windows_64-7.0.8\Katalon_Studio_Windows_64-7.0.8\configuration\resources\lib\curvesapi-1.04.jar;C:\Users\montbaga\Downloads\Katalon_Studio_Windows_64-7.0.8\Katalon_Studio_Windows_64-7.0.8\configuration\resources\lib\dn
java_class_path (initial): C:\Users\montbaga\Katalon Studio\POC-BP\bin\keyword;C:\Users\montbaga\Katalon Studio\POC-BP\bin\listener;C:\Users\montbaga\Katalon Studio\POC-BP\bin\lib;C:\Users\montbaga\Katalon Studio\POC-BP\bin\groovy;C:\Users\montbaga\Katalon Studio\POC-BP\bin;C:\Users\montbaga\Downloads\Katalon_Studio_Windows_64-7.0.8\Katalon_Studio_Windows_64-7.0.8\plugins\com.kms.katalon.core_1.0.0.201912090827.jar;C:\Users\montbaga\Downloads\Katalon_Studio_Windows_64-7.0.8\Katalon_Studio_Windows_64-7.0.8\configuration\resources\lib\aalto-xml-1.0.0.jar;C:\Users\montbaga\Downloads\Katalon_Studio_Windows_64-7.0.8\Katalon_Studio_Windows_64-7.0.8\configuration\resources\lib\aspectjweaver-1.9.1.jar;C:\Users\montbaga\Downloads\Katalon_Studio_Windows_64-7.0.8\Katalon_Studio_Windows_64-7.0.8\configuration\resources\lib\bcpkix-jdk15on-1.58.jar;C:\Users\montbaga\Downloads\Katalon_Studio_Windows_64-7.0.8\Katalon_Studio_Windows_64-7.0.8\configuration\resources\lib\bcprov-jdk15on-1.58.jar;C:\Users\montbaga\Downloads\Katalon_Studio_Windows_64-7.0.8\Katalon_Studio_Windows_64-7.0.8\configuration\resources\lib\browsermob-core-2.1.5.jar;C:\Users\montbaga\Downloads\Katalon_Studio_Windows_64-7.0.8\Katalon_Studio_Windows_64-7.0.8\configuration\resources\lib\cglib-3.2.10.jar;C:\Users\montbaga\Downloads\Katalon_Studio_Windows_64-7.0.8\Katalon_Studio_Windows_64-7.0.8\configuration\resources\lib\commons-codec-1.10.jar;C:\Users\montbaga\Downloads\Katalon_Studio_Windows_64-7.0.8\Katalon_Studio_Windows_64-7.0.8\configuration\resources\lib\commons-collections4-4.1.jar;C:\Users\montbaga\Downloads\Katalon_Studio_Windows_64-7.0.8\Katalon_Studio_Windows_64-7.0.8\configuration\resources\lib\commons-validator-1.6.jar;C:\Users\montbaga\Downloads\Katalon_Studio_Windows_64-7.0.8\Katalon_Studio_Windows_64-7.0.8\configuration\resources\lib\curvesapi-1.04.jar;C:\Users\montbaga\Downloads\Katalon_Studio_Windows_64-7.0.8\Katalon_Studio_Windows_64-7.0.8\configuration\resources\lib\dnsjava-2.1.8.jar;C:\Users\
Launcher Type: SUN_STANDARD

Environment Variables:
PATH=C:/Users/montbaga/Downloads/Katalon_Studio_Windows_64-7.0.8/Katalon_Studio_Windows_64-7.0.8/jre/bin/server;C:/Users/montbaga/Downloads/Katalon_Studio_Windows_64-7.0.8/Katalon_Studio_Windows_64-7.0.8/jre/bin;C:/Users/montbaga/Downloads/Katalon_Studio_Windows_64-7.0.8/Katalon_Studio_Windows_64-7.0.8/jre/lib/amd64;C:\WINDOWS\system32;C:\WINDOWS;C:\WINDOWS\System32\Wbem;C:\WINDOWS\System32\WindowsPowerShell\v1.0\;C:\WINDOWS\System32\WindowsPowerShell\v1.0\;C:\WINDOWS\System32\WindowsPowerShell\v1.0\;C:\ORA11G\Client\bin\;C:\Users\montbaga\Downloads\Katalon_Studio_Windows_64-7.0.8\Katalon_Studio_Windows_64-7.0.8;
USERNAME=montbaga
OS=Windows_NT
PROCESSOR_IDENTIFIER=Intel64 Family 6 Model 45 Stepping 2, GenuineIntel



---------------  S Y S T E M  ---------------

OS: Windows 7 , 64 bit Build 7601 (6.1.7601.24545)

CPU:total 2 (initial active 2) (1 cores per cpu, 1 threads per core) family 6 model 45 stepping 2, cmov, cx8, fxsr, mmx, sse, sse2, sse3, ssse3, sse4.1, sse4.2, popcnt, avx, aes, clmul, tsc, tscinvbit, tscinv

Memory: 4k page, physical 16776696k(1683484k free), swap 16979596k(6076k free)

vm_info: Java HotSpot(TM) 64-Bit Server VM (25.181-b13) for windows-amd64 JRE (1.8.0_181-b13), built on Jul  7 2018 04:01:33 by "java_re" with MS VC++ 10.0 (VS2010)

time: Sun Feb 16 09:25:16 2020
elapsed time: 19 seconds (0d 0h 0m 19s)

