#
# There is insufficient memory for the Java Runtime Environment to continue.
# Native memory allocation (malloc) failed to allocate 1114192 bytes for Chunk::new
# Possible reasons:
#   The system is out of physical RAM or swap space
#   In 32 bit mode, the process size limit was hit
# Possible solutions:
#   Reduce memory load on the system
#   Increase physical memory or swap space
#   Check if swap backing store is full
#   Use 64 bit Java on a 64 bit OS
#   Decrease Java heap size (-Xmx/-Xms)
#   Decrease number of Java threads
#   Decrease Java thread stack sizes (-Xss)
#   Set larger code cache with -XX:ReservedCodeCacheSize=
# This output file may be truncated or incomplete.
#
#  Out of Memory Error (allocation.cpp:390), pid=13024, tid=0x0000000000003d3c
#
# JRE version: Java(TM) SE Runtime Environment (8.0_181-b13) (build 1.8.0_181-b13)
# Java VM: Java HotSpot(TM) 64-Bit Server VM (25.181-b13 mixed mode windows-amd64 compressed oops)
# Failed to write core dump. Minidumps are not enabled by default on client versions of Windows
#

---------------  T H R E A D  ---------------

Current thread (0x00000000183a5800):  JavaThread "C2 CompilerThread0" daemon [_thread_in_native, id=15676, stack(0x00000000199e0000,0x0000000019ae0000)]

Stack: [0x00000000199e0000,0x0000000019ae0000]
[error occurred during error reporting (printing stack bounds), id 0xc0000005]

Native frames: (J=compiled Java code, j=interpreted, Vv=VM code, C=native code)


Current CompileTask:
C2:1897805 15130   !   4       java.security.SecureClassLoader::getProtectionDomain (114 bytes)


---------------  P R O C E S S  ---------------

Java Threads: ( => current thread )
  0x0000000019f73800 JavaThread "Exec Stream Pumper" daemon [_thread_in_native, id=33240, stack(0x0000000022630000,0x0000000022730000)]
  0x0000000019f68000 JavaThread "Exec Stream Pumper" daemon [_thread_in_native, id=7264, stack(0x0000000022530000,0x0000000022630000)]
  0x0000000019f6d800 JavaThread "Exec Default Executor" daemon [_thread_in_native, id=43832, stack(0x0000000022330000,0x0000000022430000)]
  0x0000000019f6c800 JavaThread "Okio Watchdog" daemon [_thread_blocked, id=13768, stack(0x0000000022f40000,0x0000000023040000)]
  0x000000001e1ef000 JavaThread "oracle.jdbc.driver.BlockSource.ThreadedCachingBlockSource.BlockReleaser" daemon [_thread_blocked, id=54800, stack(0x0000000023550000,0x0000000023650000)]
  0x000000001e1f5000 JavaThread "mysql-cj-abandoned-connection-cleanup" daemon [_thread_blocked, id=33880, stack(0x0000000023340000,0x0000000023440000)]
  0x000000001e1f3000 JavaThread "OkHttp ConnectionPool" daemon [_thread_blocked, id=18632, stack(0x0000000023c50000,0x0000000023d50000)]
  0x000000001d773000 JavaThread "AWT-Windows" daemon [_thread_in_native, id=63104, stack(0x000000001e8e0000,0x000000001e9e0000)]
  0x000000001c5c8000 JavaThread "Java2D Disposer" daemon [_thread_blocked, id=1332, stack(0x000000001e690000,0x000000001e790000)]
  0x0000000019d2b800 JavaThread "Service Thread" daemon [_thread_blocked, id=33080, stack(0x000000001a0e0000,0x000000001a1e0000)]
  0x00000000183c8800 JavaThread "C1 CompilerThread2" daemon [_thread_blocked, id=56708, stack(0x0000000019be0000,0x0000000019ce0000)]
  0x00000000183ab000 JavaThread "C2 CompilerThread1" daemon [_thread_blocked, id=10308, stack(0x0000000019ae0000,0x0000000019be0000)]
=>0x00000000183a5800 JavaThread "C2 CompilerThread0" daemon [_thread_in_native, id=15676, stack(0x00000000199e0000,0x0000000019ae0000)]
  0x00000000183a4800 JavaThread "Attach Listener" daemon [_thread_blocked, id=43244, stack(0x00000000198e0000,0x00000000199e0000)]
  0x00000000183a1800 JavaThread "Signal Dispatcher" daemon [_thread_blocked, id=7268, stack(0x00000000197e0000,0x00000000198e0000)]
  0x000000001837d800 JavaThread "Finalizer" daemon [_thread_blocked, id=20900, stack(0x00000000195e0000,0x00000000196e0000)]
  0x0000000018374000 JavaThread "Reference Handler" daemon [_thread_blocked, id=59868, stack(0x00000000194e0000,0x00000000195e0000)]
  0x0000000003677800 JavaThread "main" [_thread_blocked, id=61984, stack(0x0000000003560000,0x0000000003660000)]

Other Threads:
  0x000000001834b800 VMThread [stack: 0x00000000193e0000,0x00000000194e0000] [id=1816]
  0x0000000019d8b000 WatcherThread [stack: 0x000000001a1e0000,0x000000001a2e0000] [id=50440]

VM state:at safepoint (normal execution)

VM Mutex/Monitor currently owned by a thread:  ([mutex/lock_event])
[0x0000000003674a10] Threads_lock - owner thread: 0x000000001834b800
[0x0000000003676c20] Compile_lock - owner thread: 0x0000000003677800

Heap:
 PSYoungGen      total 591872K, used 118733K [0x00000000d5580000, 0x00000000fbd80000, 0x0000000100000000)
  eden space 557056K, 17% used [0x00000000d5580000,0x00000000db7480d8,0x00000000f7580000)
  from space 34816K, 53% used [0x00000000f7580000,0x00000000f87ab520,0x00000000f9780000)
  to   space 31232K, 0% used [0x00000000f9780000,0x00000000f9780000,0x00000000fb600000)
 ParOldGen       total 480768K, used 358507K [0x0000000080000000, 0x000000009d580000, 0x00000000d5580000)
  object space 480768K, 74% used [0x0000000080000000,0x0000000095e1ad70,0x000000009d580000)
 Metaspace       used 73562K, capacity 79920K, committed 80128K, reserved 1118208K
  class space    used 8658K, capacity 10742K, committed 10752K, reserved 1048576K

Card table byte_map: [0x0000000012b20000,0x0000000012f30000] byte_map_base: 0x0000000012720000

Marking Bits: (ParMarkBitMap*) 0x00000000765c2d00
 Begin Bits: [0x00000000135e0000, 0x00000000155e0000)
 End Bits:   [0x00000000155e0000, 0x00000000175e0000)

Polling page: 0x0000000003490000

CodeCache: size=245760Kb used=47861Kb max_used=47912Kb free=197898Kb
 bounds [0x0000000003760000, 0x0000000006670000, 0x0000000012760000]
 total_blobs=12523 nmethods=11557 adapters=876
 compilation: enabled

Compilation events (10 events):
Event: 1897.652 Thread 0x00000000183c8800 15132       3       com.lowagie.text.pdf.IntHashtable$Entry::<init> (26 bytes)
Event: 1897.652 Thread 0x00000000183c8800 nmethod 15132 0x0000000004933cd0 code [0x0000000004933e20, 0x0000000004933ff0]
Event: 1897.667 Thread 0x00000000183c8800 15133   !   3       com.lowagie.text.pdf.PdfEncodings::convertToString (198 bytes)
Event: 1897.668 Thread 0x00000000183c8800 nmethod 15133 0x0000000005e510d0 code [0x0000000005e513a0, 0x0000000005e529c8]
Event: 1897.670 Thread 0x00000000183c8800 15135   !   3       com.lowagie.text.pdf.PdfName::decodeName (93 bytes)
Event: 1897.671 Thread 0x00000000183c8800 nmethod 15135 0x0000000005e4e950 code [0x0000000005e4ec00, 0x0000000005e500d8]
Event: 1897.673 Thread 0x00000000183c8800 15134       3       com.lowagie.text.pdf.PdfObject::toString (21 bytes)
Event: 1897.673 Thread 0x00000000183c8800 nmethod 15134 0x0000000005e4e510 code [0x0000000005e4e680, 0x0000000005e4e898]
Event: 1897.769 Thread 0x00000000183c8800 15136       3       sun.reflect.annotation.AnnotationParser::parseMemberValue (162 bytes)
Event: 1897.771 Thread 0x00000000183c8800 nmethod 15136 0x0000000006669c10 code [0x0000000006669ee0, 0x000000000666b338]

GC Heap History (10 events):
Event: 1886.802 GC heap before
{Heap before GC invocations=1630 (full 7):
 PSYoungGen      total 429056K, used 426349K [0x00000000d5580000, 0x00000000f1c00000, 0x0000000100000000)
  eden space 403456K, 100% used [0x00000000d5580000,0x00000000edf80000,0x00000000edf80000)
  from space 25600K, 89% used [0x00000000efc00000,0x00000000f125b490,0x00000000f1500000)
  to   space 29184K, 0% used [0x00000000edf80000,0x00000000edf80000,0x00000000efc00000)
 ParOldGen       total 480768K, used 297719K [0x0000000080000000, 0x000000009d580000, 0x00000000d5580000)
  object space 480768K, 61% used [0x0000000080000000,0x00000000922bde50,0x000000009d580000)
 Metaspace       used 71519K, capacity 77282K, committed 77440K, reserved 1116160K
  class space    used 8438K, capacity 10497K, committed 10624K, reserved 1048576K
Event: 1886.834 GC heap after
Heap after GC invocations=1630 (full 7):
 PSYoungGen      total 432640K, used 17928K [0x00000000d5580000, 0x00000000f6280000, 0x0000000100000000)
  eden space 403456K, 0% used [0x00000000d5580000,0x00000000d5580000,0x00000000edf80000)
  from space 29184K, 61% used [0x00000000edf80000,0x00000000ef1020c8,0x00000000efc00000)
  to   space 30720K, 0% used [0x00000000f4480000,0x00000000f4480000,0x00000000f6280000)
 ParOldGen       total 480768K, used 313028K [0x0000000080000000, 0x000000009d580000, 0x00000000d5580000)
  object space 480768K, 65% used [0x0000000080000000,0x00000000931b10c0,0x000000009d580000)
 Metaspace       used 71519K, capacity 77282K, committed 77440K, reserved 1116160K
  class space    used 8438K, capacity 10497K, committed 10624K, reserved 1048576K
}
Event: 1888.688 GC heap before
{Heap before GC invocations=1631 (full 7):
 PSYoungGen      total 432640K, used 421384K [0x00000000d5580000, 0x00000000f6280000, 0x0000000100000000)
  eden space 403456K, 100% used [0x00000000d5580000,0x00000000edf80000,0x00000000edf80000)
  from space 29184K, 61% used [0x00000000edf80000,0x00000000ef1020c8,0x00000000efc00000)
  to   space 30720K, 0% used [0x00000000f4480000,0x00000000f4480000,0x00000000f6280000)
 ParOldGen       total 480768K, used 313028K [0x0000000080000000, 0x000000009d580000, 0x00000000d5580000)
  object space 480768K, 65% used [0x0000000080000000,0x00000000931b10c0,0x000000009d580000)
 Metaspace       used 71727K, capacity 77570K, committed 77696K, reserved 1116160K
  class space    used 8461K, capacity 10533K, committed 10624K, reserved 1048576K
Event: 1888.715 GC heap after
Heap after GC invocations=1631 (full 7):
 PSYoungGen      total 504832K, used 15079K [0x00000000d5580000, 0x00000000f6100000, 0x0000000100000000)
  eden space 475648K, 0% used [0x00000000d5580000,0x00000000d5580000,0x00000000f2600000)
  from space 29184K, 51% used [0x00000000f4480000,0x00000000f5339f40,0x00000000f6100000)
  to   space 30208K, 0% used [0x00000000f2600000,0x00000000f2600000,0x00000000f4380000)
 ParOldGen       total 480768K, used 322942K [0x0000000080000000, 0x000000009d580000, 0x00000000d5580000)
  object space 480768K, 67% used [0x0000000080000000,0x0000000093b5f8d8,0x000000009d580000)
 Metaspace       used 71727K, capacity 77570K, committed 77696K, reserved 1116160K
  class space    used 8461K, capacity 10533K, committed 10624K, reserved 1048576K
}
Event: 1891.401 GC heap before
{Heap before GC invocations=1632 (full 7):
 PSYoungGen      total 504832K, used 490727K [0x00000000d5580000, 0x00000000f6100000, 0x0000000100000000)
  eden space 475648K, 100% used [0x00000000d5580000,0x00000000f2600000,0x00000000f2600000)
  from space 29184K, 51% used [0x00000000f4480000,0x00000000f5339f40,0x00000000f6100000)
  to   space 30208K, 0% used [0x00000000f2600000,0x00000000f2600000,0x00000000f4380000)
 ParOldGen       total 480768K, used 322942K [0x0000000080000000, 0x000000009d580000, 0x00000000d5580000)
  object space 480768K, 67% used [0x0000000080000000,0x0000000093b5f8d8,0x000000009d580000)
 Metaspace       used 71920K, capacity 77932K, committed 78208K, reserved 1116160K
  class space    used 8483K, capacity 10564K, committed 10624K, reserved 1048576K
Event: 1891.446 GC heap after
Heap after GC invocations=1632 (full 7):
 PSYoungGen      total 505856K, used 18409K [0x00000000d5580000, 0x00000000fb600000, 0x0000000100000000)
  eden space 475648K, 0% used [0x00000000d5580000,0x00000000d5580000,0x00000000f2600000)
  from space 30208K, 60% used [0x00000000f2600000,0x00000000f37fa418,0x00000000f4380000)
  to   space 31232K, 0% used [0x00000000f9780000,0x00000000f9780000,0x00000000fb600000)
 ParOldGen       total 480768K, used 330280K [0x0000000080000000, 0x000000009d580000, 0x00000000d5580000)
  object space 480768K, 68% used [0x0000000080000000,0x000000009428a260,0x000000009d580000)
 Metaspace       used 71920K, capacity 77932K, committed 78208K, reserved 1116160K
  class space    used 8483K, capacity 10564K, committed 10624K, reserved 1048576K
}
Event: 1893.833 GC heap before
{Heap before GC invocations=1633 (full 7):
 PSYoungGen      total 505856K, used 494057K [0x00000000d5580000, 0x00000000fb600000, 0x0000000100000000)
  eden space 475648K, 100% used [0x00000000d5580000,0x00000000f2600000,0x00000000f2600000)
  from space 30208K, 60% used [0x00000000f2600000,0x00000000f37fa418,0x00000000f4380000)
  to   space 31232K, 0% used [0x00000000f9780000,0x00000000f9780000,0x00000000fb600000)
 ParOldGen       total 480768K, used 330280K [0x0000000080000000, 0x000000009d580000, 0x00000000d5580000)
  object space 480768K, 68% used [0x0000000080000000,0x000000009428a260,0x000000009d580000)
 Metaspace       used 72069K, capacity 78228K, committed 78464K, reserved 1118208K
  class space    used 8497K, capacity 10580K, committed 10624K, reserved 1048576K
Event: 1893.890 GC heap after
Heap after GC invocations=1633 (full 7):
 PSYoungGen      total 588288K, used 25426K [0x00000000d5580000, 0x00000000fbd80000, 0x0000000100000000)
  eden space 557056K, 0% used [0x00000000d5580000,0x00000000d5580000,0x00000000f7580000)
  from space 31232K, 81% used [0x00000000f9780000,0x00000000fb054978,0x00000000fb600000)
  to   space 34816K, 0% used [0x00000000f7580000,0x00000000f7580000,0x00000000f9780000)
 ParOldGen       total 480768K, used 338778K [0x0000000080000000, 0x000000009d580000, 0x00000000d5580000)
  object space 480768K, 70% used [0x0000000080000000,0x0000000094ad6a48,0x000000009d580000)
 Metaspace       used 72069K, capacity 78228K, committed 78464K, reserved 1118208K
  class space    used 8497K, capacity 10580K, committed 10624K, reserved 1048576K
}
Event: 1896.999 GC heap before
{Heap before GC invocations=1634 (full 7):
 PSYoungGen      total 588288K, used 582482K [0x00000000d5580000, 0x00000000fbd80000, 0x0000000100000000)
  eden space 557056K, 100% used [0x00000000d5580000,0x00000000f7580000,0x00000000f7580000)
  from space 31232K, 81% used [0x00000000f9780000,0x00000000fb054978,0x00000000fb600000)
  to   space 34816K, 0% used [0x00000000f7580000,0x00000000f7580000,0x00000000f9780000)
 ParOldGen       total 480768K, used 338778K [0x0000000080000000, 0x000000009d580000, 0x00000000d5580000)
  object space 480768K, 70% used [0x0000000080000000,0x0000000094ad6a48,0x000000009d580000)
 Metaspace       used 72224K, capacity 78608K, committed 78720K, reserved 1118208K
  class space    used 8515K, capacity 10604K, committed 10624K, reserved 1048576K
Event: 1897.069 GC heap after
Heap after GC invocations=1634 (full 7):
 PSYoungGen      total 591872K, used 18605K [0x00000000d5580000, 0x00000000fbd80000, 0x0000000100000000)
  eden space 557056K, 0% used [0x00000000d5580000,0x00000000d5580000,0x00000000f7580000)
  from space 34816K, 53% used [0x00000000f7580000,0x00000000f87ab520,0x00000000f9780000)
  to   space 31232K, 0% used [0x00000000f9780000,0x00000000f9780000,0x00000000fb600000)
 ParOldGen       total 480768K, used 358507K [0x0000000080000000, 0x000000009d580000, 0x00000000d5580000)
  object space 480768K, 74% used [0x0000000080000000,0x0000000095e1ad70,0x000000009d580000)
 Metaspace       used 72224K, capacity 78608K, committed 78720K, reserved 1118208K
  class space    used 8515K, capacity 10604K, committed 10624K, reserved 1048576K
}

Deoptimization events (10 events):
Event: 1892.932 Thread 0x0000000019f69800 Uncommon trap: reason=unstable_if action=reinterpret pc=0x000000000585e7bc method=sun.font.FileFontStrike.getGlyphMetrics(IZ)Ljava/awt/geom/Point2D$Float; @ 11
Event: 1892.933 Thread 0x0000000019f69800 Uncommon trap: reason=unstable_if action=reinterpret pc=0x0000000005ab21e0 method=sun.font.FileFontStrike.getGlyphMetrics(IZ)Ljava/awt/geom/Point2D$Float; @ 11
Event: 1892.935 Thread 0x0000000019f69800 Uncommon trap: reason=unstable_if action=reinterpret pc=0x0000000005ab376c method=sun.font.FileFontStrike.getGlyphMetrics(IZ)Ljava/awt/geom/Point2D$Float; @ 11
Event: 1892.947 Thread 0x0000000019f69800 Uncommon trap: reason=unstable_if action=reinterpret pc=0x00000000064d53bc method=net.sf.jasperreports.engine.util.JRStringUtil.xmlEncode(Ljava/lang/String;Ljava/lang/String;)Ljava/lang/String; @ 65
Event: 1892.947 Thread 0x0000000019f69800 Uncommon trap: reason=unstable_if action=reinterpret pc=0x000000000643a788 method=net.sf.jasperreports.engine.util.JRStringUtil.xmlEncode(Ljava/lang/String;Ljava/lang/String;)Ljava/lang/String; @ 65
Event: 1892.982 Thread 0x0000000019f69800 Uncommon trap: reason=bimorphic action=maybe_recompile pc=0x00000000042a704c method=net.sf.jasperreports.engine.fill.JRFillElementContainer.prepareElements(IZ)V @ 24
Event: 1893.101 Thread 0x0000000019f69800 Uncommon trap: reason=unstable_if action=reinterpret pc=0x00000000042a7024 method=net.sf.jasperreports.engine.fill.JRFillElementContainer.getElementFirstY(Lnet/sf/jasperreports/engine/fill/JRFillElement;)I @ 27
Event: 1893.101 Thread 0x0000000019f69800 Uncommon trap: reason=unstable_if action=reinterpret pc=0x0000000006428cf0 method=net.sf.jasperreports.engine.fill.JRFillElementContainer.getElementFirstY(Lnet/sf/jasperreports/engine/fill/JRFillElement;)I @ 27
Event: 1893.101 Thread 0x0000000019f69800 Uncommon trap: reason=unstable_if action=reinterpret pc=0x0000000005bb66f8 method=net.sf.jasperreports.engine.fill.JRFillElementGroup.getStretchHeightDiff()I @ 61
Event: 1897.754 Thread 0x0000000003677800 Uncommon trap: reason=unstable_if action=reinterpret pc=0x00000000051a8764 method=net.sf.jasperreports.engine.type.EnumUtil.getEnumByName([Lnet/sf/jasperreports/engine/type/NamedEnum;Ljava/lang/String;)Lnet/sf/jasperreports/engine/type/NamedEnum; @ 19

Classes redefined (0 events):
No events

Internal exceptions (10 events):
Event: 1896.656 Thread 0x0000000019f69000 Exception <a 'java/security/PrivilegedActionException'> (0x00000000f5905828) thrown at [C:\re\workspace\8-2-build-windows-amd64-cygwin\jdk8u181\11358\hotspot\src\share\vm\prims\jvm.cpp, line 1435]
Event: 1896.656 Thread 0x0000000019f69000 Exception <a 'java/security/PrivilegedActionException'> (0x00000000f5905ff0) thrown at [C:\re\workspace\8-2-build-windows-amd64-cygwin\jdk8u181\11358\hotspot\src\share\vm\prims\jvm.cpp, line 1435]
Event: 1896.657 Thread 0x0000000019f69000 Exception <a 'java/security/PrivilegedActionException'> (0x00000000f590d038) thrown at [C:\re\workspace\8-2-build-windows-amd64-cygwin\jdk8u181\11358\hotspot\src\share\vm\prims\jvm.cpp, line 1435]
Event: 1896.657 Thread 0x0000000019f69000 Exception <a 'java/security/PrivilegedActionException'> (0x00000000f590d800) thrown at [C:\re\workspace\8-2-build-windows-amd64-cygwin\jdk8u181\11358\hotspot\src\share\vm\prims\jvm.cpp, line 1435]
Event: 1897.081 Thread 0x0000000019f69000 Exception <a 'java/security/PrivilegedActionException'> (0x00000000d56fcf58) thrown at [C:\re\workspace\8-2-build-windows-amd64-cygwin\jdk8u181\11358\hotspot\src\share\vm\prims\jvm.cpp, line 1435]
Event: 1897.081 Thread 0x0000000019f69000 Exception <a 'java/security/PrivilegedActionException'> (0x00000000d56fd720) thrown at [C:\re\workspace\8-2-build-windows-amd64-cygwin\jdk8u181\11358\hotspot\src\share\vm\prims\jvm.cpp, line 1435]
Event: 1897.081 Thread 0x0000000019f69000 Exception <a 'java/security/PrivilegedActionException'> (0x00000000d57048f8) thrown at [C:\re\workspace\8-2-build-windows-amd64-cygwin\jdk8u181\11358\hotspot\src\share\vm\prims\jvm.cpp, line 1435]
Event: 1897.081 Thread 0x0000000019f69000 Exception <a 'java/security/PrivilegedActionException'> (0x00000000d57050c0) thrown at [C:\re\workspace\8-2-build-windows-amd64-cygwin\jdk8u181\11358\hotspot\src\share\vm\prims\jvm.cpp, line 1435]
Event: 1897.126 Thread 0x0000000019f69000 Exception <a 'java/lang/ClassNotFoundException': summaryTestCase_1598429241595_108673BeanInfo> (0x00000000d92fb808) thrown at [C:\re\workspace\8-2-build-windows-amd64-cygwin\jdk8u181\11358\hotspot\src\share\vm\classfile\systemDictionary.cpp, line 210]
Event: 1897.129 Thread 0x0000000019f69000 Exception <a 'java/lang/ClassNotFoundException': summaryTestCase_1598429241595_108673Customizer> (0x00000000d931d728) thrown at [C:\re\workspace\8-2-build-windows-amd64-cygwin\jdk8u181\11358\hotspot\src\share\vm\classfile\systemDictionary.cpp, line 210]

Events (10 events):
Event: 1897.794 loading class net/sf/jasperreports/engine/export/JROriginExporterFilterFactory
Event: 1897.794 loading class net/sf/jasperreports/engine/export/JROriginExporterFilterFactory done
Event: 1897.795 loading class net/sf/jasperreports/engine/export/MatcherExporterFilterFactory
Event: 1897.795 loading class net/sf/jasperreports/engine/export/MatcherExporterFilterFactory done
Event: 1897.796 loading class net/sf/jasperreports/engine/export/ElementKeyExporterFilterFactory
Event: 1897.796 loading class net/sf/jasperreports/engine/export/ElementKeyExporterFilterFactory done
Event: 1897.797 loading class net/sf/jasperreports/engine/export/JROriginExporterFilter
Event: 1897.797 loading class net/sf/jasperreports/engine/export/JROriginExporterFilter done
Event: 1897.798 loading class net/sf/jasperreports/engine/export/ResetableExporterFilter
Event: 1897.798 loading class net/sf/jasperreports/engine/export/ResetableExporterFilter done


Dynamic libraries:
0x00007ff6086e0000 - 0x00007ff608717000 	C:\Users\montbaga\Downloads\Katalon_Studio_Windows_64-7.4.0\Katalon_Studio_Windows_64-7.4.0\jre\bin\javaw.exe
0x00007ffaf7900000 - 0x00007ffaf7af0000 	C:\WINDOWS\SYSTEM32\ntdll.dll
0x00007ffaf7650000 - 0x00007ffaf7702000 	C:\WINDOWS\System32\KERNEL32.DLL
0x00007ffaf4ce0000 - 0x00007ffaf4f84000 	C:\WINDOWS\System32\KERNELBASE.dll
0x00007ffaf72e0000 - 0x00007ffaf7383000 	C:\WINDOWS\System32\ADVAPI32.dll
0x00007ffaf5cf0000 - 0x00007ffaf5d8e000 	C:\WINDOWS\System32\msvcrt.dll
0x00007ffaf75b0000 - 0x00007ffaf7647000 	C:\WINDOWS\System32\sechost.dll
0x00007ffaf6d70000 - 0x00007ffaf6e90000 	C:\WINDOWS\System32\RPCRT4.dll
0x00007ffaf70c0000 - 0x00007ffaf7254000 	C:\WINDOWS\System32\USER32.dll
0x00007ffaf5980000 - 0x00007ffaf59a1000 	C:\WINDOWS\System32\win32u.dll
0x00007ffaf5ed0000 - 0x00007ffaf5ef6000 	C:\WINDOWS\System32\GDI32.dll
0x00007ffaf49e0000 - 0x00007ffaf4b76000 	C:\WINDOWS\System32\gdi32full.dll
0x00007ffaf4f90000 - 0x00007ffaf502e000 	C:\WINDOWS\System32\msvcp_win.dll
0x00007ffaf4b80000 - 0x00007ffaf4c7a000 	C:\WINDOWS\System32\ucrtbase.dll
0x00007ffae75b0000 - 0x00007ffae7834000 	C:\WINDOWS\WinSxS\amd64_microsoft.windows.common-controls_6595b64144ccf1df_6.0.18362.959_none_e6c7bbbf130c62bb\COMCTL32.dll
0x00007ffaf59b0000 - 0x00007ffaf5ce5000 	C:\WINDOWS\System32\combase.dll
0x00007ffaf4880000 - 0x00007ffaf4900000 	C:\WINDOWS\System32\bcryptPrimitives.dll
0x00007ffaf7580000 - 0x00007ffaf75ae000 	C:\WINDOWS\System32\IMM32.DLL
0x00007ffaef4f0000 - 0x00007ffaef6e6000 	C:\WINDOWS\system32\tmumh\20019\AddOn\8.53.0.1046\TmUmEvt64.dll
0x00007ffaf6f80000 - 0x00007ffaf6f88000 	C:\WINDOWS\System32\PSAPI.DLL
0x00000000546b0000 - 0x000000005481e000 	C:\WINDOWS\system32\tmumh\20019\TmMon\2.8.0.1041\tmmon64.dll
0x00000000500d0000 - 0x00000000501a2000 	C:\Users\montbaga\Downloads\Katalon_Studio_Windows_64-7.4.0\Katalon_Studio_Windows_64-7.4.0\jre\bin\msvcr100.dll
0x0000000075da0000 - 0x0000000076642000 	C:\Users\montbaga\Downloads\Katalon_Studio_Windows_64-7.4.0\Katalon_Studio_Windows_64-7.4.0\jre\bin\server\jvm.dll
0x00007ffaec590000 - 0x00007ffaec599000 	C:\WINDOWS\SYSTEM32\WSOCK32.dll
0x00007ffaf6c90000 - 0x00007ffaf6cff000 	C:\WINDOWS\System32\WS2_32.dll
0x00007ffaec540000 - 0x00007ffaec564000 	C:\WINDOWS\SYSTEM32\WINMM.dll
0x00007ffaefaa0000 - 0x00007ffaefaaa000 	C:\WINDOWS\SYSTEM32\VERSION.dll
0x00007ffaec4d0000 - 0x00007ffaec4fd000 	C:\WINDOWS\SYSTEM32\WINMMBASE.dll
0x00007ffaf5930000 - 0x00007ffaf597a000 	C:\WINDOWS\System32\cfgmgr32.dll
0x0000000051d00000 - 0x0000000051d0f000 	C:\Users\montbaga\Downloads\Katalon_Studio_Windows_64-7.4.0\Katalon_Studio_Windows_64-7.4.0\jre\bin\verify.dll
0x0000000050f10000 - 0x0000000050f39000 	C:\Users\montbaga\Downloads\Katalon_Studio_Windows_64-7.4.0\Katalon_Studio_Windows_64-7.4.0\jre\bin\java.dll
0x0000000051aa0000 - 0x0000000051ab6000 	C:\Users\montbaga\Downloads\Katalon_Studio_Windows_64-7.4.0\Katalon_Studio_Windows_64-7.4.0\jre\bin\zip.dll
0x00007ffaf5f00000 - 0x00007ffaf65e6000 	C:\WINDOWS\System32\SHELL32.dll
0x00007ffaf7390000 - 0x00007ffaf7439000 	C:\WINDOWS\System32\shcore.dll
0x00007ffaf51a0000 - 0x00007ffaf5922000 	C:\WINDOWS\System32\windows.storage.dll
0x00007ffaf4850000 - 0x00007ffaf4873000 	C:\WINDOWS\System32\profapi.dll
0x00007ffaf4800000 - 0x00007ffaf484a000 	C:\WINDOWS\System32\powrprof.dll
0x00007ffaf47b0000 - 0x00007ffaf47c0000 	C:\WINDOWS\System32\UMPDC.dll
0x00007ffaf7260000 - 0x00007ffaf72b2000 	C:\WINDOWS\System32\shlwapi.dll
0x00007ffaf47c0000 - 0x00007ffaf47d1000 	C:\WINDOWS\System32\kernel.appcore.dll
0x00007ffaf5030000 - 0x00007ffaf5047000 	C:\WINDOWS\System32\cryptsp.dll
0x0000000050ef0000 - 0x0000000050f0a000 	C:\Users\montbaga\Downloads\Katalon_Studio_Windows_64-7.4.0\Katalon_Studio_Windows_64-7.4.0\jre\bin\net.dll
0x00007ffaf3fc0000 - 0x00007ffaf4027000 	C:\WINDOWS\system32\mswsock.dll
0x00000000501c0000 - 0x00000000501d1000 	C:\Users\montbaga\Downloads\Katalon_Studio_Windows_64-7.4.0\Katalon_Studio_Windows_64-7.4.0\jre\bin\nio.dll
0x0000000075b20000 - 0x0000000075cb9000 	C:\Users\montbaga\Downloads\Katalon_Studio_Windows_64-7.4.0\Katalon_Studio_Windows_64-7.4.0\jre\bin\awt.dll
0x00007ffaf7450000 - 0x00007ffaf7515000 	C:\WINDOWS\System32\OLEAUT32.dll
0x00007ffaf2a20000 - 0x00007ffaf2aaf000 	C:\WINDOWS\SYSTEM32\apphelp.dll
0x00007ffaf3060000 - 0x00007ffaf308d000 	C:\WINDOWS\system32\DWMAPI.DLL
0x00007ffaf2b20000 - 0x00007ffaf2bb9000 	C:\WINDOWS\system32\uxtheme.dll
0x00007ffa96680000 - 0x00007ffa967d6000 	C:\WINDOWS\system32\opengl32.dll
0x00007ffacf020000 - 0x00007ffacf04c000 	C:\WINDOWS\SYSTEM32\GLU32.dll
0x00007ffaf3420000 - 0x00007ffaf3440000 	C:\WINDOWS\SYSTEM32\dxcore.dll
0x00007ffaf5d90000 - 0x00007ffaf5ec5000 	C:\WINDOWS\System32\MSCTF.dll
0x00007ffaf66c0000 - 0x00007ffaf6817000 	C:\WINDOWS\System32\ole32.dll
0x00007ffacbb50000 - 0x00007ffacbd17000 	C:\WINDOWS\system32\d3d9.dll
0x00007ffae0810000 - 0x00007ffae0f51000 	C:\WINDOWS\SYSTEM32\d3d10warp.dll
0x00007ffaf3d60000 - 0x00007ffaf3e2b000 	C:\WINDOWS\SYSTEM32\DNSAPI.dll
0x00007ffaf6d60000 - 0x00007ffaf6d68000 	C:\WINDOWS\System32\NSI.dll
0x00007ffaf3cd0000 - 0x00007ffaf3d0a000 	C:\WINDOWS\SYSTEM32\IPHLPAPI.DLL
0x00007ffaefa10000 - 0x00007ffaefa1a000 	C:\Windows\System32\rasadhlp.dll
0x00007ffaf0fd0000 - 0x00007ffaf1047000 	C:\WINDOWS\System32\fwpuclnt.dll
0x00007ffaf49b0000 - 0x00007ffaf49d6000 	C:\WINDOWS\System32\bcrypt.dll
0x0000000050010000 - 0x0000000050034000 	C:\Users\montbaga\Downloads\Katalon_Studio_Windows_64-7.4.0\Katalon_Studio_Windows_64-7.4.0\jre\bin\sunec.dll
0x0000000050000000 - 0x000000005000b000 	C:\Users\montbaga\Downloads\Katalon_Studio_Windows_64-7.4.0\Katalon_Studio_Windows_64-7.4.0\jre\bin\sunmscapi.dll
0x00007ffaf5050000 - 0x00007ffaf5199000 	C:\WINDOWS\System32\CRYPT32.dll
0x00007ffaf47e0000 - 0x00007ffaf47f2000 	C:\WINDOWS\System32\MSASN1.dll
0x00007ffaf0f90000 - 0x00007ffaf0fa6000 	C:\WINDOWS\SYSTEM32\dhcpcsvc6.DLL
0x00007ffaf0f50000 - 0x00007ffaf0f6c000 	C:\WINDOWS\SYSTEM32\dhcpcsvc.DLL
0x00007ffaf3b30000 - 0x00007ffaf3b63000 	C:\WINDOWS\system32\rsaenh.dll
0x00007ffaf46d0000 - 0x00007ffaf46f5000 	C:\WINDOWS\SYSTEM32\USERENV.dll
0x00007ffaf4190000 - 0x00007ffaf419c000 	C:\WINDOWS\SYSTEM32\CRYPTBASE.dll
0x00007ffaec300000 - 0x00007ffaec316000 	C:\WINDOWS\system32\napinsp.dll
0x00007ffaec570000 - 0x00007ffaec58a000 	C:\WINDOWS\system32\pnrpnsp.dll
0x00007ffaede90000 - 0x00007ffaede9e000 	C:\WINDOWS\System32\winrnr.dll
0x00007ffaf0190000 - 0x00007ffaf01ac000 	C:\WINDOWS\system32\NLAapi.dll
0x00007ffaecac0000 - 0x00007ffaecad5000 	C:\WINDOWS\system32\wshbth.dll
0x0000000077d10000 - 0x0000000077d1d000 	C:\Users\montbaga\Downloads\Katalon_Studio_Windows_64-7.4.0\Katalon_Studio_Windows_64-7.4.0\jre\bin\management.dll
0x0000000050320000 - 0x0000000050367000 	C:\Users\montbaga\Downloads\Katalon_Studio_Windows_64-7.4.0\Katalon_Studio_Windows_64-7.4.0\jre\bin\fontmanager.dll
0x00000000502d0000 - 0x0000000050312000 	C:\Users\montbaga\Downloads\Katalon_Studio_Windows_64-7.4.0\Katalon_Studio_Windows_64-7.4.0\jre\bin\t2k.dll

VM Arguments:
jvm_args: -Dgroovy.home=/C:/Users/montbaga/Downloads/Katalon_Studio_Windows_64-7.4.0/Katalon_Studio_Windows_64-7.4.0/plugins/org.codehaus.groovy_2.4.7.xx-201611170128-e46/ -Xmx2048m -Dfile.encoding=UTF-8 
java_command: org.codehaus.groovy.tools.GroovyStarter --classpath C:\Users\montbaga\Desktop\POC-BP\POC-BP\Include\scripts\groovy;C:\Users\montbaga\Desktop\POC-BP\POC-BP\Keywords;C:\Users\montbaga\Desktop\POC-BP\POC-BP\Libs;C:\Users\montbaga\Desktop\POC-BP\POC-BP\Test Listeners;C:\Users\montbaga\Desktop\POC-BP\POC-BP\Drivers\SparseBitSet-1.2.jar;C:\Users\montbaga\Desktop\POC-BP\POC-BP\Drivers\activation-1.1.1.jar;C:\Users\montbaga\Desktop\POC-BP\POC-BP\Drivers\commons-codec-1.13.jar;C:\Users\montbaga\Desktop\POC-BP\POC-BP\Drivers\commons-collections4-4.4.jar;C:\Users\montbaga\Desktop\POC-BP\POC-BP\Drivers\commons-compress-1.19.jar;C:\Users\montbaga\Desktop\POC-BP\POC-BP\Drivers\commons-logging-1.2.jar;C:\Users\montbaga\Desktop\POC-BP\POC-BP\Drivers\commons-math3-3.6.1.jar;C:\Users\montbaga\Desktop\POC-BP\POC-BP\Drivers\curvesapi-1.06.jar;C:\Users\montbaga\Desktop\POC-BP\POC-BP\Drivers\jaxb-api-2.3.1.jar;C:\Users\montbaga\Desktop\POC-BP\POC-BP\Drivers\jaxb-core-2.3.0.1.jar;C:\Users\montbaga\Desktop\POC-BP\POC-BP\Drivers\jaxb-impl-2.3.2.jar;C:\Users\montbaga\Desktop\POC-BP\POC-BP\Drivers\junit-4.12.jar;C:\Users\montbaga\Desktop\POC-BP\POC-BP\Drivers\log4j-1.2.17.jar;C:\Users\montbaga\Desktop\POC-BP\POC-BP\Drivers\poi-4.1.2.jar;C:\Users\montbaga\Desktop\POC-BP\POC-BP\Drivers\poi-examples-4.1.2.jar;C:\Users\montbaga\Desktop\POC-BP\POC-BP\Drivers\poi-excelant-4.1.2.jar;C:\Users\montbaga\Desktop\POC-BP\POC-BP\Drivers\poi-ooxml-4.1.2.jar;C:\Users\montbaga\Desktop\POC-BP\POC-BP\Drivers\poi-ooxml-schemas-4.1.2.jar;C:\Users\montbaga\Desktop\POC-BP\POC-BP\Drivers\poi-scratchpad-4.1.2.jar;C:\Users\montbaga\Downloads\Katalon_Studio_Windows_64-7.4.0\Katalon_Studio_Windows_64-7.4.0\configuration\org.eclipse.osgi\25\0\.cp\resources\applitools\katalon-studio-applitools-plugin.jar;C:\Users\montbaga\Downloads\Katalon_Studio_Windows_64-7.4.0\Katalon_Studio_Windows_64-7.4.0\configuration\plugin\install\175231\1.0.3\katalon-studio-microsoftteam-keywords-plugin.jar;C:\Users\montbaga\Down
java_class_path (initial): C:\Users\montbaga\Desktop\POC-BP\POC-BP\bin\keyword;C:\Users\montbaga\Desktop\POC-BP\POC-BP\bin\listener;C:\Users\montbaga\Desktop\POC-BP\POC-BP\bin\lib;C:\Users\montbaga\Desktop\POC-BP\POC-BP\bin\groovy;C:\Users\montbaga\Desktop\POC-BP\POC-BP\bin;C:\Users\montbaga\Downloads\Katalon_Studio_Windows_64-7.4.0\Katalon_Studio_Windows_64-7.4.0\plugins\com.kms.katalon.core_1.0.0.202007170806.jar;C:\Users\montbaga\Downloads\Katalon_Studio_Windows_64-7.4.0\Katalon_Studio_Windows_64-7.4.0\configuration\resources\lib\aalto-xml-1.0.0.jar;C:\Users\montbaga\Downloads\Katalon_Studio_Windows_64-7.4.0\Katalon_Studio_Windows_64-7.4.0\configuration\resources\lib\aspectjweaver-1.9.1.jar;C:\Users\montbaga\Downloads\Katalon_Studio_Windows_64-7.4.0\Katalon_Studio_Windows_64-7.4.0\configuration\resources\lib\bcpkix-jdk15on-1.58.jar;C:\Users\montbaga\Downloads\Katalon_Studio_Windows_64-7.4.0\Katalon_Studio_Windows_64-7.4.0\configuration\resources\lib\bcprov-jdk15on-1.58.jar;C:\Users\montbaga\Downloads\Katalon_Studio_Windows_64-7.4.0\Katalon_Studio_Windows_64-7.4.0\configuration\resources\lib\browsermob-core-2.1.5.jar;C:\Users\montbaga\Downloads\Katalon_Studio_Windows_64-7.4.0\Katalon_Studio_Windows_64-7.4.0\configuration\resources\lib\cglib-3.2.10.jar;C:\Users\montbaga\Downloads\Katalon_Studio_Windows_64-7.4.0\Katalon_Studio_Windows_64-7.4.0\configuration\resources\lib\commons-codec-1.10.jar;C:\Users\montbaga\Downloads\Katalon_Studio_Windows_64-7.4.0\Katalon_Studio_Windows_64-7.4.0\configuration\resources\lib\commons-collections4-4.1.jar;C:\Users\montbaga\Downloads\Katalon_Studio_Windows_64-7.4.0\Katalon_Studio_Windows_64-7.4.0\configuration\resources\lib\commons-validator-1.6.jar;C:\Users\montbaga\Downloads\Katalon_Studio_Windows_64-7.4.0\Katalon_Studio_Windows_64-7.4.0\configuration\resources\lib\curvesapi-1.04.jar;C:\Users\montbaga\Downloads\Katalon_Studio_Windows_64-7.4.0\Katalon_Studio_Windows_64-7.4.0\configuration\resources\lib\dnsjava-2.1.8.jar;C:\Users\
Launcher Type: SUN_STANDARD

Environment Variables:
PATH=C:/Users/montbaga/Downloads/Katalon_Studio_Windows_64-7.4.0/Katalon_Studio_Windows_64-7.4.0/jre/bin/server;C:/Users/montbaga/Downloads/Katalon_Studio_Windows_64-7.4.0/Katalon_Studio_Windows_64-7.4.0/jre/bin;C:/Users/montbaga/Downloads/Katalon_Studio_Windows_64-7.4.0/Katalon_Studio_Windows_64-7.4.0/jre/lib/amd64;C:\WINDOWS\system32;C:\WINDOWS;C:\WINDOWS\System32\Wbem;C:\WINDOWS\System32\WindowsPowerShell\v1.0\;C:\WINDOWS\System32\OpenSSH\;C:\ORA11G\Client\bin\;C:\Program Files\nodejs\;C:\Users\montbaga\AppData\Local\Microsoft\WindowsApps;C:\Users\montbaga\AppData\Local\Programs\Git\cmd;C:\Users\montbaga\AppData\Roaming\npm;C:\Users\montbaga\Downloads\Katalon_Studio_Windows_64-7.4.0\Katalon_Studio_Windows_64-7.4.0;
USERNAME=montbaga
OS=Windows_NT
PROCESSOR_IDENTIFIER=Intel64 Family 6 Model 45 Stepping 2, GenuineIntel



---------------  S Y S T E M  ---------------

OS: Windows 10.0 , 64 bit Build 18362 (10.0.18362.959)

CPU:total 4 (initial active 4) (1 cores per cpu, 1 threads per core) family 6 model 45 stepping 2, cmov, cx8, fxsr, mmx, sse, sse2, sse3, ssse3, sse4.1, sse4.2, popcnt, avx, aes, clmul, tsc, tscinvbit, tscinv

Memory: 4k page, physical 16776172k(533884k free), swap 16980972k(3184k free)

vm_info: Java HotSpot(TM) 64-Bit Server VM (25.181-b13) for windows-amd64 JRE (1.8.0_181-b13), built on Jul  7 2018 04:01:33 by "java_re" with MS VC++ 10.0 (VS2010)

time: Wed Aug 26 10:07:23 2020
elapsed time: 1897 seconds (0d 0h 31m 37s)

